<?xml version="1.0" encoding="UTF-8"?>
<testsuite xmlns:xsi="http://www.w3.org/2001/XMLSchema-instance" xsi:noNamespaceSchemaLocation="https://maven.apache.org/surefire/maven-surefire-plugin/xsd/surefire-test-report-3.0.xsd" version="3.0" name="io.confluent.connect.http.integration.HttpSourceConnectorSimpleIntegrationTest" time="6.935" tests="5" errors="0" skipped="0" failures="0">
  <properties>
    <property name="java.specification.version" value="24"/>
    <property name="sun.jnu.encoding" value="UTF-8"/>
    <property name="java.class.path" value="/Users/Git/kafka-http-source-connector/target/test-classes:/Users/Git/kafka-http-source-connector/target/classes:/Users/leonardosantana/.m2/repository/org/apache/kafka/connect-api/3.7.0/connect-api-3.7.0.jar:/Users/leonardosantana/.m2/repository/javax/ws/rs/javax.ws.rs-api/2.1.1/javax.ws.rs-api-2.1.1.jar:/Users/leonardosantana/.m2/repository/org/apache/kafka/connect-runtime/3.7.0/connect-runtime-3.7.0.jar:/Users/leonardosantana/.m2/repository/org/apache/kafka/connect-json/3.7.0/connect-json-3.7.0.jar:/Users/leonardosantana/.m2/repository/com/fasterxml/jackson/datatype/jackson-datatype-jdk8/2.16.0/jackson-datatype-jdk8-2.16.0.jar:/Users/leonardosantana/.m2/repository/org/apache/kafka/connect-transforms/3.7.0/connect-transforms-3.7.0.jar:/Users/leonardosantana/.m2/repository/ch/qos/reload4j/reload4j/1.2.25/reload4j-1.2.25.jar:/Users/leonardosantana/.m2/repository/org/bitbucket/b_c/jose4j/0.9.4/jose4j-0.9.4.jar:/Users/leonardosantana/.m2/repository/com/fasterxml/jackson/jaxrs/jackson-jaxrs-json-provider/2.16.0/jackson-jaxrs-json-provider-2.16.0.jar:/Users/leonardosantana/.m2/repository/com/fasterxml/jackson/jaxrs/jackson-jaxrs-base/2.16.0/jackson-jaxrs-base-2.16.0.jar:/Users/leonardosantana/.m2/repository/com/fasterxml/jackson/module/jackson-module-jaxb-annotations/2.16.0/jackson-module-jaxb-annotations-2.16.0.jar:/Users/leonardosantana/.m2/repository/jakarta/xml/bind/jakarta.xml.bind-api/2.3.3/jakarta.xml.bind-api-2.3.3.jar:/Users/leonardosantana/.m2/repository/jakarta/activation/jakarta.activation-api/1.2.2/jakarta.activation-api-1.2.2.jar:/Users/leonardosantana/.m2/repository/org/glassfish/jersey/containers/jersey-container-servlet/2.39.1/jersey-container-servlet-2.39.1.jar:/Users/leonardosantana/.m2/repository/org/glassfish/jersey/containers/jersey-container-servlet-core/2.39.1/jersey-container-servlet-core-2.39.1.jar:/Users/leonardosantana/.m2/repository/org/glassfish/hk2/external/jakarta.inject/2.6.1/jakarta.inject-2.6.1.jar:/Users/leonardosantana/.m2/repository/org/glassfish/jersey/core/jersey-common/2.39.1/jersey-common-2.39.1.jar:/Users/leonardosantana/.m2/repository/jakarta/annotation/jakarta.annotation-api/1.3.5/jakarta.annotation-api-1.3.5.jar:/Users/leonardosantana/.m2/repository/org/glassfish/hk2/osgi-resource-locator/1.0.3/osgi-resource-locator-1.0.3.jar:/Users/leonardosantana/.m2/repository/org/glassfish/jersey/core/jersey-server/2.39.1/jersey-server-2.39.1.jar:/Users/leonardosantana/.m2/repository/org/glassfish/jersey/core/jersey-client/2.39.1/jersey-client-2.39.1.jar:/Users/leonardosantana/.m2/repository/jakarta/validation/jakarta.validation-api/2.0.2/jakarta.validation-api-2.0.2.jar:/Users/leonardosantana/.m2/repository/jakarta/ws/rs/jakarta.ws.rs-api/2.1.6/jakarta.ws.rs-api-2.1.6.jar:/Users/leonardosantana/.m2/repository/org/glassfish/jersey/inject/jersey-hk2/2.39.1/jersey-hk2-2.39.1.jar:/Users/leonardosantana/.m2/repository/org/glassfish/hk2/hk2-locator/2.6.1/hk2-locator-2.6.1.jar:/Users/leonardosantana/.m2/repository/org/glassfish/hk2/external/aopalliance-repackaged/2.6.1/aopalliance-repackaged-2.6.1.jar:/Users/leonardosantana/.m2/repository/org/glassfish/hk2/hk2-api/2.6.1/hk2-api-2.6.1.jar:/Users/leonardosantana/.m2/repository/org/glassfish/hk2/hk2-utils/2.6.1/hk2-utils-2.6.1.jar:/Users/leonardosantana/.m2/repository/org/javassist/javassist/3.29.0-GA/javassist-3.29.0-GA.jar:/Users/leonardosantana/.m2/repository/javax/xml/bind/jaxb-api/2.3.1/jaxb-api-2.3.1.jar:/Users/leonardosantana/.m2/repository/javax/activation/javax.activation-api/1.2.0/javax.activation-api-1.2.0.jar:/Users/leonardosantana/.m2/repository/javax/activation/activation/1.1.1/activation-1.1.1.jar:/Users/leonardosantana/.m2/repository/org/eclipse/jetty/jetty-server/9.4.53.v20231009/jetty-server-9.4.53.v20231009.jar:/Users/leonardosantana/.m2/repository/javax/servlet/javax.servlet-api/3.1.0/javax.servlet-api-3.1.0.jar:/Users/leonardosantana/.m2/repository/org/eclipse/jetty/jetty-http/9.4.53.v20231009/jetty-http-9.4.53.v20231009.jar:/Users/leonardosantana/.m2/repository/org/eclipse/jetty/jetty-io/9.4.53.v20231009/jetty-io-9.4.53.v20231009.jar:/Users/leonardosantana/.m2/repository/org/eclipse/jetty/jetty-servlet/9.4.53.v20231009/jetty-servlet-9.4.53.v20231009.jar:/Users/leonardosantana/.m2/repository/org/eclipse/jetty/jetty-security/9.4.53.v20231009/jetty-security-9.4.53.v20231009.jar:/Users/leonardosantana/.m2/repository/org/eclipse/jetty/jetty-util-ajax/9.4.53.v20231009/jetty-util-ajax-9.4.53.v20231009.jar:/Users/leonardosantana/.m2/repository/org/eclipse/jetty/jetty-servlets/9.4.53.v20231009/jetty-servlets-9.4.53.v20231009.jar:/Users/leonardosantana/.m2/repository/org/eclipse/jetty/jetty-continuation/9.4.53.v20231009/jetty-continuation-9.4.53.v20231009.jar:/Users/leonardosantana/.m2/repository/org/eclipse/jetty/jetty-util/9.4.53.v20231009/jetty-util-9.4.53.v20231009.jar:/Users/leonardosantana/.m2/repository/org/eclipse/jetty/jetty-client/9.4.53.v20231009/jetty-client-9.4.53.v20231009.jar:/Users/leonardosantana/.m2/repository/org/reflections/reflections/0.10.2/reflections-0.10.2.jar:/Users/leonardosantana/.m2/repository/com/google/code/findbugs/jsr305/3.0.2/jsr305-3.0.2.jar:/Users/leonardosantana/.m2/repository/org/apache/maven/maven-artifact/3.8.8/maven-artifact-3.8.8.jar:/Users/leonardosantana/.m2/repository/org/codehaus/plexus/plexus-utils/3.3.1/plexus-utils-3.3.1.jar:/Users/leonardosantana/.m2/repository/org/apache/commons/commons-lang3/3.8.1/commons-lang3-3.8.1.jar:/Users/leonardosantana/.m2/repository/io/swagger/core/v3/swagger-annotations/2.2.8/swagger-annotations-2.2.8.jar:/Users/leonardosantana/.m2/repository/org/apache/kafka/kafka-clients/3.7.0/kafka-clients-3.7.0.jar:/Users/leonardosantana/.m2/repository/com/github/luben/zstd-jni/1.5.5-6/zstd-jni-1.5.5-6.jar:/Users/leonardosantana/.m2/repository/org/lz4/lz4-java/1.8.0/lz4-java-1.8.0.jar:/Users/leonardosantana/.m2/repository/org/xerial/snappy/snappy-java/1.1.10.5/snappy-java-1.1.10.5.jar:/Users/leonardosantana/.m2/repository/io/confluent/kafka-schema-registry-client/7.6.0/kafka-schema-registry-client-7.6.0.jar:/Users/leonardosantana/.m2/repository/org/yaml/snakeyaml/2.0/snakeyaml-2.0.jar:/Users/leonardosantana/.m2/repository/org/apache/avro/avro/1.11.3/avro-1.11.3.jar:/Users/leonardosantana/.m2/repository/org/apache/commons/commons-compress/1.21/commons-compress-1.21.jar:/Users/leonardosantana/.m2/repository/com/google/guava/guava/32.0.1-jre/guava-32.0.1-jre.jar:/Users/leonardosantana/.m2/repository/com/google/guava/failureaccess/1.0.1/failureaccess-1.0.1.jar:/Users/leonardosantana/.m2/repository/com/google/guava/listenablefuture/9999.0-empty-to-avoid-conflict-with-guava/listenablefuture-9999.0-empty-to-avoid-conflict-with-guava.jar:/Users/leonardosantana/.m2/repository/org/checkerframework/checker-qual/3.33.0/checker-qual-3.33.0.jar:/Users/leonardosantana/.m2/repository/com/google/errorprone/error_prone_annotations/2.18.0/error_prone_annotations-2.18.0.jar:/Users/leonardosantana/.m2/repository/com/google/j2objc/j2objc-annotations/2.8/j2objc-annotations-2.8.jar:/Users/leonardosantana/.m2/repository/io/confluent/common-utils/7.6.0/common-utils-7.6.0.jar:/Users/leonardosantana/.m2/repository/io/confluent/kafka-connect-avro-converter/7.6.0/kafka-connect-avro-converter-7.6.0.jar:/Users/leonardosantana/.m2/repository/io/confluent/kafka-avro-serializer/7.6.0/kafka-avro-serializer-7.6.0.jar:/Users/leonardosantana/.m2/repository/io/confluent/logredactor/1.0.12/logredactor-1.0.12.jar:/Users/leonardosantana/.m2/repository/io/confluent/logredactor-metrics/1.0.12/logredactor-metrics-1.0.12.jar:/Users/leonardosantana/.m2/repository/com/eclipsesource/minimal-json/minimal-json/0.9.5/minimal-json-0.9.5.jar:/Users/leonardosantana/.m2/repository/io/confluent/kafka-connect-avro-data/7.6.0/kafka-connect-avro-data-7.6.0.jar:/Users/leonardosantana/.m2/repository/io/confluent/kafka-connect-json-schema-converter/7.6.0/kafka-connect-json-schema-converter-7.6.0.jar:/Users/leonardosantana/.m2/repository/io/confluent/kafka-json-schema-provider/7.6.0/kafka-json-schema-provider-7.6.0.jar:/Users/leonardosantana/.m2/repository/com/github/erosb/json-sKema/0.10.0/json-sKema-0.10.0.jar:/Users/leonardosantana/.m2/repository/com/fasterxml/jackson/datatype/jackson-datatype-guava/2.14.2/jackson-datatype-guava-2.14.2.jar:/Users/leonardosantana/.m2/repository/com/fasterxml/jackson/datatype/jackson-datatype-joda/2.14.2/jackson-datatype-joda-2.14.2.jar:/Users/leonardosantana/.m2/repository/joda-time/joda-time/2.10.8/joda-time-2.10.8.jar:/Users/leonardosantana/.m2/repository/com/fasterxml/jackson/module/jackson-module-parameter-names/2.14.2/jackson-module-parameter-names-2.14.2.jar:/Users/leonardosantana/.m2/repository/com/kjetland/mbknor-jackson-jsonschema_2.13/1.0.39/mbknor-jackson-jsonschema_2.13-1.0.39.jar:/Users/leonardosantana/.m2/repository/org/scala-lang/scala-library/2.13.1/scala-library-2.13.1.jar:/Users/leonardosantana/.m2/repository/javax/validation/validation-api/2.0.1.Final/validation-api-2.0.1.Final.jar:/Users/leonardosantana/.m2/repository/io/github/classgraph/classgraph/4.8.21/classgraph-4.8.21.jar:/Users/leonardosantana/.m2/repository/org/jetbrains/kotlin/kotlin-scripting-jvm/1.9.10/kotlin-scripting-jvm-1.9.10.jar:/Users/leonardosantana/.m2/repository/org/jetbrains/kotlin/kotlin-script-runtime/1.9.10/kotlin-script-runtime-1.9.10.jar:/Users/leonardosantana/.m2/repository/org/jetbrains/kotlin/kotlin-scripting-common/1.9.10/kotlin-scripting-common-1.9.10.jar:/Users/leonardosantana/.m2/repository/org/jetbrains/kotlin/kotlin-scripting-compiler-embeddable/1.9.10/kotlin-scripting-compiler-embeddable-1.9.10.jar:/Users/leonardosantana/.m2/repository/org/jetbrains/kotlin/kotlin-scripting-compiler-impl-embeddable/1.9.10/kotlin-scripting-compiler-impl-embeddable-1.9.10.jar:/Users/leonardosantana/.m2/repository/io/confluent/kafka-json-schema-serializer/7.6.0/kafka-json-schema-serializer-7.6.0.jar:/Users/leonardosantana/.m2/repository/io/confluent/kafka-json-serializer/7.6.0/kafka-json-serializer-7.6.0.jar:/Users/leonardosantana/.m2/repository/io/confluent/common-config/7.6.0/common-config-7.6.0.jar:/Users/leonardosantana/.m2/repository/io/confluent/kafka-schema-converter/7.6.0/kafka-schema-converter-7.6.0.jar:/Users/leonardosantana/.m2/repository/io/confluent/kafka-schema-serializer/7.6.0/kafka-schema-serializer-7.6.0.jar:/Users/leonardosantana/.m2/repository/com/fasterxml/jackson/dataformat/jackson-dataformat-csv/2.14.2/jackson-dataformat-csv-2.14.2.jar:/Users/leonardosantana/.m2/repository/com/github/erosb/everit-json-schema/1.14.3/everit-json-schema-1.14.3.jar:/Users/leonardosantana/.m2/repository/org/json/json/20231013/json-20231013.jar:/Users/leonardosantana/.m2/repository/commons-validator/commons-validator/1.7/commons-validator-1.7.jar:/Users/leonardosantana/.m2/repository/commons-digester/commons-digester/2.1/commons-digester-2.1.jar:/Users/leonardosantana/.m2/repository/commons-logging/commons-logging/1.2/commons-logging-1.2.jar:/Users/leonardosantana/.m2/repository/commons-collections/commons-collections/3.2.2/commons-collections-3.2.2.jar:/Users/leonardosantana/.m2/repository/com/damnhandy/handy-uri-templates/2.1.8/handy-uri-templates-2.1.8.jar:/Users/leonardosantana/.m2/repository/com/google/re2j/re2j/1.6/re2j-1.6.jar:/Users/leonardosantana/.m2/repository/io/confluent/kafka-connect-protobuf-converter/7.6.0/kafka-connect-protobuf-converter-7.6.0.jar:/Users/leonardosantana/.m2/repository/io/confluent/kafka-protobuf-provider/7.6.0/kafka-protobuf-provider-7.6.0.jar:/Users/leonardosantana/.m2/repository/com/squareup/wire/wire-runtime-jvm/4.9.0/wire-runtime-jvm-4.9.0.jar:/Users/leonardosantana/.m2/repository/com/google/api/grpc/proto-google-common-protos/2.22.1/proto-google-common-protos-2.22.1.jar:/Users/leonardosantana/.m2/repository/io/confluent/kafka-protobuf-serializer/7.6.0/kafka-protobuf-serializer-7.6.0.jar:/Users/leonardosantana/.m2/repository/io/confluent/kafka-protobuf-types/7.6.0/kafka-protobuf-types-7.6.0.jar:/Users/leonardosantana/.m2/repository/com/squareup/wire/wire-schema-jvm/4.9.0/wire-schema-jvm-4.9.0.jar:/Users/leonardosantana/.m2/repository/com/squareup/javapoet/1.13.0/javapoet-1.13.0.jar:/Users/leonardosantana/.m2/repository/com/squareup/kotlinpoet/1.14.2/kotlinpoet-1.14.2.jar:/Users/leonardosantana/.m2/repository/org/jetbrains/kotlin/kotlin-reflect/1.8.21/kotlin-reflect-1.8.21.jar:/Users/leonardosantana/.m2/repository/org/jetbrains/kotlin/kotlin-stdlib-common/1.9.10/kotlin-stdlib-common-1.9.10.jar:/Users/leonardosantana/.m2/repository/com/squareup/okio/okio-jvm/3.4.0/okio-jvm-3.4.0.jar:/Users/leonardosantana/.m2/repository/org/jetbrains/kotlin/kotlin-stdlib/1.9.10/kotlin-stdlib-1.9.10.jar:/Users/leonardosantana/.m2/repository/org/jetbrains/annotations/13.0/annotations-13.0.jar:/Users/leonardosantana/.m2/repository/com/google/protobuf/protobuf-java/3.19.6/protobuf-java-3.19.6.jar:/Users/leonardosantana/.m2/repository/com/google/protobuf/protobuf-java-util/3.19.6/protobuf-java-util-3.19.6.jar:/Users/leonardosantana/.m2/repository/com/google/code/gson/gson/2.8.6/gson-2.8.6.jar:/Users/leonardosantana/.m2/repository/com/squareup/okhttp3/okhttp/4.12.0/okhttp-4.12.0.jar:/Users/leonardosantana/.m2/repository/com/squareup/okio/okio/3.6.0/okio-3.6.0.jar:/Users/leonardosantana/.m2/repository/org/jetbrains/kotlin/kotlin-stdlib-jdk8/1.8.21/kotlin-stdlib-jdk8-1.8.21.jar:/Users/leonardosantana/.m2/repository/org/jetbrains/kotlin/kotlin-stdlib-jdk7/1.8.21/kotlin-stdlib-jdk7-1.8.21.jar:/Users/leonardosantana/.m2/repository/com/fasterxml/jackson/core/jackson-core/2.16.1/jackson-core-2.16.1.jar:/Users/leonardosantana/.m2/repository/com/fasterxml/jackson/core/jackson-databind/2.16.1/jackson-databind-2.16.1.jar:/Users/leonardosantana/.m2/repository/com/fasterxml/jackson/core/jackson-annotations/2.16.1/jackson-annotations-2.16.1.jar:/Users/leonardosantana/.m2/repository/com/fasterxml/jackson/datatype/jackson-datatype-jsr310/2.16.1/jackson-datatype-jsr310-2.16.1.jar:/Users/leonardosantana/.m2/repository/com/squareup/okhttp3/okhttp-urlconnection/4.12.0/okhttp-urlconnection-4.12.0.jar:/Users/leonardosantana/.m2/repository/org/slf4j/slf4j-api/2.0.12/slf4j-api-2.0.12.jar:/Users/leonardosantana/.m2/repository/ch/qos/logback/logback-classic/1.4.14/logback-classic-1.4.14.jar:/Users/leonardosantana/.m2/repository/ch/qos/logback/logback-core/1.4.14/logback-core-1.4.14.jar:/Users/leonardosantana/.m2/repository/io/swagger/parser/v3/swagger-parser/2.1.16/swagger-parser-2.1.16.jar:/Users/leonardosantana/.m2/repository/io/swagger/parser/v3/swagger-parser-v2-converter/2.1.16/swagger-parser-v2-converter-2.1.16.jar:/Users/leonardosantana/.m2/repository/io/swagger/swagger-core/1.6.11/swagger-core-1.6.11.jar:/Users/leonardosantana/.m2/repository/io/swagger/swagger-models/1.6.11/swagger-models-1.6.11.jar:/Users/leonardosantana/.m2/repository/io/swagger/swagger-annotations/1.6.11/swagger-annotations-1.6.11.jar:/Users/leonardosantana/.m2/repository/io/swagger/swagger-parser/1.0.67/swagger-parser-1.0.67.jar:/Users/leonardosantana/.m2/repository/io/swagger/swagger-compat-spec-parser/1.0.67/swagger-compat-spec-parser-1.0.67.jar:/Users/leonardosantana/.m2/repository/com/github/java-json-tools/json-schema-validator/2.2.14/json-schema-validator-2.2.14.jar:/Users/leonardosantana/.m2/repository/com/github/java-json-tools/jackson-coreutils-equivalence/1.0/jackson-coreutils-equivalence-1.0.jar:/Users/leonardosantana/.m2/repository/com/github/java-json-tools/json-schema-core/1.2.14/json-schema-core-1.2.14.jar:/Users/leonardosantana/.m2/repository/com/github/java-json-tools/uri-template/0.10/uri-template-0.10.jar:/Users/leonardosantana/.m2/repository/org/mozilla/rhino/1.7.7.2/rhino-1.7.7.2.jar:/Users/leonardosantana/.m2/repository/com/googlecode/libphonenumber/libphonenumber/8.11.1/libphonenumber-8.11.1.jar:/Users/leonardosantana/.m2/repository/net/sf/jopt-simple/jopt-simple/5.0.4/jopt-simple-5.0.4.jar:/Users/leonardosantana/.m2/repository/com/github/java-json-tools/json-patch/1.13/json-patch-1.13.jar:/Users/leonardosantana/.m2/repository/com/github/java-json-tools/msg-simple/1.2/msg-simple-1.2.jar:/Users/leonardosantana/.m2/repository/com/github/java-json-tools/btf/1.3/btf-1.3.jar:/Users/leonardosantana/.m2/repository/com/github/java-json-tools/jackson-coreutils/2.0/jackson-coreutils-2.0.jar:/Users/leonardosantana/.m2/repository/org/apache/httpcomponents/httpclient/4.5.14/httpclient-4.5.14.jar:/Users/leonardosantana/.m2/repository/org/apache/httpcomponents/httpcore/4.4.16/httpcore-4.4.16.jar:/Users/leonardosantana/.m2/repository/commons-codec/commons-codec/1.11/commons-codec-1.11.jar:/Users/leonardosantana/.m2/repository/io/swagger/core/v3/swagger-models/2.2.14/swagger-models-2.2.14.jar:/Users/leonardosantana/.m2/repository/io/swagger/parser/v3/swagger-parser-core/2.1.16/swagger-parser-core-2.1.16.jar:/Users/leonardosantana/.m2/repository/io/swagger/parser/v3/swagger-parser-v3/2.1.16/swagger-parser-v3-2.1.16.jar:/Users/leonardosantana/.m2/repository/io/swagger/core/v3/swagger-core/2.2.14/swagger-core-2.2.14.jar:/Users/leonardosantana/.m2/repository/io/swagger/parser/v3/swagger-parser-safe-url-resolver/2.1.16/swagger-parser-safe-url-resolver-2.1.16.jar:/Users/leonardosantana/.m2/repository/com/fasterxml/jackson/dataformat/jackson-dataformat-yaml/2.15.1/jackson-dataformat-yaml-2.15.1.jar:/Users/leonardosantana/.m2/repository/commons-io/commons-io/2.11.0/commons-io-2.11.0.jar:/Users/leonardosantana/.m2/repository/io/micrometer/micrometer-core/1.11.5/micrometer-core-1.11.5.jar:/Users/leonardosantana/.m2/repository/io/micrometer/micrometer-commons/1.11.5/micrometer-commons-1.11.5.jar:/Users/leonardosantana/.m2/repository/io/micrometer/micrometer-observation/1.11.5/micrometer-observation-1.11.5.jar:/Users/leonardosantana/.m2/repository/org/hdrhistogram/HdrHistogram/2.1.12/HdrHistogram-2.1.12.jar:/Users/leonardosantana/.m2/repository/org/latencyutils/LatencyUtils/2.0.3/LatencyUtils-2.0.3.jar:/Users/leonardosantana/.m2/repository/org/junit/jupiter/junit-jupiter/5.10.1/junit-jupiter-5.10.1.jar:/Users/leonardosantana/.m2/repository/org/junit/jupiter/junit-jupiter-api/5.10.1/junit-jupiter-api-5.10.1.jar:/Users/leonardosantana/.m2/repository/org/opentest4j/opentest4j/1.3.0/opentest4j-1.3.0.jar:/Users/leonardosantana/.m2/repository/org/junit/platform/junit-platform-commons/1.10.1/junit-platform-commons-1.10.1.jar:/Users/leonardosantana/.m2/repository/org/apiguardian/apiguardian-api/1.1.2/apiguardian-api-1.1.2.jar:/Users/leonardosantana/.m2/repository/org/junit/jupiter/junit-jupiter-params/5.10.1/junit-jupiter-params-5.10.1.jar:/Users/leonardosantana/.m2/repository/org/junit/jupiter/junit-jupiter-engine/5.10.1/junit-jupiter-engine-5.10.1.jar:/Users/leonardosantana/.m2/repository/org/junit/platform/junit-platform-engine/1.10.1/junit-platform-engine-1.10.1.jar:/Users/leonardosantana/.m2/repository/org/mockito/mockito-core/5.8.0/mockito-core-5.8.0.jar:/Users/leonardosantana/.m2/repository/net/bytebuddy/byte-buddy/1.14.10/byte-buddy-1.14.10.jar:/Users/leonardosantana/.m2/repository/net/bytebuddy/byte-buddy-agent/1.14.10/byte-buddy-agent-1.14.10.jar:/Users/leonardosantana/.m2/repository/org/objenesis/objenesis/3.3/objenesis-3.3.jar:/Users/leonardosantana/.m2/repository/org/mockito/mockito-junit-jupiter/5.8.0/mockito-junit-jupiter-5.8.0.jar:/Users/leonardosantana/.m2/repository/com/squareup/okhttp3/mockwebserver/4.12.0/mockwebserver-4.12.0.jar:/Users/leonardosantana/.m2/repository/junit/junit/4.13.2/junit-4.13.2.jar:/Users/leonardosantana/.m2/repository/org/hamcrest/hamcrest-core/1.3/hamcrest-core-1.3.jar:/Users/leonardosantana/.m2/repository/org/testcontainers/junit-jupiter/1.19.3/junit-jupiter-1.19.3.jar:/Users/leonardosantana/.m2/repository/org/testcontainers/testcontainers/1.19.3/testcontainers-1.19.3.jar:/Users/leonardosantana/.m2/repository/org/rnorth/duct-tape/duct-tape/1.0.8/duct-tape-1.0.8.jar:/Users/leonardosantana/.m2/repository/com/github/docker-java/docker-java-api/3.3.4/docker-java-api-3.3.4.jar:/Users/leonardosantana/.m2/repository/com/github/docker-java/docker-java-transport-zerodep/3.3.4/docker-java-transport-zerodep-3.3.4.jar:/Users/leonardosantana/.m2/repository/com/github/docker-java/docker-java-transport/3.3.4/docker-java-transport-3.3.4.jar:/Users/leonardosantana/.m2/repository/net/java/dev/jna/jna/5.13.0/jna-5.13.0.jar:/Users/leonardosantana/.m2/repository/org/testcontainers/kafka/1.19.3/kafka-1.19.3.jar:/Users/leonardosantana/.m2/repository/org/testcontainers/nginx/1.19.3/nginx-1.19.3.jar:/Users/leonardosantana/.m2/repository/org/testcontainers/postgresql/1.19.3/postgresql-1.19.3.jar:/Users/leonardosantana/.m2/repository/org/testcontainers/jdbc/1.19.3/jdbc-1.19.3.jar:/Users/leonardosantana/.m2/repository/org/testcontainers/database-commons/1.19.3/database-commons-1.19.3.jar:/Users/leonardosantana/.m2/repository/org/assertj/assertj-core/3.24.2/assertj-core-3.24.2.jar:/Users/leonardosantana/.m2/repository/org/awaitility/awaitility/4.2.0/awaitility-4.2.0.jar:/Users/leonardosantana/.m2/repository/org/hamcrest/hamcrest/2.1/hamcrest-2.1.jar:"/>
    <property name="java.vm.vendor" value="Homebrew"/>
    <property name="sun.arch.data.model" value="64"/>
    <property name="java.vendor.url" value="https://github.com/Homebrew/homebrew-core/issues"/>
    <property name="user.timezone" value="America/Toronto"/>
    <property name="os.name" value="Mac OS X"/>
    <property name="java.vm.specification.version" value="24"/>
    <property name="sun.java.launcher" value="SUN_STANDARD"/>
    <property name="user.country" value="CA"/>
    <property name="sun.boot.library.path" value="/opt/homebrew/Cellar/openjdk/24.0.1/libexec/openjdk.jdk/Contents/Home/lib"/>
    <property name="sun.java.command" value="/Users/Git/kafka-http-source-connector/target/surefire/surefirebooter-20250726145546021_3.jar /Users/Git/kafka-http-source-connector/target/surefire 2025-07-26T14-55-45_982-jvmRun1 surefire-20250726145546021_1tmp surefire_0-20250726145546021_2tmp"/>
    <property name="http.nonProxyHosts" value="local|*.local|169.254/16|*.169.254/16"/>
    <property name="jdk.debug" value="release"/>
    <property name="surefire.test.class.path" value="/Users/Git/kafka-http-source-connector/target/test-classes:/Users/Git/kafka-http-source-connector/target/classes:/Users/leonardosantana/.m2/repository/org/apache/kafka/connect-api/3.7.0/connect-api-3.7.0.jar:/Users/leonardosantana/.m2/repository/javax/ws/rs/javax.ws.rs-api/2.1.1/javax.ws.rs-api-2.1.1.jar:/Users/leonardosantana/.m2/repository/org/apache/kafka/connect-runtime/3.7.0/connect-runtime-3.7.0.jar:/Users/leonardosantana/.m2/repository/org/apache/kafka/connect-json/3.7.0/connect-json-3.7.0.jar:/Users/leonardosantana/.m2/repository/com/fasterxml/jackson/datatype/jackson-datatype-jdk8/2.16.0/jackson-datatype-jdk8-2.16.0.jar:/Users/leonardosantana/.m2/repository/org/apache/kafka/connect-transforms/3.7.0/connect-transforms-3.7.0.jar:/Users/leonardosantana/.m2/repository/ch/qos/reload4j/reload4j/1.2.25/reload4j-1.2.25.jar:/Users/leonardosantana/.m2/repository/org/bitbucket/b_c/jose4j/0.9.4/jose4j-0.9.4.jar:/Users/leonardosantana/.m2/repository/com/fasterxml/jackson/jaxrs/jackson-jaxrs-json-provider/2.16.0/jackson-jaxrs-json-provider-2.16.0.jar:/Users/leonardosantana/.m2/repository/com/fasterxml/jackson/jaxrs/jackson-jaxrs-base/2.16.0/jackson-jaxrs-base-2.16.0.jar:/Users/leonardosantana/.m2/repository/com/fasterxml/jackson/module/jackson-module-jaxb-annotations/2.16.0/jackson-module-jaxb-annotations-2.16.0.jar:/Users/leonardosantana/.m2/repository/jakarta/xml/bind/jakarta.xml.bind-api/2.3.3/jakarta.xml.bind-api-2.3.3.jar:/Users/leonardosantana/.m2/repository/jakarta/activation/jakarta.activation-api/1.2.2/jakarta.activation-api-1.2.2.jar:/Users/leonardosantana/.m2/repository/org/glassfish/jersey/containers/jersey-container-servlet/2.39.1/jersey-container-servlet-2.39.1.jar:/Users/leonardosantana/.m2/repository/org/glassfish/jersey/containers/jersey-container-servlet-core/2.39.1/jersey-container-servlet-core-2.39.1.jar:/Users/leonardosantana/.m2/repository/org/glassfish/hk2/external/jakarta.inject/2.6.1/jakarta.inject-2.6.1.jar:/Users/leonardosantana/.m2/repository/org/glassfish/jersey/core/jersey-common/2.39.1/jersey-common-2.39.1.jar:/Users/leonardosantana/.m2/repository/jakarta/annotation/jakarta.annotation-api/1.3.5/jakarta.annotation-api-1.3.5.jar:/Users/leonardosantana/.m2/repository/org/glassfish/hk2/osgi-resource-locator/1.0.3/osgi-resource-locator-1.0.3.jar:/Users/leonardosantana/.m2/repository/org/glassfish/jersey/core/jersey-server/2.39.1/jersey-server-2.39.1.jar:/Users/leonardosantana/.m2/repository/org/glassfish/jersey/core/jersey-client/2.39.1/jersey-client-2.39.1.jar:/Users/leonardosantana/.m2/repository/jakarta/validation/jakarta.validation-api/2.0.2/jakarta.validation-api-2.0.2.jar:/Users/leonardosantana/.m2/repository/jakarta/ws/rs/jakarta.ws.rs-api/2.1.6/jakarta.ws.rs-api-2.1.6.jar:/Users/leonardosantana/.m2/repository/org/glassfish/jersey/inject/jersey-hk2/2.39.1/jersey-hk2-2.39.1.jar:/Users/leonardosantana/.m2/repository/org/glassfish/hk2/hk2-locator/2.6.1/hk2-locator-2.6.1.jar:/Users/leonardosantana/.m2/repository/org/glassfish/hk2/external/aopalliance-repackaged/2.6.1/aopalliance-repackaged-2.6.1.jar:/Users/leonardosantana/.m2/repository/org/glassfish/hk2/hk2-api/2.6.1/hk2-api-2.6.1.jar:/Users/leonardosantana/.m2/repository/org/glassfish/hk2/hk2-utils/2.6.1/hk2-utils-2.6.1.jar:/Users/leonardosantana/.m2/repository/org/javassist/javassist/3.29.0-GA/javassist-3.29.0-GA.jar:/Users/leonardosantana/.m2/repository/javax/xml/bind/jaxb-api/2.3.1/jaxb-api-2.3.1.jar:/Users/leonardosantana/.m2/repository/javax/activation/javax.activation-api/1.2.0/javax.activation-api-1.2.0.jar:/Users/leonardosantana/.m2/repository/javax/activation/activation/1.1.1/activation-1.1.1.jar:/Users/leonardosantana/.m2/repository/org/eclipse/jetty/jetty-server/9.4.53.v20231009/jetty-server-9.4.53.v20231009.jar:/Users/leonardosantana/.m2/repository/javax/servlet/javax.servlet-api/3.1.0/javax.servlet-api-3.1.0.jar:/Users/leonardosantana/.m2/repository/org/eclipse/jetty/jetty-http/9.4.53.v20231009/jetty-http-9.4.53.v20231009.jar:/Users/leonardosantana/.m2/repository/org/eclipse/jetty/jetty-io/9.4.53.v20231009/jetty-io-9.4.53.v20231009.jar:/Users/leonardosantana/.m2/repository/org/eclipse/jetty/jetty-servlet/9.4.53.v20231009/jetty-servlet-9.4.53.v20231009.jar:/Users/leonardosantana/.m2/repository/org/eclipse/jetty/jetty-security/9.4.53.v20231009/jetty-security-9.4.53.v20231009.jar:/Users/leonardosantana/.m2/repository/org/eclipse/jetty/jetty-util-ajax/9.4.53.v20231009/jetty-util-ajax-9.4.53.v20231009.jar:/Users/leonardosantana/.m2/repository/org/eclipse/jetty/jetty-servlets/9.4.53.v20231009/jetty-servlets-9.4.53.v20231009.jar:/Users/leonardosantana/.m2/repository/org/eclipse/jetty/jetty-continuation/9.4.53.v20231009/jetty-continuation-9.4.53.v20231009.jar:/Users/leonardosantana/.m2/repository/org/eclipse/jetty/jetty-util/9.4.53.v20231009/jetty-util-9.4.53.v20231009.jar:/Users/leonardosantana/.m2/repository/org/eclipse/jetty/jetty-client/9.4.53.v20231009/jetty-client-9.4.53.v20231009.jar:/Users/leonardosantana/.m2/repository/org/reflections/reflections/0.10.2/reflections-0.10.2.jar:/Users/leonardosantana/.m2/repository/com/google/code/findbugs/jsr305/3.0.2/jsr305-3.0.2.jar:/Users/leonardosantana/.m2/repository/org/apache/maven/maven-artifact/3.8.8/maven-artifact-3.8.8.jar:/Users/leonardosantana/.m2/repository/org/codehaus/plexus/plexus-utils/3.3.1/plexus-utils-3.3.1.jar:/Users/leonardosantana/.m2/repository/org/apache/commons/commons-lang3/3.8.1/commons-lang3-3.8.1.jar:/Users/leonardosantana/.m2/repository/io/swagger/core/v3/swagger-annotations/2.2.8/swagger-annotations-2.2.8.jar:/Users/leonardosantana/.m2/repository/org/apache/kafka/kafka-clients/3.7.0/kafka-clients-3.7.0.jar:/Users/leonardosantana/.m2/repository/com/github/luben/zstd-jni/1.5.5-6/zstd-jni-1.5.5-6.jar:/Users/leonardosantana/.m2/repository/org/lz4/lz4-java/1.8.0/lz4-java-1.8.0.jar:/Users/leonardosantana/.m2/repository/org/xerial/snappy/snappy-java/1.1.10.5/snappy-java-1.1.10.5.jar:/Users/leonardosantana/.m2/repository/io/confluent/kafka-schema-registry-client/7.6.0/kafka-schema-registry-client-7.6.0.jar:/Users/leonardosantana/.m2/repository/org/yaml/snakeyaml/2.0/snakeyaml-2.0.jar:/Users/leonardosantana/.m2/repository/org/apache/avro/avro/1.11.3/avro-1.11.3.jar:/Users/leonardosantana/.m2/repository/org/apache/commons/commons-compress/1.21/commons-compress-1.21.jar:/Users/leonardosantana/.m2/repository/com/google/guava/guava/32.0.1-jre/guava-32.0.1-jre.jar:/Users/leonardosantana/.m2/repository/com/google/guava/failureaccess/1.0.1/failureaccess-1.0.1.jar:/Users/leonardosantana/.m2/repository/com/google/guava/listenablefuture/9999.0-empty-to-avoid-conflict-with-guava/listenablefuture-9999.0-empty-to-avoid-conflict-with-guava.jar:/Users/leonardosantana/.m2/repository/org/checkerframework/checker-qual/3.33.0/checker-qual-3.33.0.jar:/Users/leonardosantana/.m2/repository/com/google/errorprone/error_prone_annotations/2.18.0/error_prone_annotations-2.18.0.jar:/Users/leonardosantana/.m2/repository/com/google/j2objc/j2objc-annotations/2.8/j2objc-annotations-2.8.jar:/Users/leonardosantana/.m2/repository/io/confluent/common-utils/7.6.0/common-utils-7.6.0.jar:/Users/leonardosantana/.m2/repository/io/confluent/kafka-connect-avro-converter/7.6.0/kafka-connect-avro-converter-7.6.0.jar:/Users/leonardosantana/.m2/repository/io/confluent/kafka-avro-serializer/7.6.0/kafka-avro-serializer-7.6.0.jar:/Users/leonardosantana/.m2/repository/io/confluent/logredactor/1.0.12/logredactor-1.0.12.jar:/Users/leonardosantana/.m2/repository/io/confluent/logredactor-metrics/1.0.12/logredactor-metrics-1.0.12.jar:/Users/leonardosantana/.m2/repository/com/eclipsesource/minimal-json/minimal-json/0.9.5/minimal-json-0.9.5.jar:/Users/leonardosantana/.m2/repository/io/confluent/kafka-connect-avro-data/7.6.0/kafka-connect-avro-data-7.6.0.jar:/Users/leonardosantana/.m2/repository/io/confluent/kafka-connect-json-schema-converter/7.6.0/kafka-connect-json-schema-converter-7.6.0.jar:/Users/leonardosantana/.m2/repository/io/confluent/kafka-json-schema-provider/7.6.0/kafka-json-schema-provider-7.6.0.jar:/Users/leonardosantana/.m2/repository/com/github/erosb/json-sKema/0.10.0/json-sKema-0.10.0.jar:/Users/leonardosantana/.m2/repository/com/fasterxml/jackson/datatype/jackson-datatype-guava/2.14.2/jackson-datatype-guava-2.14.2.jar:/Users/leonardosantana/.m2/repository/com/fasterxml/jackson/datatype/jackson-datatype-joda/2.14.2/jackson-datatype-joda-2.14.2.jar:/Users/leonardosantana/.m2/repository/joda-time/joda-time/2.10.8/joda-time-2.10.8.jar:/Users/leonardosantana/.m2/repository/com/fasterxml/jackson/module/jackson-module-parameter-names/2.14.2/jackson-module-parameter-names-2.14.2.jar:/Users/leonardosantana/.m2/repository/com/kjetland/mbknor-jackson-jsonschema_2.13/1.0.39/mbknor-jackson-jsonschema_2.13-1.0.39.jar:/Users/leonardosantana/.m2/repository/org/scala-lang/scala-library/2.13.1/scala-library-2.13.1.jar:/Users/leonardosantana/.m2/repository/javax/validation/validation-api/2.0.1.Final/validation-api-2.0.1.Final.jar:/Users/leonardosantana/.m2/repository/io/github/classgraph/classgraph/4.8.21/classgraph-4.8.21.jar:/Users/leonardosantana/.m2/repository/org/jetbrains/kotlin/kotlin-scripting-jvm/1.9.10/kotlin-scripting-jvm-1.9.10.jar:/Users/leonardosantana/.m2/repository/org/jetbrains/kotlin/kotlin-script-runtime/1.9.10/kotlin-script-runtime-1.9.10.jar:/Users/leonardosantana/.m2/repository/org/jetbrains/kotlin/kotlin-scripting-common/1.9.10/kotlin-scripting-common-1.9.10.jar:/Users/leonardosantana/.m2/repository/org/jetbrains/kotlin/kotlin-scripting-compiler-embeddable/1.9.10/kotlin-scripting-compiler-embeddable-1.9.10.jar:/Users/leonardosantana/.m2/repository/org/jetbrains/kotlin/kotlin-scripting-compiler-impl-embeddable/1.9.10/kotlin-scripting-compiler-impl-embeddable-1.9.10.jar:/Users/leonardosantana/.m2/repository/io/confluent/kafka-json-schema-serializer/7.6.0/kafka-json-schema-serializer-7.6.0.jar:/Users/leonardosantana/.m2/repository/io/confluent/kafka-json-serializer/7.6.0/kafka-json-serializer-7.6.0.jar:/Users/leonardosantana/.m2/repository/io/confluent/common-config/7.6.0/common-config-7.6.0.jar:/Users/leonardosantana/.m2/repository/io/confluent/kafka-schema-converter/7.6.0/kafka-schema-converter-7.6.0.jar:/Users/leonardosantana/.m2/repository/io/confluent/kafka-schema-serializer/7.6.0/kafka-schema-serializer-7.6.0.jar:/Users/leonardosantana/.m2/repository/com/fasterxml/jackson/dataformat/jackson-dataformat-csv/2.14.2/jackson-dataformat-csv-2.14.2.jar:/Users/leonardosantana/.m2/repository/com/github/erosb/everit-json-schema/1.14.3/everit-json-schema-1.14.3.jar:/Users/leonardosantana/.m2/repository/org/json/json/20231013/json-20231013.jar:/Users/leonardosantana/.m2/repository/commons-validator/commons-validator/1.7/commons-validator-1.7.jar:/Users/leonardosantana/.m2/repository/commons-digester/commons-digester/2.1/commons-digester-2.1.jar:/Users/leonardosantana/.m2/repository/commons-logging/commons-logging/1.2/commons-logging-1.2.jar:/Users/leonardosantana/.m2/repository/commons-collections/commons-collections/3.2.2/commons-collections-3.2.2.jar:/Users/leonardosantana/.m2/repository/com/damnhandy/handy-uri-templates/2.1.8/handy-uri-templates-2.1.8.jar:/Users/leonardosantana/.m2/repository/com/google/re2j/re2j/1.6/re2j-1.6.jar:/Users/leonardosantana/.m2/repository/io/confluent/kafka-connect-protobuf-converter/7.6.0/kafka-connect-protobuf-converter-7.6.0.jar:/Users/leonardosantana/.m2/repository/io/confluent/kafka-protobuf-provider/7.6.0/kafka-protobuf-provider-7.6.0.jar:/Users/leonardosantana/.m2/repository/com/squareup/wire/wire-runtime-jvm/4.9.0/wire-runtime-jvm-4.9.0.jar:/Users/leonardosantana/.m2/repository/com/google/api/grpc/proto-google-common-protos/2.22.1/proto-google-common-protos-2.22.1.jar:/Users/leonardosantana/.m2/repository/io/confluent/kafka-protobuf-serializer/7.6.0/kafka-protobuf-serializer-7.6.0.jar:/Users/leonardosantana/.m2/repository/io/confluent/kafka-protobuf-types/7.6.0/kafka-protobuf-types-7.6.0.jar:/Users/leonardosantana/.m2/repository/com/squareup/wire/wire-schema-jvm/4.9.0/wire-schema-jvm-4.9.0.jar:/Users/leonardosantana/.m2/repository/com/squareup/javapoet/1.13.0/javapoet-1.13.0.jar:/Users/leonardosantana/.m2/repository/com/squareup/kotlinpoet/1.14.2/kotlinpoet-1.14.2.jar:/Users/leonardosantana/.m2/repository/org/jetbrains/kotlin/kotlin-reflect/1.8.21/kotlin-reflect-1.8.21.jar:/Users/leonardosantana/.m2/repository/org/jetbrains/kotlin/kotlin-stdlib-common/1.9.10/kotlin-stdlib-common-1.9.10.jar:/Users/leonardosantana/.m2/repository/com/squareup/okio/okio-jvm/3.4.0/okio-jvm-3.4.0.jar:/Users/leonardosantana/.m2/repository/org/jetbrains/kotlin/kotlin-stdlib/1.9.10/kotlin-stdlib-1.9.10.jar:/Users/leonardosantana/.m2/repository/org/jetbrains/annotations/13.0/annotations-13.0.jar:/Users/leonardosantana/.m2/repository/com/google/protobuf/protobuf-java/3.19.6/protobuf-java-3.19.6.jar:/Users/leonardosantana/.m2/repository/com/google/protobuf/protobuf-java-util/3.19.6/protobuf-java-util-3.19.6.jar:/Users/leonardosantana/.m2/repository/com/google/code/gson/gson/2.8.6/gson-2.8.6.jar:/Users/leonardosantana/.m2/repository/com/squareup/okhttp3/okhttp/4.12.0/okhttp-4.12.0.jar:/Users/leonardosantana/.m2/repository/com/squareup/okio/okio/3.6.0/okio-3.6.0.jar:/Users/leonardosantana/.m2/repository/org/jetbrains/kotlin/kotlin-stdlib-jdk8/1.8.21/kotlin-stdlib-jdk8-1.8.21.jar:/Users/leonardosantana/.m2/repository/org/jetbrains/kotlin/kotlin-stdlib-jdk7/1.8.21/kotlin-stdlib-jdk7-1.8.21.jar:/Users/leonardosantana/.m2/repository/com/fasterxml/jackson/core/jackson-core/2.16.1/jackson-core-2.16.1.jar:/Users/leonardosantana/.m2/repository/com/fasterxml/jackson/core/jackson-databind/2.16.1/jackson-databind-2.16.1.jar:/Users/leonardosantana/.m2/repository/com/fasterxml/jackson/core/jackson-annotations/2.16.1/jackson-annotations-2.16.1.jar:/Users/leonardosantana/.m2/repository/com/fasterxml/jackson/datatype/jackson-datatype-jsr310/2.16.1/jackson-datatype-jsr310-2.16.1.jar:/Users/leonardosantana/.m2/repository/com/squareup/okhttp3/okhttp-urlconnection/4.12.0/okhttp-urlconnection-4.12.0.jar:/Users/leonardosantana/.m2/repository/org/slf4j/slf4j-api/2.0.12/slf4j-api-2.0.12.jar:/Users/leonardosantana/.m2/repository/ch/qos/logback/logback-classic/1.4.14/logback-classic-1.4.14.jar:/Users/leonardosantana/.m2/repository/ch/qos/logback/logback-core/1.4.14/logback-core-1.4.14.jar:/Users/leonardosantana/.m2/repository/io/swagger/parser/v3/swagger-parser/2.1.16/swagger-parser-2.1.16.jar:/Users/leonardosantana/.m2/repository/io/swagger/parser/v3/swagger-parser-v2-converter/2.1.16/swagger-parser-v2-converter-2.1.16.jar:/Users/leonardosantana/.m2/repository/io/swagger/swagger-core/1.6.11/swagger-core-1.6.11.jar:/Users/leonardosantana/.m2/repository/io/swagger/swagger-models/1.6.11/swagger-models-1.6.11.jar:/Users/leonardosantana/.m2/repository/io/swagger/swagger-annotations/1.6.11/swagger-annotations-1.6.11.jar:/Users/leonardosantana/.m2/repository/io/swagger/swagger-parser/1.0.67/swagger-parser-1.0.67.jar:/Users/leonardosantana/.m2/repository/io/swagger/swagger-compat-spec-parser/1.0.67/swagger-compat-spec-parser-1.0.67.jar:/Users/leonardosantana/.m2/repository/com/github/java-json-tools/json-schema-validator/2.2.14/json-schema-validator-2.2.14.jar:/Users/leonardosantana/.m2/repository/com/github/java-json-tools/jackson-coreutils-equivalence/1.0/jackson-coreutils-equivalence-1.0.jar:/Users/leonardosantana/.m2/repository/com/github/java-json-tools/json-schema-core/1.2.14/json-schema-core-1.2.14.jar:/Users/leonardosantana/.m2/repository/com/github/java-json-tools/uri-template/0.10/uri-template-0.10.jar:/Users/leonardosantana/.m2/repository/org/mozilla/rhino/1.7.7.2/rhino-1.7.7.2.jar:/Users/leonardosantana/.m2/repository/com/googlecode/libphonenumber/libphonenumber/8.11.1/libphonenumber-8.11.1.jar:/Users/leonardosantana/.m2/repository/net/sf/jopt-simple/jopt-simple/5.0.4/jopt-simple-5.0.4.jar:/Users/leonardosantana/.m2/repository/com/github/java-json-tools/json-patch/1.13/json-patch-1.13.jar:/Users/leonardosantana/.m2/repository/com/github/java-json-tools/msg-simple/1.2/msg-simple-1.2.jar:/Users/leonardosantana/.m2/repository/com/github/java-json-tools/btf/1.3/btf-1.3.jar:/Users/leonardosantana/.m2/repository/com/github/java-json-tools/jackson-coreutils/2.0/jackson-coreutils-2.0.jar:/Users/leonardosantana/.m2/repository/org/apache/httpcomponents/httpclient/4.5.14/httpclient-4.5.14.jar:/Users/leonardosantana/.m2/repository/org/apache/httpcomponents/httpcore/4.4.16/httpcore-4.4.16.jar:/Users/leonardosantana/.m2/repository/commons-codec/commons-codec/1.11/commons-codec-1.11.jar:/Users/leonardosantana/.m2/repository/io/swagger/core/v3/swagger-models/2.2.14/swagger-models-2.2.14.jar:/Users/leonardosantana/.m2/repository/io/swagger/parser/v3/swagger-parser-core/2.1.16/swagger-parser-core-2.1.16.jar:/Users/leonardosantana/.m2/repository/io/swagger/parser/v3/swagger-parser-v3/2.1.16/swagger-parser-v3-2.1.16.jar:/Users/leonardosantana/.m2/repository/io/swagger/core/v3/swagger-core/2.2.14/swagger-core-2.2.14.jar:/Users/leonardosantana/.m2/repository/io/swagger/parser/v3/swagger-parser-safe-url-resolver/2.1.16/swagger-parser-safe-url-resolver-2.1.16.jar:/Users/leonardosantana/.m2/repository/com/fasterxml/jackson/dataformat/jackson-dataformat-yaml/2.15.1/jackson-dataformat-yaml-2.15.1.jar:/Users/leonardosantana/.m2/repository/commons-io/commons-io/2.11.0/commons-io-2.11.0.jar:/Users/leonardosantana/.m2/repository/io/micrometer/micrometer-core/1.11.5/micrometer-core-1.11.5.jar:/Users/leonardosantana/.m2/repository/io/micrometer/micrometer-commons/1.11.5/micrometer-commons-1.11.5.jar:/Users/leonardosantana/.m2/repository/io/micrometer/micrometer-observation/1.11.5/micrometer-observation-1.11.5.jar:/Users/leonardosantana/.m2/repository/org/hdrhistogram/HdrHistogram/2.1.12/HdrHistogram-2.1.12.jar:/Users/leonardosantana/.m2/repository/org/latencyutils/LatencyUtils/2.0.3/LatencyUtils-2.0.3.jar:/Users/leonardosantana/.m2/repository/org/junit/jupiter/junit-jupiter/5.10.1/junit-jupiter-5.10.1.jar:/Users/leonardosantana/.m2/repository/org/junit/jupiter/junit-jupiter-api/5.10.1/junit-jupiter-api-5.10.1.jar:/Users/leonardosantana/.m2/repository/org/opentest4j/opentest4j/1.3.0/opentest4j-1.3.0.jar:/Users/leonardosantana/.m2/repository/org/junit/platform/junit-platform-commons/1.10.1/junit-platform-commons-1.10.1.jar:/Users/leonardosantana/.m2/repository/org/apiguardian/apiguardian-api/1.1.2/apiguardian-api-1.1.2.jar:/Users/leonardosantana/.m2/repository/org/junit/jupiter/junit-jupiter-params/5.10.1/junit-jupiter-params-5.10.1.jar:/Users/leonardosantana/.m2/repository/org/junit/jupiter/junit-jupiter-engine/5.10.1/junit-jupiter-engine-5.10.1.jar:/Users/leonardosantana/.m2/repository/org/junit/platform/junit-platform-engine/1.10.1/junit-platform-engine-1.10.1.jar:/Users/leonardosantana/.m2/repository/org/mockito/mockito-core/5.8.0/mockito-core-5.8.0.jar:/Users/leonardosantana/.m2/repository/net/bytebuddy/byte-buddy/1.14.10/byte-buddy-1.14.10.jar:/Users/leonardosantana/.m2/repository/net/bytebuddy/byte-buddy-agent/1.14.10/byte-buddy-agent-1.14.10.jar:/Users/leonardosantana/.m2/repository/org/objenesis/objenesis/3.3/objenesis-3.3.jar:/Users/leonardosantana/.m2/repository/org/mockito/mockito-junit-jupiter/5.8.0/mockito-junit-jupiter-5.8.0.jar:/Users/leonardosantana/.m2/repository/com/squareup/okhttp3/mockwebserver/4.12.0/mockwebserver-4.12.0.jar:/Users/leonardosantana/.m2/repository/junit/junit/4.13.2/junit-4.13.2.jar:/Users/leonardosantana/.m2/repository/org/hamcrest/hamcrest-core/1.3/hamcrest-core-1.3.jar:/Users/leonardosantana/.m2/repository/org/testcontainers/junit-jupiter/1.19.3/junit-jupiter-1.19.3.jar:/Users/leonardosantana/.m2/repository/org/testcontainers/testcontainers/1.19.3/testcontainers-1.19.3.jar:/Users/leonardosantana/.m2/repository/org/rnorth/duct-tape/duct-tape/1.0.8/duct-tape-1.0.8.jar:/Users/leonardosantana/.m2/repository/com/github/docker-java/docker-java-api/3.3.4/docker-java-api-3.3.4.jar:/Users/leonardosantana/.m2/repository/com/github/docker-java/docker-java-transport-zerodep/3.3.4/docker-java-transport-zerodep-3.3.4.jar:/Users/leonardosantana/.m2/repository/com/github/docker-java/docker-java-transport/3.3.4/docker-java-transport-3.3.4.jar:/Users/leonardosantana/.m2/repository/net/java/dev/jna/jna/5.13.0/jna-5.13.0.jar:/Users/leonardosantana/.m2/repository/org/testcontainers/kafka/1.19.3/kafka-1.19.3.jar:/Users/leonardosantana/.m2/repository/org/testcontainers/nginx/1.19.3/nginx-1.19.3.jar:/Users/leonardosantana/.m2/repository/org/testcontainers/postgresql/1.19.3/postgresql-1.19.3.jar:/Users/leonardosantana/.m2/repository/org/testcontainers/jdbc/1.19.3/jdbc-1.19.3.jar:/Users/leonardosantana/.m2/repository/org/testcontainers/database-commons/1.19.3/database-commons-1.19.3.jar:/Users/leonardosantana/.m2/repository/org/assertj/assertj-core/3.24.2/assertj-core-3.24.2.jar:/Users/leonardosantana/.m2/repository/org/awaitility/awaitility/4.2.0/awaitility-4.2.0.jar:/Users/leonardosantana/.m2/repository/org/hamcrest/hamcrest/2.1/hamcrest-2.1.jar:"/>
    <property name="sun.cpu.endian" value="little"/>
    <property name="user.home" value="/Users/leonardosantana"/>
    <property name="user.language" value="en"/>
    <property name="java.specification.vendor" value="Oracle Corporation"/>
    <property name="java.version.date" value="2025-04-15"/>
    <property name="java.home" value="/opt/homebrew/Cellar/openjdk/24.0.1/libexec/openjdk.jdk/Contents/Home"/>
    <property name="file.separator" value="/"/>
    <property name="basedir" value="/Users/Git/kafka-http-source-connector"/>
    <property name="java.vm.compressedOopsMode" value="Zero based"/>
    <property name="line.separator" value="&#10;"/>
    <property name="java.vm.specification.vendor" value="Oracle Corporation"/>
    <property name="java.specification.name" value="Java Platform API Specification"/>
    <property name="apple.awt.application.name" value="ForkedBooter"/>
    <property name="surefire.real.class.path" value="/Users/Git/kafka-http-source-connector/target/surefire/surefirebooter-20250726145546021_3.jar"/>
    <property name="sun.management.compiler" value="HotSpot 64-Bit Tiered Compilers"/>
    <property name="ftp.nonProxyHosts" value="local|*.local|169.254/16|*.169.254/16"/>
    <property name="java.runtime.version" value="24.0.1"/>
    <property name="user.name" value="leonardosantana"/>
    <property name="stdout.encoding" value="UTF-8"/>
    <property name="path.separator" value=":"/>
    <property name="os.version" value="15.5"/>
    <property name="java.runtime.name" value="OpenJDK Runtime Environment"/>
    <property name="file.encoding" value="UTF-8"/>
    <property name="java.vm.name" value="OpenJDK 64-Bit Server VM"/>
    <property name="java.vendor.version" value="Homebrew"/>
    <property name="localRepository" value="/Users/leonardosantana/.m2/repository"/>
    <property name="java.vendor.url.bug" value="https://github.com/Homebrew/homebrew-core/issues"/>
    <property name="java.io.tmpdir" value="/var/folders/p0/3cwbfkyn6kx2wr20cb1lkhh00000gn/T/"/>
    <property name="java.version" value="24.0.1"/>
    <property name="user.dir" value="/Users/Git/kafka-http-source-connector"/>
    <property name="os.arch" value="aarch64"/>
    <property name="java.vm.specification.name" value="Java Virtual Machine Specification"/>
    <property name="native.encoding" value="UTF-8"/>
    <property name="java.library.path" value="/Users/leonardosantana/Library/Java/Extensions:/Library/Java/Extensions:/Network/Library/Java/Extensions:/System/Library/Java/Extensions:/usr/lib/java:."/>
    <property name="java.vm.info" value="mixed mode, sharing"/>
    <property name="stderr.encoding" value="UTF-8"/>
    <property name="java.vendor" value="Homebrew"/>
    <property name="java.vm.version" value="24.0.1"/>
    <property name="sun.io.unicode.encoding" value="UnicodeBig"/>
    <property name="socksNonProxyHosts" value="local|*.local|169.254/16|*.169.254/16"/>
    <property name="java.class.version" value="68.0"/>
  </properties>
  <testcase name="testBasicHttpPolling" classname="io.confluent.connect.http.integration.HttpSourceConnectorSimpleIntegrationTest" time="0.17">
    <system-out><![CDATA[14:55:51.610 [main] DEBUG org.testcontainers.utility.TestcontainersConfiguration -- Testcontainers configuration overrides will be loaded from file:/Users/leonardosantana/.testcontainers.properties
14:55:51.612 [main] INFO org.testcontainers.images.PullPolicy -- Image pull policy will be performed by: DefaultPullPolicy()
14:55:51.613 [main] INFO org.testcontainers.utility.ImageNameSubstitutor -- Image name substitution will be performed by: DefaultImageNameSubstitutor (composite of 'ConfigurationFileImageNameSubstitutor' and 'PrefixingImageNameSubstitutor')
14:55:51.732 [main] INFO org.testcontainers.dockerclient.DockerClientProviderStrategy -- Loaded org.testcontainers.dockerclient.UnixSocketClientProviderStrategy from ~/.testcontainers.properties, will try it first
14:55:51.736 [main] DEBUG org.testcontainers.dockerclient.DockerClientProviderStrategy -- Trying out strategy: UnixSocketClientProviderStrategy
14:55:51.800 [main] DEBUG org.testcontainers.shaded.com.github.dockerjava.core.command.AbstrDockerCmd -- Cmd: 
14:55:51.809 [main] DEBUG com.github.dockerjava.zerodep.shaded.org.apache.hc.client5.http.impl.classic.InternalHttpClient -- ex-00000001: preparing request execution
14:55:51.811 [main] DEBUG com.github.dockerjava.zerodep.shaded.org.apache.hc.client5.http.protocol.RequestAddCookies -- Cookie spec selected: strict
14:55:51.812 [main] DEBUG com.github.dockerjava.zerodep.shaded.org.apache.hc.client5.http.protocol.RequestAuthCache -- Auth cache not set in the context
14:55:51.812 [main] DEBUG com.github.dockerjava.zerodep.shaded.org.apache.hc.client5.http.impl.classic.ProtocolExec -- ex-00000001: target auth state: UNCHALLENGED
14:55:51.812 [main] DEBUG com.github.dockerjava.zerodep.shaded.org.apache.hc.client5.http.impl.classic.ProtocolExec -- ex-00000001: proxy auth state: UNCHALLENGED
14:55:51.812 [main] DEBUG com.github.dockerjava.zerodep.shaded.org.apache.hc.client5.http.impl.classic.ConnectExec -- ex-00000001: acquiring connection with route {}->unix://localhost:2375
14:55:51.812 [main] DEBUG com.github.dockerjava.zerodep.shaded.org.apache.hc.client5.http.impl.classic.InternalHttpClient -- ex-00000001: acquiring endpoint (3 MINUTES)
14:55:51.813 [main] DEBUG com.github.dockerjava.zerodep.shaded.org.apache.hc.client5.http.impl.io.PoolingHttpClientConnectionManager -- ex-00000001: endpoint lease request (3 MINUTES) [route: {}->unix://localhost:2375][total available: 0; route allocated: 0 of 2147483647; total allocated: 0 of 2147483647]
14:55:51.816 [main] DEBUG com.github.dockerjava.zerodep.shaded.org.apache.hc.client5.http.impl.io.PoolingHttpClientConnectionManager -- ex-00000001: endpoint leased [route: {}->unix://localhost:2375][total available: 0; route allocated: 1 of 2147483647; total allocated: 1 of 2147483647]
14:55:51.819 [main] DEBUG com.github.dockerjava.zerodep.shaded.org.apache.hc.client5.http.impl.io.PoolingHttpClientConnectionManager -- ex-00000001: acquired ep-00000000
14:55:51.819 [main] DEBUG com.github.dockerjava.zerodep.shaded.org.apache.hc.client5.http.impl.classic.InternalHttpClient -- ex-00000001: acquired endpoint ep-00000000
14:55:51.819 [main] DEBUG com.github.dockerjava.zerodep.shaded.org.apache.hc.client5.http.impl.classic.ConnectExec -- ex-00000001: opening connection {}->unix://localhost:2375
14:55:51.820 [main] DEBUG com.github.dockerjava.zerodep.shaded.org.apache.hc.client5.http.impl.classic.InternalHttpClient -- ep-00000000: connecting endpoint (3 MINUTES)
14:55:51.820 [main] DEBUG com.github.dockerjava.zerodep.shaded.org.apache.hc.client5.http.impl.io.PoolingHttpClientConnectionManager -- ep-00000000: connecting endpoint to unix://localhost:2375 (3 MINUTES)
14:55:51.823 [main] DEBUG com.github.dockerjava.zerodep.shaded.org.apache.hc.client5.http.impl.io.DefaultHttpClientConnectionOperator -- http-outgoing-0: connecting to localhost/127.0.0.1:2375
14:55:51.823 [main] DEBUG com.github.dockerjava.zerodep.shaded.org.apache.hc.client5.http.impl.io.DefaultHttpClientConnectionOperator -- http-outgoing-0: connection established /var/run/docker.sock<->/var/run/docker.sock
14:55:51.824 [main] DEBUG com.github.dockerjava.zerodep.shaded.org.apache.hc.client5.http.impl.io.PoolingHttpClientConnectionManager -- ep-00000000: connected http-outgoing-0
14:55:51.824 [main] DEBUG com.github.dockerjava.zerodep.shaded.org.apache.hc.client5.http.impl.classic.InternalHttpClient -- ep-00000000: endpoint connected
14:55:51.824 [main] DEBUG com.github.dockerjava.zerodep.shaded.org.apache.hc.client5.http.impl.classic.MainClientExec -- ex-00000001: executing GET /v1.32/info HTTP/1.1
14:55:51.824 [main] DEBUG com.github.dockerjava.zerodep.shaded.org.apache.hc.client5.http.impl.classic.InternalHttpClient -- ep-00000000: start execution ex-00000001
14:55:51.824 [main] DEBUG com.github.dockerjava.zerodep.shaded.org.apache.hc.client5.http.impl.io.PoolingHttpClientConnectionManager -- ep-00000000: executing exchange ex-00000001 over http-outgoing-0
14:55:51.824 [main] DEBUG com.github.dockerjava.zerodep.shaded.org.apache.hc.client5.http.headers -- http-outgoing-0 >> GET /v1.32/info HTTP/1.1
14:55:51.824 [main] DEBUG com.github.dockerjava.zerodep.shaded.org.apache.hc.client5.http.headers -- http-outgoing-0 >> x-tc-sid: 35985044-72d4-41bf-a8fd-d98ab43b3acb
14:55:51.824 [main] DEBUG com.github.dockerjava.zerodep.shaded.org.apache.hc.client5.http.headers -- http-outgoing-0 >> User-Agent: tc-java/1.19.3
14:55:51.824 [main] DEBUG com.github.dockerjava.zerodep.shaded.org.apache.hc.client5.http.headers -- http-outgoing-0 >> Accept-Encoding: gzip, x-gzip, deflate
14:55:51.824 [main] DEBUG com.github.dockerjava.zerodep.shaded.org.apache.hc.client5.http.headers -- http-outgoing-0 >> Host: localhost:2375
14:55:51.824 [main] DEBUG com.github.dockerjava.zerodep.shaded.org.apache.hc.client5.http.headers -- http-outgoing-0 >> Connection: keep-alive
14:55:51.825 [main] DEBUG com.github.dockerjava.zerodep.shaded.org.apache.hc.client5.http.wire -- http-outgoing-0 >> "GET /v1.32/info HTTP/1.1[\r][\n]"
14:55:51.825 [main] DEBUG com.github.dockerjava.zerodep.shaded.org.apache.hc.client5.http.wire -- http-outgoing-0 >> "x-tc-sid: 35985044-72d4-41bf-a8fd-d98ab43b3acb[\r][\n]"
14:55:51.825 [main] DEBUG com.github.dockerjava.zerodep.shaded.org.apache.hc.client5.http.wire -- http-outgoing-0 >> "User-Agent: tc-java/1.19.3[\r][\n]"
14:55:51.825 [main] DEBUG com.github.dockerjava.zerodep.shaded.org.apache.hc.client5.http.wire -- http-outgoing-0 >> "Accept-Encoding: gzip, x-gzip, deflate[\r][\n]"
14:55:51.825 [main] DEBUG com.github.dockerjava.zerodep.shaded.org.apache.hc.client5.http.wire -- http-outgoing-0 >> "Host: localhost:2375[\r][\n]"
14:55:51.825 [main] DEBUG com.github.dockerjava.zerodep.shaded.org.apache.hc.client5.http.wire -- http-outgoing-0 >> "Connection: keep-alive[\r][\n]"
14:55:51.825 [main] DEBUG com.github.dockerjava.zerodep.shaded.org.apache.hc.client5.http.wire -- http-outgoing-0 >> "[\r][\n]"
14:55:51.833 [main] DEBUG com.github.dockerjava.zerodep.shaded.org.apache.hc.client5.http.wire -- http-outgoing-0 << "HTTP/1.1 200 OK[\r][\n]"
14:55:51.833 [main] DEBUG com.github.dockerjava.zerodep.shaded.org.apache.hc.client5.http.wire -- http-outgoing-0 << "Api-Version: 1.49[\r][\n]"
14:55:51.833 [main] DEBUG com.github.dockerjava.zerodep.shaded.org.apache.hc.client5.http.wire -- http-outgoing-0 << "Content-Type: application/json[\r][\n]"
14:55:51.833 [main] DEBUG com.github.dockerjava.zerodep.shaded.org.apache.hc.client5.http.wire -- http-outgoing-0 << "Date: Sat, 26 Jul 2025 18:55:51 GMT[\r][\n]"
14:55:51.833 [main] DEBUG com.github.dockerjava.zerodep.shaded.org.apache.hc.client5.http.wire -- http-outgoing-0 << "Docker-Experimental: false[\r][\n]"
14:55:51.833 [main] DEBUG com.github.dockerjava.zerodep.shaded.org.apache.hc.client5.http.wire -- http-outgoing-0 << "Ostype: linux[\r][\n]"
14:55:51.833 [main] DEBUG com.github.dockerjava.zerodep.shaded.org.apache.hc.client5.http.wire -- http-outgoing-0 << "Server: Docker/28.1.1 (linux)[\r][\n]"
14:55:51.833 [main] DEBUG com.github.dockerjava.zerodep.shaded.org.apache.hc.client5.http.wire -- http-outgoing-0 << "Transfer-Encoding: chunked[\r][\n]"
14:55:51.833 [main] DEBUG com.github.dockerjava.zerodep.shaded.org.apache.hc.client5.http.wire -- http-outgoing-0 << "[\r][\n]"
14:55:51.834 [main] DEBUG com.github.dockerjava.zerodep.shaded.org.apache.hc.client5.http.headers -- http-outgoing-0 << HTTP/1.1 200 OK
14:55:51.834 [main] DEBUG com.github.dockerjava.zerodep.shaded.org.apache.hc.client5.http.headers -- http-outgoing-0 << Api-Version: 1.49
14:55:51.834 [main] DEBUG com.github.dockerjava.zerodep.shaded.org.apache.hc.client5.http.headers -- http-outgoing-0 << Content-Type: application/json
14:55:51.834 [main] DEBUG com.github.dockerjava.zerodep.shaded.org.apache.hc.client5.http.headers -- http-outgoing-0 << Date: Sat, 26 Jul 2025 18:55:51 GMT
14:55:51.834 [main] DEBUG com.github.dockerjava.zerodep.shaded.org.apache.hc.client5.http.headers -- http-outgoing-0 << Docker-Experimental: false
14:55:51.834 [main] DEBUG com.github.dockerjava.zerodep.shaded.org.apache.hc.client5.http.headers -- http-outgoing-0 << Ostype: linux
14:55:51.834 [main] DEBUG com.github.dockerjava.zerodep.shaded.org.apache.hc.client5.http.headers -- http-outgoing-0 << Server: Docker/28.1.1 (linux)
14:55:51.834 [main] DEBUG com.github.dockerjava.zerodep.shaded.org.apache.hc.client5.http.headers -- http-outgoing-0 << Transfer-Encoding: chunked
14:55:51.835 [main] DEBUG com.github.dockerjava.zerodep.shaded.org.apache.hc.client5.http.impl.classic.MainClientExec -- ex-00000001: connection can be kept alive for 3 MINUTES
14:55:51.837 [main] DEBUG com.github.dockerjava.zerodep.shaded.org.apache.hc.client5.http.wire -- http-outgoing-0 << "9b8[\r][\n]"
14:55:51.837 [main] DEBUG com.github.dockerjava.zerodep.shaded.org.apache.hc.client5.http.wire -- http-outgoing-0 << "{"ID":"02a07594-86fc-4e0c-99a3-629dec63ba82","Containers":4,"ContainersRunning":3,"ContainersPaused":0,"ContainersStopped":1,"Images":23,"Driver":"overlayfs","DriverStatus":[["driver-type","io.containerd.snapshotter.v1"]],"Plugins":{"Volume":["local"],"Network":["bridge","host","ipvlan","macvlan","null","overlay"],"Authorization":null,"Log":["awslogs","fluentd","gcplogs","gelf","journald","json-file","local","splunk","syslog"]},"MemoryLimit":true,"SwapLimit":true,"CpuCfsPeriod":true,"CpuCfsQuota":true,"CPUShares":true,"CPUSet":true,"PidsLimit":true,"IPv4Forwarding":true,"BridgeNfIptables":false,"BridgeNfIp6tables":false,"Debug":false,"NFd":112,"OomKillDisable":false,"NGoroutines":138,"SystemTime":"2025-07-26T18:55:51.827424085Z","LoggingDriver":"json-file","CgroupDriver":"cgroupfs","CgroupVersion":"2","NEventsListener":18,"KernelVersion":"6.10.14-linuxkit","OperatingSystem":"Docker Desktop","OSVersion":"","OSType":"linux","Architecture":"aarch64","IndexServerAddress":"https://index.docker.io/v1/","RegistryConfig":{"IndexConfigs":{"docker.io":{"Mirrors":[],"Name":"docker.io","Official":true,"Secure":true},"hubproxy.docker.internal:5555":{"Mirrors":[],"Name":"hubproxy.docker.internal:5555","Official":false,"Secure":false}},"InsecureRegistryCIDRs":["::1/128","127.0.0.0/8"],"Mirrors":null},"NCPU":12,"MemTotal":8217751552,"GenericResources":null,"DockerRootDir":"/var/lib/docker","HttpProxy":"http.docker.internal:3128","HttpsProxy":"http.docker.internal:3128","NoProxy":"hubproxy.docker.internal","Name":"docker-desktop","Labels":["com.docker.desktop.address=unix:///Users/leonardosantana/Library/Containers/com.docker.docker/Data/docker-cli.sock"],"ExperimentalBuild":false,"ServerVersion":"28.1.1","Runtimes":{"io.containerd.runc.v2":{"path":"runc"},"runc":{"path":"runc"}},"DefaultRuntime":"runc","Swarm":{"NodeID":"","NodeAddr":"","LocalNodeState":"inactive","ControlAvailable":false,"Error":"","RemoteManagers":null},"LiveRestoreEnabled":false,"Isolation":"","InitBinary":"docker-init","ContainerdCommit":{"ID":"05044ec0a9a75232cad458027ca83437aae3f4da","Expected":"05044ec0a9a75232cad458027ca83437aae3f4da"},"RuncCommit":{"ID":"v1.2.5-0-g59923ef","Expected":"v1.2.5-0-g59923ef"},"InitCommit":{"ID":"de40ad0","Expected":"de40ad0"},"SecurityOptions":["name=seccomp,profile=unconfined","name=cgroupns"],"CDISpecDirs":["/etc/cdi","/var/run/cdi"],"Warnings":["WARNING: DOCKER_INSECURE_NO_IPTABLES_RAW is set","WARNING: daemon is not using the default seccomp profile"]}[\r][\n]"
14:55:51.837 [main] DEBUG com.github.dockerjava.zerodep.shaded.org.apache.hc.client5.http.wire -- http-outgoing-0 << "0[\r][\n]"
14:55:51.837 [main] DEBUG com.github.dockerjava.zerodep.shaded.org.apache.hc.client5.http.wire -- http-outgoing-0 << "[\r][\n]"
14:55:51.860 [main] DEBUG com.github.dockerjava.zerodep.shaded.org.apache.hc.client5.http.impl.classic.InternalHttpClient -- ep-00000000: releasing valid endpoint
14:55:51.860 [main] DEBUG com.github.dockerjava.zerodep.shaded.org.apache.hc.client5.http.impl.io.PoolingHttpClientConnectionManager -- ep-00000000: releasing endpoint
14:55:51.860 [main] DEBUG com.github.dockerjava.zerodep.shaded.org.apache.hc.client5.http.impl.io.PoolingHttpClientConnectionManager -- ep-00000000: connection http-outgoing-0 can be kept alive for 3 MINUTES
14:55:51.860 [main] DEBUG com.github.dockerjava.zerodep.shaded.org.apache.hc.client5.http.impl.io.PoolingHttpClientConnectionManager -- ep-00000000: connection released [route: {}->unix://localhost:2375][total available: 1; route allocated: 1 of 2147483647; total allocated: 1 of 2147483647]
14:55:51.861 [main] INFO org.testcontainers.dockerclient.DockerClientProviderStrategy -- Found Docker environment with local Unix socket (unix:///var/run/docker.sock)
14:55:51.861 [main] DEBUG org.testcontainers.dockerclient.DockerClientProviderStrategy -- Transport type: 'httpclient5', Docker host: 'unix:///var/run/docker.sock'
14:55:51.861 [main] DEBUG org.testcontainers.dockerclient.DockerClientProviderStrategy -- Checking Docker OS type for local Unix socket (unix:///var/run/docker.sock)
14:55:51.861 [main] INFO org.testcontainers.DockerClientFactory -- Docker host IP address is localhost
14:55:51.861 [main] DEBUG org.testcontainers.DockerClientFactory -- Docker info: {CDISpecDirs=[/etc/cdi, /var/run/cdi], NGoroutines=138, Name=docker-desktop, Swarm={NodeID=, NodeAddr=, LocalNodeState=inactive, ControlAvailable=false, Error=, RemoteManagers=null}, RuncCommit={ID=v1.2.5-0-g59923ef, Expected=v1.2.5-0-g59923ef}, OSVersion=, Runtimes={io.containerd.runc.v2={path=runc}, runc={path=runc}}, ID=02a07594-86fc-4e0c-99a3-629dec63ba82, DriverStatus=[[driver-type, io.containerd.snapshotter.v1]], BridgeNfIptables=false, LiveRestoreEnabled=false, SystemTime=2025-07-26T18:55:51.827424085Z, NoProxy=hubproxy.docker.internal, Architecture=aarch64, NEventsListener=18, HttpsProxy=http.docker.internal:3128, Images=23, ContainersRunning=3, Labels=[com.docker.desktop.address=unix:///Users/leonardosantana/Library/Containers/com.docker.docker/Data/docker-cli.sock], InitCommit={ID=de40ad0, Expected=de40ad0}, NFd=112, KernelVersion=6.10.14-linuxkit, LoggingDriver=json-file, OSType=linux, SecurityOptions=[name=seccomp,profile=unconfined, name=cgroupns], ContainerdCommit={ID=05044ec0a9a75232cad458027ca83437aae3f4da, Expected=05044ec0a9a75232cad458027ca83437aae3f4da}, GenericResources=null, OperatingSystem=Docker Desktop, RegistryConfig={IndexConfigs={docker.io={Mirrors=[], Name=docker.io, Official=true, Secure=true}, hubproxy.docker.internal:5555={Mirrors=[], Name=hubproxy.docker.internal:5555, Official=false, Secure=false}}, InsecureRegistryCIDRs=[::1/128, 127.0.0.0/8], Mirrors=null}, ServerVersion=28.1.1, OomKillDisable=false, CpuCfsQuota=true, Containers=4, Driver=overlayfs, IPv4Forwarding=true, ExperimentalBuild=false, DockerRootDir=/var/lib/docker, CPUSet=true, CpuCfsPeriod=true, DefaultRuntime=runc, CPUShares=true, Debug=false, NCPU=12, Plugins={Volume=[local], Network=[bridge, host, ipvlan, macvlan, null, overlay], Authorization=null, Log=[awslogs, fluentd, gcplogs, gelf, journald, json-file, local, splunk, syslog]}, SwapLimit=true, CgroupDriver=cgroupfs, ContainersPaused=0, MemTotal=8217751552, IndexServerAddress=https://index.docker.io/v1/, MemoryLimit=true, HttpProxy=http.docker.internal:3128, InitBinary=docker-init, CgroupVersion=2, PidsLimit=true, Isolation=, BridgeNfIp6tables=false, Warnings=[WARNING: DOCKER_INSECURE_NO_IPTABLES_RAW is set, WARNING: daemon is not using the default seccomp profile], ContainersStopped=1}
14:55:51.862 [main] DEBUG org.testcontainers.shaded.com.github.dockerjava.core.command.AbstrDockerCmd -- Cmd: 
14:55:51.863 [main] DEBUG com.github.dockerjava.zerodep.shaded.org.apache.hc.client5.http.impl.classic.InternalHttpClient -- ex-00000002: preparing request execution
14:55:51.863 [main] DEBUG com.github.dockerjava.zerodep.shaded.org.apache.hc.client5.http.protocol.RequestAddCookies -- Cookie spec selected: strict
14:55:51.863 [main] DEBUG com.github.dockerjava.zerodep.shaded.org.apache.hc.client5.http.protocol.RequestAuthCache -- Auth cache not set in the context
14:55:51.863 [main] DEBUG com.github.dockerjava.zerodep.shaded.org.apache.hc.client5.http.impl.classic.ProtocolExec -- ex-00000002: target auth state: UNCHALLENGED
14:55:51.863 [main] DEBUG com.github.dockerjava.zerodep.shaded.org.apache.hc.client5.http.impl.classic.ProtocolExec -- ex-00000002: proxy auth state: UNCHALLENGED
14:55:51.863 [main] DEBUG com.github.dockerjava.zerodep.shaded.org.apache.hc.client5.http.impl.classic.ConnectExec -- ex-00000002: acquiring connection with route {}->unix://localhost:2375
14:55:51.863 [main] DEBUG com.github.dockerjava.zerodep.shaded.org.apache.hc.client5.http.impl.classic.InternalHttpClient -- ex-00000002: acquiring endpoint (3 MINUTES)
14:55:51.863 [main] DEBUG com.github.dockerjava.zerodep.shaded.org.apache.hc.client5.http.impl.io.PoolingHttpClientConnectionManager -- ex-00000002: endpoint lease request (3 MINUTES) [route: {}->unix://localhost:2375][total available: 1; route allocated: 1 of 2147483647; total allocated: 1 of 2147483647]
14:55:51.863 [main] DEBUG com.github.dockerjava.zerodep.shaded.org.apache.hc.client5.http.impl.io.PoolingHttpClientConnectionManager -- ex-00000002: endpoint leased [route: {}->unix://localhost:2375][total available: 0; route allocated: 1 of 2147483647; total allocated: 1 of 2147483647]
14:55:51.863 [main] DEBUG com.github.dockerjava.zerodep.shaded.org.apache.hc.client5.http.impl.io.PoolingHttpClientConnectionManager -- ex-00000002: acquired ep-00000001
14:55:51.863 [main] DEBUG com.github.dockerjava.zerodep.shaded.org.apache.hc.client5.http.impl.classic.InternalHttpClient -- ex-00000002: acquired endpoint ep-00000001
14:55:51.863 [main] DEBUG com.github.dockerjava.zerodep.shaded.org.apache.hc.client5.http.impl.classic.MainClientExec -- ex-00000002: executing GET /v1.32/version HTTP/1.1
14:55:51.863 [main] DEBUG com.github.dockerjava.zerodep.shaded.org.apache.hc.client5.http.impl.classic.InternalHttpClient -- ep-00000001: start execution ex-00000002
14:55:51.863 [main] DEBUG com.github.dockerjava.zerodep.shaded.org.apache.hc.client5.http.impl.io.PoolingHttpClientConnectionManager -- ep-00000001: executing exchange ex-00000002 over http-outgoing-0
14:55:51.863 [main] DEBUG com.github.dockerjava.zerodep.shaded.org.apache.hc.client5.http.headers -- http-outgoing-0 >> GET /v1.32/version HTTP/1.1
14:55:51.863 [main] DEBUG com.github.dockerjava.zerodep.shaded.org.apache.hc.client5.http.headers -- http-outgoing-0 >> accept: application/json
14:55:51.863 [main] DEBUG com.github.dockerjava.zerodep.shaded.org.apache.hc.client5.http.headers -- http-outgoing-0 >> x-tc-sid: 35985044-72d4-41bf-a8fd-d98ab43b3acb
14:55:51.863 [main] DEBUG com.github.dockerjava.zerodep.shaded.org.apache.hc.client5.http.headers -- http-outgoing-0 >> User-Agent: tc-java/1.19.3
14:55:51.863 [main] DEBUG com.github.dockerjava.zerodep.shaded.org.apache.hc.client5.http.headers -- http-outgoing-0 >> Accept-Encoding: gzip, x-gzip, deflate
14:55:51.863 [main] DEBUG com.github.dockerjava.zerodep.shaded.org.apache.hc.client5.http.headers -- http-outgoing-0 >> Host: localhost:2375
14:55:51.863 [main] DEBUG com.github.dockerjava.zerodep.shaded.org.apache.hc.client5.http.headers -- http-outgoing-0 >> Connection: keep-alive
14:55:51.863 [main] DEBUG com.github.dockerjava.zerodep.shaded.org.apache.hc.client5.http.wire -- http-outgoing-0 >> "GET /v1.32/version HTTP/1.1[\r][\n]"
14:55:51.863 [main] DEBUG com.github.dockerjava.zerodep.shaded.org.apache.hc.client5.http.wire -- http-outgoing-0 >> "accept: application/json[\r][\n]"
14:55:51.863 [main] DEBUG com.github.dockerjava.zerodep.shaded.org.apache.hc.client5.http.wire -- http-outgoing-0 >> "x-tc-sid: 35985044-72d4-41bf-a8fd-d98ab43b3acb[\r][\n]"
14:55:51.863 [main] DEBUG com.github.dockerjava.zerodep.shaded.org.apache.hc.client5.http.wire -- http-outgoing-0 >> "User-Agent: tc-java/1.19.3[\r][\n]"
14:55:51.863 [main] DEBUG com.github.dockerjava.zerodep.shaded.org.apache.hc.client5.http.wire -- http-outgoing-0 >> "Accept-Encoding: gzip, x-gzip, deflate[\r][\n]"
14:55:51.863 [main] DEBUG com.github.dockerjava.zerodep.shaded.org.apache.hc.client5.http.wire -- http-outgoing-0 >> "Host: localhost:2375[\r][\n]"
14:55:51.864 [main] DEBUG com.github.dockerjava.zerodep.shaded.org.apache.hc.client5.http.wire -- http-outgoing-0 >> "Connection: keep-alive[\r][\n]"
14:55:51.864 [main] DEBUG com.github.dockerjava.zerodep.shaded.org.apache.hc.client5.http.wire -- http-outgoing-0 >> "[\r][\n]"
14:55:51.871 [main] DEBUG com.github.dockerjava.zerodep.shaded.org.apache.hc.client5.http.wire -- http-outgoing-0 << "HTTP/1.1 200 OK[\r][\n]"
14:55:51.871 [main] DEBUG com.github.dockerjava.zerodep.shaded.org.apache.hc.client5.http.wire -- http-outgoing-0 << "Api-Version: 1.49[\r][\n]"
14:55:51.871 [main] DEBUG com.github.dockerjava.zerodep.shaded.org.apache.hc.client5.http.wire -- http-outgoing-0 << "Content-Type: application/json[\r][\n]"
14:55:51.871 [main] DEBUG com.github.dockerjava.zerodep.shaded.org.apache.hc.client5.http.wire -- http-outgoing-0 << "Date: Sat, 26 Jul 2025 18:55:51 GMT[\r][\n]"
14:55:51.871 [main] DEBUG com.github.dockerjava.zerodep.shaded.org.apache.hc.client5.http.wire -- http-outgoing-0 << "Docker-Experimental: false[\r][\n]"
14:55:51.871 [main] DEBUG com.github.dockerjava.zerodep.shaded.org.apache.hc.client5.http.wire -- http-outgoing-0 << "Ostype: linux[\r][\n]"
14:55:51.871 [main] DEBUG com.github.dockerjava.zerodep.shaded.org.apache.hc.client5.http.wire -- http-outgoing-0 << "Server: Docker/28.1.1 (linux)[\r][\n]"
14:55:51.871 [main] DEBUG com.github.dockerjava.zerodep.shaded.org.apache.hc.client5.http.wire -- http-outgoing-0 << "Transfer-Encoding: chunked[\r][\n]"
14:55:51.871 [main] DEBUG com.github.dockerjava.zerodep.shaded.org.apache.hc.client5.http.wire -- http-outgoing-0 << "[\r][\n]"
14:55:51.871 [main] DEBUG com.github.dockerjava.zerodep.shaded.org.apache.hc.client5.http.headers -- http-outgoing-0 << HTTP/1.1 200 OK
14:55:51.871 [main] DEBUG com.github.dockerjava.zerodep.shaded.org.apache.hc.client5.http.headers -- http-outgoing-0 << Api-Version: 1.49
14:55:51.871 [main] DEBUG com.github.dockerjava.zerodep.shaded.org.apache.hc.client5.http.headers -- http-outgoing-0 << Content-Type: application/json
14:55:51.871 [main] DEBUG com.github.dockerjava.zerodep.shaded.org.apache.hc.client5.http.headers -- http-outgoing-0 << Date: Sat, 26 Jul 2025 18:55:51 GMT
14:55:51.871 [main] DEBUG com.github.dockerjava.zerodep.shaded.org.apache.hc.client5.http.headers -- http-outgoing-0 << Docker-Experimental: false
14:55:51.871 [main] DEBUG com.github.dockerjava.zerodep.shaded.org.apache.hc.client5.http.headers -- http-outgoing-0 << Ostype: linux
14:55:51.871 [main] DEBUG com.github.dockerjava.zerodep.shaded.org.apache.hc.client5.http.headers -- http-outgoing-0 << Server: Docker/28.1.1 (linux)
14:55:51.871 [main] DEBUG com.github.dockerjava.zerodep.shaded.org.apache.hc.client5.http.headers -- http-outgoing-0 << Transfer-Encoding: chunked
14:55:51.871 [main] DEBUG com.github.dockerjava.zerodep.shaded.org.apache.hc.client5.http.impl.classic.MainClientExec -- ex-00000002: connection can be kept alive for 3 MINUTES
14:55:51.871 [main] DEBUG com.github.dockerjava.zerodep.shaded.org.apache.hc.client5.http.wire -- http-outgoing-0 << "339[\r][\n]"
14:55:51.871 [main] DEBUG com.github.dockerjava.zerodep.shaded.org.apache.hc.client5.http.wire -- http-outgoing-0 << "{"Platform":{"Name":"Docker Desktop 4.41.2 (191736)"},"Components":[{"Name":"Engine","Version":"28.1.1","Details":{"ApiVersion":"1.49","Arch":"arm64","BuildTime":"2025-04-18T09:52:08.000000000+00:00","Experimental":"false","GitCommit":"01f442b","GoVersion":"go1.23.8","KernelVersion":"6.10.14-linuxkit","MinAPIVersion":"1.24","Os":"linux"}},{"Name":"containerd","Version":"1.7.27","Details":{"GitCommit":"05044ec0a9a75232cad458027ca83437aae3f4da"}},{"Name":"runc","Version":"1.2.5","Details":{"GitCommit":"v1.2.5-0-g59923ef"}},{"Name":"docker-init","Version":"0.19.0","Details":{"GitCommit":"de40ad0"}}],"Version":"28.1.1","ApiVersion":"1.49","MinAPIVersion":"1.24","GitCommit":"01f442b","GoVersion":"go1.23.8","Os":"linux","Arch":"arm64","KernelVersion":"6.10.14-linuxkit","BuildTime":"2025-04-18T09:52:08.000000000+00:00"}[\n]"
14:55:51.871 [main] DEBUG com.github.dockerjava.zerodep.shaded.org.apache.hc.client5.http.wire -- http-outgoing-0 << "[\r][\n]"
14:55:51.871 [main] DEBUG com.github.dockerjava.zerodep.shaded.org.apache.hc.client5.http.wire -- http-outgoing-0 << "0[\r][\n]"
14:55:51.871 [main] DEBUG com.github.dockerjava.zerodep.shaded.org.apache.hc.client5.http.wire -- http-outgoing-0 << "[\r][\n]"
14:55:51.875 [main] DEBUG com.github.dockerjava.zerodep.shaded.org.apache.hc.client5.http.impl.classic.InternalHttpClient -- ep-00000001: releasing valid endpoint
14:55:51.875 [main] DEBUG com.github.dockerjava.zerodep.shaded.org.apache.hc.client5.http.impl.io.PoolingHttpClientConnectionManager -- ep-00000001: releasing endpoint
14:55:51.875 [main] DEBUG com.github.dockerjava.zerodep.shaded.org.apache.hc.client5.http.impl.io.PoolingHttpClientConnectionManager -- ep-00000001: connection http-outgoing-0 can be kept alive for 3 MINUTES
14:55:51.875 [main] DEBUG com.github.dockerjava.zerodep.shaded.org.apache.hc.client5.http.impl.io.PoolingHttpClientConnectionManager -- ep-00000001: connection released [route: {}->unix://localhost:2375][total available: 1; route allocated: 1 of 2147483647; total allocated: 1 of 2147483647]
14:55:51.875 [main] DEBUG org.testcontainers.DockerClientFactory -- Docker version: {Components=[{Name=Engine, Version=28.1.1, Details={ApiVersion=1.49, Arch=arm64, BuildTime=2025-04-18T09:52:08.000000000+00:00, Experimental=false, GitCommit=01f442b, GoVersion=go1.23.8, KernelVersion=6.10.14-linuxkit, MinAPIVersion=1.24, Os=linux}}, {Name=containerd, Version=1.7.27, Details={GitCommit=05044ec0a9a75232cad458027ca83437aae3f4da}}, {Name=runc, Version=1.2.5, Details={GitCommit=v1.2.5-0-g59923ef}}, {Name=docker-init, Version=0.19.0, Details={GitCommit=de40ad0}}], KernelVersion=6.10.14-linuxkit, ApiVersion=1.49, Platform={Name=Docker Desktop 4.41.2 (191736)}, GitCommit=01f442b, Os=linux, Version=28.1.1, MinAPIVersion=1.24, Arch=arm64, GoVersion=go1.23.8, BuildTime=2025-04-18T09:52:08.000000000+00:00}
14:55:51.875 [main] INFO org.testcontainers.DockerClientFactory -- Connected to docker: 
  Server Version: 28.1.1
  API Version: 1.49
  Operating System: Docker Desktop
  Total Memory: 7837 MB
14:55:51.880 [main] DEBUG org.testcontainers.utility.RyukResourceReaper -- Ryuk is enabled
14:55:51.881 [main] DEBUG org.testcontainers.utility.PrefixingImageNameSubstitutor -- No prefix is configured
14:55:51.882 [main] DEBUG org.testcontainers.utility.ImageNameSubstitutor -- Did not find a substitute image for testcontainers/ryuk:0.5.1 (using image substitutor: DefaultImageNameSubstitutor (composite of 'ConfigurationFileImageNameSubstitutor' and 'PrefixingImageNameSubstitutor'))
14:55:51.882 [main] DEBUG org.testcontainers.shaded.com.github.dockerjava.core.command.AbstrDockerCmd -- Cmd: ListImagesCmdImpl[filters=org.testcontainers.shaded.com.github.dockerjava.core.util.FiltersBuilder@0,imageNameFilter=<null>,showAll=false]
14:55:51.884 [main] DEBUG com.github.dockerjava.zerodep.shaded.org.apache.hc.client5.http.impl.classic.InternalHttpClient -- ex-00000003: preparing request execution
14:55:51.884 [main] DEBUG com.github.dockerjava.zerodep.shaded.org.apache.hc.client5.http.protocol.RequestAddCookies -- Cookie spec selected: strict
14:55:51.884 [main] DEBUG com.github.dockerjava.zerodep.shaded.org.apache.hc.client5.http.protocol.RequestAuthCache -- Auth cache not set in the context
14:55:51.884 [main] DEBUG com.github.dockerjava.zerodep.shaded.org.apache.hc.client5.http.impl.classic.ProtocolExec -- ex-00000003: target auth state: UNCHALLENGED
14:55:51.884 [main] DEBUG com.github.dockerjava.zerodep.shaded.org.apache.hc.client5.http.impl.classic.ProtocolExec -- ex-00000003: proxy auth state: UNCHALLENGED
14:55:51.884 [main] DEBUG com.github.dockerjava.zerodep.shaded.org.apache.hc.client5.http.impl.classic.ConnectExec -- ex-00000003: acquiring connection with route {}->unix://localhost:2375
14:55:51.884 [main] DEBUG com.github.dockerjava.zerodep.shaded.org.apache.hc.client5.http.impl.classic.InternalHttpClient -- ex-00000003: acquiring endpoint (3 MINUTES)
14:55:51.884 [main] DEBUG com.github.dockerjava.zerodep.shaded.org.apache.hc.client5.http.impl.io.PoolingHttpClientConnectionManager -- ex-00000003: endpoint lease request (3 MINUTES) [route: {}->unix://localhost:2375][total available: 1; route allocated: 1 of 2147483647; total allocated: 1 of 2147483647]
14:55:51.884 [main] DEBUG com.github.dockerjava.zerodep.shaded.org.apache.hc.client5.http.impl.io.PoolingHttpClientConnectionManager -- ex-00000003: endpoint leased [route: {}->unix://localhost:2375][total available: 0; route allocated: 1 of 2147483647; total allocated: 1 of 2147483647]
14:55:51.884 [main] DEBUG com.github.dockerjava.zerodep.shaded.org.apache.hc.client5.http.impl.io.PoolingHttpClientConnectionManager -- ex-00000003: acquired ep-00000002
14:55:51.884 [main] DEBUG com.github.dockerjava.zerodep.shaded.org.apache.hc.client5.http.impl.classic.InternalHttpClient -- ex-00000003: acquired endpoint ep-00000002
14:55:51.884 [main] DEBUG com.github.dockerjava.zerodep.shaded.org.apache.hc.client5.http.impl.classic.MainClientExec -- ex-00000003: executing GET /v1.32/images/json HTTP/1.1
14:55:51.884 [main] DEBUG com.github.dockerjava.zerodep.shaded.org.apache.hc.client5.http.impl.classic.InternalHttpClient -- ep-00000002: start execution ex-00000003
14:55:51.884 [main] DEBUG com.github.dockerjava.zerodep.shaded.org.apache.hc.client5.http.impl.io.PoolingHttpClientConnectionManager -- ep-00000002: executing exchange ex-00000003 over http-outgoing-0
14:55:51.884 [main] DEBUG com.github.dockerjava.zerodep.shaded.org.apache.hc.client5.http.headers -- http-outgoing-0 >> GET /v1.32/images/json HTTP/1.1
14:55:51.884 [main] DEBUG com.github.dockerjava.zerodep.shaded.org.apache.hc.client5.http.headers -- http-outgoing-0 >> accept: application/json
14:55:51.884 [main] DEBUG com.github.dockerjava.zerodep.shaded.org.apache.hc.client5.http.headers -- http-outgoing-0 >> x-tc-sid: 35985044-72d4-41bf-a8fd-d98ab43b3acb
14:55:51.884 [main] DEBUG com.github.dockerjava.zerodep.shaded.org.apache.hc.client5.http.headers -- http-outgoing-0 >> User-Agent: tc-java/1.19.3
14:55:51.884 [main] DEBUG com.github.dockerjava.zerodep.shaded.org.apache.hc.client5.http.headers -- http-outgoing-0 >> Accept-Encoding: gzip, x-gzip, deflate
14:55:51.884 [main] DEBUG com.github.dockerjava.zerodep.shaded.org.apache.hc.client5.http.headers -- http-outgoing-0 >> Host: localhost:2375
14:55:51.884 [main] DEBUG com.github.dockerjava.zerodep.shaded.org.apache.hc.client5.http.headers -- http-outgoing-0 >> Connection: keep-alive
14:55:51.884 [main] DEBUG com.github.dockerjava.zerodep.shaded.org.apache.hc.client5.http.wire -- http-outgoing-0 >> "GET /v1.32/images/json HTTP/1.1[\r][\n]"
14:55:51.884 [main] DEBUG com.github.dockerjava.zerodep.shaded.org.apache.hc.client5.http.wire -- http-outgoing-0 >> "accept: application/json[\r][\n]"
14:55:51.884 [main] DEBUG com.github.dockerjava.zerodep.shaded.org.apache.hc.client5.http.wire -- http-outgoing-0 >> "x-tc-sid: 35985044-72d4-41bf-a8fd-d98ab43b3acb[\r][\n]"
14:55:51.884 [main] DEBUG com.github.dockerjava.zerodep.shaded.org.apache.hc.client5.http.wire -- http-outgoing-0 >> "User-Agent: tc-java/1.19.3[\r][\n]"
14:55:51.884 [main] DEBUG com.github.dockerjava.zerodep.shaded.org.apache.hc.client5.http.wire -- http-outgoing-0 >> "Accept-Encoding: gzip, x-gzip, deflate[\r][\n]"
14:55:51.884 [main] DEBUG com.github.dockerjava.zerodep.shaded.org.apache.hc.client5.http.wire -- http-outgoing-0 >> "Host: localhost:2375[\r][\n]"
14:55:51.884 [main] DEBUG com.github.dockerjava.zerodep.shaded.org.apache.hc.client5.http.wire -- http-outgoing-0 >> "Connection: keep-alive[\r][\n]"
14:55:51.885 [main] DEBUG com.github.dockerjava.zerodep.shaded.org.apache.hc.client5.http.wire -- http-outgoing-0 >> "[\r][\n]"
14:55:51.983 [main] DEBUG com.github.dockerjava.zerodep.shaded.org.apache.hc.client5.http.wire -- http-outgoing-0 << "HTTP/1.1 200 OK[\r][\n]"
14:55:51.983 [main] DEBUG com.github.dockerjava.zerodep.shaded.org.apache.hc.client5.http.wire -- http-outgoing-0 << "Api-Version: 1.49[\r][\n]"
14:55:51.983 [main] DEBUG com.github.dockerjava.zerodep.shaded.org.apache.hc.client5.http.wire -- http-outgoing-0 << "Content-Type: application/json[\r][\n]"
14:55:51.983 [main] DEBUG com.github.dockerjava.zerodep.shaded.org.apache.hc.client5.http.wire -- http-outgoing-0 << "Date: Sat, 26 Jul 2025 18:55:51 GMT[\r][\n]"
14:55:51.983 [main] DEBUG com.github.dockerjava.zerodep.shaded.org.apache.hc.client5.http.wire -- http-outgoing-0 << "Docker-Experimental: false[\r][\n]"
14:55:51.983 [main] DEBUG com.github.dockerjava.zerodep.shaded.org.apache.hc.client5.http.wire -- http-outgoing-0 << "Ostype: linux[\r][\n]"
14:55:51.983 [main] DEBUG com.github.dockerjava.zerodep.shaded.org.apache.hc.client5.http.wire -- http-outgoing-0 << "Server: Docker/28.1.1 (linux)[\r][\n]"
14:55:51.983 [main] DEBUG com.github.dockerjava.zerodep.shaded.org.apache.hc.client5.http.wire -- http-outgoing-0 << "Transfer-Encoding: chunked[\r][\n]"
14:55:51.983 [main] DEBUG com.github.dockerjava.zerodep.shaded.org.apache.hc.client5.http.wire -- http-outgoing-0 << "[\r][\n]"
14:55:51.983 [main] DEBUG com.github.dockerjava.zerodep.shaded.org.apache.hc.client5.http.headers -- http-outgoing-0 << HTTP/1.1 200 OK
14:55:51.983 [main] DEBUG com.github.dockerjava.zerodep.shaded.org.apache.hc.client5.http.headers -- http-outgoing-0 << Api-Version: 1.49
14:55:51.983 [main] DEBUG com.github.dockerjava.zerodep.shaded.org.apache.hc.client5.http.headers -- http-outgoing-0 << Content-Type: application/json
14:55:51.983 [main] DEBUG com.github.dockerjava.zerodep.shaded.org.apache.hc.client5.http.headers -- http-outgoing-0 << Date: Sat, 26 Jul 2025 18:55:51 GMT
14:55:51.983 [main] DEBUG com.github.dockerjava.zerodep.shaded.org.apache.hc.client5.http.headers -- http-outgoing-0 << Docker-Experimental: false
14:55:51.983 [main] DEBUG com.github.dockerjava.zerodep.shaded.org.apache.hc.client5.http.headers -- http-outgoing-0 << Ostype: linux
14:55:51.983 [main] DEBUG com.github.dockerjava.zerodep.shaded.org.apache.hc.client5.http.headers -- http-outgoing-0 << Server: Docker/28.1.1 (linux)
14:55:51.983 [main] DEBUG com.github.dockerjava.zerodep.shaded.org.apache.hc.client5.http.headers -- http-outgoing-0 << Transfer-Encoding: chunked
14:55:51.983 [main] DEBUG com.github.dockerjava.zerodep.shaded.org.apache.hc.client5.http.impl.classic.MainClientExec -- ex-00000003: connection can be kept alive for 3 MINUTES
14:55:51.983 [main] DEBUG com.github.dockerjava.zerodep.shaded.org.apache.hc.client5.http.wire -- http-outgoing-0 << "333c[\r][\n]"
14:55:51.984 [main] DEBUG com.github.dockerjava.zerodep.shaded.org.apache.hc.client5.http.wire -- http-outgoing-0 << "[{"Containers":-1,"Created":1748605817,"Id":"sha256:585aca657303ec21e89ca21d45d0229c94e30f7306715f9d037000baa714dca0","Labels":{"dev.containers.id":"python","dev.containers.release":"v0.4.16","dev.containers.source":"https://github.com/devcontainers/images","dev.containers.timestamp":"Fri, 30 May 2025 10:57:52 GMT","dev.containers.variant":"3.11-bookworm","devcontainer.metadata":"[ {\"id\":\"ghcr.io/devcontainers/features/common-utils:2\"}, {\"id\":\"ghcr.io/devcontainers/features/git:1\",\"customizations\":{\"vscode\":{\"settings\":{\"github.copilot.chat.codeGeneration.instructions\":[{\"text\":\"This dev container includes an up-to-date version of Git, built from source as needed, pre-installed and available on the `PATH`.\"}]}}}}, {\"id\":\"ghcr.io/devcontainers/features/node:1\",\"customizations\":{\"vscode\":{\"extensions\":[\"dbaeumer.vscode-eslint\"],\"settings\":{\"github.copilot.chat.codeGeneration.instructions\":[{\"text\":\"This dev container includes `node`, `npm` and `eslint` pre-installed and available on the `PATH` for Node.js and JavaScript development.\"}]}}}}, {\"id\":\"ghcr.io/devcontainers/features/python:1\",\"customizations\":{\"vscode\":{\"extensions\":[\"ms-python.python\",\"ms-python.vscode-pylance\",\"ms-python.autopep8\"],\"settings\":{\"github.copilot.chat.codeGeneration.instructions\":[{\"text\":\"This dev container includes `python3` and `pip3` pre-installed and available on the `PATH`, along with the Python language extensions for Python development.\"}],\"python.defaultInterpreterPath\":\"/usr/local/python/current/bin/python\",\"[python]\":{\"editor.defaultFormatter\":\"ms-python.autopep8\"}}}}}, {\"customizations\":{\"vscode\":{\"settings\":{\"python.defaultInterpreterPath\":\"/usr/local/bin/python\"}}},\"remoteUser\":\"vscode\"} ]","version":"1.2.6"},"ParentId":"","RepoDigests":["mcr.microsoft.com/devcontainers/python@sha256:585aca657303ec21e89ca21d45d0229c94e30f7306715f9d037000baa714dca0"],"RepoTags":["mcr.microsoft.com/devcontainers/python:1-3.11-bookworm"],"SharedSize":-1,"Size":2302439123,"VirtualSize":2302439123},{"Containers":-1,"Created":1747924455,"Id":"sha256:23f1f18420c5dac3e5c34157297fca1175d83a35ec8e0c8e38690666bfc06a50","Labels":{"org.opencontainers.image.revision":"b4ee623039a6c60053ce67269701ad9e95073306"},"ParentId":"","RepoDigests":["mcp/git@sha256:23f1f18420c5dac3e5c34157297fca1175d83a35ec8e0c8e38690666bfc06a50"],"RepoTags":["mcp/git:latest"],"SharedSize":-1,"Size":255865828,"VirtualSize":255865828},{"Containers":-1,"Created":1747873746,"Id":"sha256:c5b188baf837b0180a14f988815b9cc7a55b836dd6cbe1b6e6523cf3098faaa8","Labels":null,"ParentId":"","RepoDigests":["mcr.microsoft.com/dotnet/sdk@sha256:c5b188baf837b0180a14f988815b9cc7a55b836dd6cbe1b6e6523cf3098faaa8"],"RepoTags":["mcr.microsoft.com/dotnet/sdk:9.0"],"SharedSize":-1,"Size":1249585355,"VirtualSize":1249585355},{"Containers":-1,"Created":1747873702,"Id":"sha256:d067453026c556115c214e81d4f93adaa190487fad6d7ef4b539eab6f8103d2e","Labels":null,"ParentId":"","RepoDigests":["mcr.microsoft.com/dotnet/runtime@sha256:d067453026c556115c214e81d4f93adaa190487fad6d7ef4b539eab6f8103d2e"],"RepoTags":["mcr.microsoft.com/dotnet/runtime:9.0"],"SharedSize":-1,"Size":319031420,"VirtualSize":319031420},{"Containers":-1,"Created":1747243108,"Id":"sha256:9cb47b8c2db07fdf2dd7b31686ca5a21a28624e268d59ff3bc36a433ab05add1","Labels":{"com.docker.desktop.extension.api.version":"0.3.4","com.docker.desktop.extension.icon":"https://raw.githubusercontent.com/docker/labs-ai-tools-for-devs/main/src/extension/ui/src/assets/extension-icon.png","com.docker.extension.additional-urls":"https://hub.docker.com/catalogs/mcp","com.docker.extension.categories":"utility-tools","com.docker.extension.changelog":"Added MCP catalog","com.docker.extension.detailed-description":"Browse and connect Dockerized MCP servers to your favorite MCP clients","com.docker.extension.publisher-url":"https://www.docker.com/","com.docker.extension.screenshots":"[{\"alt\":\"screenshot of the extension UI\", \"url\":\"https://raw.githubusercontent.com/docker/labs-ai-tools-for-devs/refs/heads/main/src/extension/ui/src/assets/screenshots/screenshot1.png\"}, {\"alt\":\"Screenshot of Tile configuration\", \"url\":\"https://raw.githubusercontent.com/docker/labs-ai-tools-for-devs/refs/heads/main/src/extension/ui/src/assets/screenshots/screenshot2.png\"}, {\"alt\":\"Screenshot of MCP Client configuration\", \"url\":\"https://raw.githubusercontent.com/docker/labs-ai-tools-for-devs/refs/heads/main/src/extension/ui/src/assets/screenshots/screenshot3.png\"}]","org.opencontainers.image.description":"Docker MCP Toolkit is a Docker Desktop Extension allowing to connect dockerized MCP servers to MCP clients","org.opencontainers.image.title":"Docker MCP Toolkit","org.opencontainers.image.vendor":"Docker Inc"},"ParentId":"","RepoDigests":["docker/labs-ai-tools-for-devs@sha256:9cb47b8c2db07fdf2dd7b31686ca5a21a28624e268d59ff3bc36a433ab05add1"],"RepoTags":["docker/labs-ai-tools-for-devs:1.0.1"],"SharedSize":-1,"Size":76127328,"VirtualSize":76127328},{"Containers":-1,"Created":1746225816,"Id":"sha256:4f6c216201641bc17ad7b3f63bc73e025fe4e010227deb7a31eaa2f0424078bd","Labels":null,"ParentId":"","RepoDigests":["mcp/docker@sha256:4f6c216201641bc17ad7b3f63bc73e025fe4e010227deb7a31eaa2f0424078bd"],"RepoTags":["mcp/docker:0.0.17"],"SharedSize":-1,"Size":229973984,"VirtualSize":229973984},{"Containers":-1,"Created":1745953401,"Id":"sha256:87afb62ed6a762bb65b85d53819f3b341fb74a36d1fc0a1153a64f367637bfda","Labels":null,"ParentId":"","RepoDigests":["moby/buildkit@sha256:87afb62ed6a762bb65b85d53819f3b341fb74a36d1fc0a1153a64f367637bfda"],"RepoTags":["moby/buildkit:buildx-stable-1"],"SharedSize":-1,"Size":303556392,"VirtualSize":303556392},{"Containers":-1,"Created":1744647074,"Id":"sha256:2c5f154f4e47ef5008c53ff0c9006b6f5c7d6b119c96015aba4136c50ef48b98","Labels":{"org.opencontainers.image.ref.name":"ubuntu","org.opencontainers.image.version":"24.04"},"ParentId":"","RepoDigests":["mongo@sha256:2c5f154f4e47ef5008c53ff0c9006b6f5c7d6b119c96015aba4136c50ef48b98"],"RepoTags":["mongo:latest"],"SharedSize":-1,"Size":1167041414,"VirtualSize":1167041414},{"Containers":-1,"Created":1744646788,"Id":"sha256:36d9efdcf157e77d0a5582bb20e7ed5dc0ba8e8d4928782c56dc1406e372cd3d","Labels":{"org.opencontainers.image.ref.name":"ubuntu","org.opencontainers.image.version":"22.04"},"ParentId":"","RepoDigests":["mongo@sha256:36d9efdcf157e77d0a5582bb20e7ed5dc0ba8e8d4928782c56dc1406e372cd3d"],"RepoTags":["mongo:7"],"SharedSize":-1,"Size":1049827735,"VirtualSize":1049827735},{"Containers":-1,"Created":1742846829,"Id":"sha256:c457984bd29f04d6acc90c8d9e717afe3922ae14665f3187e0096976fe37b1c8","Labels":null,"ParentId":"","RepoDigests":["\u003cnone\u003e@\u003cnone\u003e"],"RepoTags":["\u003cnone\u003e:\u003cnone\u003e"],"SharedSize":-1,"Size":302915972,"VirtualSize":302915972},{"Containers":-1,"Created":1739759380,"Id":"sha256:d2f586ced0bcf517c3989066bad2b1b80c5ccd7e62f0c5c53c44f78ea953dc55","Labels":{"com.microsoft.product":"Microsoft SQL Server","com.microsoft.version":"16.0.4175.1","org.opencontainers.image.ref.name":"ubuntu","org.opencontainers.image.version":"22.04","vendor":"Microsoft"},"ParentId":"","RepoDigests":["leonasa/mssql-2022-fulltext@sha256:d2f586ced0bcf517c3989066bad2b1b80c5ccd7e62f0c5c53c44f78ea953dc55"],"RepoTags":["leonasa/mssql-2022-fulltext:latest"],"SharedSize":-1,"Size":5052510581,"VirtualSize":5052510581},{"Containers":-1,"Created":1738657665,"Id":"sha256:20767713e03a4a0d1bcd09d8a8606e8b6cfb815ddf96e1a0cf2cc059b57d55c0","Labels":null,"ParentId":"","RepoDigests":["mcr.microsoft.com/dotnet/sdk@sha256:20767713e03a4a0d1bcd09d8a8606e8b6cfb815ddf96e1a0cf2cc059b57d55c0"],"RepoTags":["mcr.microsoft.com/dotnet/sdk:8.0"],"SharedSize":-1,"Size":1233794368,"VirtualSize":1233794368},{"Containers":-1,"Created":1738657628,"Id":"sha256:7429d9e87f20dab5a52b8c5365a83e8b42087ed51d9d133255101c3039773d5b","Labels":null,"ParentId":"","RepoDigests":["mcr.microsoft.com/dotnet/aspnet@sha256:7429d9e87f20dab5a52b8c5365a83e8b42087ed51d9d133255101c3039773d5b"],"RepoTags":["mcr.microsoft.com/dotnet/aspnet:8.0"],"SharedSize":-1,"Size":349586876,"VirtualSize":34958687"
14:55:51.987 [main] DEBUG com.github.dockerjava.zerodep.shaded.org.apache.hc.client5.http.wire -- http-outgoing-0 << "6},{"Containers":-1,"Created":1738567787,"Id":"sha256:612b4e43d96d2c84704cdef576e5e28fc27e1e13c8377e12db5935b50f641374","Labels":null,"ParentId":"","RepoDigests":["mcr.microsoft.com/azure-functions/dotnet@sha256:612b4e43d96d2c84704cdef576e5e28fc27e1e13c8377e12db5935b50f641374"],"RepoTags":["mcr.microsoft.com/azure-functions/dotnet:4"],"SharedSize":-1,"Size":1683832327,"VirtualSize":1683832327},{"Containers":-1,"Created":1737679554,"Id":"sha256:57ca1ceb9f4e2311c219dee8a6a1ac489e473406c52e8a3c010a242796734f0a","Labels":null,"ParentId":"","RepoDigests":["vonwig/inotifywait@sha256:57ca1ceb9f4e2311c219dee8a6a1ac489e473406c52e8a3c010a242796734f0a"],"RepoTags":["vonwig/inotifywait:latest"],"SharedSize":-1,"Size":18275999,"VirtualSize":18275999},{"Containers":-1,"Created":1737398402,"Id":"sha256:14aa1b4dd92ea0a4cd03a54d0c6079046ea98cd0c0ae6176bdd7036ba370cbbe","Labels":null,"ParentId":"","RepoDigests":["\u003cnone\u003e@\u003cnone\u003e"],"RepoTags":["\u003cnone\u003e:\u003cnone\u003e"],"SharedSize":-1,"Size":303277304,"VirtualSize":303277304},{"Containers":-1,"Created":1724744173,"Id":"sha256:448beed1b3fd18e9411dd4b6a26a04f3aa0fccf229502c9665ebe8d628c7d2c5","Labels":{"org.testcontainers.ryuk":"true"},"ParentId":"","RepoDigests":["testcontainers/ryuk@sha256:448beed1b3fd18e9411dd4b6a26a04f3aa0fccf229502c9665ebe8d628c7d2c5"],"RepoTags":["testcontainers/ryuk:0.9.0"],"SharedSize":-1,"Size":28678056,"VirtualSize":28678056},{"Containers":-1,"Created":1716998928,"Id":"sha256:d32bd65cf5843f413e81f5d917057c82da99737cb1637e905a1a4bc2e7ec6c8d","Labels":null,"ParentId":"","RepoDigests":["mcr.microsoft.com/dotnet/sdk@sha256:d32bd65cf5843f413e81f5d917057c82da99737cb1637e905a1a4bc2e7ec6c8d"],"RepoTags":["mcr.microsoft.com/dotnet/sdk:7.0"],"SharedSize":-1,"Size":1180084111,"VirtualSize":1180084111},{"Containers":-1,"Created":1707801715,"Id":"sha256:24cdd3a7fa89d2bed150560ebea81ff1943badfa61e51d66bb541a6b0d7fb047","Labels":{"architecture":"aarch64","build-date":"2024-01-16T18:44:24","com.redhat.component":"ubi8-minimal-container","com.redhat.license_terms":"https://www.redhat.com/en/about/red-hat-end-user-license-agreements#UBI","description":"Common base image for Confluent's Docker images.","distribution-scope":"public","io.buildah.version":"1.29.0","io.confluent.docker":"true","io.confluent.docker.build.number":"6","io.confluent.docker.git.id":"f38aed949","io.confluent.docker.git.repo":"confluentinc/kafka-images","io.k8s.description":"The Universal Base Image Minimal is a stripped down image that uses microdnf as a package manager. This base image is freely redistributable, but Red Hat only supports Red Hat technologies through subscriptions for Red Hat products. This image is maintained by Red Hat and updated regularly.","io.k8s.display-name":"Red Hat Universal Base Image 8 Minimal","io.openshift.expose-services":"","io.openshift.tags":"minimal rhel8","maintainer":"partner-support@confluent.io","name":"cp-kafka","release":"7.6.0","summary":"Confluent platform Kafka.","url":"https://access.redhat.com/containers/#/registry.access.redhat.com/ubi8-minimal/images/8.9-1108.1705420507","vcs-ref":"7e7670a8c8c9a3be83beaa2787f3703b404d4a1d","vcs-type":"git","vendor":"Confluent","version":"f38aed949"},"ParentId":"","RepoDigests":["confluentinc/cp-kafka@sha256:24cdd3a7fa89d2bed150560ebea81ff1943badfa61e51d66bb541a6b0d7fb047"],"RepoTags":["confluentinc/cp-kafka:7.6.0"],"SharedSize":-1,"Size":1329663282,"VirtualSize":1329663282},{"Containers":-1,"Created":1703658828,"Id":"sha256:6c376c0ba5589e8b0d57d003d71f708e2d4603731d5aaa1e40479dc232a4c242","Labels":null,"ParentId":"","RepoDigests":["mohsinonxrm/azure-functions-dotnet@sha256:6c376c0ba5589e8b0d57d003d71f708e2d4603731d5aaa1e40479dc232a4c242"],"RepoTags":["mohsinonxrm/azure-functions-dotnet:4-isolated8.0"],"SharedSize":-1,"Size":849276080,"VirtualSize":849276080},{"Containers":-1,"Created":1684336517,"Id":"sha256:533abc56c07b52a26c955d1e7ae428d810582ab01c156384ae79960eb5fa0775","Labels":{"org.testcontainers.ryuk":"true"},"ParentId":"","RepoDigests":["testcontainers/ryuk@sha256:533abc56c07b52a26c955d1e7ae428d810582ab01c156384ae79960eb5fa0775"],"RepoTags":["testcontainers/ryuk:0.5.1"],"SharedSize":-1,"Size":19273672,"VirtualSize":19273672},{"Containers":-1,"Created":1668427695,"Id":"sha256:ad4e47cc256ce3fad4dbfd23a92062d247ec54161344239dd571401c6a0067ca","Labels":null,"ParentId":"","RepoDigests":["markhobson/sqlpackage@sha256:ad4e47cc256ce3fad4dbfd23a92062d247ec54161344239dd571401c6a0067ca"],"RepoTags":["markhobson/sqlpackage:latest"],"SharedSize":-1,"Size":491548486,"VirtualSize":491548486},{"Containers":-1,"Created":0,"Id":"sha256:1961bbea536e74b1103eb3ef61a8c98527cfa2c3db79e40bd611a31fd4e2f1d6","Labels":null,"ParentId":"","RepoDigests":["sha256:1961bbea536e74b1103eb3ef61a8c98527cfa2c3db79e40bd611a31fd4e2f1d6"],"RepoTags":["pricerqxdev/mssql-2022-fulltext:latest"],"SharedSize":-1,"Size":820878854,"VirtualSize":820878854}][\n]"
14:55:51.988 [main] DEBUG com.github.dockerjava.zerodep.shaded.org.apache.hc.client5.http.wire -- http-outgoing-0 << "[\r][\n]"
14:55:51.989 [main] DEBUG com.github.dockerjava.zerodep.shaded.org.apache.hc.client5.http.wire -- http-outgoing-0 << "0[\r][\n]"
14:55:51.989 [main] DEBUG com.github.dockerjava.zerodep.shaded.org.apache.hc.client5.http.wire -- http-outgoing-0 << "[\r][\n]"
14:55:51.989 [main] DEBUG com.github.dockerjava.zerodep.shaded.org.apache.hc.client5.http.impl.classic.InternalHttpClient -- ep-00000002: releasing valid endpoint
14:55:51.989 [main] DEBUG com.github.dockerjava.zerodep.shaded.org.apache.hc.client5.http.impl.io.PoolingHttpClientConnectionManager -- ep-00000002: releasing endpoint
14:55:51.989 [main] DEBUG com.github.dockerjava.zerodep.shaded.org.apache.hc.client5.http.impl.io.PoolingHttpClientConnectionManager -- ep-00000002: connection http-outgoing-0 can be kept alive for 3 MINUTES
14:55:51.989 [main] DEBUG com.github.dockerjava.zerodep.shaded.org.apache.hc.client5.http.impl.io.PoolingHttpClientConnectionManager -- ep-00000002: connection released [route: {}->unix://localhost:2375][total available: 1; route allocated: 1 of 2147483647; total allocated: 1 of 2147483647]
14:55:51.990 [main] DEBUG org.testcontainers.images.AbstractImagePullPolicy -- Using locally available and not pulling image: testcontainers/ryuk:0.5.1
14:55:51.990 [main] DEBUG tc.testcontainers/ryuk:0.5.1 -- Starting container: testcontainers/ryuk:0.5.1
14:55:51.991 [main] DEBUG tc.testcontainers/ryuk:0.5.1 -- Trying to start container: testcontainers/ryuk:0.5.1 (attempt 1/1)
14:55:51.991 [main] DEBUG tc.testcontainers/ryuk:0.5.1 -- Starting container: testcontainers/ryuk:0.5.1
14:55:51.991 [main] INFO tc.testcontainers/ryuk:0.5.1 -- Creating container for image: testcontainers/ryuk:0.5.1
14:55:51.993 [main] DEBUG org.testcontainers.utility.RegistryAuthLocator -- Looking up auth config for image: testcontainers/ryuk:0.5.1 at registry: https://index.docker.io/v1/
14:55:51.994 [main] DEBUG org.testcontainers.utility.RegistryAuthLocator -- RegistryAuthLocator has configFile: /Users/leonardosantana/.docker/config.json (exists) configEnv: DOCKER_AUTH_CONFIG (does not exist) and commandPathPrefix: 
14:55:51.994 [main] DEBUG org.testcontainers.utility.RegistryAuthLocator -- RegistryAuthLocator reading from configFile: /Users/leonardosantana/.docker/config.json
14:55:51.994 [main] DEBUG org.testcontainers.utility.RegistryAuthLocator -- registryName [https://index.docker.io/v1/] for dockerImageName [testcontainers/ryuk:0.5.1]
14:55:51.994 [main] DEBUG org.testcontainers.utility.RegistryAuthLocator -- Executing docker credential provider: docker-credential-desktop to locate auth config for: https://index.docker.io/v1/
14:55:51.997 [main] DEBUG org.testcontainers.shaded.org.zeroturnaround.exec.ProcessExecutor -- Executing [docker-credential-desktop, get].
14:55:52.003 [main] DEBUG org.testcontainers.shaded.org.zeroturnaround.exec.ProcessExecutor -- Started Process[pid=13146, exitValue="not exited"]
14:55:52.116 [WaitForProcess-Process[pid=13146, exitValue="not exited"]] DEBUG org.testcontainers.shaded.org.zeroturnaround.exec.WaitForProcess -- Process[pid=13146, exitValue=0] stopped with exit code 0
14:55:52.118 [main] DEBUG org.testcontainers.utility.RegistryAuthLocator -- Credential helper/store provided auth config for: https://index.docker.io/v1/
14:55:52.118 [main] DEBUG org.testcontainers.utility.RegistryAuthLocator -- found creds store auth config [AuthConfig{username=leonasa, password=hidden non-blank value, auth=blank, email=null, registryAddress=https://index.docker.io/v1/, registryToken=blank}]
14:55:52.118 [main] DEBUG org.testcontainers.utility.RegistryAuthLocator -- Cached auth found: [AuthConfig{username=leonasa, password=hidden non-blank value, auth=blank, email=null, registryAddress=https://index.docker.io/v1/, registryToken=blank}]
14:55:52.118 [main] DEBUG org.testcontainers.dockerclient.AuthDelegatingDockerClientConfig -- Effective auth config [AuthConfig{username=leonasa, password=hidden non-blank value, auth=blank, email=null, registryAddress=https://index.docker.io/v1/, registryToken=blank}]
14:55:52.123 [main] DEBUG org.testcontainers.shaded.com.github.dockerjava.core.command.AbstrDockerCmd -- Cmd: org.testcontainers.shaded.com.github.dockerjava.core.command.CreateContainerCmdImpl@7c2327fa[aliases=<null>,argsEscaped=<null>,attachStderr=<null>,attachStdin=<null>,attachStdout=<null>,authConfig=AuthConfig(username=leonasa, email=null, registryAddress=https://index.docker.io/v1/, stackOrchestrator=null),cmd={},domainName=<null>,entrypoint=<null>,env={},exposedPorts=ExposedPorts(exposedPorts=[8080/tcp]),healthcheck=<null>,hostConfig=HostConfig(binds=[/var/run/docker.sock:/var/run/docker.sock:rw], blkioWeight=null, blkioWeightDevice=null, blkioDeviceReadBps=null, blkioDeviceWriteBps=null, blkioDeviceReadIOps=null, blkioDeviceWriteIOps=null, memorySwappiness=null, nanoCPUs=null, capAdd=null, capDrop=null, containerIDFile=null, cpuPeriod=null, cpuRealtimePeriod=null, cpuRealtimeRuntime=null, cpuShares=null, cpuQuota=null, cpusetCpus=null, cpusetMems=null, devices=null, deviceCgroupRules=null, deviceRequests=null, diskQuota=null, dns=null, dnsOptions=null, dnsSearch=null, extraHosts=[], groupAdd=null, ipcMode=null, cgroup=null, links=[], logConfig=LogConfig(type=null, config=null), lxcConf=null, memory=null, memorySwap=null, memoryReservation=null, kernelMemory=null, networkMode=null, oomKillDisable=null, init=null, autoRemove=true, oomScoreAdj=null, portBindings={8080/tcp=[Lcom.github.dockerjava.api.model.Ports$Binding;@5395ea39}, privileged=true, publishAllPorts=null, readonlyRootfs=null, restartPolicy=null, ulimits=null, cpuCount=null, cpuPercent=null, ioMaximumIOps=null, ioMaximumBandwidth=null, volumesFrom=[], mounts=null, pidMode=null, isolation=null, securityOpts=null, storageOpt=null, cgroupParent=null, volumeDriver=null, shmSize=null, pidsLimit=null, runtime=null, tmpFs=null, utSMode=null, usernsMode=null, sysctls=null, consoleSize=null, cgroupnsMode=null),hostName=<null>,image=testcontainers/ryuk:0.5.1,ipv4Address=<null>,ipv6Address=<null>,labels={org.testcontainers=true, org.testcontainers.lang=java, org.testcontainers.version=1.19.3},macAddress=<null>,name=testcontainers-ryuk-35985044-72d4-41bf-a8fd-d98ab43b3acb,networkDisabled=<null>,networkingConfig=<null>,onBuild=<null>,platform=<null>,portSpecs=<null>,shell=<null>,stdInOnce=<null>,stdinOpen=<null>,stopSignal=<null>,stopTimeout=<null>,tty=<null>,user=<null>,volumes=Volumes(volumes=[]),workingDir=<null>]
14:55:52.155 [main] DEBUG com.github.dockerjava.zerodep.shaded.org.apache.hc.client5.http.impl.classic.InternalHttpClient -- ex-00000004: preparing request execution
14:55:52.155 [main] DEBUG com.github.dockerjava.zerodep.shaded.org.apache.hc.client5.http.protocol.RequestAddCookies -- Cookie spec selected: strict
14:55:52.155 [main] DEBUG com.github.dockerjava.zerodep.shaded.org.apache.hc.client5.http.protocol.RequestAuthCache -- Auth cache not set in the context
14:55:52.155 [main] DEBUG com.github.dockerjava.zerodep.shaded.org.apache.hc.client5.http.impl.classic.ProtocolExec -- ex-00000004: target auth state: UNCHALLENGED
14:55:52.155 [main] DEBUG com.github.dockerjava.zerodep.shaded.org.apache.hc.client5.http.impl.classic.ProtocolExec -- ex-00000004: proxy auth state: UNCHALLENGED
14:55:52.155 [main] DEBUG com.github.dockerjava.zerodep.shaded.org.apache.hc.client5.http.impl.classic.ConnectExec -- ex-00000004: acquiring connection with route {}->unix://localhost:2375
14:55:52.155 [main] DEBUG com.github.dockerjava.zerodep.shaded.org.apache.hc.client5.http.impl.classic.InternalHttpClient -- ex-00000004: acquiring endpoint (3 MINUTES)
14:55:52.155 [main] DEBUG com.github.dockerjava.zerodep.shaded.org.apache.hc.client5.http.impl.io.PoolingHttpClientConnectionManager -- ex-00000004: endpoint lease request (3 MINUTES) [route: {}->unix://localhost:2375][total available: 1; route allocated: 1 of 2147483647; total allocated: 1 of 2147483647]
14:55:52.155 [main] DEBUG com.github.dockerjava.zerodep.shaded.org.apache.hc.client5.http.impl.io.PoolingHttpClientConnectionManager -- ex-00000004: endpoint leased [route: {}->unix://localhost:2375][total available: 0; route allocated: 1 of 2147483647; total allocated: 1 of 2147483647]
14:55:52.156 [main] DEBUG com.github.dockerjava.zerodep.shaded.org.apache.hc.client5.http.impl.io.PoolingHttpClientConnectionManager -- ex-00000004: acquired ep-00000003
14:55:52.156 [main] DEBUG com.github.dockerjava.zerodep.shaded.org.apache.hc.client5.http.impl.classic.InternalHttpClient -- ex-00000004: acquired endpoint ep-00000003
14:55:52.156 [main] DEBUG com.github.dockerjava.zerodep.shaded.org.apache.hc.client5.http.impl.classic.MainClientExec -- ex-00000004: executing POST /v1.32/containers/create?name=testcontainers-ryuk-35985044-72d4-41bf-a8fd-d98ab43b3acb HTTP/1.1
14:55:52.156 [main] DEBUG com.github.dockerjava.zerodep.shaded.org.apache.hc.client5.http.impl.classic.InternalHttpClient -- ep-00000003: start execution ex-00000004
14:55:52.156 [main] DEBUG com.github.dockerjava.zerodep.shaded.org.apache.hc.client5.http.impl.io.PoolingHttpClientConnectionManager -- ep-00000003: executing exchange ex-00000004 over http-outgoing-0
14:55:52.156 [main] DEBUG com.github.dockerjava.zerodep.shaded.org.apache.hc.client5.http.headers -- http-outgoing-0 >> POST /v1.32/containers/create?name=testcontainers-ryuk-35985044-72d4-41bf-a8fd-d98ab43b3acb HTTP/1.1
14:55:52.156 [main] DEBUG com.github.dockerjava.zerodep.shaded.org.apache.hc.client5.http.headers -- http-outgoing-0 >> X-Registry-Auth: eyJ1c2VybmFtZSI6Imxlb25hc2EiLCJwYXNzd29yZCI6ImRja3JfcGF0X0R4Q2JHQy1zTE5ENjFfQzJhZGR6SE5vQkUwRSIsImVtYWlsIjpudWxsLCJzZXJ2ZXJhZGRyZXNzIjoiaHR0cHM6Ly9pbmRleC5kb2NrZXIuaW8vdjEvIiwiYXV0aCI6bnVsbCwicmVnaXN0cnl0b2tlbiI6bnVsbCwiaWRlbnRpdHl0b2tlbiI6bnVsbCwic3RhY2tPcmNoZXN0cmF0b3IiOm51bGx9
14:55:52.156 [main] DEBUG com.github.dockerjava.zerodep.shaded.org.apache.hc.client5.http.headers -- http-outgoing-0 >> accept: application/json
14:55:52.156 [main] DEBUG com.github.dockerjava.zerodep.shaded.org.apache.hc.client5.http.headers -- http-outgoing-0 >> content-type: application/json
14:55:52.156 [main] DEBUG com.github.dockerjava.zerodep.shaded.org.apache.hc.client5.http.headers -- http-outgoing-0 >> x-tc-sid: 35985044-72d4-41bf-a8fd-d98ab43b3acb
14:55:52.156 [main] DEBUG com.github.dockerjava.zerodep.shaded.org.apache.hc.client5.http.headers -- http-outgoing-0 >> User-Agent: tc-java/1.19.3
14:55:52.156 [main] DEBUG com.github.dockerjava.zerodep.shaded.org.apache.hc.client5.http.headers -- http-outgoing-0 >> Accept-Encoding: gzip, x-gzip, deflate
14:55:52.156 [main] DEBUG com.github.dockerjava.zerodep.shaded.org.apache.hc.client5.http.headers -- http-outgoing-0 >> Content-Length: 1954
14:55:52.156 [main] DEBUG com.github.dockerjava.zerodep.shaded.org.apache.hc.client5.http.headers -- http-outgoing-0 >> Host: localhost:2375
14:55:52.156 [main] DEBUG com.github.dockerjava.zerodep.shaded.org.apache.hc.client5.http.headers -- http-outgoing-0 >> Connection: keep-alive
14:55:52.156 [main] DEBUG com.github.dockerjava.zerodep.shaded.org.apache.hc.client5.http.wire -- http-outgoing-0 >> "POST /v1.32/containers/create?name=testcontainers-ryuk-35985044-72d4-41bf-a8fd-d98ab43b3acb HTTP/1.1[\r][\n]"
14:55:52.156 [main] DEBUG com.github.dockerjava.zerodep.shaded.org.apache.hc.client5.http.wire -- http-outgoing-0 >> "X-Registry-Auth: eyJ1c2VybmFtZSI6Imxlb25hc2EiLCJwYXNzd29yZCI6ImRja3JfcGF0X0R4Q2JHQy1zTE5ENjFfQzJhZGR6SE5vQkUwRSIsImVtYWlsIjpudWxsLCJzZXJ2ZXJhZGRyZXNzIjoiaHR0cHM6Ly9pbmRleC5kb2NrZXIuaW8vdjEvIiwiYXV0aCI6bnVsbCwicmVnaXN0cnl0b2tlbiI6bnVsbCwiaWRlbnRpdHl0b2tlbiI6bnVsbCwic3RhY2tPcmNoZXN0cmF0b3IiOm51bGx9[\r][\n]"
14:55:52.156 [main] DEBUG com.github.dockerjava.zerodep.shaded.org.apache.hc.client5.http.wire -- http-outgoing-0 >> "accept: application/json[\r][\n]"
14:55:52.156 [main] DEBUG com.github.dockerjava.zerodep.shaded.org.apache.hc.client5.http.wire -- http-outgoing-0 >> "content-type: application/json[\r][\n]"
14:55:52.156 [main] DEBUG com.github.dockerjava.zerodep.shaded.org.apache.hc.client5.http.wire -- http-outgoing-0 >> "x-tc-sid: 35985044-72d4-41bf-a8fd-d98ab43b3acb[\r][\n]"
14:55:52.156 [main] DEBUG com.github.dockerjava.zerodep.shaded.org.apache.hc.client5.http.wire -- http-outgoing-0 >> "User-Agent: tc-java/1.19.3[\r][\n]"
14:55:52.156 [main] DEBUG com.github.dockerjava.zerodep.shaded.org.apache.hc.client5.http.wire -- http-outgoing-0 >> "Accept-Encoding: gzip, x-gzip, deflate[\r][\n]"
14:55:52.156 [main] DEBUG com.github.dockerjava.zerodep.shaded.org.apache.hc.client5.http.wire -- http-outgoing-0 >> "Content-Length: 1954[\r][\n]"
14:55:52.156 [main] DEBUG com.github.dockerjava.zerodep.shaded.org.apache.hc.client5.http.wire -- http-outgoing-0 >> "Host: localhost:2375[\r][\n]"
14:55:52.156 [main] DEBUG com.github.dockerjava.zerodep.shaded.org.apache.hc.client5.http.wire -- http-outgoing-0 >> "Connection: keep-alive[\r][\n]"
14:55:52.156 [main] DEBUG com.github.dockerjava.zerodep.shaded.org.apache.hc.client5.http.wire -- http-outgoing-0 >> "[\r][\n]"
14:55:52.156 [main] DEBUG com.github.dockerjava.zerodep.shaded.org.apache.hc.client5.http.wire -- http-outgoing-0 >> "{"Hostname":null,"Domainname":null,"User":null,"AttachStdin":null,"AttachStdout":null,"AttachStderr":null,"PortSpecs":null,"Tty":null,"OpenStdin":null,"StdinOnce":null,"Env":[],"Cmd":[],"Healthcheck":null,"ArgsEscaped":null,"Entrypoint":null,"Image":"testcontainers/ryuk:0.5.1","Volumes":{},"WorkingDir":null,"MacAddress":null,"OnBuild":null,"NetworkDisabled":null,"ExposedPorts":{"8080/tcp":{}},"StopSignal":null,"StopTimeout":null,"HostConfig":{"Binds":["/var/run/docker.sock:/var/run/docker.sock:rw"],"BlkioWeight":null,"BlkioWeightDevice":null,"BlkioDeviceReadBps":null,"BlkioDeviceWriteBps":null,"BlkioDeviceReadIOps":null,"BlkioDeviceWriteIOps":null,"MemorySwappiness":null,"NanoCpus":null,"CapAdd":null,"CapDrop":null,"ContainerIDFile":null,"CpuPeriod":null,"CpuRealtimePeriod":null,"CpuRealtimeRuntime":null,"CpuShares":null,"CpuQuota":null,"CpusetCpus":null,"CpusetMems":null,"Devices":null,"DeviceCgroupRules":null,"DeviceRequests":null,"DiskQuota":null,"Dns":null,"DnsOptions":null,"DnsSearch":null,"ExtraHosts":[],"GroupAdd":null,"IpcMode":null,"Cgroup":null,"Links":[],"LogConfig":null,"LxcConf":null,"Memory":null,"MemorySwap":null,"MemoryReservation":null,"KernelMemory":null,"NetworkMode":null,"OomKillDisable":null,"Init":null,"AutoRemove":true,"OomScoreAdj":null,"PortBindings":{"8080/tcp":[{"HostIp":"","HostPort":""}]},"Privileged":true,"PublishAllPorts":null,"ReadonlyRootfs":null,"RestartPolicy":null,"Ulimits":null,"CpuCount":null,"CpuPercent":null,"IOMaximumIOps":null,"IOMaximumBandwidth":null,"VolumesFrom":[],"Mounts":null,"PidMode":null,"Isolation":null,"SecurityOpt":null,"StorageOpt":null,"CgroupParent":null,"VolumeDriver":null,"ShmSize":null,"PidsLimit":null,"Runtime":null,"Tmpfs":null,"UTSMode":null,"UsernsMode":null,"Sysctls":null,"ConsoleSize":null,"CgroupnsMode":null},"Labels":{"org.testcontainers":"true","org.testcontainers.lang":"java","org.testcontainers.version":"1.19.3"},"Shell":null,"NetworkingConfig":null}"
14:55:52.183 [main] DEBUG com.github.dockerjava.zerodep.shaded.org.apache.hc.client5.http.wire -- http-outgoing-0 << "HTTP/1.1 201 Created[\r][\n]"
14:55:52.183 [main] DEBUG com.github.dockerjava.zerodep.shaded.org.apache.hc.client5.http.wire -- http-outgoing-0 << "Api-Version: 1.49[\r][\n]"
14:55:52.183 [main] DEBUG com.github.dockerjava.zerodep.shaded.org.apache.hc.client5.http.wire -- http-outgoing-0 << "Content-Type: application/json[\r][\n]"
14:55:52.183 [main] DEBUG com.github.dockerjava.zerodep.shaded.org.apache.hc.client5.http.wire -- http-outgoing-0 << "Date: Sat, 26 Jul 2025 18:55:52 GMT[\r][\n]"
14:55:52.183 [main] DEBUG com.github.dockerjava.zerodep.shaded.org.apache.hc.client5.http.wire -- http-outgoing-0 << "Docker-Experimental: false[\r][\n]"
14:55:52.183 [main] DEBUG com.github.dockerjava.zerodep.shaded.org.apache.hc.client5.http.wire -- http-outgoing-0 << "Ostype: linux[\r][\n]"
14:55:52.183 [main] DEBUG com.github.dockerjava.zerodep.shaded.org.apache.hc.client5.http.wire -- http-outgoing-0 << "Server: Docker/28.1.1 (linux)[\r][\n]"
14:55:52.183 [main] DEBUG com.github.dockerjava.zerodep.shaded.org.apache.hc.client5.http.wire -- http-outgoing-0 << "Transfer-Encoding: chunked[\r][\n]"
14:55:52.183 [main] DEBUG com.github.dockerjava.zerodep.shaded.org.apache.hc.client5.http.wire -- http-outgoing-0 << "[\r][\n]"
14:55:52.183 [main] DEBUG com.github.dockerjava.zerodep.shaded.org.apache.hc.client5.http.headers -- http-outgoing-0 << HTTP/1.1 201 Created
14:55:52.183 [main] DEBUG com.github.dockerjava.zerodep.shaded.org.apache.hc.client5.http.headers -- http-outgoing-0 << Api-Version: 1.49
14:55:52.183 [main] DEBUG com.github.dockerjava.zerodep.shaded.org.apache.hc.client5.http.headers -- http-outgoing-0 << Content-Type: application/json
14:55:52.183 [main] DEBUG com.github.dockerjava.zerodep.shaded.org.apache.hc.client5.http.headers -- http-outgoing-0 << Date: Sat, 26 Jul 2025 18:55:52 GMT
14:55:52.183 [main] DEBUG com.github.dockerjava.zerodep.shaded.org.apache.hc.client5.http.headers -- http-outgoing-0 << Docker-Experimental: false
14:55:52.183 [main] DEBUG com.github.dockerjava.zerodep.shaded.org.apache.hc.client5.http.headers -- http-outgoing-0 << Ostype: linux
14:55:52.183 [main] DEBUG com.github.dockerjava.zerodep.shaded.org.apache.hc.client5.http.headers -- http-outgoing-0 << Server: Docker/28.1.1 (linux)
14:55:52.183 [main] DEBUG com.github.dockerjava.zerodep.shaded.org.apache.hc.client5.http.headers -- http-outgoing-0 << Transfer-Encoding: chunked
14:55:52.183 [main] DEBUG com.github.dockerjava.zerodep.shaded.org.apache.hc.client5.http.impl.classic.MainClientExec -- ex-00000004: connection can be kept alive for 3 MINUTES
14:55:52.184 [main] DEBUG com.github.dockerjava.zerodep.shaded.org.apache.hc.client5.http.wire -- http-outgoing-0 << "58[\r][\n]"
14:55:52.184 [main] DEBUG com.github.dockerjava.zerodep.shaded.org.apache.hc.client5.http.wire -- http-outgoing-0 << "{"Id":"9f5fc8a733bbe4dcd0093dc8a93ff2046437341a5eae1e7d1f18e6a694f3d8f1","Warnings":[]}[\n]"
14:55:52.184 [main] DEBUG com.github.dockerjava.zerodep.shaded.org.apache.hc.client5.http.wire -- http-outgoing-0 << "[\r][\n]"
14:55:52.184 [main] DEBUG com.github.dockerjava.zerodep.shaded.org.apache.hc.client5.http.wire -- http-outgoing-0 << "0[\r][\n]"
14:55:52.184 [main] DEBUG com.github.dockerjava.zerodep.shaded.org.apache.hc.client5.http.wire -- http-outgoing-0 << "[\r][\n]"
14:55:52.185 [main] DEBUG com.github.dockerjava.zerodep.shaded.org.apache.hc.client5.http.impl.classic.InternalHttpClient -- ep-00000003: releasing valid endpoint
14:55:52.185 [main] DEBUG com.github.dockerjava.zerodep.shaded.org.apache.hc.client5.http.impl.io.PoolingHttpClientConnectionManager -- ep-00000003: releasing endpoint
14:55:52.185 [main] DEBUG com.github.dockerjava.zerodep.shaded.org.apache.hc.client5.http.impl.io.PoolingHttpClientConnectionManager -- ep-00000003: connection http-outgoing-0 can be kept alive for 3 MINUTES
14:55:52.185 [main] DEBUG com.github.dockerjava.zerodep.shaded.org.apache.hc.client5.http.impl.io.PoolingHttpClientConnectionManager -- ep-00000003: connection released [route: {}->unix://localhost:2375][total available: 1; route allocated: 1 of 2147483647; total allocated: 1 of 2147483647]
14:55:52.186 [main] INFO tc.testcontainers/ryuk:0.5.1 -- Container testcontainers/ryuk:0.5.1 is starting: 9f5fc8a733bbe4dcd0093dc8a93ff2046437341a5eae1e7d1f18e6a694f3d8f1
14:55:52.186 [main] DEBUG org.testcontainers.shaded.com.github.dockerjava.core.command.AbstrDockerCmd -- Cmd: 9f5fc8a733bbe4dcd0093dc8a93ff2046437341a5eae1e7d1f18e6a694f3d8f1
14:55:52.186 [main] DEBUG com.github.dockerjava.zerodep.shaded.org.apache.hc.client5.http.impl.classic.InternalHttpClient -- ex-00000005: preparing request execution
14:55:52.187 [main] DEBUG com.github.dockerjava.zerodep.shaded.org.apache.hc.client5.http.protocol.RequestAddCookies -- Cookie spec selected: strict
14:55:52.187 [main] DEBUG com.github.dockerjava.zerodep.shaded.org.apache.hc.client5.http.protocol.RequestAuthCache -- Auth cache not set in the context
14:55:52.187 [main] DEBUG com.github.dockerjava.zerodep.shaded.org.apache.hc.client5.http.impl.classic.ProtocolExec -- ex-00000005: target auth state: UNCHALLENGED
14:55:52.187 [main] DEBUG com.github.dockerjava.zerodep.shaded.org.apache.hc.client5.http.impl.classic.ProtocolExec -- ex-00000005: proxy auth state: UNCHALLENGED
14:55:52.187 [main] DEBUG com.github.dockerjava.zerodep.shaded.org.apache.hc.client5.http.impl.classic.ConnectExec -- ex-00000005: acquiring connection with route {}->unix://localhost:2375
14:55:52.187 [main] DEBUG com.github.dockerjava.zerodep.shaded.org.apache.hc.client5.http.impl.classic.InternalHttpClient -- ex-00000005: acquiring endpoint (3 MINUTES)
14:55:52.187 [main] DEBUG com.github.dockerjava.zerodep.shaded.org.apache.hc.client5.http.impl.io.PoolingHttpClientConnectionManager -- ex-00000005: endpoint lease request (3 MINUTES) [route: {}->unix://localhost:2375][total available: 1; route allocated: 1 of 2147483647; total allocated: 1 of 2147483647]
14:55:52.187 [main] DEBUG com.github.dockerjava.zerodep.shaded.org.apache.hc.client5.http.impl.io.PoolingHttpClientConnectionManager -- ex-00000005: endpoint leased [route: {}->unix://localhost:2375][total available: 0; route allocated: 1 of 2147483647; total allocated: 1 of 2147483647]
14:55:52.187 [main] DEBUG com.github.dockerjava.zerodep.shaded.org.apache.hc.client5.http.impl.io.PoolingHttpClientConnectionManager -- ex-00000005: acquired ep-00000004
14:55:52.187 [main] DEBUG com.github.dockerjava.zerodep.shaded.org.apache.hc.client5.http.impl.classic.InternalHttpClient -- ex-00000005: acquired endpoint ep-00000004
14:55:52.187 [main] DEBUG com.github.dockerjava.zerodep.shaded.org.apache.hc.client5.http.impl.classic.MainClientExec -- ex-00000005: executing POST /v1.32/containers/9f5fc8a733bbe4dcd0093dc8a93ff2046437341a5eae1e7d1f18e6a694f3d8f1/start HTTP/1.1
14:55:52.187 [main] DEBUG com.github.dockerjava.zerodep.shaded.org.apache.hc.client5.http.impl.classic.InternalHttpClient -- ep-00000004: start execution ex-00000005
14:55:52.187 [main] DEBUG com.github.dockerjava.zerodep.shaded.org.apache.hc.client5.http.impl.io.PoolingHttpClientConnectionManager -- ep-00000004: executing exchange ex-00000005 over http-outgoing-0
14:55:52.187 [main] DEBUG com.github.dockerjava.zerodep.shaded.org.apache.hc.client5.http.headers -- http-outgoing-0 >> POST /v1.32/containers/9f5fc8a733bbe4dcd0093dc8a93ff2046437341a5eae1e7d1f18e6a694f3d8f1/start HTTP/1.1
14:55:52.187 [main] DEBUG com.github.dockerjava.zerodep.shaded.org.apache.hc.client5.http.headers -- http-outgoing-0 >> accept: application/json
14:55:52.187 [main] DEBUG com.github.dockerjava.zerodep.shaded.org.apache.hc.client5.http.headers -- http-outgoing-0 >> content-type: application/json
14:55:52.187 [main] DEBUG com.github.dockerjava.zerodep.shaded.org.apache.hc.client5.http.headers -- http-outgoing-0 >> x-tc-sid: 35985044-72d4-41bf-a8fd-d98ab43b3acb
14:55:52.187 [main] DEBUG com.github.dockerjava.zerodep.shaded.org.apache.hc.client5.http.headers -- http-outgoing-0 >> User-Agent: tc-java/1.19.3
14:55:52.187 [main] DEBUG com.github.dockerjava.zerodep.shaded.org.apache.hc.client5.http.headers -- http-outgoing-0 >> Accept-Encoding: gzip, x-gzip, deflate
14:55:52.187 [main] DEBUG com.github.dockerjava.zerodep.shaded.org.apache.hc.client5.http.headers -- http-outgoing-0 >> Host: localhost:2375
14:55:52.187 [main] DEBUG com.github.dockerjava.zerodep.shaded.org.apache.hc.client5.http.headers -- http-outgoing-0 >> Connection: keep-alive
14:55:52.187 [main] DEBUG com.github.dockerjava.zerodep.shaded.org.apache.hc.client5.http.wire -- http-outgoing-0 >> "POST /v1.32/containers/9f5fc8a733bbe4dcd0093dc8a93ff2046437341a5eae1e7d1f18e6a694f3d8f1/start HTTP/1.1[\r][\n]"
14:55:52.187 [main] DEBUG com.github.dockerjava.zerodep.shaded.org.apache.hc.client5.http.wire -- http-outgoing-0 >> "accept: application/json[\r][\n]"
14:55:52.187 [main] DEBUG com.github.dockerjava.zerodep.shaded.org.apache.hc.client5.http.wire -- http-outgoing-0 >> "content-type: application/json[\r][\n]"
14:55:52.187 [main] DEBUG com.github.dockerjava.zerodep.shaded.org.apache.hc.client5.http.wire -- http-outgoing-0 >> "x-tc-sid: 35985044-72d4-41bf-a8fd-d98ab43b3acb[\r][\n]"
14:55:52.187 [main] DEBUG com.github.dockerjava.zerodep.shaded.org.apache.hc.client5.http.wire -- http-outgoing-0 >> "User-Agent: tc-java/1.19.3[\r][\n]"
14:55:52.187 [main] DEBUG com.github.dockerjava.zerodep.shaded.org.apache.hc.client5.http.wire -- http-outgoing-0 >> "Accept-Encoding: gzip, x-gzip, deflate[\r][\n]"
14:55:52.187 [main] DEBUG com.github.dockerjava.zerodep.shaded.org.apache.hc.client5.http.wire -- http-outgoing-0 >> "Host: localhost:2375[\r][\n]"
14:55:52.187 [main] DEBUG com.github.dockerjava.zerodep.shaded.org.apache.hc.client5.http.wire -- http-outgoing-0 >> "Connection: keep-alive[\r][\n]"
14:55:52.187 [main] DEBUG com.github.dockerjava.zerodep.shaded.org.apache.hc.client5.http.wire -- http-outgoing-0 >> "[\r][\n]"
14:55:52.270 [main] DEBUG com.github.dockerjava.zerodep.shaded.org.apache.hc.client5.http.wire -- http-outgoing-0 << "HTTP/1.1 204 No Content[\r][\n]"
14:55:52.270 [main] DEBUG com.github.dockerjava.zerodep.shaded.org.apache.hc.client5.http.wire -- http-outgoing-0 << "Api-Version: 1.49[\r][\n]"
14:55:52.270 [main] DEBUG com.github.dockerjava.zerodep.shaded.org.apache.hc.client5.http.wire -- http-outgoing-0 << "Date: Sat, 26 Jul 2025 18:55:52 GMT[\r][\n]"
14:55:52.270 [main] DEBUG com.github.dockerjava.zerodep.shaded.org.apache.hc.client5.http.wire -- http-outgoing-0 << "Docker-Experimental: false[\r][\n]"
14:55:52.270 [main] DEBUG com.github.dockerjava.zerodep.shaded.org.apache.hc.client5.http.wire -- http-outgoing-0 << "Ostype: linux[\r][\n]"
14:55:52.270 [main] DEBUG com.github.dockerjava.zerodep.shaded.org.apache.hc.client5.http.wire -- http-outgoing-0 << "Server: Docker/28.1.1 (linux)[\r][\n]"
14:55:52.270 [main] DEBUG com.github.dockerjava.zerodep.shaded.org.apache.hc.client5.http.wire -- http-outgoing-0 << "[\r][\n]"
14:55:52.270 [main] DEBUG com.github.dockerjava.zerodep.shaded.org.apache.hc.client5.http.headers -- http-outgoing-0 << HTTP/1.1 204 No Content
14:55:52.270 [main] DEBUG com.github.dockerjava.zerodep.shaded.org.apache.hc.client5.http.headers -- http-outgoing-0 << Api-Version: 1.49
14:55:52.270 [main] DEBUG com.github.dockerjava.zerodep.shaded.org.apache.hc.client5.http.headers -- http-outgoing-0 << Date: Sat, 26 Jul 2025 18:55:52 GMT
14:55:52.270 [main] DEBUG com.github.dockerjava.zerodep.shaded.org.apache.hc.client5.http.headers -- http-outgoing-0 << Docker-Experimental: false
14:55:52.270 [main] DEBUG com.github.dockerjava.zerodep.shaded.org.apache.hc.client5.http.headers -- http-outgoing-0 << Ostype: linux
14:55:52.270 [main] DEBUG com.github.dockerjava.zerodep.shaded.org.apache.hc.client5.http.headers -- http-outgoing-0 << Server: Docker/28.1.1 (linux)
14:55:52.270 [main] DEBUG com.github.dockerjava.zerodep.shaded.org.apache.hc.client5.http.impl.classic.MainClientExec -- ex-00000005: connection can be kept alive for 3 MINUTES
14:55:52.270 [main] DEBUG com.github.dockerjava.zerodep.shaded.org.apache.hc.client5.http.impl.classic.InternalHttpClient -- ep-00000004: releasing valid endpoint
14:55:52.270 [main] DEBUG com.github.dockerjava.zerodep.shaded.org.apache.hc.client5.http.impl.io.PoolingHttpClientConnectionManager -- ep-00000004: releasing endpoint
14:55:52.270 [main] DEBUG com.github.dockerjava.zerodep.shaded.org.apache.hc.client5.http.impl.io.PoolingHttpClientConnectionManager -- ep-00000004: connection http-outgoing-0 can be kept alive for 3 MINUTES
14:55:52.270 [main] DEBUG com.github.dockerjava.zerodep.shaded.org.apache.hc.client5.http.impl.io.PoolingHttpClientConnectionManager -- ep-00000004: connection released [route: {}->unix://localhost:2375][total available: 1; route allocated: 1 of 2147483647; total allocated: 1 of 2147483647]
14:55:52.275 [main] DEBUG org.testcontainers.shaded.com.github.dockerjava.core.command.AbstrDockerCmd -- Cmd: 9f5fc8a733bbe4dcd0093dc8a93ff2046437341a5eae1e7d1f18e6a694f3d8f1,false
14:55:52.276 [main] DEBUG org.testcontainers.shaded.com.github.dockerjava.core.exec.InspectContainerCmdExec -- GET: DefaultWebTarget{path=[/containers/9f5fc8a733bbe4dcd0093dc8a93ff2046437341a5eae1e7d1f18e6a694f3d8f1/json], queryParams={}}
14:55:52.276 [main] DEBUG com.github.dockerjava.zerodep.shaded.org.apache.hc.client5.http.impl.classic.InternalHttpClient -- ex-00000006: preparing request execution
14:55:52.276 [main] DEBUG com.github.dockerjava.zerodep.shaded.org.apache.hc.client5.http.protocol.RequestAddCookies -- Cookie spec selected: strict
14:55:52.276 [main] DEBUG com.github.dockerjava.zerodep.shaded.org.apache.hc.client5.http.protocol.RequestAuthCache -- Auth cache not set in the context
14:55:52.276 [main] DEBUG com.github.dockerjava.zerodep.shaded.org.apache.hc.client5.http.impl.classic.ProtocolExec -- ex-00000006: target auth state: UNCHALLENGED
14:55:52.276 [main] DEBUG com.github.dockerjava.zerodep.shaded.org.apache.hc.client5.http.impl.classic.ProtocolExec -- ex-00000006: proxy auth state: UNCHALLENGED
14:55:52.276 [main] DEBUG com.github.dockerjava.zerodep.shaded.org.apache.hc.client5.http.impl.classic.ConnectExec -- ex-00000006: acquiring connection with route {}->unix://localhost:2375
14:55:52.276 [main] DEBUG com.github.dockerjava.zerodep.shaded.org.apache.hc.client5.http.impl.classic.InternalHttpClient -- ex-00000006: acquiring endpoint (3 MINUTES)
14:55:52.276 [main] DEBUG com.github.dockerjava.zerodep.shaded.org.apache.hc.client5.http.impl.io.PoolingHttpClientConnectionManager -- ex-00000006: endpoint lease request (3 MINUTES) [route: {}->unix://localhost:2375][total available: 1; route allocated: 1 of 2147483647; total allocated: 1 of 2147483647]
14:55:52.276 [main] DEBUG com.github.dockerjava.zerodep.shaded.org.apache.hc.client5.http.impl.io.PoolingHttpClientConnectionManager -- ex-00000006: endpoint leased [route: {}->unix://localhost:2375][total available: 0; route allocated: 1 of 2147483647; total allocated: 1 of 2147483647]
14:55:52.276 [main] DEBUG com.github.dockerjava.zerodep.shaded.org.apache.hc.client5.http.impl.io.PoolingHttpClientConnectionManager -- ex-00000006: acquired ep-00000005
14:55:52.276 [main] DEBUG com.github.dockerjava.zerodep.shaded.org.apache.hc.client5.http.impl.classic.InternalHttpClient -- ex-00000006: acquired endpoint ep-00000005
14:55:52.276 [main] DEBUG com.github.dockerjava.zerodep.shaded.org.apache.hc.client5.http.impl.classic.MainClientExec -- ex-00000006: executing GET /v1.32/containers/9f5fc8a733bbe4dcd0093dc8a93ff2046437341a5eae1e7d1f18e6a694f3d8f1/json HTTP/1.1
14:55:52.276 [main] DEBUG com.github.dockerjava.zerodep.shaded.org.apache.hc.client5.http.impl.classic.InternalHttpClient -- ep-00000005: start execution ex-00000006
14:55:52.276 [main] DEBUG com.github.dockerjava.zerodep.shaded.org.apache.hc.client5.http.impl.io.PoolingHttpClientConnectionManager -- ep-00000005: executing exchange ex-00000006 over http-outgoing-0
14:55:52.276 [main] DEBUG com.github.dockerjava.zerodep.shaded.org.apache.hc.client5.http.headers -- http-outgoing-0 >> GET /v1.32/containers/9f5fc8a733bbe4dcd0093dc8a93ff2046437341a5eae1e7d1f18e6a694f3d8f1/json HTTP/1.1
14:55:52.276 [main] DEBUG com.github.dockerjava.zerodep.shaded.org.apache.hc.client5.http.headers -- http-outgoing-0 >> accept: application/json
14:55:52.276 [main] DEBUG com.github.dockerjava.zerodep.shaded.org.apache.hc.client5.http.headers -- http-outgoing-0 >> x-tc-sid: 35985044-72d4-41bf-a8fd-d98ab43b3acb
14:55:52.276 [main] DEBUG com.github.dockerjava.zerodep.shaded.org.apache.hc.client5.http.headers -- http-outgoing-0 >> User-Agent: tc-java/1.19.3
14:55:52.276 [main] DEBUG com.github.dockerjava.zerodep.shaded.org.apache.hc.client5.http.headers -- http-outgoing-0 >> Accept-Encoding: gzip, x-gzip, deflate
14:55:52.276 [main] DEBUG com.github.dockerjava.zerodep.shaded.org.apache.hc.client5.http.headers -- http-outgoing-0 >> Host: localhost:2375
14:55:52.276 [main] DEBUG com.github.dockerjava.zerodep.shaded.org.apache.hc.client5.http.headers -- http-outgoing-0 >> Connection: keep-alive
14:55:52.277 [main] DEBUG com.github.dockerjava.zerodep.shaded.org.apache.hc.client5.http.wire -- http-outgoing-0 >> "GET /v1.32/containers/9f5fc8a733bbe4dcd0093dc8a93ff2046437341a5eae1e7d1f18e6a694f3d8f1/json HTTP/1.1[\r][\n]"
14:55:52.277 [main] DEBUG com.github.dockerjava.zerodep.shaded.org.apache.hc.client5.http.wire -- http-outgoing-0 >> "accept: application/json[\r][\n]"
14:55:52.277 [main] DEBUG com.github.dockerjava.zerodep.shaded.org.apache.hc.client5.http.wire -- http-outgoing-0 >> "x-tc-sid: 35985044-72d4-41bf-a8fd-d98ab43b3acb[\r][\n]"
14:55:52.277 [main] DEBUG com.github.dockerjava.zerodep.shaded.org.apache.hc.client5.http.wire -- http-outgoing-0 >> "User-Agent: tc-java/1.19.3[\r][\n]"
14:55:52.277 [main] DEBUG com.github.dockerjava.zerodep.shaded.org.apache.hc.client5.http.wire -- http-outgoing-0 >> "Accept-Encoding: gzip, x-gzip, deflate[\r][\n]"
14:55:52.277 [main] DEBUG com.github.dockerjava.zerodep.shaded.org.apache.hc.client5.http.wire -- http-outgoing-0 >> "Host: localhost:2375[\r][\n]"
14:55:52.277 [main] DEBUG com.github.dockerjava.zerodep.shaded.org.apache.hc.client5.http.wire -- http-outgoing-0 >> "Connection: keep-alive[\r][\n]"
14:55:52.277 [main] DEBUG com.github.dockerjava.zerodep.shaded.org.apache.hc.client5.http.wire -- http-outgoing-0 >> "[\r][\n]"
14:55:52.278 [main] DEBUG com.github.dockerjava.zerodep.shaded.org.apache.hc.client5.http.wire -- http-outgoing-0 << "HTTP/1.1 200 OK[\r][\n]"
14:55:52.278 [main] DEBUG com.github.dockerjava.zerodep.shaded.org.apache.hc.client5.http.wire -- http-outgoing-0 << "Api-Version: 1.49[\r][\n]"
14:55:52.278 [main] DEBUG com.github.dockerjava.zerodep.shaded.org.apache.hc.client5.http.wire -- http-outgoing-0 << "Content-Type: application/json[\r][\n]"
14:55:52.278 [main] DEBUG com.github.dockerjava.zerodep.shaded.org.apache.hc.client5.http.wire -- http-outgoing-0 << "Date: Sat, 26 Jul 2025 18:55:52 GMT[\r][\n]"
14:55:52.278 [main] DEBUG com.github.dockerjava.zerodep.shaded.org.apache.hc.client5.http.wire -- http-outgoing-0 << "Docker-Experimental: false[\r][\n]"
14:55:52.278 [main] DEBUG com.github.dockerjava.zerodep.shaded.org.apache.hc.client5.http.wire -- http-outgoing-0 << "Ostype: linux[\r][\n]"
14:55:52.278 [main] DEBUG com.github.dockerjava.zerodep.shaded.org.apache.hc.client5.http.wire -- http-outgoing-0 << "Server: Docker/28.1.1 (linux)[\r][\n]"
14:55:52.278 [main] DEBUG com.github.dockerjava.zerodep.shaded.org.apache.hc.client5.http.wire -- http-outgoing-0 << "Transfer-Encoding: chunked[\r][\n]"
14:55:52.278 [main] DEBUG com.github.dockerjava.zerodep.shaded.org.apache.hc.client5.http.wire -- http-outgoing-0 << "[\r][\n]"
14:55:52.279 [main] DEBUG com.github.dockerjava.zerodep.shaded.org.apache.hc.client5.http.headers -- http-outgoing-0 << HTTP/1.1 200 OK
14:55:52.279 [main] DEBUG com.github.dockerjava.zerodep.shaded.org.apache.hc.client5.http.headers -- http-outgoing-0 << Api-Version: 1.49
14:55:52.279 [main] DEBUG com.github.dockerjava.zerodep.shaded.org.apache.hc.client5.http.headers -- http-outgoing-0 << Content-Type: application/json
14:55:52.279 [main] DEBUG com.github.dockerjava.zerodep.shaded.org.apache.hc.client5.http.headers -- http-outgoing-0 << Date: Sat, 26 Jul 2025 18:55:52 GMT
14:55:52.279 [main] DEBUG com.github.dockerjava.zerodep.shaded.org.apache.hc.client5.http.headers -- http-outgoing-0 << Docker-Experimental: false
14:55:52.279 [main] DEBUG com.github.dockerjava.zerodep.shaded.org.apache.hc.client5.http.headers -- http-outgoing-0 << Ostype: linux
14:55:52.279 [main] DEBUG com.github.dockerjava.zerodep.shaded.org.apache.hc.client5.http.headers -- http-outgoing-0 << Server: Docker/28.1.1 (linux)
14:55:52.279 [main] DEBUG com.github.dockerjava.zerodep.shaded.org.apache.hc.client5.http.headers -- http-outgoing-0 << Transfer-Encoding: chunked
14:55:52.279 [main] DEBUG com.github.dockerjava.zerodep.shaded.org.apache.hc.client5.http.impl.classic.MainClientExec -- ex-00000006: connection can be kept alive for 3 MINUTES
14:55:52.279 [main] DEBUG com.github.dockerjava.zerodep.shaded.org.apache.hc.client5.http.wire -- http-outgoing-0 << "10b9[\r][\n]"
14:55:52.279 [main] DEBUG com.github.dockerjava.zerodep.shaded.org.apache.hc.client5.http.wire -- http-outgoing-0 << "{"Id":"9f5fc8a733bbe4dcd0093dc8a93ff2046437341a5eae1e7d1f18e6a694f3d8f1","Created":"2025-07-26T18:55:52.171139419Z","Path":"/bin/ryuk","Args":[],"State":{"Status":"running","Running":true,"Paused":false,"Restarting":false,"OOMKilled":false,"Dead":false,"Pid":15044,"ExitCode":0,"Error":"","StartedAt":"2025-07-26T18:55:52.196751752Z","FinishedAt":"0001-01-01T00:00:00Z"},"Image":"sha256:533abc56c07b52a26c955d1e7ae428d810582ab01c156384ae79960eb5fa0775","ResolvConfPath":"/var/lib/docker/containers/9f5fc8a733bbe4dcd0093dc8a93ff2046437341a5eae1e7d1f18e6a694f3d8f1/resolv.conf","HostnamePath":"/var/lib/docker/containers/9f5fc8a733bbe4dcd0093dc8a93ff2046437341a5eae1e7d1f18e6a694f3d8f1/hostname","HostsPath":"/var/lib/docker/containers/9f5fc8a733bbe4dcd0093dc8a93ff2046437341a5eae1e7d1f18e6a694f3d8f1/hosts","LogPath":"/var/lib/docker/containers/9f5fc8a733bbe4dcd0093dc8a93ff2046437341a5eae1e7d1f18e6a694f3d8f1/9f5fc8a733bbe4dcd0093dc8a93ff2046437341a5eae1e7d1f18e6a694f3d8f1-json.log","Name":"/testcontainers-ryuk-35985044-72d4-41bf-a8fd-d98ab43b3acb","RestartCount":0,"Driver":"overlayfs","Platform":"linux","MountLabel":"","ProcessLabel":"","AppArmorProfile":"","ExecIDs":null,"HostConfig":{"Binds":["/var/run/docker.sock:/var/run/docker.sock:rw"],"ContainerIDFile":"","LogConfig":{"Type":"json-file","Config":{}},"NetworkMode":"bridge","PortBindings":{"8080/tcp":[{"HostIp":"0.0.0.0","HostPort":"0"}]},"RestartPolicy":{"Name":"no","MaximumRetryCount":0},"AutoRemove":true,"VolumeDriver":"","VolumesFrom":[],"ConsoleSize":[0,0],"CapAdd":null,"CapDrop":null,"CgroupnsMode":"private","Dns":null,"DnsOptions":null,"DnsSearch":null,"ExtraHosts":[],"GroupAdd":null,"IpcMode":"shareable","Cgroup":"","Links":null,"OomScoreAdj":0,"PidMode":"","Privileged":true,"PublishAllPorts":false,"ReadonlyRootfs":false,"SecurityOpt":["label=disable"],"UTSMode":"","UsernsMode":"","ShmSize":67108864,"Runtime":"runc","Isolation":"","CpuShares":0,"Memory":0,"NanoCpus":0,"CgroupParent":"","BlkioWeight":0,"BlkioWeightDevice":null,"BlkioDeviceReadBps":null,"BlkioDeviceWriteBps":null,"BlkioDeviceReadIOps":null,"BlkioDeviceWriteIOps":null,"CpuPeriod":0,"CpuQuota":0,"CpuRealtimePeriod":0,"CpuRealtimeRuntime":0,"CpusetCpus":"","CpusetMems":"","Devices":null,"DeviceCgroupRules":null,"DeviceRequests":null,"MemoryReservation":0,"MemorySwap":0,"MemorySwappiness":null,"OomKillDisable":null,"PidsLimit":null,"Ulimits":null,"CpuCount":0,"CpuPercent":0,"IOMaximumIOps":0,"IOMaximumBandwidth":0,"MaskedPaths":null,"ReadonlyPaths":null},"GraphDriver":{"Data":null,"Name":"overlayfs"},"Mounts":[{"Type":"bind","Source":"/var/run/docker.sock","Destination":"/var/run/docker.sock","Mode":"rw","RW":true,"Propagation":"rprivate"}],"Config":{"Hostname":"9f5fc8a733bb","Domainname":"","User":"","AttachStdin":false,"AttachStdout":false,"AttachStderr":false,"ExposedPorts":{"8080/tcp":{}},"Tty":false,"OpenStdin":false,"StdinOnce":false,"Env":["PATH=/usr/local/sbin:/usr/local/bin:/usr/sbin:/usr/bin:/sbin:/bin"],"Cmd":["/bin/ryuk"],"Image":"testcontainers/ryuk:0.5.1","Volumes":null,"WorkingDir":"","Entrypoint":null,"OnBuild":null,"Labels":{"org.testcontainers":"true","org.testcontainers.lang":"java","org.testcontainers.ryuk":"true","org.testcontainers.version":"1.19.3"}},"NetworkSettings":{"Bridge":"","SandboxID":"294ddbfa1646ca277cc76b1b6a6ea3776d54ce52be666eaebac4eb6ddfc8a86f","SandboxKey":"/var/run/docker/netns/294ddbfa1646","Ports":{"8080/tcp":[{"HostIp":"0.0.0.0","HostPort":"62515"}]},"HairpinMode":false,"LinkLocalIPv6Address":"","LinkLocalIPv6PrefixLen":0,"SecondaryIPAddresses":null,"SecondaryIPv6Addresses":null,"EndpointID":"cf364477e9fef319b4f8b286acbda56a3c88907c7194f668a4a4710d6f7867dc","Gateway":"172.17.0.1","GlobalIPv6Address":"","GlobalIPv6PrefixLen":0,"IPAddress":"172.17.0.4","IPPrefixLen":16,"IPv6Gateway":"","MacAddress":"c2:54:3b:22:72:26","Networks":{"bridge":{"IPAMConfig":null,"Links":null,"Aliases":null,"MacAddress":"c2:54:3b:22:72:26","DriverOpts":null,"GwPriority":0,"NetworkID":"a6299367bffc8023f26b51d14e8b1ac84a89959d449f9fd0219e0b44211f8707","EndpointID":"cf364477e9fef319b4f8b286acbda56a3c88907c7194f668a4a4710d6f7867dc","Gateway":"172.17.0.1","IPAddress":"172.17.0.4","IPPrefixLen":16,"IPv6Gateway":"","GlobalIPv6Address":"","GlobalIPv6PrefixLen":0,"DNSNames":null}}}}[\n]"
14:55:52.279 [main] DEBUG com.github.dockerjava.zerodep.shaded.org.apache.hc.client5.http.wire -- http-outgoing-0 << "[\r][\n]"
14:55:52.279 [main] DEBUG com.github.dockerjava.zerodep.shaded.org.apache.hc.client5.http.wire -- http-outgoing-0 << "0[\r][\n]"
14:55:52.279 [main] DEBUG com.github.dockerjava.zerodep.shaded.org.apache.hc.client5.http.wire -- http-outgoing-0 << "[\r][\n]"
14:55:52.323 [main] DEBUG com.github.dockerjava.zerodep.shaded.org.apache.hc.client5.http.impl.classic.InternalHttpClient -- ep-00000005: releasing valid endpoint
14:55:52.323 [main] DEBUG com.github.dockerjava.zerodep.shaded.org.apache.hc.client5.http.impl.io.PoolingHttpClientConnectionManager -- ep-00000005: releasing endpoint
14:55:52.323 [main] DEBUG com.github.dockerjava.zerodep.shaded.org.apache.hc.client5.http.impl.io.PoolingHttpClientConnectionManager -- ep-00000005: connection http-outgoing-0 can be kept alive for 3 MINUTES
14:55:52.323 [main] DEBUG com.github.dockerjava.zerodep.shaded.org.apache.hc.client5.http.impl.io.PoolingHttpClientConnectionManager -- ep-00000005: connection released [route: {}->unix://localhost:2375][total available: 1; route allocated: 1 of 2147483647; total allocated: 1 of 2147483647]
14:55:52.325 [main] DEBUG org.testcontainers.shaded.com.github.dockerjava.core.command.AbstrDockerCmd -- Cmd: sha256:533abc56c07b52a26c955d1e7ae428d810582ab01c156384ae79960eb5fa0775
14:55:52.325 [main] DEBUG com.github.dockerjava.zerodep.shaded.org.apache.hc.client5.http.impl.classic.InternalHttpClient -- ex-00000007: preparing request execution
14:55:52.325 [main] DEBUG com.github.dockerjava.zerodep.shaded.org.apache.hc.client5.http.protocol.RequestAddCookies -- Cookie spec selected: strict
14:55:52.325 [main] DEBUG com.github.dockerjava.zerodep.shaded.org.apache.hc.client5.http.protocol.RequestAuthCache -- Auth cache not set in the context
14:55:52.325 [main] DEBUG com.github.dockerjava.zerodep.shaded.org.apache.hc.client5.http.impl.classic.ProtocolExec -- ex-00000007: target auth state: UNCHALLENGED
14:55:52.325 [main] DEBUG com.github.dockerjava.zerodep.shaded.org.apache.hc.client5.http.impl.classic.ProtocolExec -- ex-00000007: proxy auth state: UNCHALLENGED
14:55:52.325 [main] DEBUG com.github.dockerjava.zerodep.shaded.org.apache.hc.client5.http.impl.classic.ConnectExec -- ex-00000007: acquiring connection with route {}->unix://localhost:2375
14:55:52.325 [main] DEBUG com.github.dockerjava.zerodep.shaded.org.apache.hc.client5.http.impl.classic.InternalHttpClient -- ex-00000007: acquiring endpoint (3 MINUTES)
14:55:52.325 [main] DEBUG com.github.dockerjava.zerodep.shaded.org.apache.hc.client5.http.impl.io.PoolingHttpClientConnectionManager -- ex-00000007: endpoint lease request (3 MINUTES) [route: {}->unix://localhost:2375][total available: 1; route allocated: 1 of 2147483647; total allocated: 1 of 2147483647]
14:55:52.325 [main] DEBUG com.github.dockerjava.zerodep.shaded.org.apache.hc.client5.http.impl.io.PoolingHttpClientConnectionManager -- ex-00000007: endpoint leased [route: {}->unix://localhost:2375][total available: 0; route allocated: 1 of 2147483647; total allocated: 1 of 2147483647]
14:55:52.325 [main] DEBUG com.github.dockerjava.zerodep.shaded.org.apache.hc.client5.http.impl.io.PoolingHttpClientConnectionManager -- ex-00000007: acquired ep-00000006
14:55:52.325 [main] DEBUG com.github.dockerjava.zerodep.shaded.org.apache.hc.client5.http.impl.classic.InternalHttpClient -- ex-00000007: acquired endpoint ep-00000006
14:55:52.325 [main] DEBUG com.github.dockerjava.zerodep.shaded.org.apache.hc.client5.http.impl.classic.MainClientExec -- ex-00000007: executing GET /v1.32/images/sha256:533abc56c07b52a26c955d1e7ae428d810582ab01c156384ae79960eb5fa0775/json HTTP/1.1
14:55:52.325 [main] DEBUG com.github.dockerjava.zerodep.shaded.org.apache.hc.client5.http.impl.classic.InternalHttpClient -- ep-00000006: start execution ex-00000007
14:55:52.325 [main] DEBUG com.github.dockerjava.zerodep.shaded.org.apache.hc.client5.http.impl.io.PoolingHttpClientConnectionManager -- ep-00000006: executing exchange ex-00000007 over http-outgoing-0
14:55:52.326 [main] DEBUG com.github.dockerjava.zerodep.shaded.org.apache.hc.client5.http.headers -- http-outgoing-0 >> GET /v1.32/images/sha256:533abc56c07b52a26c955d1e7ae428d810582ab01c156384ae79960eb5fa0775/json HTTP/1.1
14:55:52.326 [main] DEBUG com.github.dockerjava.zerodep.shaded.org.apache.hc.client5.http.headers -- http-outgoing-0 >> accept: application/json
14:55:52.326 [main] DEBUG com.github.dockerjava.zerodep.shaded.org.apache.hc.client5.http.headers -- http-outgoing-0 >> x-tc-sid: 35985044-72d4-41bf-a8fd-d98ab43b3acb
14:55:52.326 [main] DEBUG com.github.dockerjava.zerodep.shaded.org.apache.hc.client5.http.headers -- http-outgoing-0 >> User-Agent: tc-java/1.19.3
14:55:52.326 [main] DEBUG com.github.dockerjava.zerodep.shaded.org.apache.hc.client5.http.headers -- http-outgoing-0 >> Accept-Encoding: gzip, x-gzip, deflate
14:55:52.326 [main] DEBUG com.github.dockerjava.zerodep.shaded.org.apache.hc.client5.http.headers -- http-outgoing-0 >> Host: localhost:2375
14:55:52.326 [main] DEBUG com.github.dockerjava.zerodep.shaded.org.apache.hc.client5.http.headers -- http-outgoing-0 >> Connection: keep-alive
14:55:52.326 [main] DEBUG com.github.dockerjava.zerodep.shaded.org.apache.hc.client5.http.wire -- http-outgoing-0 >> "GET /v1.32/images/sha256:533abc56c07b52a26c955d1e7ae428d810582ab01c156384ae79960eb5fa0775/json HTTP/1.1[\r][\n]"
14:55:52.326 [main] DEBUG com.github.dockerjava.zerodep.shaded.org.apache.hc.client5.http.wire -- http-outgoing-0 >> "accept: application/json[\r][\n]"
14:55:52.326 [main] DEBUG com.github.dockerjava.zerodep.shaded.org.apache.hc.client5.http.wire -- http-outgoing-0 >> "x-tc-sid: 35985044-72d4-41bf-a8fd-d98ab43b3acb[\r][\n]"
14:55:52.326 [main] DEBUG com.github.dockerjava.zerodep.shaded.org.apache.hc.client5.http.wire -- http-outgoing-0 >> "User-Agent: tc-java/1.19.3[\r][\n]"
14:55:52.326 [main] DEBUG com.github.dockerjava.zerodep.shaded.org.apache.hc.client5.http.wire -- http-outgoing-0 >> "Accept-Encoding: gzip, x-gzip, deflate[\r][\n]"
14:55:52.326 [main] DEBUG com.github.dockerjava.zerodep.shaded.org.apache.hc.client5.http.wire -- http-outgoing-0 >> "Host: localhost:2375[\r][\n]"
14:55:52.326 [main] DEBUG com.github.dockerjava.zerodep.shaded.org.apache.hc.client5.http.wire -- http-outgoing-0 >> "Connection: keep-alive[\r][\n]"
14:55:52.326 [main] DEBUG com.github.dockerjava.zerodep.shaded.org.apache.hc.client5.http.wire -- http-outgoing-0 >> "[\r][\n]"
14:55:52.335 [main] DEBUG com.github.dockerjava.zerodep.shaded.org.apache.hc.client5.http.wire -- http-outgoing-0 << "HTTP/1.1 200 OK[\r][\n]"
14:55:52.335 [main] DEBUG com.github.dockerjava.zerodep.shaded.org.apache.hc.client5.http.wire -- http-outgoing-0 << "Api-Version: 1.49[\r][\n]"
14:55:52.335 [main] DEBUG com.github.dockerjava.zerodep.shaded.org.apache.hc.client5.http.wire -- http-outgoing-0 << "Content-Type: application/json[\r][\n]"
14:55:52.335 [main] DEBUG com.github.dockerjava.zerodep.shaded.org.apache.hc.client5.http.wire -- http-outgoing-0 << "Date: Sat, 26 Jul 2025 18:55:52 GMT[\r][\n]"
14:55:52.335 [main] DEBUG com.github.dockerjava.zerodep.shaded.org.apache.hc.client5.http.wire -- http-outgoing-0 << "Docker-Experimental: false[\r][\n]"
14:55:52.335 [main] DEBUG com.github.dockerjava.zerodep.shaded.org.apache.hc.client5.http.wire -- http-outgoing-0 << "Ostype: linux[\r][\n]"
14:55:52.335 [main] DEBUG com.github.dockerjava.zerodep.shaded.org.apache.hc.client5.http.wire -- http-outgoing-0 << "Server: Docker/28.1.1 (linux)[\r][\n]"
14:55:52.335 [main] DEBUG com.github.dockerjava.zerodep.shaded.org.apache.hc.client5.http.wire -- http-outgoing-0 << "Transfer-Encoding: chunked[\r][\n]"
14:55:52.335 [main] DEBUG com.github.dockerjava.zerodep.shaded.org.apache.hc.client5.http.wire -- http-outgoing-0 << "[\r][\n]"
14:55:52.335 [main] DEBUG com.github.dockerjava.zerodep.shaded.org.apache.hc.client5.http.headers -- http-outgoing-0 << HTTP/1.1 200 OK
14:55:52.335 [main] DEBUG com.github.dockerjava.zerodep.shaded.org.apache.hc.client5.http.headers -- http-outgoing-0 << Api-Version: 1.49
14:55:52.335 [main] DEBUG com.github.dockerjava.zerodep.shaded.org.apache.hc.client5.http.headers -- http-outgoing-0 << Content-Type: application/json
14:55:52.335 [main] DEBUG com.github.dockerjava.zerodep.shaded.org.apache.hc.client5.http.headers -- http-outgoing-0 << Date: Sat, 26 Jul 2025 18:55:52 GMT
14:55:52.335 [main] DEBUG com.github.dockerjava.zerodep.shaded.org.apache.hc.client5.http.headers -- http-outgoing-0 << Docker-Experimental: false
14:55:52.335 [main] DEBUG com.github.dockerjava.zerodep.shaded.org.apache.hc.client5.http.headers -- http-outgoing-0 << Ostype: linux
14:55:52.335 [main] DEBUG com.github.dockerjava.zerodep.shaded.org.apache.hc.client5.http.headers -- http-outgoing-0 << Server: Docker/28.1.1 (linux)
14:55:52.335 [main] DEBUG com.github.dockerjava.zerodep.shaded.org.apache.hc.client5.http.headers -- http-outgoing-0 << Transfer-Encoding: chunked
14:55:52.335 [main] DEBUG com.github.dockerjava.zerodep.shaded.org.apache.hc.client5.http.impl.classic.MainClientExec -- ex-00000007: connection can be kept alive for 3 MINUTES
14:55:52.335 [main] DEBUG com.github.dockerjava.zerodep.shaded.org.apache.hc.client5.http.wire -- http-outgoing-0 << "4a4[\r][\n]"
14:55:52.335 [main] DEBUG com.github.dockerjava.zerodep.shaded.org.apache.hc.client5.http.wire -- http-outgoing-0 << "{"Id":"sha256:533abc56c07b52a26c955d1e7ae428d810582ab01c156384ae79960eb5fa0775","RepoTags":["testcontainers/ryuk:0.5.1"],"RepoDigests":["testcontainers/ryuk@sha256:533abc56c07b52a26c955d1e7ae428d810582ab01c156384ae79960eb5fa0775"],"Parent":"","Comment":"buildkit.dockerfile.v0","Created":"2023-05-17T15:15:17.079149055Z","DockerVersion":"","Author":"","Config":{"Hostname":"","Domainname":"","User":"","AttachStdin":false,"AttachStdout":false,"AttachStderr":false,"Tty":false,"OpenStdin":false,"StdinOnce":false,"Env":["PATH=/usr/local/sbin:/usr/local/bin:/usr/sbin:/usr/bin:/sbin:/bin"],"Cmd":["/bin/ryuk"],"ArgsEscaped":true,"Image":"","Volumes":null,"WorkingDir":"","Entrypoint":null,"OnBuild":null,"Labels":{"org.testcontainers.ryuk":"true"}},"Architecture":"arm64","Os":"linux","Size":5545431,"VirtualSize":5545431,"GraphDriver":{"Data":null,"Name":"overlayfs"},"RootFS":{"Type":"layers","Layers":["sha256:dc65b23a4b7c4b9ed9f634d3a1dd4cc10bbf0251e85480648acf7f22061b3949","sha256:bb024370e164f1614865ff03af6bf8611c2f71d13951a9d08d43b2a1548ded51","sha256:4350b9cff72cb14870bf7423b402f97761c9453dbba62ee2738c12492c5e7106"]},"Metadata":{"LastTagTime":"2025-07-26T13:09:41.965940417Z"}}[\n]"
14:55:52.335 [main] DEBUG com.github.dockerjava.zerodep.shaded.org.apache.hc.client5.http.wire -- http-outgoing-0 << "[\r][\n]"
14:55:52.335 [main] DEBUG com.github.dockerjava.zerodep.shaded.org.apache.hc.client5.http.wire -- http-outgoing-0 << "0[\r][\n]"
14:55:52.335 [main] DEBUG com.github.dockerjava.zerodep.shaded.org.apache.hc.client5.http.wire -- http-outgoing-0 << "[\r][\n]"
14:55:52.338 [main] DEBUG com.github.dockerjava.zerodep.shaded.org.apache.hc.client5.http.impl.classic.InternalHttpClient -- ep-00000006: releasing valid endpoint
14:55:52.338 [main] DEBUG com.github.dockerjava.zerodep.shaded.org.apache.hc.client5.http.impl.io.PoolingHttpClientConnectionManager -- ep-00000006: releasing endpoint
14:55:52.338 [main] DEBUG com.github.dockerjava.zerodep.shaded.org.apache.hc.client5.http.impl.io.PoolingHttpClientConnectionManager -- ep-00000006: connection http-outgoing-0 can be kept alive for 3 MINUTES
14:55:52.338 [main] DEBUG com.github.dockerjava.zerodep.shaded.org.apache.hc.client5.http.impl.io.PoolingHttpClientConnectionManager -- ep-00000006: connection released [route: {}->unix://localhost:2375][total available: 1; route allocated: 1 of 2147483647; total allocated: 1 of 2147483647]
14:55:52.338 [main] DEBUG org.testcontainers.shaded.com.github.dockerjava.core.command.AbstrDockerCmd -- Cmd: 
14:55:52.338 [main] DEBUG com.github.dockerjava.zerodep.shaded.org.apache.hc.client5.http.impl.classic.InternalHttpClient -- ex-00000008: preparing request execution
14:55:52.338 [main] DEBUG com.github.dockerjava.zerodep.shaded.org.apache.hc.client5.http.protocol.RequestAddCookies -- Cookie spec selected: strict
14:55:52.338 [main] DEBUG com.github.dockerjava.zerodep.shaded.org.apache.hc.client5.http.protocol.RequestAuthCache -- Auth cache not set in the context
14:55:52.338 [main] DEBUG com.github.dockerjava.zerodep.shaded.org.apache.hc.client5.http.impl.classic.ProtocolExec -- ex-00000008: target auth state: UNCHALLENGED
14:55:52.338 [main] DEBUG com.github.dockerjava.zerodep.shaded.org.apache.hc.client5.http.impl.classic.ProtocolExec -- ex-00000008: proxy auth state: UNCHALLENGED
14:55:52.338 [main] DEBUG com.github.dockerjava.zerodep.shaded.org.apache.hc.client5.http.impl.classic.ConnectExec -- ex-00000008: acquiring connection with route {}->unix://localhost:2375
14:55:52.338 [main] DEBUG com.github.dockerjava.zerodep.shaded.org.apache.hc.client5.http.impl.classic.InternalHttpClient -- ex-00000008: acquiring endpoint (3 MINUTES)
14:55:52.338 [main] DEBUG com.github.dockerjava.zerodep.shaded.org.apache.hc.client5.http.impl.io.PoolingHttpClientConnectionManager -- ex-00000008: endpoint lease request (3 MINUTES) [route: {}->unix://localhost:2375][total available: 1; route allocated: 1 of 2147483647; total allocated: 1 of 2147483647]
14:55:52.338 [main] DEBUG com.github.dockerjava.zerodep.shaded.org.apache.hc.client5.http.impl.io.PoolingHttpClientConnectionManager -- ex-00000008: endpoint leased [route: {}->unix://localhost:2375][total available: 0; route allocated: 1 of 2147483647; total allocated: 1 of 2147483647]
14:55:52.338 [main] DEBUG com.github.dockerjava.zerodep.shaded.org.apache.hc.client5.http.impl.io.PoolingHttpClientConnectionManager -- ex-00000008: acquired ep-00000007
14:55:52.338 [main] DEBUG com.github.dockerjava.zerodep.shaded.org.apache.hc.client5.http.impl.classic.InternalHttpClient -- ex-00000008: acquired endpoint ep-00000007
14:55:52.338 [main] DEBUG com.github.dockerjava.zerodep.shaded.org.apache.hc.client5.http.impl.classic.MainClientExec -- ex-00000008: executing GET /v1.32/version HTTP/1.1
14:55:52.338 [main] DEBUG com.github.dockerjava.zerodep.shaded.org.apache.hc.client5.http.impl.classic.InternalHttpClient -- ep-00000007: start execution ex-00000008
14:55:52.338 [main] DEBUG com.github.dockerjava.zerodep.shaded.org.apache.hc.client5.http.impl.io.PoolingHttpClientConnectionManager -- ep-00000007: executing exchange ex-00000008 over http-outgoing-0
14:55:52.338 [main] DEBUG com.github.dockerjava.zerodep.shaded.org.apache.hc.client5.http.headers -- http-outgoing-0 >> GET /v1.32/version HTTP/1.1
14:55:52.338 [main] DEBUG com.github.dockerjava.zerodep.shaded.org.apache.hc.client5.http.headers -- http-outgoing-0 >> accept: application/json
14:55:52.338 [main] DEBUG com.github.dockerjava.zerodep.shaded.org.apache.hc.client5.http.headers -- http-outgoing-0 >> x-tc-sid: 35985044-72d4-41bf-a8fd-d98ab43b3acb
14:55:52.338 [main] DEBUG com.github.dockerjava.zerodep.shaded.org.apache.hc.client5.http.headers -- http-outgoing-0 >> User-Agent: tc-java/1.19.3
14:55:52.338 [main] DEBUG com.github.dockerjava.zerodep.shaded.org.apache.hc.client5.http.headers -- http-outgoing-0 >> Accept-Encoding: gzip, x-gzip, deflate
14:55:52.338 [main] DEBUG com.github.dockerjava.zerodep.shaded.org.apache.hc.client5.http.headers -- http-outgoing-0 >> Host: localhost:2375
14:55:52.338 [main] DEBUG com.github.dockerjava.zerodep.shaded.org.apache.hc.client5.http.headers -- http-outgoing-0 >> Connection: keep-alive
14:55:52.338 [main] DEBUG com.github.dockerjava.zerodep.shaded.org.apache.hc.client5.http.wire -- http-outgoing-0 >> "GET /v1.32/version HTTP/1.1[\r][\n]"
14:55:52.338 [main] DEBUG com.github.dockerjava.zerodep.shaded.org.apache.hc.client5.http.wire -- http-outgoing-0 >> "accept: application/json[\r][\n]"
14:55:52.338 [main] DEBUG com.github.dockerjava.zerodep.shaded.org.apache.hc.client5.http.wire -- http-outgoing-0 >> "x-tc-sid: 35985044-72d4-41bf-a8fd-d98ab43b3acb[\r][\n]"
14:55:52.338 [main] DEBUG com.github.dockerjava.zerodep.shaded.org.apache.hc.client5.http.wire -- http-outgoing-0 >> "User-Agent: tc-java/1.19.3[\r][\n]"
14:55:52.338 [main] DEBUG com.github.dockerjava.zerodep.shaded.org.apache.hc.client5.http.wire -- http-outgoing-0 >> "Accept-Encoding: gzip, x-gzip, deflate[\r][\n]"
14:55:52.338 [main] DEBUG com.github.dockerjava.zerodep.shaded.org.apache.hc.client5.http.wire -- http-outgoing-0 >> "Host: localhost:2375[\r][\n]"
14:55:52.338 [main] DEBUG com.github.dockerjava.zerodep.shaded.org.apache.hc.client5.http.wire -- http-outgoing-0 >> "Connection: keep-alive[\r][\n]"
14:55:52.338 [main] DEBUG com.github.dockerjava.zerodep.shaded.org.apache.hc.client5.http.wire -- http-outgoing-0 >> "[\r][\n]"
14:55:52.341 [main] DEBUG com.github.dockerjava.zerodep.shaded.org.apache.hc.client5.http.wire -- http-outgoing-0 << "HTTP/1.1 200 OK[\r][\n]"
14:55:52.341 [main] DEBUG com.github.dockerjava.zerodep.shaded.org.apache.hc.client5.http.wire -- http-outgoing-0 << "Api-Version: 1.49[\r][\n]"
14:55:52.341 [main] DEBUG com.github.dockerjava.zerodep.shaded.org.apache.hc.client5.http.wire -- http-outgoing-0 << "Content-Type: application/json[\r][\n]"
14:55:52.341 [main] DEBUG com.github.dockerjava.zerodep.shaded.org.apache.hc.client5.http.wire -- http-outgoing-0 << "Date: Sat, 26 Jul 2025 18:55:52 GMT[\r][\n]"
14:55:52.341 [main] DEBUG com.github.dockerjava.zerodep.shaded.org.apache.hc.client5.http.wire -- http-outgoing-0 << "Docker-Experimental: false[\r][\n]"
14:55:52.341 [main] DEBUG com.github.dockerjava.zerodep.shaded.org.apache.hc.client5.http.wire -- http-outgoing-0 << "Ostype: linux[\r][\n]"
14:55:52.341 [main] DEBUG com.github.dockerjava.zerodep.shaded.org.apache.hc.client5.http.wire -- http-outgoing-0 << "Server: Docker/28.1.1 (linux)[\r][\n]"
14:55:52.341 [main] DEBUG com.github.dockerjava.zerodep.shaded.org.apache.hc.client5.http.wire -- http-outgoing-0 << "Transfer-Encoding: chunked[\r][\n]"
14:55:52.341 [main] DEBUG com.github.dockerjava.zerodep.shaded.org.apache.hc.client5.http.wire -- http-outgoing-0 << "[\r][\n]"
14:55:52.342 [main] DEBUG com.github.dockerjava.zerodep.shaded.org.apache.hc.client5.http.headers -- http-outgoing-0 << HTTP/1.1 200 OK
14:55:52.342 [main] DEBUG com.github.dockerjava.zerodep.shaded.org.apache.hc.client5.http.headers -- http-outgoing-0 << Api-Version: 1.49
14:55:52.342 [main] DEBUG com.github.dockerjava.zerodep.shaded.org.apache.hc.client5.http.headers -- http-outgoing-0 << Content-Type: application/json
14:55:52.342 [main] DEBUG com.github.dockerjava.zerodep.shaded.org.apache.hc.client5.http.headers -- http-outgoing-0 << Date: Sat, 26 Jul 2025 18:55:52 GMT
14:55:52.342 [main] DEBUG com.github.dockerjava.zerodep.shaded.org.apache.hc.client5.http.headers -- http-outgoing-0 << Docker-Experimental: false
14:55:52.342 [main] DEBUG com.github.dockerjava.zerodep.shaded.org.apache.hc.client5.http.headers -- http-outgoing-0 << Ostype: linux
14:55:52.342 [main] DEBUG com.github.dockerjava.zerodep.shaded.org.apache.hc.client5.http.headers -- http-outgoing-0 << Server: Docker/28.1.1 (linux)
14:55:52.342 [main] DEBUG com.github.dockerjava.zerodep.shaded.org.apache.hc.client5.http.headers -- http-outgoing-0 << Transfer-Encoding: chunked
14:55:52.342 [main] DEBUG com.github.dockerjava.zerodep.shaded.org.apache.hc.client5.http.impl.classic.MainClientExec -- ex-00000008: connection can be kept alive for 3 MINUTES
14:55:52.342 [main] DEBUG com.github.dockerjava.zerodep.shaded.org.apache.hc.client5.http.wire -- http-outgoing-0 << "339[\r][\n]"
14:55:52.342 [main] DEBUG com.github.dockerjava.zerodep.shaded.org.apache.hc.client5.http.wire -- http-outgoing-0 << "{"Platform":{"Name":"Docker Desktop 4.41.2 (191736)"},"Components":[{"Name":"Engine","Version":"28.1.1","Details":{"ApiVersion":"1.49","Arch":"arm64","BuildTime":"2025-04-18T09:52:08.000000000+00:00","Experimental":"false","GitCommit":"01f442b","GoVersion":"go1.23.8","KernelVersion":"6.10.14-linuxkit","MinAPIVersion":"1.24","Os":"linux"}},{"Name":"containerd","Version":"1.7.27","Details":{"GitCommit":"05044ec0a9a75232cad458027ca83437aae3f4da"}},{"Name":"runc","Version":"1.2.5","Details":{"GitCommit":"v1.2.5-0-g59923ef"}},{"Name":"docker-init","Version":"0.19.0","Details":{"GitCommit":"de40ad0"}}],"Version":"28.1.1","ApiVersion":"1.49","MinAPIVersion":"1.24","GitCommit":"01f442b","GoVersion":"go1.23.8","Os":"linux","Arch":"arm64","KernelVersion":"6.10.14-linuxkit","BuildTime":"2025-04-18T09:52:08.000000000+00:00"}[\n]"
14:55:52.342 [main] DEBUG com.github.dockerjava.zerodep.shaded.org.apache.hc.client5.http.wire -- http-outgoing-0 << "[\r][\n]"
14:55:52.342 [main] DEBUG com.github.dockerjava.zerodep.shaded.org.apache.hc.client5.http.wire -- http-outgoing-0 << "0[\r][\n]"
14:55:52.342 [main] DEBUG com.github.dockerjava.zerodep.shaded.org.apache.hc.client5.http.wire -- http-outgoing-0 << "[\r][\n]"
14:55:52.342 [main] DEBUG com.github.dockerjava.zerodep.shaded.org.apache.hc.client5.http.impl.classic.InternalHttpClient -- ep-00000007: releasing valid endpoint
14:55:52.342 [main] DEBUG com.github.dockerjava.zerodep.shaded.org.apache.hc.client5.http.impl.io.PoolingHttpClientConnectionManager -- ep-00000007: releasing endpoint
14:55:52.342 [main] DEBUG com.github.dockerjava.zerodep.shaded.org.apache.hc.client5.http.impl.io.PoolingHttpClientConnectionManager -- ep-00000007: connection http-outgoing-0 can be kept alive for 3 MINUTES
14:55:52.342 [main] DEBUG com.github.dockerjava.zerodep.shaded.org.apache.hc.client5.http.impl.io.PoolingHttpClientConnectionManager -- ep-00000007: connection released [route: {}->unix://localhost:2375][total available: 1; route allocated: 1 of 2147483647; total allocated: 1 of 2147483647]
14:55:52.346 [docker-java-stream-507391081] DEBUG com.github.dockerjava.zerodep.shaded.org.apache.hc.client5.http.impl.classic.InternalHttpClient -- ex-00000009: preparing request execution
14:55:52.346 [docker-java-stream-507391081] DEBUG com.github.dockerjava.zerodep.shaded.org.apache.hc.client5.http.protocol.RequestAddCookies -- Cookie spec selected: strict
14:55:52.346 [docker-java-stream-507391081] DEBUG com.github.dockerjava.zerodep.shaded.org.apache.hc.client5.http.protocol.RequestAuthCache -- Auth cache not set in the context
14:55:52.346 [docker-java-stream-507391081] DEBUG com.github.dockerjava.zerodep.shaded.org.apache.hc.client5.http.impl.classic.ProtocolExec -- ex-00000009: target auth state: UNCHALLENGED
14:55:52.346 [docker-java-stream-507391081] DEBUG com.github.dockerjava.zerodep.shaded.org.apache.hc.client5.http.impl.classic.ProtocolExec -- ex-00000009: proxy auth state: UNCHALLENGED
14:55:52.346 [docker-java-stream-507391081] DEBUG com.github.dockerjava.zerodep.shaded.org.apache.hc.client5.http.impl.classic.ConnectExec -- ex-00000009: acquiring connection with route {}->unix://localhost:2375
14:55:52.346 [docker-java-stream-507391081] DEBUG com.github.dockerjava.zerodep.shaded.org.apache.hc.client5.http.impl.classic.InternalHttpClient -- ex-00000009: acquiring endpoint (3 MINUTES)
14:55:52.346 [docker-java-stream-507391081] DEBUG com.github.dockerjava.zerodep.shaded.org.apache.hc.client5.http.impl.io.PoolingHttpClientConnectionManager -- ex-00000009: endpoint lease request (3 MINUTES) [route: {}->unix://localhost:2375][total available: 1; route allocated: 1 of 2147483647; total allocated: 1 of 2147483647]
14:55:52.346 [docker-java-stream-507391081] DEBUG com.github.dockerjava.zerodep.shaded.org.apache.hc.client5.http.impl.io.PoolingHttpClientConnectionManager -- ex-00000009: endpoint leased [route: {}->unix://localhost:2375][total available: 0; route allocated: 1 of 2147483647; total allocated: 1 of 2147483647]
14:55:52.346 [docker-java-stream-507391081] DEBUG com.github.dockerjava.zerodep.shaded.org.apache.hc.client5.http.impl.io.PoolingHttpClientConnectionManager -- ex-00000009: acquired ep-00000008
14:55:52.346 [docker-java-stream-507391081] DEBUG com.github.dockerjava.zerodep.shaded.org.apache.hc.client5.http.impl.classic.InternalHttpClient -- ex-00000009: acquired endpoint ep-00000008
14:55:52.346 [docker-java-stream-507391081] DEBUG com.github.dockerjava.zerodep.shaded.org.apache.hc.client5.http.impl.classic.MainClientExec -- ex-00000009: executing GET /v1.32/containers/9f5fc8a733bbe4dcd0093dc8a93ff2046437341a5eae1e7d1f18e6a694f3d8f1/logs?stdout=true&stderr=true&follow=true&since=0 HTTP/1.1
14:55:52.346 [docker-java-stream-507391081] DEBUG com.github.dockerjava.zerodep.shaded.org.apache.hc.client5.http.impl.classic.InternalHttpClient -- ep-00000008: start execution ex-00000009
14:55:52.346 [docker-java-stream-507391081] DEBUG com.github.dockerjava.zerodep.shaded.org.apache.hc.client5.http.impl.io.PoolingHttpClientConnectionManager -- ep-00000008: executing exchange ex-00000009 over http-outgoing-0
14:55:52.346 [docker-java-stream-507391081] DEBUG com.github.dockerjava.zerodep.shaded.org.apache.hc.client5.http.headers -- http-outgoing-0 >> GET /v1.32/containers/9f5fc8a733bbe4dcd0093dc8a93ff2046437341a5eae1e7d1f18e6a694f3d8f1/logs?stdout=true&stderr=true&follow=true&since=0 HTTP/1.1
14:55:52.346 [docker-java-stream-507391081] DEBUG com.github.dockerjava.zerodep.shaded.org.apache.hc.client5.http.headers -- http-outgoing-0 >> x-tc-sid: 35985044-72d4-41bf-a8fd-d98ab43b3acb
14:55:52.346 [docker-java-stream-507391081] DEBUG com.github.dockerjava.zerodep.shaded.org.apache.hc.client5.http.headers -- http-outgoing-0 >> User-Agent: tc-java/1.19.3
14:55:52.346 [docker-java-stream-507391081] DEBUG com.github.dockerjava.zerodep.shaded.org.apache.hc.client5.http.headers -- http-outgoing-0 >> Accept-Encoding: gzip, x-gzip, deflate
14:55:52.346 [docker-java-stream-507391081] DEBUG com.github.dockerjava.zerodep.shaded.org.apache.hc.client5.http.headers -- http-outgoing-0 >> Host: localhost:2375
14:55:52.346 [docker-java-stream-507391081] DEBUG com.github.dockerjava.zerodep.shaded.org.apache.hc.client5.http.headers -- http-outgoing-0 >> Connection: keep-alive
14:55:52.346 [docker-java-stream-507391081] DEBUG com.github.dockerjava.zerodep.shaded.org.apache.hc.client5.http.wire -- http-outgoing-0 >> "GET /v1.32/containers/9f5fc8a733bbe4dcd0093dc8a93ff2046437341a5eae1e7d1f18e6a694f3d8f1/logs?stdout=true&stderr=true&follow=true&since=0 HTTP/1.1[\r][\n]"
14:55:52.346 [docker-java-stream-507391081] DEBUG com.github.dockerjava.zerodep.shaded.org.apache.hc.client5.http.wire -- http-outgoing-0 >> "x-tc-sid: 35985044-72d4-41bf-a8fd-d98ab43b3acb[\r][\n]"
14:55:52.346 [docker-java-stream-507391081] DEBUG com.github.dockerjava.zerodep.shaded.org.apache.hc.client5.http.wire -- http-outgoing-0 >> "User-Agent: tc-java/1.19.3[\r][\n]"
14:55:52.346 [docker-java-stream-507391081] DEBUG com.github.dockerjava.zerodep.shaded.org.apache.hc.client5.http.wire -- http-outgoing-0 >> "Accept-Encoding: gzip, x-gzip, deflate[\r][\n]"
14:55:52.346 [docker-java-stream-507391081] DEBUG com.github.dockerjava.zerodep.shaded.org.apache.hc.client5.http.wire -- http-outgoing-0 >> "Host: localhost:2375[\r][\n]"
14:55:52.346 [docker-java-stream-507391081] DEBUG com.github.dockerjava.zerodep.shaded.org.apache.hc.client5.http.wire -- http-outgoing-0 >> "Connection: keep-alive[\r][\n]"
14:55:52.346 [docker-java-stream-507391081] DEBUG com.github.dockerjava.zerodep.shaded.org.apache.hc.client5.http.wire -- http-outgoing-0 >> "[\r][\n]"
14:55:52.347 [docker-java-stream-507391081] DEBUG com.github.dockerjava.zerodep.shaded.org.apache.hc.client5.http.wire -- http-outgoing-0 << "HTTP/1.1 200 OK[\r][\n]"
14:55:52.347 [docker-java-stream-507391081] DEBUG com.github.dockerjava.zerodep.shaded.org.apache.hc.client5.http.wire -- http-outgoing-0 << "Api-Version: 1.49[\r][\n]"
14:55:52.347 [docker-java-stream-507391081] DEBUG com.github.dockerjava.zerodep.shaded.org.apache.hc.client5.http.wire -- http-outgoing-0 << "Content-Type: application/vnd.docker.raw-stream[\r][\n]"
14:55:52.347 [docker-java-stream-507391081] DEBUG com.github.dockerjava.zerodep.shaded.org.apache.hc.client5.http.wire -- http-outgoing-0 << "Date: Sat, 26 Jul 2025 18:55:52 GMT[\r][\n]"
14:55:52.347 [docker-java-stream-507391081] DEBUG com.github.dockerjava.zerodep.shaded.org.apache.hc.client5.http.wire -- http-outgoing-0 << "Docker-Experimental: false[\r][\n]"
14:55:52.347 [docker-java-stream-507391081] DEBUG com.github.dockerjava.zerodep.shaded.org.apache.hc.client5.http.wire -- http-outgoing-0 << "Ostype: linux[\r][\n]"
14:55:52.347 [docker-java-stream-507391081] DEBUG com.github.dockerjava.zerodep.shaded.org.apache.hc.client5.http.wire -- http-outgoing-0 << "Server: Docker/28.1.1 (linux)[\r][\n]"
14:55:52.347 [docker-java-stream-507391081] DEBUG com.github.dockerjava.zerodep.shaded.org.apache.hc.client5.http.wire -- http-outgoing-0 << "Transfer-Encoding: chunked[\r][\n]"
14:55:52.347 [docker-java-stream-507391081] DEBUG com.github.dockerjava.zerodep.shaded.org.apache.hc.client5.http.wire -- http-outgoing-0 << "[\r][\n]"
14:55:52.347 [docker-java-stream-507391081] DEBUG com.github.dockerjava.zerodep.shaded.org.apache.hc.client5.http.headers -- http-outgoing-0 << HTTP/1.1 200 OK
14:55:52.347 [docker-java-stream-507391081] DEBUG com.github.dockerjava.zerodep.shaded.org.apache.hc.client5.http.headers -- http-outgoing-0 << Api-Version: 1.49
14:55:52.347 [docker-java-stream-507391081] DEBUG com.github.dockerjava.zerodep.shaded.org.apache.hc.client5.http.headers -- http-outgoing-0 << Content-Type: application/vnd.docker.raw-stream
14:55:52.347 [docker-java-stream-507391081] DEBUG com.github.dockerjava.zerodep.shaded.org.apache.hc.client5.http.headers -- http-outgoing-0 << Date: Sat, 26 Jul 2025 18:55:52 GMT
14:55:52.347 [docker-java-stream-507391081] DEBUG com.github.dockerjava.zerodep.shaded.org.apache.hc.client5.http.headers -- http-outgoing-0 << Docker-Experimental: false
14:55:52.347 [docker-java-stream-507391081] DEBUG com.github.dockerjava.zerodep.shaded.org.apache.hc.client5.http.headers -- http-outgoing-0 << Ostype: linux
14:55:52.347 [docker-java-stream-507391081] DEBUG com.github.dockerjava.zerodep.shaded.org.apache.hc.client5.http.headers -- http-outgoing-0 << Server: Docker/28.1.1 (linux)
14:55:52.347 [docker-java-stream-507391081] DEBUG com.github.dockerjava.zerodep.shaded.org.apache.hc.client5.http.headers -- http-outgoing-0 << Transfer-Encoding: chunked
14:55:52.347 [docker-java-stream-507391081] DEBUG com.github.dockerjava.zerodep.shaded.org.apache.hc.client5.http.impl.classic.MainClientExec -- ex-00000009: connection can be kept alive for 3 MINUTES
14:55:52.348 [docker-java-stream-507391081] DEBUG com.github.dockerjava.zerodep.shaded.org.apache.hc.client5.http.wire -- http-outgoing-0 << "c0[\r][\n]"
14:55:52.348 [docker-java-stream-507391081] DEBUG com.github.dockerjava.zerodep.shaded.org.apache.hc.client5.http.wire -- http-outgoing-0 << "[0x2][0x0][0x0][0x0][0x0][0x0][0x0]&2025/07/26 18:55:52 Pinging Docker...[\n]"
14:55:52.348 [docker-java-stream-507391081] DEBUG com.github.dockerjava.zerodep.shaded.org.apache.hc.client5.http.wire -- http-outgoing-0 << "[0x2][0x0][0x0][0x0][0x0][0x0][0x0]02025/07/26 18:55:52 Docker daemon is available![\n]"
14:55:52.348 [docker-java-stream-507391081] DEBUG com.github.dockerjava.zerodep.shaded.org.apache.hc.client5.http.wire -- http-outgoing-0 << "[0x2][0x0][0x0][0x0][0x0][0x0][0x0]-2025/07/26 18:55:52 Starting on port 8080...[\n]"
14:55:52.348 [docker-java-stream-507391081] DEBUG com.github.dockerjava.zerodep.shaded.org.apache.hc.client5.http.wire -- http-outgoing-0 << "[0x2][0x0][0x0][0x0][0x0][0x0][0x0][0x1d]2025/07/26 18:55:52 Started![\n]"
14:55:52.348 [docker-java-stream-507391081] DEBUG com.github.dockerjava.zerodep.shaded.org.apache.hc.client5.http.wire -- http-outgoing-0 << "[\r][\n]"
14:55:52.348 [main] DEBUG org.testcontainers.containers.output.WaitingConsumer -- STDERR: 2025/07/26 18:55:52 Pinging Docker...
14:55:52.348 [main] DEBUG org.testcontainers.containers.output.WaitingConsumer -- STDERR: 2025/07/26 18:55:52 Started!
14:55:52.349 [main] DEBUG com.github.dockerjava.zerodep.shaded.org.apache.hc.client5.http.impl.classic.InternalHttpClient -- ep-00000008: cancel
14:55:52.349 [docker-java-stream-507391081] DEBUG com.github.dockerjava.zerodep.shaded.org.apache.hc.client5.http.wire -- http-outgoing-0 << "[read] I/O error: null"
14:55:52.349 [main] DEBUG com.github.dockerjava.zerodep.shaded.org.apache.hc.client5.http.impl.io.DefaultManagedHttpClientConnection -- http-outgoing-0: close connection IMMEDIATE
14:55:52.349 [docker-java-stream-507391081] DEBUG com.github.dockerjava.zerodep.shaded.org.apache.hc.client5.http.wire -- http-outgoing-0 << "[read] I/O error: null"
14:55:52.349 [main] DEBUG com.github.dockerjava.zerodep.shaded.org.apache.hc.client5.http.impl.classic.InternalHttpClient -- ep-00000008: endpoint closed
14:55:52.349 [main] DEBUG com.github.dockerjava.zerodep.shaded.org.apache.hc.client5.http.impl.classic.InternalHttpClient -- ep-00000008: discarding endpoint
14:55:52.349 [main] DEBUG com.github.dockerjava.zerodep.shaded.org.apache.hc.client5.http.impl.io.PoolingHttpClientConnectionManager -- ep-00000008: releasing endpoint
14:55:52.349 [main] DEBUG com.github.dockerjava.zerodep.shaded.org.apache.hc.client5.http.impl.io.PoolingHttpClientConnectionManager -- ep-00000008: connection is not kept alive
14:55:52.349 [main] DEBUG com.github.dockerjava.zerodep.shaded.org.apache.hc.client5.http.impl.io.PoolingHttpClientConnectionManager -- ep-00000008: connection released [route: {}->unix://localhost:2375][total available: 0; route allocated: 0 of 2147483647; total allocated: 0 of 2147483647]
14:55:52.349 [main] INFO tc.testcontainers/ryuk:0.5.1 -- Container testcontainers/ryuk:0.5.1 started in PT0.358024S
14:55:52.349 [docker-java-stream-507391081] DEBUG com.github.dockerjava.zerodep.ApacheDockerHttpClientImpl$ApacheResponse -- Failed to close the response
java.nio.channels.ClosedChannelException: null
	at java.base/sun.nio.ch.SocketChannelImpl.ensureOpenAndConnected(SocketChannelImpl.java:224)
	at java.base/sun.nio.ch.SocketChannelImpl.blockingRead(SocketChannelImpl.java:1384)
	at java.base/sun.nio.ch.SocketInputStream.implRead(SocketInputStream.java:70)
	at java.base/sun.nio.ch.SocketInputStream.read(SocketInputStream.java:78)
	at com.github.dockerjava.zerodep.shaded.org.apache.hc.client5.http.impl.io.LoggingInputStream.read(LoggingInputStream.java:81)
	at com.github.dockerjava.zerodep.shaded.org.apache.hc.core5.http.impl.io.SessionInputBufferImpl.fillBuffer(SessionInputBufferImpl.java:149)
	at com.github.dockerjava.zerodep.shaded.org.apache.hc.core5.http.impl.io.SessionInputBufferImpl.readLine(SessionInputBufferImpl.java:280)
	at com.github.dockerjava.zerodep.shaded.org.apache.hc.core5.http.impl.io.ChunkedInputStream.getChunkSize(ChunkedInputStream.java:261)
	at com.github.dockerjava.zerodep.shaded.org.apache.hc.core5.http.impl.io.ChunkedInputStream.nextChunk(ChunkedInputStream.java:222)
	at com.github.dockerjava.zerodep.shaded.org.apache.hc.core5.http.impl.io.ChunkedInputStream.read(ChunkedInputStream.java:147)
	at com.github.dockerjava.zerodep.shaded.org.apache.hc.core5.http.impl.io.ChunkedInputStream.close(ChunkedInputStream.java:314)
	at com.github.dockerjava.zerodep.shaded.org.apache.hc.core5.io.Closer.close(Closer.java:48)
	at com.github.dockerjava.zerodep.shaded.org.apache.hc.core5.http.impl.io.IncomingHttpEntity.close(IncomingHttpEntity.java:111)
	at com.github.dockerjava.zerodep.shaded.org.apache.hc.core5.http.io.entity.HttpEntityWrapper.close(HttpEntityWrapper.java:120)
	at com.github.dockerjava.zerodep.shaded.org.apache.hc.core5.io.Closer.close(Closer.java:48)
	at com.github.dockerjava.zerodep.shaded.org.apache.hc.core5.http.message.BasicClassicHttpResponse.close(BasicClassicHttpResponse.java:93)
	at com.github.dockerjava.zerodep.shaded.org.apache.hc.client5.http.impl.classic.CloseableHttpResponse.close(CloseableHttpResponse.java:200)
	at com.github.dockerjava.zerodep.ApacheDockerHttpClientImpl$ApacheResponse.close(ApacheDockerHttpClientImpl.java:256)
	at org.testcontainers.shaded.com.github.dockerjava.core.DefaultInvocationBuilder.lambda$executeAndStream$1(DefaultInvocationBuilder.java:277)
	at java.base/java.lang.Thread.run(Thread.java:1447)
14:55:52.352 [testcontainers-ryuk] DEBUG org.testcontainers.utility.ResourceReaper -- Sending 'label=org.testcontainers%3Dtrue&label=org.testcontainers.lang%3Djava&label=org.testcontainers.version%3D1.19.3&label=org.testcontainers.sessionId%3D35985044-72d4-41bf-a8fd-d98ab43b3acb' to Ryuk
14:55:52.353 [testcontainers-ryuk] DEBUG org.testcontainers.utility.RyukResourceReaper -- Received 'ACK' from Ryuk
14:55:52.353 [main] INFO org.testcontainers.utility.RyukResourceReaper -- Ryuk started - will monitor and terminate Testcontainers containers on JVM exit
14:55:52.353 [main] DEBUG org.testcontainers.DockerClientFactory -- Checks are enabled
14:55:52.353 [main] INFO org.testcontainers.DockerClientFactory -- Checking the system...
14:55:52.353 [main] INFO org.testcontainers.DockerClientFactory -- ✔︎ Docker server version should be at least 1.6.0
14:55:52.353 [main] DEBUG org.testcontainers.utility.PrefixingImageNameSubstitutor -- No prefix is configured
14:55:52.353 [main] DEBUG org.testcontainers.utility.ImageNameSubstitutor -- Did not find a substitute image for confluentinc/cp-kafka:7.6.0 (using image substitutor: DefaultImageNameSubstitutor (composite of 'ConfigurationFileImageNameSubstitutor' and 'PrefixingImageNameSubstitutor'))
14:55:52.353 [main] DEBUG org.testcontainers.images.AbstractImagePullPolicy -- Using locally available and not pulling image: confluentinc/cp-kafka:7.6.0
14:55:52.353 [main] DEBUG tc.confluentinc/cp-kafka:7.6.0 -- Starting container: confluentinc/cp-kafka:7.6.0
14:55:52.353 [main] DEBUG tc.confluentinc/cp-kafka:7.6.0 -- Trying to start container: confluentinc/cp-kafka:7.6.0 (attempt 1/1)
14:55:52.353 [main] DEBUG tc.confluentinc/cp-kafka:7.6.0 -- Starting container: confluentinc/cp-kafka:7.6.0
14:55:52.353 [main] INFO tc.confluentinc/cp-kafka:7.6.0 -- Creating container for image: confluentinc/cp-kafka:7.6.0
14:55:52.353 [main] DEBUG org.testcontainers.utility.RegistryAuthLocator -- Looking up auth config for image: confluentinc/cp-kafka:7.6.0 at registry: https://index.docker.io/v1/
14:55:52.354 [main] DEBUG org.testcontainers.utility.RegistryAuthLocator -- Cached auth found: [AuthConfig{username=leonasa, password=hidden non-blank value, auth=blank, email=null, registryAddress=https://index.docker.io/v1/, registryToken=blank}]
14:55:52.354 [main] DEBUG org.testcontainers.dockerclient.AuthDelegatingDockerClientConfig -- Effective auth config [AuthConfig{username=leonasa, password=hidden non-blank value, auth=blank, email=null, registryAddress=https://index.docker.io/v1/, registryToken=blank}]
14:55:52.355 [main] DEBUG org.testcontainers.shaded.com.github.dockerjava.core.command.AbstrDockerCmd -- Cmd: <null>,true,<null>,<null>,<null>,<null>,{org.testcontainers=true, org.testcontainers.lang=java, org.testcontainers.version=1.19.3, org.testcontainers.sessionId=35985044-72d4-41bf-a8fd-d98ab43b3acb},ffc67edb-b35b-4dd8-ab5f-ec822f379e3c,{}
14:55:52.357 [main] DEBUG com.github.dockerjava.zerodep.shaded.org.apache.hc.client5.http.impl.classic.InternalHttpClient -- ex-0000000A: preparing request execution
14:55:52.357 [main] DEBUG com.github.dockerjava.zerodep.shaded.org.apache.hc.client5.http.protocol.RequestAddCookies -- Cookie spec selected: strict
14:55:52.357 [main] DEBUG com.github.dockerjava.zerodep.shaded.org.apache.hc.client5.http.protocol.RequestAuthCache -- Auth cache not set in the context
14:55:52.357 [main] DEBUG com.github.dockerjava.zerodep.shaded.org.apache.hc.client5.http.impl.classic.ProtocolExec -- ex-0000000A: target auth state: UNCHALLENGED
14:55:52.357 [main] DEBUG com.github.dockerjava.zerodep.shaded.org.apache.hc.client5.http.impl.classic.ProtocolExec -- ex-0000000A: proxy auth state: UNCHALLENGED
14:55:52.357 [main] DEBUG com.github.dockerjava.zerodep.shaded.org.apache.hc.client5.http.impl.classic.ConnectExec -- ex-0000000A: acquiring connection with route {}->unix://localhost:2375
14:55:52.357 [main] DEBUG com.github.dockerjava.zerodep.shaded.org.apache.hc.client5.http.impl.classic.InternalHttpClient -- ex-0000000A: acquiring endpoint (3 MINUTES)
14:55:52.357 [main] DEBUG com.github.dockerjava.zerodep.shaded.org.apache.hc.client5.http.impl.io.PoolingHttpClientConnectionManager -- ex-0000000A: endpoint lease request (3 MINUTES) [route: {}->unix://localhost:2375][total available: 0; route allocated: 0 of 2147483647; total allocated: 0 of 2147483647]
14:55:52.357 [main] DEBUG com.github.dockerjava.zerodep.shaded.org.apache.hc.client5.http.impl.io.PoolingHttpClientConnectionManager -- ex-0000000A: endpoint leased [route: {}->unix://localhost:2375][total available: 0; route allocated: 1 of 2147483647; total allocated: 1 of 2147483647]
14:55:52.357 [main] DEBUG com.github.dockerjava.zerodep.shaded.org.apache.hc.client5.http.impl.io.PoolingHttpClientConnectionManager -- ex-0000000A: acquired ep-00000009
14:55:52.357 [main] DEBUG com.github.dockerjava.zerodep.shaded.org.apache.hc.client5.http.impl.classic.InternalHttpClient -- ex-0000000A: acquired endpoint ep-00000009
14:55:52.357 [main] DEBUG com.github.dockerjava.zerodep.shaded.org.apache.hc.client5.http.impl.classic.ConnectExec -- ex-0000000A: opening connection {}->unix://localhost:2375
14:55:52.357 [main] DEBUG com.github.dockerjava.zerodep.shaded.org.apache.hc.client5.http.impl.classic.InternalHttpClient -- ep-00000009: connecting endpoint (3 MINUTES)
14:55:52.357 [main] DEBUG com.github.dockerjava.zerodep.shaded.org.apache.hc.client5.http.impl.io.PoolingHttpClientConnectionManager -- ep-00000009: connecting endpoint to unix://localhost:2375 (3 MINUTES)
14:55:52.357 [main] DEBUG com.github.dockerjava.zerodep.shaded.org.apache.hc.client5.http.impl.io.DefaultHttpClientConnectionOperator -- http-outgoing-1: connecting to localhost/127.0.0.1:2375
14:55:52.357 [main] DEBUG com.github.dockerjava.zerodep.shaded.org.apache.hc.client5.http.impl.io.DefaultHttpClientConnectionOperator -- http-outgoing-1: connection established /var/run/docker.sock<->/var/run/docker.sock
14:55:52.357 [main] DEBUG com.github.dockerjava.zerodep.shaded.org.apache.hc.client5.http.impl.io.PoolingHttpClientConnectionManager -- ep-00000009: connected http-outgoing-1
14:55:52.357 [main] DEBUG com.github.dockerjava.zerodep.shaded.org.apache.hc.client5.http.impl.classic.InternalHttpClient -- ep-00000009: endpoint connected
14:55:52.357 [main] DEBUG com.github.dockerjava.zerodep.shaded.org.apache.hc.client5.http.impl.classic.MainClientExec -- ex-0000000A: executing POST /v1.32/networks/create HTTP/1.1
14:55:52.357 [main] DEBUG com.github.dockerjava.zerodep.shaded.org.apache.hc.client5.http.impl.classic.InternalHttpClient -- ep-00000009: start execution ex-0000000A
14:55:52.357 [main] DEBUG com.github.dockerjava.zerodep.shaded.org.apache.hc.client5.http.impl.io.PoolingHttpClientConnectionManager -- ep-00000009: executing exchange ex-0000000A over http-outgoing-1
14:55:52.357 [main] DEBUG com.github.dockerjava.zerodep.shaded.org.apache.hc.client5.http.headers -- http-outgoing-1 >> POST /v1.32/networks/create HTTP/1.1
14:55:52.357 [main] DEBUG com.github.dockerjava.zerodep.shaded.org.apache.hc.client5.http.headers -- http-outgoing-1 >> accept: application/json
14:55:52.357 [main] DEBUG com.github.dockerjava.zerodep.shaded.org.apache.hc.client5.http.headers -- http-outgoing-1 >> content-type: application/json
14:55:52.357 [main] DEBUG com.github.dockerjava.zerodep.shaded.org.apache.hc.client5.http.headers -- http-outgoing-1 >> x-tc-sid: 35985044-72d4-41bf-a8fd-d98ab43b3acb
14:55:52.357 [main] DEBUG com.github.dockerjava.zerodep.shaded.org.apache.hc.client5.http.headers -- http-outgoing-1 >> User-Agent: tc-java/1.19.3
14:55:52.357 [main] DEBUG com.github.dockerjava.zerodep.shaded.org.apache.hc.client5.http.headers -- http-outgoing-1 >> Accept-Encoding: gzip, x-gzip, deflate
14:55:52.357 [main] DEBUG com.github.dockerjava.zerodep.shaded.org.apache.hc.client5.http.headers -- http-outgoing-1 >> Content-Length: 358
14:55:52.357 [main] DEBUG com.github.dockerjava.zerodep.shaded.org.apache.hc.client5.http.headers -- http-outgoing-1 >> Host: localhost:2375
14:55:52.357 [main] DEBUG com.github.dockerjava.zerodep.shaded.org.apache.hc.client5.http.headers -- http-outgoing-1 >> Connection: keep-alive
14:55:52.357 [main] DEBUG com.github.dockerjava.zerodep.shaded.org.apache.hc.client5.http.wire -- http-outgoing-1 >> "POST /v1.32/networks/create HTTP/1.1[\r][\n]"
14:55:52.357 [main] DEBUG com.github.dockerjava.zerodep.shaded.org.apache.hc.client5.http.wire -- http-outgoing-1 >> "accept: application/json[\r][\n]"
14:55:52.357 [main] DEBUG com.github.dockerjava.zerodep.shaded.org.apache.hc.client5.http.wire -- http-outgoing-1 >> "content-type: application/json[\r][\n]"
14:55:52.357 [main] DEBUG com.github.dockerjava.zerodep.shaded.org.apache.hc.client5.http.wire -- http-outgoing-1 >> "x-tc-sid: 35985044-72d4-41bf-a8fd-d98ab43b3acb[\r][\n]"
14:55:52.357 [main] DEBUG com.github.dockerjava.zerodep.shaded.org.apache.hc.client5.http.wire -- http-outgoing-1 >> "User-Agent: tc-java/1.19.3[\r][\n]"
14:55:52.357 [main] DEBUG com.github.dockerjava.zerodep.shaded.org.apache.hc.client5.http.wire -- http-outgoing-1 >> "Accept-Encoding: gzip, x-gzip, deflate[\r][\n]"
14:55:52.357 [main] DEBUG com.github.dockerjava.zerodep.shaded.org.apache.hc.client5.http.wire -- http-outgoing-1 >> "Content-Length: 358[\r][\n]"
14:55:52.357 [main] DEBUG com.github.dockerjava.zerodep.shaded.org.apache.hc.client5.http.wire -- http-outgoing-1 >> "Host: localhost:2375[\r][\n]"
14:55:52.357 [main] DEBUG com.github.dockerjava.zerodep.shaded.org.apache.hc.client5.http.wire -- http-outgoing-1 >> "Connection: keep-alive[\r][\n]"
14:55:52.357 [main] DEBUG com.github.dockerjava.zerodep.shaded.org.apache.hc.client5.http.wire -- http-outgoing-1 >> "[\r][\n]"
14:55:52.357 [main] DEBUG com.github.dockerjava.zerodep.shaded.org.apache.hc.client5.http.wire -- http-outgoing-1 >> "{"enableIPv6":null,"Name":"ffc67edb-b35b-4dd8-ab5f-ec822f379e3c","Driver":null,"IPAM":null,"Options":{},"CheckDuplicate":true,"Internal":null,"EnableIPv6":null,"Attachable":null,"Labels":{"org.testcontainers":"true","org.testcontainers.lang":"java","org.testcontainers.version":"1.19.3","org.testcontainers.sessionId":"35985044-72d4-41bf-a8fd-d98ab43b3acb"}}"
14:55:52.374 [main] DEBUG com.github.dockerjava.zerodep.shaded.org.apache.hc.client5.http.wire -- http-outgoing-1 << "HTTP/1.1 201 Created[\r][\n]"
14:55:52.374 [main] DEBUG com.github.dockerjava.zerodep.shaded.org.apache.hc.client5.http.wire -- http-outgoing-1 << "Api-Version: 1.49[\r][\n]"
14:55:52.374 [main] DEBUG com.github.dockerjava.zerodep.shaded.org.apache.hc.client5.http.wire -- http-outgoing-1 << "Content-Type: application/json[\r][\n]"
14:55:52.374 [main] DEBUG com.github.dockerjava.zerodep.shaded.org.apache.hc.client5.http.wire -- http-outgoing-1 << "Date: Sat, 26 Jul 2025 18:55:52 GMT[\r][\n]"
14:55:52.374 [main] DEBUG com.github.dockerjava.zerodep.shaded.org.apache.hc.client5.http.wire -- http-outgoing-1 << "Docker-Experimental: false[\r][\n]"
14:55:52.374 [main] DEBUG com.github.dockerjava.zerodep.shaded.org.apache.hc.client5.http.wire -- http-outgoing-1 << "Ostype: linux[\r][\n]"
14:55:52.374 [main] DEBUG com.github.dockerjava.zerodep.shaded.org.apache.hc.client5.http.wire -- http-outgoing-1 << "Server: Docker/28.1.1 (linux)[\r][\n]"
14:55:52.374 [main] DEBUG com.github.dockerjava.zerodep.shaded.org.apache.hc.client5.http.wire -- http-outgoing-1 << "Transfer-Encoding: chunked[\r][\n]"
14:55:52.374 [main] DEBUG com.github.dockerjava.zerodep.shaded.org.apache.hc.client5.http.wire -- http-outgoing-1 << "[\r][\n]"
14:55:52.374 [main] DEBUG com.github.dockerjava.zerodep.shaded.org.apache.hc.client5.http.headers -- http-outgoing-1 << HTTP/1.1 201 Created
14:55:52.374 [main] DEBUG com.github.dockerjava.zerodep.shaded.org.apache.hc.client5.http.headers -- http-outgoing-1 << Api-Version: 1.49
14:55:52.374 [main] DEBUG com.github.dockerjava.zerodep.shaded.org.apache.hc.client5.http.headers -- http-outgoing-1 << Content-Type: application/json
14:55:52.374 [main] DEBUG com.github.dockerjava.zerodep.shaded.org.apache.hc.client5.http.headers -- http-outgoing-1 << Date: Sat, 26 Jul 2025 18:55:52 GMT
14:55:52.374 [main] DEBUG com.github.dockerjava.zerodep.shaded.org.apache.hc.client5.http.headers -- http-outgoing-1 << Docker-Experimental: false
14:55:52.374 [main] DEBUG com.github.dockerjava.zerodep.shaded.org.apache.hc.client5.http.headers -- http-outgoing-1 << Ostype: linux
14:55:52.374 [main] DEBUG com.github.dockerjava.zerodep.shaded.org.apache.hc.client5.http.headers -- http-outgoing-1 << Server: Docker/28.1.1 (linux)
14:55:52.374 [main] DEBUG com.github.dockerjava.zerodep.shaded.org.apache.hc.client5.http.headers -- http-outgoing-1 << Transfer-Encoding: chunked
14:55:52.374 [main] DEBUG com.github.dockerjava.zerodep.shaded.org.apache.hc.client5.http.impl.classic.MainClientExec -- ex-0000000A: connection can be kept alive for 3 MINUTES
14:55:52.374 [main] DEBUG com.github.dockerjava.zerodep.shaded.org.apache.hc.client5.http.wire -- http-outgoing-1 << "57[\r][\n]"
14:55:52.374 [main] DEBUG com.github.dockerjava.zerodep.shaded.org.apache.hc.client5.http.wire -- http-outgoing-1 << "{"Id":"b90d4e7d8ee3a4972165243e62a6b881c6d15d6c9acfb3ab6bbf2bb2aa4e375a","Warning":""}[\n]"
14:55:52.374 [main] DEBUG com.github.dockerjava.zerodep.shaded.org.apache.hc.client5.http.wire -- http-outgoing-1 << "[\r][\n]"
14:55:52.374 [main] DEBUG com.github.dockerjava.zerodep.shaded.org.apache.hc.client5.http.wire -- http-outgoing-1 << "0[\r][\n]"
14:55:52.374 [main] DEBUG com.github.dockerjava.zerodep.shaded.org.apache.hc.client5.http.wire -- http-outgoing-1 << "[\r][\n]"
14:55:52.375 [main] DEBUG com.github.dockerjava.zerodep.shaded.org.apache.hc.client5.http.impl.classic.InternalHttpClient -- ep-00000009: releasing valid endpoint
14:55:52.375 [main] DEBUG com.github.dockerjava.zerodep.shaded.org.apache.hc.client5.http.impl.io.PoolingHttpClientConnectionManager -- ep-00000009: releasing endpoint
14:55:52.375 [main] DEBUG com.github.dockerjava.zerodep.shaded.org.apache.hc.client5.http.impl.io.PoolingHttpClientConnectionManager -- ep-00000009: connection http-outgoing-1 can be kept alive for 3 MINUTES
14:55:52.375 [main] DEBUG com.github.dockerjava.zerodep.shaded.org.apache.hc.client5.http.impl.io.PoolingHttpClientConnectionManager -- ep-00000009: connection released [route: {}->unix://localhost:2375][total available: 1; route allocated: 1 of 2147483647; total allocated: 1 of 2147483647]
14:55:52.375 [main] DEBUG org.testcontainers.shaded.com.github.dockerjava.core.command.AbstrDockerCmd -- Cmd: org.testcontainers.shaded.com.github.dockerjava.core.command.CreateContainerCmdImpl@4e25147a[aliases=[tc-x9qghsKa, kafka],argsEscaped=<null>,attachStderr=<null>,attachStdin=<null>,attachStdout=<null>,authConfig=AuthConfig(username=leonasa, email=null, registryAddress=https://index.docker.io/v1/, stackOrchestrator=null),cmd={-c,while [ ! -f /testcontainers_start.sh ]; do sleep 0.1; done; /testcontainers_start.sh},domainName=<null>,entrypoint={sh},env={KAFKA_LOG_FLUSH_INTERVAL_MESSAGES=9223372036854775807,KAFKA_BROKER_ID=1,KAFKA_TRANSACTION_STATE_LOG_MIN_ISR=1,KAFKA_ZOOKEEPER_CONNECT=localhost:2181,KAFKA_OFFSETS_TOPIC_NUM_PARTITIONS=1,KAFKA_TRANSACTION_STATE_LOG_REPLICATION_FACTOR=1,KAFKA_LISTENERS=PLAINTEXT://0.0.0.0:9093,BROKER://0.0.0.0:9092,KAFKA_OFFSETS_TOPIC_REPLICATION_FACTOR=1,KAFKA_INTER_BROKER_LISTENER_NAME=BROKER,KAFKA_LISTENER_SECURITY_PROTOCOL_MAP=BROKER:PLAINTEXT,PLAINTEXT:PLAINTEXT,KAFKA_GROUP_INITIAL_REBALANCE_DELAY_MS=0},exposedPorts=ExposedPorts(exposedPorts=[9093/tcp, 2181/tcp]),healthcheck=<null>,hostConfig=HostConfig(binds=[], blkioWeight=null, blkioWeightDevice=null, blkioDeviceReadBps=null, blkioDeviceWriteBps=null, blkioDeviceReadIOps=null, blkioDeviceWriteIOps=null, memorySwappiness=null, nanoCPUs=null, capAdd=null, capDrop=null, containerIDFile=null, cpuPeriod=null, cpuRealtimePeriod=null, cpuRealtimeRuntime=null, cpuShares=null, cpuQuota=null, cpusetCpus=null, cpusetMems=null, devices=null, deviceCgroupRules=null, deviceRequests=null, diskQuota=null, dns=null, dnsOptions=null, dnsSearch=null, extraHosts=[], groupAdd=null, ipcMode=null, cgroup=null, links=[], logConfig=LogConfig(type=null, config=null), lxcConf=null, memory=null, memorySwap=null, memoryReservation=null, kernelMemory=null, networkMode=b90d4e7d8ee3a4972165243e62a6b881c6d15d6c9acfb3ab6bbf2bb2aa4e375a, oomKillDisable=null, init=null, autoRemove=null, oomScoreAdj=null, portBindings={9093/tcp=[Lcom.github.dockerjava.api.model.Ports$Binding;@19569ebd, 2181/tcp=[Lcom.github.dockerjava.api.model.Ports$Binding;@4632cfc}, privileged=null, publishAllPorts=null, readonlyRootfs=null, restartPolicy=null, ulimits=null, cpuCount=null, cpuPercent=null, ioMaximumIOps=null, ioMaximumBandwidth=null, volumesFrom=[], mounts=null, pidMode=null, isolation=null, securityOpts=null, storageOpt=null, cgroupParent=null, volumeDriver=null, shmSize=null, pidsLimit=null, runtime=null, tmpFs=null, utSMode=null, usernsMode=null, sysctls=null, consoleSize=null, cgroupnsMode=null),hostName=<null>,image=confluentinc/cp-kafka:7.6.0,ipv4Address=<null>,ipv6Address=<null>,labels={org.testcontainers=true, org.testcontainers.lang=java, org.testcontainers.version=1.19.3, org.testcontainers.sessionId=35985044-72d4-41bf-a8fd-d98ab43b3acb},macAddress=<null>,name=<null>,networkDisabled=<null>,networkingConfig=org.testcontainers.shaded.com.github.dockerjava.core.command.CreateContainerCmdImpl$NetworkingConfig@56303475,onBuild=<null>,platform=<null>,portSpecs=<null>,shell=<null>,stdInOnce=<null>,stdinOpen=<null>,stopSignal=<null>,stopTimeout=<null>,tty=<null>,user=<null>,volumes=Volumes(volumes=[]),workingDir=<null>]
14:55:52.377 [main] DEBUG com.github.dockerjava.zerodep.shaded.org.apache.hc.client5.http.impl.classic.InternalHttpClient -- ex-0000000B: preparing request execution
14:55:52.377 [main] DEBUG com.github.dockerjava.zerodep.shaded.org.apache.hc.client5.http.protocol.RequestAddCookies -- Cookie spec selected: strict
14:55:52.377 [main] DEBUG com.github.dockerjava.zerodep.shaded.org.apache.hc.client5.http.protocol.RequestAuthCache -- Auth cache not set in the context
14:55:52.377 [main] DEBUG com.github.dockerjava.zerodep.shaded.org.apache.hc.client5.http.impl.classic.ProtocolExec -- ex-0000000B: target auth state: UNCHALLENGED
14:55:52.377 [main] DEBUG com.github.dockerjava.zerodep.shaded.org.apache.hc.client5.http.impl.classic.ProtocolExec -- ex-0000000B: proxy auth state: UNCHALLENGED
14:55:52.377 [main] DEBUG com.github.dockerjava.zerodep.shaded.org.apache.hc.client5.http.impl.classic.ConnectExec -- ex-0000000B: acquiring connection with route {}->unix://localhost:2375
14:55:52.377 [main] DEBUG com.github.dockerjava.zerodep.shaded.org.apache.hc.client5.http.impl.classic.InternalHttpClient -- ex-0000000B: acquiring endpoint (3 MINUTES)
14:55:52.377 [main] DEBUG com.github.dockerjava.zerodep.shaded.org.apache.hc.client5.http.impl.io.PoolingHttpClientConnectionManager -- ex-0000000B: endpoint lease request (3 MINUTES) [route: {}->unix://localhost:2375][total available: 1; route allocated: 1 of 2147483647; total allocated: 1 of 2147483647]
14:55:52.377 [main] DEBUG com.github.dockerjava.zerodep.shaded.org.apache.hc.client5.http.impl.io.PoolingHttpClientConnectionManager -- ex-0000000B: endpoint leased [route: {}->unix://localhost:2375][total available: 0; route allocated: 1 of 2147483647; total allocated: 1 of 2147483647]
14:55:52.377 [main] DEBUG com.github.dockerjava.zerodep.shaded.org.apache.hc.client5.http.impl.io.PoolingHttpClientConnectionManager -- ex-0000000B: acquired ep-0000000A
14:55:52.377 [main] DEBUG com.github.dockerjava.zerodep.shaded.org.apache.hc.client5.http.impl.classic.InternalHttpClient -- ex-0000000B: acquired endpoint ep-0000000A
14:55:52.377 [main] DEBUG com.github.dockerjava.zerodep.shaded.org.apache.hc.client5.http.impl.classic.MainClientExec -- ex-0000000B: executing POST /v1.32/containers/create HTTP/1.1
14:55:52.377 [main] DEBUG com.github.dockerjava.zerodep.shaded.org.apache.hc.client5.http.impl.classic.InternalHttpClient -- ep-0000000A: start execution ex-0000000B
14:55:52.377 [main] DEBUG com.github.dockerjava.zerodep.shaded.org.apache.hc.client5.http.impl.io.PoolingHttpClientConnectionManager -- ep-0000000A: executing exchange ex-0000000B over http-outgoing-1
14:55:52.377 [main] DEBUG com.github.dockerjava.zerodep.shaded.org.apache.hc.client5.http.headers -- http-outgoing-1 >> POST /v1.32/containers/create HTTP/1.1
14:55:52.377 [main] DEBUG com.github.dockerjava.zerodep.shaded.org.apache.hc.client5.http.headers -- http-outgoing-1 >> X-Registry-Auth: eyJ1c2VybmFtZSI6Imxlb25hc2EiLCJwYXNzd29yZCI6ImRja3JfcGF0X0R4Q2JHQy1zTE5ENjFfQzJhZGR6SE5vQkUwRSIsImVtYWlsIjpudWxsLCJzZXJ2ZXJhZGRyZXNzIjoiaHR0cHM6Ly9pbmRleC5kb2NrZXIuaW8vdjEvIiwiYXV0aCI6bnVsbCwicmVnaXN0cnl0b2tlbiI6bnVsbCwiaWRlbnRpdHl0b2tlbiI6bnVsbCwic3RhY2tPcmNoZXN0cmF0b3IiOm51bGx9
14:55:52.377 [main] DEBUG com.github.dockerjava.zerodep.shaded.org.apache.hc.client5.http.headers -- http-outgoing-1 >> accept: application/json
14:55:52.377 [main] DEBUG com.github.dockerjava.zerodep.shaded.org.apache.hc.client5.http.headers -- http-outgoing-1 >> content-type: application/json
14:55:52.377 [main] DEBUG com.github.dockerjava.zerodep.shaded.org.apache.hc.client5.http.headers -- http-outgoing-1 >> x-tc-sid: 35985044-72d4-41bf-a8fd-d98ab43b3acb
14:55:52.377 [main] DEBUG com.github.dockerjava.zerodep.shaded.org.apache.hc.client5.http.headers -- http-outgoing-1 >> User-Agent: tc-java/1.19.3
14:55:52.377 [main] DEBUG com.github.dockerjava.zerodep.shaded.org.apache.hc.client5.http.headers -- http-outgoing-1 >> Accept-Encoding: gzip, x-gzip, deflate
14:55:52.377 [main] DEBUG com.github.dockerjava.zerodep.shaded.org.apache.hc.client5.http.headers -- http-outgoing-1 >> Content-Length: 3032
14:55:52.377 [main] DEBUG com.github.dockerjava.zerodep.shaded.org.apache.hc.client5.http.headers -- http-outgoing-1 >> Host: localhost:2375
14:55:52.377 [main] DEBUG com.github.dockerjava.zerodep.shaded.org.apache.hc.client5.http.headers -- http-outgoing-1 >> Connection: keep-alive
14:55:52.377 [main] DEBUG com.github.dockerjava.zerodep.shaded.org.apache.hc.client5.http.wire -- http-outgoing-1 >> "POST /v1.32/containers/create HTTP/1.1[\r][\n]"
14:55:52.377 [main] DEBUG com.github.dockerjava.zerodep.shaded.org.apache.hc.client5.http.wire -- http-outgoing-1 >> "X-Registry-Auth: eyJ1c2VybmFtZSI6Imxlb25hc2EiLCJwYXNzd29yZCI6ImRja3JfcGF0X0R4Q2JHQy1zTE5ENjFfQzJhZGR6SE5vQkUwRSIsImVtYWlsIjpudWxsLCJzZXJ2ZXJhZGRyZXNzIjoiaHR0cHM6Ly9pbmRleC5kb2NrZXIuaW8vdjEvIiwiYXV0aCI6bnVsbCwicmVnaXN0cnl0b2tlbiI6bnVsbCwiaWRlbnRpdHl0b2tlbiI6bnVsbCwic3RhY2tPcmNoZXN0cmF0b3IiOm51bGx9[\r][\n]"
14:55:52.377 [main] DEBUG com.github.dockerjava.zerodep.shaded.org.apache.hc.client5.http.wire -- http-outgoing-1 >> "accept: application/json[\r][\n]"
14:55:52.377 [main] DEBUG com.github.dockerjava.zerodep.shaded.org.apache.hc.client5.http.wire -- http-outgoing-1 >> "content-type: application/json[\r][\n]"
14:55:52.377 [main] DEBUG com.github.dockerjava.zerodep.shaded.org.apache.hc.client5.http.wire -- http-outgoing-1 >> "x-tc-sid: 35985044-72d4-41bf-a8fd-d98ab43b3acb[\r][\n]"
14:55:52.377 [main] DEBUG com.github.dockerjava.zerodep.shaded.org.apache.hc.client5.http.wire -- http-outgoing-1 >> "User-Agent: tc-java/1.19.3[\r][\n]"
14:55:52.377 [main] DEBUG com.github.dockerjava.zerodep.shaded.org.apache.hc.client5.http.wire -- http-outgoing-1 >> "Accept-Encoding: gzip, x-gzip, deflate[\r][\n]"
14:55:52.377 [main] DEBUG com.github.dockerjava.zerodep.shaded.org.apache.hc.client5.http.wire -- http-outgoing-1 >> "Content-Length: 3032[\r][\n]"
14:55:52.377 [main] DEBUG com.github.dockerjava.zerodep.shaded.org.apache.hc.client5.http.wire -- http-outgoing-1 >> "Host: localhost:2375[\r][\n]"
14:55:52.377 [main] DEBUG com.github.dockerjava.zerodep.shaded.org.apache.hc.client5.http.wire -- http-outgoing-1 >> "Connection: keep-alive[\r][\n]"
14:55:52.377 [main] DEBUG com.github.dockerjava.zerodep.shaded.org.apache.hc.client5.http.wire -- http-outgoing-1 >> "[\r][\n]"
14:55:52.377 [main] DEBUG com.github.dockerjava.zerodep.shaded.org.apache.hc.client5.http.wire -- http-outgoing-1 >> "{"Hostname":null,"Domainname":null,"User":null,"AttachStdin":null,"AttachStdout":null,"AttachStderr":null,"PortSpecs":null,"Tty":null,"OpenStdin":null,"StdinOnce":null,"Env":["KAFKA_LOG_FLUSH_INTERVAL_MESSAGES=9223372036854775807","KAFKA_BROKER_ID=1","KAFKA_TRANSACTION_STATE_LOG_MIN_ISR=1","KAFKA_ZOOKEEPER_CONNECT=localhost:2181","KAFKA_OFFSETS_TOPIC_NUM_PARTITIONS=1","KAFKA_TRANSACTION_STATE_LOG_REPLICATION_FACTOR=1","KAFKA_LISTENERS=PLAINTEXT://0.0.0.0:9093,BROKER://0.0.0.0:9092","KAFKA_OFFSETS_TOPIC_REPLICATION_FACTOR=1","KAFKA_INTER_BROKER_LISTENER_NAME=BROKER","KAFKA_LISTENER_SECURITY_PROTOCOL_MAP=BROKER:PLAINTEXT,PLAINTEXT:PLAINTEXT","KAFKA_GROUP_INITIAL_REBALANCE_DELAY_MS=0"],"Cmd":["-c","while [ ! -f /testcontainers_start.sh ]; do sleep 0.1; done; /testcontainers_start.sh"],"Healthcheck":null,"ArgsEscaped":null,"Entrypoint":["sh"],"Image":"confluentinc/cp-kafka:7.6.0","Volumes":{},"WorkingDir":null,"MacAddress":null,"OnBuild":null,"NetworkDisabled":null,"ExposedPorts":{"9093/tcp":{},"2181/tcp":{}},"StopSignal":null,"StopTimeout":null,"HostConfig":{"Binds":[],"BlkioWeight":null,"BlkioWeightDevice":null,"BlkioDeviceReadBps":null,"BlkioDeviceWriteBps":null,"BlkioDeviceReadIOps":null,"BlkioDeviceWriteIOps":null,"MemorySwappiness":null,"NanoCpus":null,"CapAdd":null,"CapDrop":null,"ContainerIDFile":null,"CpuPeriod":null,"CpuRealtimePeriod":null,"CpuRealtimeRuntime":null,"CpuShares":null,"CpuQuota":null,"CpusetCpus":null,"CpusetMems":null,"Devices":null,"DeviceCgroupRules":null,"DeviceRequests":null,"DiskQuota":null,"Dns":null,"DnsOptions":null,"DnsSearch":null,"ExtraHosts":[],"GroupAdd":null,"IpcMode":null,"Cgroup":null,"Links":[],"LogConfig":null,"LxcConf":null,"Memory":null,"MemorySwap":null,"MemoryReservation":null,"KernelMemory":null,"NetworkMode":"b90d4e7d8ee3a4972165243e62a6b881c6d15d6c9acfb3ab6bbf2bb2aa4e375a","OomKillDisable":null,"Init":null,"AutoRemove":null,"OomScoreAdj":null,"PortBindings":{"9093/tcp":[{"HostIp":"","HostPort":""}],"2181/tcp":[{"HostIp":"","HostPort":""}]},"Privileged":null,"PublishAllPorts":null,"ReadonlyRootfs":null,"RestartPolicy":null,"Ulimits":null,"CpuCount":null,"CpuPercent":null,"IOMaximumIOps":null,"IOMaximumBandwidth":null,"VolumesFrom":[],"Mounts":null,"PidMode":null,"Isolation":null,"SecurityOpt":null,"StorageOpt":null,"CgroupParent":null,"VolumeDriver":null,"ShmSize":null,"PidsLimit":null,"Runtime":null,"Tmpfs":null,"UTSMode":null,"UsernsMode":null,"Sysctls":null,"ConsoleSize":null,"CgroupnsMode":null},"Labels":{"org.testcontainers":"true","org.testcontainers.lang":"java","org.testcontainers.version":"1.19.3","org.testcontainers.sessionId":"35985044-72d4-41bf-a8fd-d98ab43b3acb"},"Shell":null,"NetworkingConfig":{"EndpointsConfig":{"b90d4e7d8ee3a4972165243e62a6b881c6d15d6c9acfb3ab6bbf2bb2aa4e375a":{"IPAMConfig":null,"Links":null,"Aliases":["tc-x9qghsKa","kafka"],"NetworkID":null,"EndpointID":null,"Gateway":null,"IPAddress":null,"IPPrefixLen":null,"IPv6Gateway":null,"GlobalIPv6Address":null,"GlobalIPv6PrefixLen":null,"MacAddress":null}}}}"
14:55:52.407 [main] DEBUG com.github.dockerjava.zerodep.shaded.org.apache.hc.client5.http.wire -- http-outgoing-1 << "HTTP/1.1 201 Created[\r][\n]"
14:55:52.407 [main] DEBUG com.github.dockerjava.zerodep.shaded.org.apache.hc.client5.http.wire -- http-outgoing-1 << "Api-Version: 1.49[\r][\n]"
14:55:52.407 [main] DEBUG com.github.dockerjava.zerodep.shaded.org.apache.hc.client5.http.wire -- http-outgoing-1 << "Content-Type: application/json[\r][\n]"
14:55:52.407 [main] DEBUG com.github.dockerjava.zerodep.shaded.org.apache.hc.client5.http.wire -- http-outgoing-1 << "Date: Sat, 26 Jul 2025 18:55:52 GMT[\r][\n]"
14:55:52.407 [main] DEBUG com.github.dockerjava.zerodep.shaded.org.apache.hc.client5.http.wire -- http-outgoing-1 << "Docker-Experimental: false[\r][\n]"
14:55:52.407 [main] DEBUG com.github.dockerjava.zerodep.shaded.org.apache.hc.client5.http.wire -- http-outgoing-1 << "Ostype: linux[\r][\n]"
14:55:52.407 [main] DEBUG com.github.dockerjava.zerodep.shaded.org.apache.hc.client5.http.wire -- http-outgoing-1 << "Server: Docker/28.1.1 (linux)[\r][\n]"
14:55:52.407 [main] DEBUG com.github.dockerjava.zerodep.shaded.org.apache.hc.client5.http.wire -- http-outgoing-1 << "Transfer-Encoding: chunked[\r][\n]"
14:55:52.407 [main] DEBUG com.github.dockerjava.zerodep.shaded.org.apache.hc.client5.http.wire -- http-outgoing-1 << "[\r][\n]"
14:55:52.407 [main] DEBUG com.github.dockerjava.zerodep.shaded.org.apache.hc.client5.http.headers -- http-outgoing-1 << HTTP/1.1 201 Created
14:55:52.407 [main] DEBUG com.github.dockerjava.zerodep.shaded.org.apache.hc.client5.http.headers -- http-outgoing-1 << Api-Version: 1.49
14:55:52.407 [main] DEBUG com.github.dockerjava.zerodep.shaded.org.apache.hc.client5.http.headers -- http-outgoing-1 << Content-Type: application/json
14:55:52.407 [main] DEBUG com.github.dockerjava.zerodep.shaded.org.apache.hc.client5.http.headers -- http-outgoing-1 << Date: Sat, 26 Jul 2025 18:55:52 GMT
14:55:52.407 [main] DEBUG com.github.dockerjava.zerodep.shaded.org.apache.hc.client5.http.headers -- http-outgoing-1 << Docker-Experimental: false
14:55:52.407 [main] DEBUG com.github.dockerjava.zerodep.shaded.org.apache.hc.client5.http.headers -- http-outgoing-1 << Ostype: linux
14:55:52.407 [main] DEBUG com.github.dockerjava.zerodep.shaded.org.apache.hc.client5.http.headers -- http-outgoing-1 << Server: Docker/28.1.1 (linux)
14:55:52.407 [main] DEBUG com.github.dockerjava.zerodep.shaded.org.apache.hc.client5.http.headers -- http-outgoing-1 << Transfer-Encoding: chunked
14:55:52.407 [main] DEBUG com.github.dockerjava.zerodep.shaded.org.apache.hc.client5.http.impl.classic.MainClientExec -- ex-0000000B: connection can be kept alive for 3 MINUTES
14:55:52.407 [main] DEBUG com.github.dockerjava.zerodep.shaded.org.apache.hc.client5.http.wire -- http-outgoing-1 << "58[\r][\n]"
14:55:52.407 [main] DEBUG com.github.dockerjava.zerodep.shaded.org.apache.hc.client5.http.wire -- http-outgoing-1 << "{"Id":"0965ee6b269559b1bb36bde0af7a4bd2f223fe1a2367d40895e097a11325a090","Warnings":[]}[\n]"
14:55:52.407 [main] DEBUG com.github.dockerjava.zerodep.shaded.org.apache.hc.client5.http.wire -- http-outgoing-1 << "[\r][\n]"
14:55:52.407 [main] DEBUG com.github.dockerjava.zerodep.shaded.org.apache.hc.client5.http.wire -- http-outgoing-1 << "0[\r][\n]"
14:55:52.407 [main] DEBUG com.github.dockerjava.zerodep.shaded.org.apache.hc.client5.http.wire -- http-outgoing-1 << "[\r][\n]"
14:55:52.407 [main] DEBUG com.github.dockerjava.zerodep.shaded.org.apache.hc.client5.http.impl.classic.InternalHttpClient -- ep-0000000A: releasing valid endpoint
14:55:52.407 [main] DEBUG com.github.dockerjava.zerodep.shaded.org.apache.hc.client5.http.impl.io.PoolingHttpClientConnectionManager -- ep-0000000A: releasing endpoint
14:55:52.407 [main] DEBUG com.github.dockerjava.zerodep.shaded.org.apache.hc.client5.http.impl.io.PoolingHttpClientConnectionManager -- ep-0000000A: connection http-outgoing-1 can be kept alive for 3 MINUTES
14:55:52.407 [main] DEBUG com.github.dockerjava.zerodep.shaded.org.apache.hc.client5.http.impl.io.PoolingHttpClientConnectionManager -- ep-0000000A: connection released [route: {}->unix://localhost:2375][total available: 1; route allocated: 1 of 2147483647; total allocated: 1 of 2147483647]
14:55:52.407 [main] INFO tc.confluentinc/cp-kafka:7.6.0 -- Container confluentinc/cp-kafka:7.6.0 is starting: 0965ee6b269559b1bb36bde0af7a4bd2f223fe1a2367d40895e097a11325a090
14:55:52.407 [main] DEBUG org.testcontainers.shaded.com.github.dockerjava.core.command.AbstrDockerCmd -- Cmd: 0965ee6b269559b1bb36bde0af7a4bd2f223fe1a2367d40895e097a11325a090
14:55:52.408 [main] DEBUG com.github.dockerjava.zerodep.shaded.org.apache.hc.client5.http.impl.classic.InternalHttpClient -- ex-0000000C: preparing request execution
14:55:52.408 [main] DEBUG com.github.dockerjava.zerodep.shaded.org.apache.hc.client5.http.protocol.RequestAddCookies -- Cookie spec selected: strict
14:55:52.408 [main] DEBUG com.github.dockerjava.zerodep.shaded.org.apache.hc.client5.http.protocol.RequestAuthCache -- Auth cache not set in the context
14:55:52.408 [main] DEBUG com.github.dockerjava.zerodep.shaded.org.apache.hc.client5.http.impl.classic.ProtocolExec -- ex-0000000C: target auth state: UNCHALLENGED
14:55:52.408 [main] DEBUG com.github.dockerjava.zerodep.shaded.org.apache.hc.client5.http.impl.classic.ProtocolExec -- ex-0000000C: proxy auth state: UNCHALLENGED
14:55:52.408 [main] DEBUG com.github.dockerjava.zerodep.shaded.org.apache.hc.client5.http.impl.classic.ConnectExec -- ex-0000000C: acquiring connection with route {}->unix://localhost:2375
14:55:52.408 [main] DEBUG com.github.dockerjava.zerodep.shaded.org.apache.hc.client5.http.impl.classic.InternalHttpClient -- ex-0000000C: acquiring endpoint (3 MINUTES)
14:55:52.408 [main] DEBUG com.github.dockerjava.zerodep.shaded.org.apache.hc.client5.http.impl.io.PoolingHttpClientConnectionManager -- ex-0000000C: endpoint lease request (3 MINUTES) [route: {}->unix://localhost:2375][total available: 1; route allocated: 1 of 2147483647; total allocated: 1 of 2147483647]
14:55:52.408 [main] DEBUG com.github.dockerjava.zerodep.shaded.org.apache.hc.client5.http.impl.io.PoolingHttpClientConnectionManager -- ex-0000000C: endpoint leased [route: {}->unix://localhost:2375][total available: 0; route allocated: 1 of 2147483647; total allocated: 1 of 2147483647]
14:55:52.408 [main] DEBUG com.github.dockerjava.zerodep.shaded.org.apache.hc.client5.http.impl.io.PoolingHttpClientConnectionManager -- ex-0000000C: acquired ep-0000000B
14:55:52.408 [main] DEBUG com.github.dockerjava.zerodep.shaded.org.apache.hc.client5.http.impl.classic.InternalHttpClient -- ex-0000000C: acquired endpoint ep-0000000B
14:55:52.408 [main] DEBUG com.github.dockerjava.zerodep.shaded.org.apache.hc.client5.http.impl.classic.MainClientExec -- ex-0000000C: executing POST /v1.32/containers/0965ee6b269559b1bb36bde0af7a4bd2f223fe1a2367d40895e097a11325a090/start HTTP/1.1
14:55:52.408 [main] DEBUG com.github.dockerjava.zerodep.shaded.org.apache.hc.client5.http.impl.classic.InternalHttpClient -- ep-0000000B: start execution ex-0000000C
14:55:52.408 [main] DEBUG com.github.dockerjava.zerodep.shaded.org.apache.hc.client5.http.impl.io.PoolingHttpClientConnectionManager -- ep-0000000B: executing exchange ex-0000000C over http-outgoing-1
14:55:52.408 [main] DEBUG com.github.dockerjava.zerodep.shaded.org.apache.hc.client5.http.headers -- http-outgoing-1 >> POST /v1.32/containers/0965ee6b269559b1bb36bde0af7a4bd2f223fe1a2367d40895e097a11325a090/start HTTP/1.1
14:55:52.408 [main] DEBUG com.github.dockerjava.zerodep.shaded.org.apache.hc.client5.http.headers -- http-outgoing-1 >> accept: application/json
14:55:52.408 [main] DEBUG com.github.dockerjava.zerodep.shaded.org.apache.hc.client5.http.headers -- http-outgoing-1 >> content-type: application/json
14:55:52.408 [main] DEBUG com.github.dockerjava.zerodep.shaded.org.apache.hc.client5.http.headers -- http-outgoing-1 >> x-tc-sid: 35985044-72d4-41bf-a8fd-d98ab43b3acb
14:55:52.408 [main] DEBUG com.github.dockerjava.zerodep.shaded.org.apache.hc.client5.http.headers -- http-outgoing-1 >> User-Agent: tc-java/1.19.3
14:55:52.408 [main] DEBUG com.github.dockerjava.zerodep.shaded.org.apache.hc.client5.http.headers -- http-outgoing-1 >> Accept-Encoding: gzip, x-gzip, deflate
14:55:52.408 [main] DEBUG com.github.dockerjava.zerodep.shaded.org.apache.hc.client5.http.headers -- http-outgoing-1 >> Host: localhost:2375
14:55:52.408 [main] DEBUG com.github.dockerjava.zerodep.shaded.org.apache.hc.client5.http.headers -- http-outgoing-1 >> Connection: keep-alive
14:55:52.408 [main] DEBUG com.github.dockerjava.zerodep.shaded.org.apache.hc.client5.http.wire -- http-outgoing-1 >> "POST /v1.32/containers/0965ee6b269559b1bb36bde0af7a4bd2f223fe1a2367d40895e097a11325a090/start HTTP/1.1[\r][\n]"
14:55:52.408 [main] DEBUG com.github.dockerjava.zerodep.shaded.org.apache.hc.client5.http.wire -- http-outgoing-1 >> "accept: application/json[\r][\n]"
14:55:52.408 [main] DEBUG com.github.dockerjava.zerodep.shaded.org.apache.hc.client5.http.wire -- http-outgoing-1 >> "content-type: application/json[\r][\n]"
14:55:52.408 [main] DEBUG com.github.dockerjava.zerodep.shaded.org.apache.hc.client5.http.wire -- http-outgoing-1 >> "x-tc-sid: 35985044-72d4-41bf-a8fd-d98ab43b3acb[\r][\n]"
14:55:52.408 [main] DEBUG com.github.dockerjava.zerodep.shaded.org.apache.hc.client5.http.wire -- http-outgoing-1 >> "User-Agent: tc-java/1.19.3[\r][\n]"
14:55:52.408 [main] DEBUG com.github.dockerjava.zerodep.shaded.org.apache.hc.client5.http.wire -- http-outgoing-1 >> "Accept-Encoding: gzip, x-gzip, deflate[\r][\n]"
14:55:52.408 [main] DEBUG com.github.dockerjava.zerodep.shaded.org.apache.hc.client5.http.wire -- http-outgoing-1 >> "Host: localhost:2375[\r][\n]"
14:55:52.408 [main] DEBUG com.github.dockerjava.zerodep.shaded.org.apache.hc.client5.http.wire -- http-outgoing-1 >> "Connection: keep-alive[\r][\n]"
14:55:52.408 [main] DEBUG com.github.dockerjava.zerodep.shaded.org.apache.hc.client5.http.wire -- http-outgoing-1 >> "[\r][\n]"
14:55:52.493 [main] DEBUG com.github.dockerjava.zerodep.shaded.org.apache.hc.client5.http.wire -- http-outgoing-1 << "HTTP/1.1 204 No Content[\r][\n]"
14:55:52.493 [main] DEBUG com.github.dockerjava.zerodep.shaded.org.apache.hc.client5.http.wire -- http-outgoing-1 << "Api-Version: 1.49[\r][\n]"
14:55:52.493 [main] DEBUG com.github.dockerjava.zerodep.shaded.org.apache.hc.client5.http.wire -- http-outgoing-1 << "Date: Sat, 26 Jul 2025 18:55:52 GMT[\r][\n]"
14:55:52.493 [main] DEBUG com.github.dockerjava.zerodep.shaded.org.apache.hc.client5.http.wire -- http-outgoing-1 << "Docker-Experimental: false[\r][\n]"
14:55:52.493 [main] DEBUG com.github.dockerjava.zerodep.shaded.org.apache.hc.client5.http.wire -- http-outgoing-1 << "Ostype: linux[\r][\n]"
14:55:52.493 [main] DEBUG com.github.dockerjava.zerodep.shaded.org.apache.hc.client5.http.wire -- http-outgoing-1 << "Server: Docker/28.1.1 (linux)[\r][\n]"
14:55:52.493 [main] DEBUG com.github.dockerjava.zerodep.shaded.org.apache.hc.client5.http.wire -- http-outgoing-1 << "[\r][\n]"
14:55:52.493 [main] DEBUG com.github.dockerjava.zerodep.shaded.org.apache.hc.client5.http.headers -- http-outgoing-1 << HTTP/1.1 204 No Content
14:55:52.493 [main] DEBUG com.github.dockerjava.zerodep.shaded.org.apache.hc.client5.http.headers -- http-outgoing-1 << Api-Version: 1.49
14:55:52.493 [main] DEBUG com.github.dockerjava.zerodep.shaded.org.apache.hc.client5.http.headers -- http-outgoing-1 << Date: Sat, 26 Jul 2025 18:55:52 GMT
14:55:52.493 [main] DEBUG com.github.dockerjava.zerodep.shaded.org.apache.hc.client5.http.headers -- http-outgoing-1 << Docker-Experimental: false
14:55:52.493 [main] DEBUG com.github.dockerjava.zerodep.shaded.org.apache.hc.client5.http.headers -- http-outgoing-1 << Ostype: linux
14:55:52.493 [main] DEBUG com.github.dockerjava.zerodep.shaded.org.apache.hc.client5.http.headers -- http-outgoing-1 << Server: Docker/28.1.1 (linux)
14:55:52.493 [main] DEBUG com.github.dockerjava.zerodep.shaded.org.apache.hc.client5.http.impl.classic.MainClientExec -- ex-0000000C: connection can be kept alive for 3 MINUTES
14:55:52.493 [main] DEBUG com.github.dockerjava.zerodep.shaded.org.apache.hc.client5.http.impl.classic.InternalHttpClient -- ep-0000000B: releasing valid endpoint
14:55:52.493 [main] DEBUG com.github.dockerjava.zerodep.shaded.org.apache.hc.client5.http.impl.io.PoolingHttpClientConnectionManager -- ep-0000000B: releasing endpoint
14:55:52.493 [main] DEBUG com.github.dockerjava.zerodep.shaded.org.apache.hc.client5.http.impl.io.PoolingHttpClientConnectionManager -- ep-0000000B: connection http-outgoing-1 can be kept alive for 3 MINUTES
14:55:52.493 [main] DEBUG com.github.dockerjava.zerodep.shaded.org.apache.hc.client5.http.impl.io.PoolingHttpClientConnectionManager -- ep-0000000B: connection released [route: {}->unix://localhost:2375][total available: 1; route allocated: 1 of 2147483647; total allocated: 1 of 2147483647]
14:55:52.493 [main] DEBUG org.testcontainers.shaded.com.github.dockerjava.core.command.AbstrDockerCmd -- Cmd: 0965ee6b269559b1bb36bde0af7a4bd2f223fe1a2367d40895e097a11325a090,false
14:55:52.494 [main] DEBUG org.testcontainers.shaded.com.github.dockerjava.core.exec.InspectContainerCmdExec -- GET: DefaultWebTarget{path=[/containers/0965ee6b269559b1bb36bde0af7a4bd2f223fe1a2367d40895e097a11325a090/json], queryParams={}}
14:55:52.494 [main] DEBUG com.github.dockerjava.zerodep.shaded.org.apache.hc.client5.http.impl.classic.InternalHttpClient -- ex-0000000D: preparing request execution
14:55:52.494 [main] DEBUG com.github.dockerjava.zerodep.shaded.org.apache.hc.client5.http.protocol.RequestAddCookies -- Cookie spec selected: strict
14:55:52.494 [main] DEBUG com.github.dockerjava.zerodep.shaded.org.apache.hc.client5.http.protocol.RequestAuthCache -- Auth cache not set in the context
14:55:52.494 [main] DEBUG com.github.dockerjava.zerodep.shaded.org.apache.hc.client5.http.impl.classic.ProtocolExec -- ex-0000000D: target auth state: UNCHALLENGED
14:55:52.494 [main] DEBUG com.github.dockerjava.zerodep.shaded.org.apache.hc.client5.http.impl.classic.ProtocolExec -- ex-0000000D: proxy auth state: UNCHALLENGED
14:55:52.494 [main] DEBUG com.github.dockerjava.zerodep.shaded.org.apache.hc.client5.http.impl.classic.ConnectExec -- ex-0000000D: acquiring connection with route {}->unix://localhost:2375
14:55:52.494 [main] DEBUG com.github.dockerjava.zerodep.shaded.org.apache.hc.client5.http.impl.classic.InternalHttpClient -- ex-0000000D: acquiring endpoint (3 MINUTES)
14:55:52.494 [main] DEBUG com.github.dockerjava.zerodep.shaded.org.apache.hc.client5.http.impl.io.PoolingHttpClientConnectionManager -- ex-0000000D: endpoint lease request (3 MINUTES) [route: {}->unix://localhost:2375][total available: 1; route allocated: 1 of 2147483647; total allocated: 1 of 2147483647]
14:55:52.494 [main] DEBUG com.github.dockerjava.zerodep.shaded.org.apache.hc.client5.http.impl.io.PoolingHttpClientConnectionManager -- ex-0000000D: endpoint leased [route: {}->unix://localhost:2375][total available: 0; route allocated: 1 of 2147483647; total allocated: 1 of 2147483647]
14:55:52.494 [main] DEBUG com.github.dockerjava.zerodep.shaded.org.apache.hc.client5.http.impl.io.PoolingHttpClientConnectionManager -- ex-0000000D: acquired ep-0000000C
14:55:52.494 [main] DEBUG com.github.dockerjava.zerodep.shaded.org.apache.hc.client5.http.impl.classic.InternalHttpClient -- ex-0000000D: acquired endpoint ep-0000000C
14:55:52.494 [main] DEBUG com.github.dockerjava.zerodep.shaded.org.apache.hc.client5.http.impl.classic.MainClientExec -- ex-0000000D: executing GET /v1.32/containers/0965ee6b269559b1bb36bde0af7a4bd2f223fe1a2367d40895e097a11325a090/json HTTP/1.1
14:55:52.494 [main] DEBUG com.github.dockerjava.zerodep.shaded.org.apache.hc.client5.http.impl.classic.InternalHttpClient -- ep-0000000C: start execution ex-0000000D
14:55:52.494 [main] DEBUG com.github.dockerjava.zerodep.shaded.org.apache.hc.client5.http.impl.io.PoolingHttpClientConnectionManager -- ep-0000000C: executing exchange ex-0000000D over http-outgoing-1
14:55:52.494 [main] DEBUG com.github.dockerjava.zerodep.shaded.org.apache.hc.client5.http.headers -- http-outgoing-1 >> GET /v1.32/containers/0965ee6b269559b1bb36bde0af7a4bd2f223fe1a2367d40895e097a11325a090/json HTTP/1.1
14:55:52.494 [main] DEBUG com.github.dockerjava.zerodep.shaded.org.apache.hc.client5.http.headers -- http-outgoing-1 >> accept: application/json
14:55:52.494 [main] DEBUG com.github.dockerjava.zerodep.shaded.org.apache.hc.client5.http.headers -- http-outgoing-1 >> x-tc-sid: 35985044-72d4-41bf-a8fd-d98ab43b3acb
14:55:52.494 [main] DEBUG com.github.dockerjava.zerodep.shaded.org.apache.hc.client5.http.headers -- http-outgoing-1 >> User-Agent: tc-java/1.19.3
14:55:52.494 [main] DEBUG com.github.dockerjava.zerodep.shaded.org.apache.hc.client5.http.headers -- http-outgoing-1 >> Accept-Encoding: gzip, x-gzip, deflate
14:55:52.494 [main] DEBUG com.github.dockerjava.zerodep.shaded.org.apache.hc.client5.http.headers -- http-outgoing-1 >> Host: localhost:2375
14:55:52.494 [main] DEBUG com.github.dockerjava.zerodep.shaded.org.apache.hc.client5.http.headers -- http-outgoing-1 >> Connection: keep-alive
14:55:52.494 [main] DEBUG com.github.dockerjava.zerodep.shaded.org.apache.hc.client5.http.wire -- http-outgoing-1 >> "GET /v1.32/containers/0965ee6b269559b1bb36bde0af7a4bd2f223fe1a2367d40895e097a11325a090/json HTTP/1.1[\r][\n]"
14:55:52.494 [main] DEBUG com.github.dockerjava.zerodep.shaded.org.apache.hc.client5.http.wire -- http-outgoing-1 >> "accept: application/json[\r][\n]"
14:55:52.494 [main] DEBUG com.github.dockerjava.zerodep.shaded.org.apache.hc.client5.http.wire -- http-outgoing-1 >> "x-tc-sid: 35985044-72d4-41bf-a8fd-d98ab43b3acb[\r][\n]"
14:55:52.494 [main] DEBUG com.github.dockerjava.zerodep.shaded.org.apache.hc.client5.http.wire -- http-outgoing-1 >> "User-Agent: tc-java/1.19.3[\r][\n]"
14:55:52.494 [main] DEBUG com.github.dockerjava.zerodep.shaded.org.apache.hc.client5.http.wire -- http-outgoing-1 >> "Accept-Encoding: gzip, x-gzip, deflate[\r][\n]"
14:55:52.494 [main] DEBUG com.github.dockerjava.zerodep.shaded.org.apache.hc.client5.http.wire -- http-outgoing-1 >> "Host: localhost:2375[\r][\n]"
14:55:52.494 [main] DEBUG com.github.dockerjava.zerodep.shaded.org.apache.hc.client5.http.wire -- http-outgoing-1 >> "Connection: keep-alive[\r][\n]"
14:55:52.494 [main] DEBUG com.github.dockerjava.zerodep.shaded.org.apache.hc.client5.http.wire -- http-outgoing-1 >> "[\r][\n]"
14:55:52.496 [main] DEBUG com.github.dockerjava.zerodep.shaded.org.apache.hc.client5.http.wire -- http-outgoing-1 << "HTTP/1.1 200 OK[\r][\n]"
14:55:52.496 [main] DEBUG com.github.dockerjava.zerodep.shaded.org.apache.hc.client5.http.wire -- http-outgoing-1 << "Api-Version: 1.49[\r][\n]"
14:55:52.496 [main] DEBUG com.github.dockerjava.zerodep.shaded.org.apache.hc.client5.http.wire -- http-outgoing-1 << "Content-Type: application/json[\r][\n]"
14:55:52.496 [main] DEBUG com.github.dockerjava.zerodep.shaded.org.apache.hc.client5.http.wire -- http-outgoing-1 << "Date: Sat, 26 Jul 2025 18:55:52 GMT[\r][\n]"
14:55:52.496 [main] DEBUG com.github.dockerjava.zerodep.shaded.org.apache.hc.client5.http.wire -- http-outgoing-1 << "Docker-Experimental: false[\r][\n]"
14:55:52.496 [main] DEBUG com.github.dockerjava.zerodep.shaded.org.apache.hc.client5.http.wire -- http-outgoing-1 << "Ostype: linux[\r][\n]"
14:55:52.496 [main] DEBUG com.github.dockerjava.zerodep.shaded.org.apache.hc.client5.http.wire -- http-outgoing-1 << "Server: Docker/28.1.1 (linux)[\r][\n]"
14:55:52.496 [main] DEBUG com.github.dockerjava.zerodep.shaded.org.apache.hc.client5.http.wire -- http-outgoing-1 << "Transfer-Encoding: chunked[\r][\n]"
14:55:52.496 [main] DEBUG com.github.dockerjava.zerodep.shaded.org.apache.hc.client5.http.wire -- http-outgoing-1 << "[\r][\n]"
14:55:52.496 [main] DEBUG com.github.dockerjava.zerodep.shaded.org.apache.hc.client5.http.headers -- http-outgoing-1 << HTTP/1.1 200 OK
14:55:52.496 [main] DEBUG com.github.dockerjava.zerodep.shaded.org.apache.hc.client5.http.headers -- http-outgoing-1 << Api-Version: 1.49
14:55:52.496 [main] DEBUG com.github.dockerjava.zerodep.shaded.org.apache.hc.client5.http.headers -- http-outgoing-1 << Content-Type: application/json
14:55:52.496 [main] DEBUG com.github.dockerjava.zerodep.shaded.org.apache.hc.client5.http.headers -- http-outgoing-1 << Date: Sat, 26 Jul 2025 18:55:52 GMT
14:55:52.496 [main] DEBUG com.github.dockerjava.zerodep.shaded.org.apache.hc.client5.http.headers -- http-outgoing-1 << Docker-Experimental: false
14:55:52.496 [main] DEBUG com.github.dockerjava.zerodep.shaded.org.apache.hc.client5.http.headers -- http-outgoing-1 << Ostype: linux
14:55:52.496 [main] DEBUG com.github.dockerjava.zerodep.shaded.org.apache.hc.client5.http.headers -- http-outgoing-1 << Server: Docker/28.1.1 (linux)
14:55:52.496 [main] DEBUG com.github.dockerjava.zerodep.shaded.org.apache.hc.client5.http.headers -- http-outgoing-1 << Transfer-Encoding: chunked
14:55:52.496 [main] DEBUG com.github.dockerjava.zerodep.shaded.org.apache.hc.client5.http.impl.classic.MainClientExec -- ex-0000000D: connection can be kept alive for 3 MINUTES
14:55:52.497 [main] DEBUG com.github.dockerjava.zerodep.shaded.org.apache.hc.client5.http.wire -- http-outgoing-1 << "1c78[\r][\n]"
14:55:52.497 [main] DEBUG com.github.dockerjava.zerodep.shaded.org.apache.hc.client5.http.wire -- http-outgoing-1 << "{"Id":"0965ee6b269559b1bb36bde0af7a4bd2f223fe1a2367d40895e097a11325a090","Created":"2025-07-26T18:55:52.389813544Z","Path":"sh","Args":["-c","while [ ! -f /testcontainers_start.sh ]; do sleep 0.1; done; /testcontainers_start.sh"],"State":{"Status":"running","Running":true,"Paused":false,"Restarting":false,"OOMKilled":false,"Dead":false,"Pid":15135,"ExitCode":0,"Error":"","StartedAt":"2025-07-26T18:55:52.417587627Z","FinishedAt":"0001-01-01T00:00:00Z"},"Image":"sha256:24cdd3a7fa89d2bed150560ebea81ff1943badfa61e51d66bb541a6b0d7fb047","ResolvConfPath":"/var/lib/docker/containers/0965ee6b269559b1bb36bde0af7a4bd2f223fe1a2367d40895e097a11325a090/resolv.conf","HostnamePath":"/var/lib/docker/containers/0965ee6b269559b1bb36bde0af7a4bd2f223fe1a2367d40895e097a11325a090/hostname","HostsPath":"/var/lib/docker/containers/0965ee6b269559b1bb36bde0af7a4bd2f223fe1a2367d40895e097a11325a090/hosts","LogPath":"/var/lib/docker/containers/0965ee6b269559b1bb36bde0af7a4bd2f223fe1a2367d40895e097a11325a090/0965ee6b269559b1bb36bde0af7a4bd2f223fe1a2367d40895e097a11325a090-json.log","Name":"/epic_snyder","RestartCount":0,"Driver":"overlayfs","Platform":"linux","MountLabel":"","ProcessLabel":"","AppArmorProfile":"","ExecIDs":null,"HostConfig":{"Binds":[],"ContainerIDFile":"","LogConfig":{"Type":"json-file","Config":{}},"NetworkMode":"b90d4e7d8ee3a4972165243e62a6b881c6d15d6c9acfb3ab6bbf2bb2aa4e375a","PortBindings":{"2181/tcp":[{"HostIp":"0.0.0.0","HostPort":"0"}],"9093/tcp":[{"HostIp":"0.0.0.0","HostPort":"0"}]},"RestartPolicy":{"Name":"no","MaximumRetryCount":0},"AutoRemove":false,"VolumeDriver":"","VolumesFrom":[],"ConsoleSize":[0,0],"CapAdd":null,"CapDrop":null,"CgroupnsMode":"private","Dns":null,"DnsOptions":null,"DnsSearch":null,"ExtraHosts":[],"GroupAdd":null,"IpcMode":"shareable","Cgroup":"","Links":null,"OomScoreAdj":0,"PidMode":"","Privileged":false,"PublishAllPorts":false,"ReadonlyRootfs":false,"SecurityOpt":null,"UTSMode":"","UsernsMode":"","ShmSize":67108864,"Runtime":"runc","Isolation":"","CpuShares":0,"Memory":0,"NanoCpus":0,"CgroupParent":"","BlkioWeight":0,"BlkioWeightDevice":null,"BlkioDeviceReadBps":null,"BlkioDeviceWriteBps":null,"BlkioDeviceReadIOps":null,"BlkioDeviceWriteIOps":null,"CpuPeriod":0,"CpuQuota":0,"CpuRealtimePeriod":0,"CpuRealtimeRuntime":0,"CpusetCpus":"","CpusetMems":"","Devices":null,"DeviceCgroupRules":null,"DeviceRequests":null,"MemoryReservation":0,"MemorySwap":0,"MemorySwappiness":null,"OomKillDisable":null,"PidsLimit":null,"Ulimits":null,"CpuCount":0,"CpuPercent":0,"IOMaximumIOps":0,"IOMaximumBandwidth":0,"MaskedPaths":["/proc/asound","/proc/acpi","/proc/interrupts","/proc/kcore","/proc/keys","/proc/latency_stats","/proc/timer_list","/proc/timer_stats","/proc/sched_debug","/proc/scsi","/sys/firmware","/sys/devices/virtual/powercap"],"ReadonlyPaths":["/proc/bus","/proc/fs","/proc/irq","/proc/sys","/proc/sysrq-trigger"]},"GraphDriver":{"Data":null,"Name":"overlayfs"},"Mounts":[{"Type":"volume","Name":"788f5af5391b02aac0a14cb6e122b19cbc00911980ec79173bc73dea549e4914","Source":"/var/lib/docker/volumes/788f5af5391b02aac0a14cb6e122b19cbc00911980ec79173bc73dea549e4914/_data","Destination":"/etc/kafka/secrets","Driver":"local","Mode":"","RW":true,"Propagation":""},{"Type":"volume","Name":"8d5c51fc1f0fa0e60055ef814cedc1285c6510ab707cd96fff62cf7769a98099","Source":"/var/lib/docker/volumes/8d5c51fc1f0fa0e60055ef814cedc1285c6510ab707cd96fff62cf7769a98099/_data","Destination":"/var/lib/kafka/data","Driver":"local","Mode":"","RW":true,"Propagation":""}],"Config":{"Hostname":"0965ee6b2695","Domainname":"","User":"appuser","AttachStdin":false,"AttachStdout":false,"AttachStderr":false,"ExposedPorts":{"2181/tcp":{},"9092/tcp":{},"9093/tcp":{}},"Tty":false,"OpenStdin":false,"StdinOnce":false,"Env":["KAFKA_LOG_FLUSH_INTERVAL_MESSAGES=9223372036854775807","KAFKA_BROKER_ID=1","KAFKA_TRANSACTION_STATE_LOG_MIN_ISR=1","KAFKA_ZOOKEEPER_CONNECT=localhost:2181","KAFKA_OFFSETS_TOPIC_NUM_PARTITIONS=1","KAFKA_TRANSACTION_STATE_LOG_REPLICATION_FACTOR=1","KAFKA_LISTENERS=PLAINTEXT://0.0.0.0:9093,BROKER://0.0.0.0:9092","KAFKA_OFFSETS_TOPIC_REPLICATION_FACTOR=1","KAFKA_INTER_BROKER_LISTENER_NAME=BROKER","KAFKA_LISTENER_SECURITY_PROTOCOL_MAP=BROKER:PLAINTEXT,PLAINTEXT:PLAINTEXT","KAFKA_GROUP_INITIAL_REBALANCE_DELAY_MS=0","PATH=/usr/local/sbin:/usr/local/bin:/usr/sbin:/usr/bin:/sbin:/bin","container=oci","LANG=C.UTF-8","CUB_CLASSPATH=\"/usr/share/java/kafka/*:/usr/share/java/cp-base-new/*\"","KAFKA_ADVERTISED_LISTENERS=","CLUSTER_ID=","COMPONENT=kafka"],"Cmd":["-c","while [ ! -f /testcontainers_start.sh ]; do sleep 0.1; done; /testcontainers_start.sh"],"Image":"confluentinc/cp-kafka:7.6.0","Volumes":{"/etc/kafka/secrets":{},"/var/lib/kafka/data":{}},"WorkingDir":"/home/appuser","Entrypoint":["sh"],"OnBuild":null,"Labels":{"architecture":"aarch64","build-date":"2024-01-16T18:44:24","com.redhat.component":"ubi8-minimal-container","com.redhat.license_terms":"https://www.redhat.com/en/about/red-hat-end-user-license-agreements#UBI","description":"Common base image for Confluent's Docker images.","distribution-scope":"public","io.buildah.version":"1.29.0","io.confluent.docker":"true","io.confluent.docker.build.number":"6","io.confluent.docker.git.id":"f38aed949","io.confluent.docker.git.repo":"confluentinc/kafka-images","io.k8s.description":"The Universal Base Image Minimal is a stripped down image that uses microdnf as a package manager. This base image is freely redistributable, but Red Hat only supports Red Hat technologies through subscriptions for Red Hat products. This image is maintained by Red Hat and updated regularly.","io.k8s.display-name":"Red Hat Universal Base Image 8 Minimal","io.openshift.expose-services":"","io.openshift.tags":"minimal rhel8","maintainer":"partner-support@confluent.io","name":"cp-kafka","org.testcontainers":"true","org.testcontainers.lang":"java","org.testcontainers.sessionId":"35985044-72d4-41bf-a8fd-d98ab43b3acb","org.testcontainers.version":"1.19.3","release":"7.6.0","summary":"Confluent platform Kafka.","url":"https://access.redhat.com/containers/#/registry.access.redhat.com/ubi8-minimal/images/8.9-1108.1705420507","vcs-ref":"7e7670a8c8c9a3be83beaa2787f3703b404d4a1d","vcs-type":"git","vendor":"Confluent","version":"f38aed949"}},"NetworkSettings":{"Bridge":"","SandboxID":"78a14bb41406d176b43391d732ea0bd104724f90392d4c2defece87dcd4e67a6","SandboxKey":"/var/run/docker/netns/78a14bb41406","Ports":{"2181/tcp":[],"9092/tcp":null,"9093/tcp":[]},"HairpinMode":false,"LinkLocalIPv6Address":"","LinkLocalIPv6PrefixLen":0,"SecondaryIPAddresses":null,"SecondaryIPv6Addresses":null,"EndpointID":"","Gateway":"","GlobalIPv6Address":"","GlobalIPv6PrefixLen":0,"IPAddress":"","IPPrefixLen":0,"IPv6Gateway":"","MacAddress":"","Networks":{"ffc67edb-b35b-4dd8-ab5f-ec822f379e3c":{"IPAMConfig":null,"Links":null,"Aliases":["tc-x9qghsKa","kafka","0965ee6b2695"],"MacAddress":"f2:aa:2b:4d:fe:b0","DriverOpts":null,"GwPriority":0,"NetworkID":"b90d4e7d8ee3a4972165243e62a6b881c6d15d6c9acfb3ab6bbf2bb2aa4e375a","EndpointID":"5af664b3acf79d9c639ace9901999afc1761860d38765f920ac044ca72334231","Gateway":"172.19.0.1","IPAddress":"172.19.0.2","IPPrefixLen":16,"IPv6Gateway":"","GlobalIPv6Address":"","GlobalIPv6PrefixLen":0,"DNSNames":["epic_snyder","tc-x9qghsKa","kafka","0965ee6b2695"]}}}}[\n]"
14:55:52.497 [main] DEBUG com.github.dockerjava.zerodep.shaded.org.apache.hc.client5.http.wire -- http-outgoing-1 << "[\r][\n]"
14:55:52.498 [main] DEBUG com.github.dockerjava.zerodep.shaded.org.apache.hc.client5.http.wire -- http-outgoing-1 << "0[\r][\n]"
14:55:52.498 [main] DEBUG com.github.dockerjava.zerodep.shaded.org.apache.hc.client5.http.wire -- http-outgoing-1 << "[\r][\n]"
14:55:52.498 [main] DEBUG com.github.dockerjava.zerodep.shaded.org.apache.hc.client5.http.impl.classic.InternalHttpClient -- ep-0000000C: releasing valid endpoint
14:55:52.498 [main] DEBUG com.github.dockerjava.zerodep.shaded.org.apache.hc.client5.http.impl.io.PoolingHttpClientConnectionManager -- ep-0000000C: releasing endpoint
14:55:52.498 [main] DEBUG com.github.dockerjava.zerodep.shaded.org.apache.hc.client5.http.impl.io.PoolingHttpClientConnectionManager -- ep-0000000C: connection http-outgoing-1 can be kept alive for 3 MINUTES
14:55:52.498 [main] DEBUG com.github.dockerjava.zerodep.shaded.org.apache.hc.client5.http.impl.io.PoolingHttpClientConnectionManager -- ep-0000000C: connection released [route: {}->unix://localhost:2375][total available: 1; route allocated: 1 of 2147483647; total allocated: 1 of 2147483647]
14:55:52.549 [main] DEBUG org.testcontainers.shaded.com.github.dockerjava.core.command.AbstrDockerCmd -- Cmd: 0965ee6b269559b1bb36bde0af7a4bd2f223fe1a2367d40895e097a11325a090,false
14:55:52.550 [main] DEBUG org.testcontainers.shaded.com.github.dockerjava.core.exec.InspectContainerCmdExec -- GET: DefaultWebTarget{path=[/containers/0965ee6b269559b1bb36bde0af7a4bd2f223fe1a2367d40895e097a11325a090/json], queryParams={}}
14:55:52.550 [main] DEBUG com.github.dockerjava.zerodep.shaded.org.apache.hc.client5.http.impl.classic.InternalHttpClient -- ex-0000000E: preparing request execution
14:55:52.550 [main] DEBUG com.github.dockerjava.zerodep.shaded.org.apache.hc.client5.http.protocol.RequestAddCookies -- Cookie spec selected: strict
14:55:52.550 [main] DEBUG com.github.dockerjava.zerodep.shaded.org.apache.hc.client5.http.protocol.RequestAuthCache -- Auth cache not set in the context
14:55:52.550 [main] DEBUG com.github.dockerjava.zerodep.shaded.org.apache.hc.client5.http.impl.classic.ProtocolExec -- ex-0000000E: target auth state: UNCHALLENGED
14:55:52.550 [main] DEBUG com.github.dockerjava.zerodep.shaded.org.apache.hc.client5.http.impl.classic.ProtocolExec -- ex-0000000E: proxy auth state: UNCHALLENGED
14:55:52.550 [main] DEBUG com.github.dockerjava.zerodep.shaded.org.apache.hc.client5.http.impl.classic.ConnectExec -- ex-0000000E: acquiring connection with route {}->unix://localhost:2375
14:55:52.550 [main] DEBUG com.github.dockerjava.zerodep.shaded.org.apache.hc.client5.http.impl.classic.InternalHttpClient -- ex-0000000E: acquiring endpoint (3 MINUTES)
14:55:52.550 [main] DEBUG com.github.dockerjava.zerodep.shaded.org.apache.hc.client5.http.impl.io.PoolingHttpClientConnectionManager -- ex-0000000E: endpoint lease request (3 MINUTES) [route: {}->unix://localhost:2375][total available: 1; route allocated: 1 of 2147483647; total allocated: 1 of 2147483647]
14:55:52.550 [main] DEBUG com.github.dockerjava.zerodep.shaded.org.apache.hc.client5.http.impl.io.PoolingHttpClientConnectionManager -- ex-0000000E: endpoint leased [route: {}->unix://localhost:2375][total available: 0; route allocated: 1 of 2147483647; total allocated: 1 of 2147483647]
14:55:52.550 [main] DEBUG com.github.dockerjava.zerodep.shaded.org.apache.hc.client5.http.impl.io.PoolingHttpClientConnectionManager -- ex-0000000E: acquired ep-0000000D
14:55:52.550 [main] DEBUG com.github.dockerjava.zerodep.shaded.org.apache.hc.client5.http.impl.classic.InternalHttpClient -- ex-0000000E: acquired endpoint ep-0000000D
14:55:52.550 [main] DEBUG com.github.dockerjava.zerodep.shaded.org.apache.hc.client5.http.impl.classic.MainClientExec -- ex-0000000E: executing GET /v1.32/containers/0965ee6b269559b1bb36bde0af7a4bd2f223fe1a2367d40895e097a11325a090/json HTTP/1.1
14:55:52.550 [main] DEBUG com.github.dockerjava.zerodep.shaded.org.apache.hc.client5.http.impl.classic.InternalHttpClient -- ep-0000000D: start execution ex-0000000E
14:55:52.550 [main] DEBUG com.github.dockerjava.zerodep.shaded.org.apache.hc.client5.http.impl.io.PoolingHttpClientConnectionManager -- ep-0000000D: executing exchange ex-0000000E over http-outgoing-1
14:55:52.550 [main] DEBUG com.github.dockerjava.zerodep.shaded.org.apache.hc.client5.http.headers -- http-outgoing-1 >> GET /v1.32/containers/0965ee6b269559b1bb36bde0af7a4bd2f223fe1a2367d40895e097a11325a090/json HTTP/1.1
14:55:52.550 [main] DEBUG com.github.dockerjava.zerodep.shaded.org.apache.hc.client5.http.headers -- http-outgoing-1 >> accept: application/json
14:55:52.550 [main] DEBUG com.github.dockerjava.zerodep.shaded.org.apache.hc.client5.http.headers -- http-outgoing-1 >> x-tc-sid: 35985044-72d4-41bf-a8fd-d98ab43b3acb
14:55:52.550 [main] DEBUG com.github.dockerjava.zerodep.shaded.org.apache.hc.client5.http.headers -- http-outgoing-1 >> User-Agent: tc-java/1.19.3
14:55:52.550 [main] DEBUG com.github.dockerjava.zerodep.shaded.org.apache.hc.client5.http.headers -- http-outgoing-1 >> Accept-Encoding: gzip, x-gzip, deflate
14:55:52.550 [main] DEBUG com.github.dockerjava.zerodep.shaded.org.apache.hc.client5.http.headers -- http-outgoing-1 >> Host: localhost:2375
14:55:52.550 [main] DEBUG com.github.dockerjava.zerodep.shaded.org.apache.hc.client5.http.headers -- http-outgoing-1 >> Connection: keep-alive
14:55:52.550 [main] DEBUG com.github.dockerjava.zerodep.shaded.org.apache.hc.client5.http.wire -- http-outgoing-1 >> "GET /v1.32/containers/0965ee6b269559b1bb36bde0af7a4bd2f223fe1a2367d40895e097a11325a090/json HTTP/1.1[\r][\n]"
14:55:52.550 [main] DEBUG com.github.dockerjava.zerodep.shaded.org.apache.hc.client5.http.wire -- http-outgoing-1 >> "accept: application/json[\r][\n]"
14:55:52.550 [main] DEBUG com.github.dockerjava.zerodep.shaded.org.apache.hc.client5.http.wire -- http-outgoing-1 >> "x-tc-sid: 35985044-72d4-41bf-a8fd-d98ab43b3acb[\r][\n]"
14:55:52.550 [main] DEBUG com.github.dockerjava.zerodep.shaded.org.apache.hc.client5.http.wire -- http-outgoing-1 >> "User-Agent: tc-java/1.19.3[\r][\n]"
14:55:52.550 [main] DEBUG com.github.dockerjava.zerodep.shaded.org.apache.hc.client5.http.wire -- http-outgoing-1 >> "Accept-Encoding: gzip, x-gzip, deflate[\r][\n]"
14:55:52.550 [main] DEBUG com.github.dockerjava.zerodep.shaded.org.apache.hc.client5.http.wire -- http-outgoing-1 >> "Host: localhost:2375[\r][\n]"
14:55:52.550 [main] DEBUG com.github.dockerjava.zerodep.shaded.org.apache.hc.client5.http.wire -- http-outgoing-1 >> "Connection: keep-alive[\r][\n]"
14:55:52.550 [main] DEBUG com.github.dockerjava.zerodep.shaded.org.apache.hc.client5.http.wire -- http-outgoing-1 >> "[\r][\n]"
14:55:52.551 [main] DEBUG com.github.dockerjava.zerodep.shaded.org.apache.hc.client5.http.wire -- http-outgoing-1 << "HTTP/1.1 200 OK[\r][\n]"
14:55:52.552 [main] DEBUG com.github.dockerjava.zerodep.shaded.org.apache.hc.client5.http.wire -- http-outgoing-1 << "Api-Version: 1.49[\r][\n]"
14:55:52.552 [main] DEBUG com.github.dockerjava.zerodep.shaded.org.apache.hc.client5.http.wire -- http-outgoing-1 << "Content-Type: application/json[\r][\n]"
14:55:52.552 [main] DEBUG com.github.dockerjava.zerodep.shaded.org.apache.hc.client5.http.wire -- http-outgoing-1 << "Date: Sat, 26 Jul 2025 18:55:52 GMT[\r][\n]"
14:55:52.552 [main] DEBUG com.github.dockerjava.zerodep.shaded.org.apache.hc.client5.http.wire -- http-outgoing-1 << "Docker-Experimental: false[\r][\n]"
14:55:52.552 [main] DEBUG com.github.dockerjava.zerodep.shaded.org.apache.hc.client5.http.wire -- http-outgoing-1 << "Ostype: linux[\r][\n]"
14:55:52.552 [main] DEBUG com.github.dockerjava.zerodep.shaded.org.apache.hc.client5.http.wire -- http-outgoing-1 << "Server: Docker/28.1.1 (linux)[\r][\n]"
14:55:52.552 [main] DEBUG com.github.dockerjava.zerodep.shaded.org.apache.hc.client5.http.wire -- http-outgoing-1 << "Transfer-Encoding: chunked[\r][\n]"
14:55:52.552 [main] DEBUG com.github.dockerjava.zerodep.shaded.org.apache.hc.client5.http.wire -- http-outgoing-1 << "[\r][\n]"
14:55:52.552 [main] DEBUG com.github.dockerjava.zerodep.shaded.org.apache.hc.client5.http.headers -- http-outgoing-1 << HTTP/1.1 200 OK
14:55:52.552 [main] DEBUG com.github.dockerjava.zerodep.shaded.org.apache.hc.client5.http.headers -- http-outgoing-1 << Api-Version: 1.49
14:55:52.552 [main] DEBUG com.github.dockerjava.zerodep.shaded.org.apache.hc.client5.http.headers -- http-outgoing-1 << Content-Type: application/json
14:55:52.552 [main] DEBUG com.github.dockerjava.zerodep.shaded.org.apache.hc.client5.http.headers -- http-outgoing-1 << Date: Sat, 26 Jul 2025 18:55:52 GMT
14:55:52.552 [main] DEBUG com.github.dockerjava.zerodep.shaded.org.apache.hc.client5.http.headers -- http-outgoing-1 << Docker-Experimental: false
14:55:52.552 [main] DEBUG com.github.dockerjava.zerodep.shaded.org.apache.hc.client5.http.headers -- http-outgoing-1 << Ostype: linux
14:55:52.552 [main] DEBUG com.github.dockerjava.zerodep.shaded.org.apache.hc.client5.http.headers -- http-outgoing-1 << Server: Docker/28.1.1 (linux)
14:55:52.552 [main] DEBUG com.github.dockerjava.zerodep.shaded.org.apache.hc.client5.http.headers -- http-outgoing-1 << Transfer-Encoding: chunked
14:55:52.552 [main] DEBUG com.github.dockerjava.zerodep.shaded.org.apache.hc.client5.http.impl.classic.MainClientExec -- ex-0000000E: connection can be kept alive for 3 MINUTES
14:55:52.552 [main] DEBUG com.github.dockerjava.zerodep.shaded.org.apache.hc.client5.http.wire -- http-outgoing-1 << "1cc6[\r][\n]"
14:55:52.552 [main] DEBUG com.github.dockerjava.zerodep.shaded.org.apache.hc.client5.http.wire -- http-outgoing-1 << "{"Id":"0965ee6b269559b1bb36bde0af7a4bd2f223fe1a2367d40895e097a11325a090","Created":"2025-07-26T18:55:52.389813544Z","Path":"sh","Args":["-c","while [ ! -f /testcontainers_start.sh ]; do sleep 0.1; done; /testcontainers_start.sh"],"State":{"Status":"running","Running":true,"Paused":false,"Restarting":false,"OOMKilled":false,"Dead":false,"Pid":15135,"ExitCode":0,"Error":"","StartedAt":"2025-07-26T18:55:52.417587627Z","FinishedAt":"0001-01-01T00:00:00Z"},"Image":"sha256:24cdd3a7fa89d2bed150560ebea81ff1943badfa61e51d66bb541a6b0d7fb047","ResolvConfPath":"/var/lib/docker/containers/0965ee6b269559b1bb36bde0af7a4bd2f223fe1a2367d40895e097a11325a090/resolv.conf","HostnamePath":"/var/lib/docker/containers/0965ee6b269559b1bb36bde0af7a4bd2f223fe1a2367d40895e097a11325a090/hostname","HostsPath":"/var/lib/docker/containers/0965ee6b269559b1bb36bde0af7a4bd2f223fe1a2367d40895e097a11325a090/hosts","LogPath":"/var/lib/docker/containers/0965ee6b269559b1bb36bde0af7a4bd2f223fe1a2367d40895e097a11325a090/0965ee6b269559b1bb36bde0af7a4bd2f223fe1a2367d40895e097a11325a090-json.log","Name":"/epic_snyder","RestartCount":0,"Driver":"overlayfs","Platform":"linux","MountLabel":"","ProcessLabel":"","AppArmorProfile":"","ExecIDs":null,"HostConfig":{"Binds":[],"ContainerIDFile":"","LogConfig":{"Type":"json-file","Config":{}},"NetworkMode":"b90d4e7d8ee3a4972165243e62a6b881c6d15d6c9acfb3ab6bbf2bb2aa4e375a","PortBindings":{"2181/tcp":[{"HostIp":"0.0.0.0","HostPort":"0"}],"9093/tcp":[{"HostIp":"0.0.0.0","HostPort":"0"}]},"RestartPolicy":{"Name":"no","MaximumRetryCount":0},"AutoRemove":false,"VolumeDriver":"","VolumesFrom":[],"ConsoleSize":[0,0],"CapAdd":null,"CapDrop":null,"CgroupnsMode":"private","Dns":null,"DnsOptions":null,"DnsSearch":null,"ExtraHosts":[],"GroupAdd":null,"IpcMode":"shareable","Cgroup":"","Links":null,"OomScoreAdj":0,"PidMode":"","Privileged":false,"PublishAllPorts":false,"ReadonlyRootfs":false,"SecurityOpt":null,"UTSMode":"","UsernsMode":"","ShmSize":67108864,"Runtime":"runc","Isolation":"","CpuShares":0,"Memory":0,"NanoCpus":0,"CgroupParent":"","BlkioWeight":0,"BlkioWeightDevice":null,"BlkioDeviceReadBps":null,"BlkioDeviceWriteBps":null,"BlkioDeviceReadIOps":null,"BlkioDeviceWriteIOps":null,"CpuPeriod":0,"CpuQuota":0,"CpuRealtimePeriod":0,"CpuRealtimeRuntime":0,"CpusetCpus":"","CpusetMems":"","Devices":null,"DeviceCgroupRules":null,"DeviceRequests":null,"MemoryReservation":0,"MemorySwap":0,"MemorySwappiness":null,"OomKillDisable":null,"PidsLimit":null,"Ulimits":null,"CpuCount":0,"CpuPercent":0,"IOMaximumIOps":0,"IOMaximumBandwidth":0,"MaskedPaths":["/proc/asound","/proc/acpi","/proc/interrupts","/proc/kcore","/proc/keys","/proc/latency_stats","/proc/timer_list","/proc/timer_stats","/proc/sched_debug","/proc/scsi","/sys/firmware","/sys/devices/virtual/powercap"],"ReadonlyPaths":["/proc/bus","/proc/fs","/proc/irq","/proc/sys","/proc/sysrq-trigger"]},"GraphDriver":{"Data":null,"Name":"overlayfs"},"Mounts":[{"Type":"volume","Name":"788f5af5391b02aac0a14cb6e122b19cbc00911980ec79173bc73dea549e4914","Source":"/var/lib/docker/volumes/788f5af5391b02aac0a14cb6e122b19cbc00911980ec79173bc73dea549e4914/_data","Destination":"/etc/kafka/secrets","Driver":"local","Mode":"","RW":true,"Propagation":""},{"Type":"volume","Name":"8d5c51fc1f0fa0e60055ef814cedc1285c6510ab707cd96fff62cf7769a98099","Source":"/var/lib/docker/volumes/8d5c51fc1f0fa0e60055ef814cedc1285c6510ab707cd96fff62cf7769a98099/_data","Destination":"/var/lib/kafka/data","Driver":"local","Mode":"","RW":true,"Propagation":""}],"Config":{"Hostname":"0965ee6b2695","Domainname":"","User":"appuser","AttachStdin":false,"AttachStdout":false,"AttachStderr":false,"ExposedPorts":{"2181/tcp":{},"9092/tcp":{},"9093/tcp":{}},"Tty":false,"OpenStdin":false,"StdinOnce":false,"Env":["KAFKA_LOG_FLUSH_INTERVAL_MESSAGES=9223372036854775807","KAFKA_BROKER_ID=1","KAFKA_TRANSACTION_STATE_LOG_MIN_ISR=1","KAFKA_ZOOKEEPER_CONNECT=localhost:2181","KAFKA_OFFSETS_TOPIC_NUM_PARTITIONS=1","KAFKA_TRANSACTION_STATE_LOG_REPLICATION_FACTOR=1","KAFKA_LISTENERS=PLAINTEXT://0.0.0.0:9093,BROKER://0.0.0.0:9092","KAFKA_OFFSETS_TOPIC_REPLICATION_FACTOR=1","KAFKA_INTER_BROKER_LISTENER_NAME=BROKER","KAFKA_LISTENER_SECURITY_PROTOCOL_MAP=BROKER:PLAINTEXT,PLAINTEXT:PLAINTEXT","KAFKA_GROUP_INITIAL_REBALANCE_DELAY_MS=0","PATH=/usr/local/sbin:/usr/local/bin:/usr/sbin:/usr/bin:/sbin:/bin","container=oci","LANG=C.UTF-8","CUB_CLASSPATH=\"/usr/share/java/kafka/*:/usr/share/java/cp-base-new/*\"","KAFKA_ADVERTISED_LISTENERS=","CLUSTER_ID=","COMPONENT=kafka"],"Cmd":["-c","while [ ! -f /testcontainers_start.sh ]; do sleep 0.1; done; /testcontainers_start.sh"],"Image":"confluentinc/cp-kafka:7.6.0","Volumes":{"/etc/kafka/secrets":{},"/var/lib/kafka/data":{}},"WorkingDir":"/home/appuser","Entrypoint":["sh"],"OnBuild":null,"Labels":{"architecture":"aarch64","build-date":"2024-01-16T18:44:24","com.redhat.component":"ubi8-minimal-container","com.redhat.license_terms":"https://www.redhat.com/en/about/red-hat-end-user-license-agreements#UBI","description":"Common base image for Confluent's Docker images.","distribution-scope":"public","io.buildah.version":"1.29.0","io.confluent.docker":"true","io.confluent.docker.build.number":"6","io.confluent.docker.git.id":"f38aed949","io.confluent.docker.git.repo":"confluentinc/kafka-images","io.k8s.description":"The Universal Base Image Minimal is a stripped down image that uses microdnf as a package manager. This base image is freely redistributable, but Red Hat only supports Red Hat technologies through subscriptions for Red Hat products. This image is maintained by Red Hat and updated regularly.","io.k8s.display-name":"Red Hat Universal Base Image 8 Minimal","io.openshift.expose-services":"","io.openshift.tags":"minimal rhel8","maintainer":"partner-support@confluent.io","name":"cp-kafka","org.testcontainers":"true","org.testcontainers.lang":"java","org.testcontainers.sessionId":"35985044-72d4-41bf-a8fd-d98ab43b3acb","org.testcontainers.version":"1.19.3","release":"7.6.0","summary":"Confluent platform Kafka.","url":"https://access.redhat.com/containers/#/registry.access.redhat.com/ubi8-minimal/images/8.9-1108.1705420507","vcs-ref":"7e7670a8c8c9a3be83beaa2787f3703b404d4a1d","vcs-type":"git","vendor":"Confluent","version":"f38aed949"}},"NetworkSettings":{"Bridge":"","SandboxID":"78a14bb41406d176b43391d732ea0bd104724f90392d4c2defece87dcd4e67a6","SandboxKey":"/var/run/docker/netns/78a14bb41406","Ports":{"2181/tcp":[{"HostIp":"0.0.0.0","HostPort":"62519"}],"9092/tcp":null,"9093/tcp":[{"HostIp":"0.0.0.0","HostPort":"62518"}]},"HairpinMode":false,"LinkLocalIPv6Address":"","LinkLocalIPv6PrefixLen":0,"SecondaryIPAddresses":null,"SecondaryIPv6Addresses":null,"EndpointID":"","Gateway":"","GlobalIPv6Address":"","GlobalIPv6PrefixLen":0,"IPAddress":"","IPPrefixLen":0,"IPv6Gateway":"","MacAddress":"","Networks":{"ffc67edb-b35b-4dd8-ab5f-ec822f379e3c":{"IPAMConfig":null,"Links":null,"Aliases":["tc-x9qghsKa","kafka","0965ee6b2695"],"MacAddress":"f2:aa:2b:4d:fe:b0","DriverOpts":null,"GwPriority":0,"NetworkID":"b90d4e7d8ee3a4972165243e62a6b881c6d15d6c9acfb3ab6bbf2bb2aa4e375a","EndpointID":"5af664b3acf79d9c639ace9901999afc1761860d38765f920ac044ca72334231","Gateway":"172.19.0.1","IPAddress":"172.19.0.2","IPPrefixLen":16,"IPv6Gateway":"","GlobalIPv6Address":"","GlobalIPv6PrefixLen":0,"DNSNames":["epic_snyder","tc-x9qghsKa","kafka","0965ee6b2695"]}}}}[\n]"
14:55:52.552 [main] DEBUG com.github.dockerjava.zerodep.shaded.org.apache.hc.client5.http.wire -- http-outgoing-1 << "[\r][\n]"
14:55:52.553 [main] DEBUG com.github.dockerjava.zerodep.shaded.org.apache.hc.client5.http.wire -- http-outgoing-1 << "0[\r][\n]"
14:55:52.553 [main] DEBUG com.github.dockerjava.zerodep.shaded.org.apache.hc.client5.http.wire -- http-outgoing-1 << "[\r][\n]"
14:55:52.553 [main] DEBUG com.github.dockerjava.zerodep.shaded.org.apache.hc.client5.http.impl.classic.InternalHttpClient -- ep-0000000D: releasing valid endpoint
14:55:52.553 [main] DEBUG com.github.dockerjava.zerodep.shaded.org.apache.hc.client5.http.impl.io.PoolingHttpClientConnectionManager -- ep-0000000D: releasing endpoint
14:55:52.553 [main] DEBUG com.github.dockerjava.zerodep.shaded.org.apache.hc.client5.http.impl.io.PoolingHttpClientConnectionManager -- ep-0000000D: connection http-outgoing-1 can be kept alive for 3 MINUTES
14:55:52.553 [main] DEBUG com.github.dockerjava.zerodep.shaded.org.apache.hc.client5.http.impl.io.PoolingHttpClientConnectionManager -- ep-0000000D: connection released [route: {}->unix://localhost:2375][total available: 1; route allocated: 1 of 2147483647; total allocated: 1 of 2147483647]
14:55:52.554 [main] DEBUG org.testcontainers.shaded.com.github.dockerjava.core.command.AbstrDockerCmd -- Cmd: sha256:24cdd3a7fa89d2bed150560ebea81ff1943badfa61e51d66bb541a6b0d7fb047
14:55:52.554 [main] DEBUG com.github.dockerjava.zerodep.shaded.org.apache.hc.client5.http.impl.classic.InternalHttpClient -- ex-0000000F: preparing request execution
14:55:52.554 [main] DEBUG com.github.dockerjava.zerodep.shaded.org.apache.hc.client5.http.protocol.RequestAddCookies -- Cookie spec selected: strict
14:55:52.554 [main] DEBUG com.github.dockerjava.zerodep.shaded.org.apache.hc.client5.http.protocol.RequestAuthCache -- Auth cache not set in the context
14:55:52.554 [main] DEBUG com.github.dockerjava.zerodep.shaded.org.apache.hc.client5.http.impl.classic.ProtocolExec -- ex-0000000F: target auth state: UNCHALLENGED
14:55:52.554 [main] DEBUG com.github.dockerjava.zerodep.shaded.org.apache.hc.client5.http.impl.classic.ProtocolExec -- ex-0000000F: proxy auth state: UNCHALLENGED
14:55:52.554 [main] DEBUG com.github.dockerjava.zerodep.shaded.org.apache.hc.client5.http.impl.classic.ConnectExec -- ex-0000000F: acquiring connection with route {}->unix://localhost:2375
14:55:52.554 [main] DEBUG com.github.dockerjava.zerodep.shaded.org.apache.hc.client5.http.impl.classic.InternalHttpClient -- ex-0000000F: acquiring endpoint (3 MINUTES)
14:55:52.554 [main] DEBUG com.github.dockerjava.zerodep.shaded.org.apache.hc.client5.http.impl.io.PoolingHttpClientConnectionManager -- ex-0000000F: endpoint lease request (3 MINUTES) [route: {}->unix://localhost:2375][total available: 1; route allocated: 1 of 2147483647; total allocated: 1 of 2147483647]
14:55:52.554 [main] DEBUG com.github.dockerjava.zerodep.shaded.org.apache.hc.client5.http.impl.io.PoolingHttpClientConnectionManager -- ex-0000000F: endpoint leased [route: {}->unix://localhost:2375][total available: 0; route allocated: 1 of 2147483647; total allocated: 1 of 2147483647]
14:55:52.554 [main] DEBUG com.github.dockerjava.zerodep.shaded.org.apache.hc.client5.http.impl.io.PoolingHttpClientConnectionManager -- ex-0000000F: acquired ep-0000000E
14:55:52.554 [main] DEBUG com.github.dockerjava.zerodep.shaded.org.apache.hc.client5.http.impl.classic.InternalHttpClient -- ex-0000000F: acquired endpoint ep-0000000E
14:55:52.554 [main] DEBUG com.github.dockerjava.zerodep.shaded.org.apache.hc.client5.http.impl.classic.MainClientExec -- ex-0000000F: executing GET /v1.32/images/sha256:24cdd3a7fa89d2bed150560ebea81ff1943badfa61e51d66bb541a6b0d7fb047/json HTTP/1.1
14:55:52.554 [main] DEBUG com.github.dockerjava.zerodep.shaded.org.apache.hc.client5.http.impl.classic.InternalHttpClient -- ep-0000000E: start execution ex-0000000F
14:55:52.554 [main] DEBUG com.github.dockerjava.zerodep.shaded.org.apache.hc.client5.http.impl.io.PoolingHttpClientConnectionManager -- ep-0000000E: executing exchange ex-0000000F over http-outgoing-1
14:55:52.554 [main] DEBUG com.github.dockerjava.zerodep.shaded.org.apache.hc.client5.http.headers -- http-outgoing-1 >> GET /v1.32/images/sha256:24cdd3a7fa89d2bed150560ebea81ff1943badfa61e51d66bb541a6b0d7fb047/json HTTP/1.1
14:55:52.554 [main] DEBUG com.github.dockerjava.zerodep.shaded.org.apache.hc.client5.http.headers -- http-outgoing-1 >> accept: application/json
14:55:52.554 [main] DEBUG com.github.dockerjava.zerodep.shaded.org.apache.hc.client5.http.headers -- http-outgoing-1 >> x-tc-sid: 35985044-72d4-41bf-a8fd-d98ab43b3acb
14:55:52.554 [main] DEBUG com.github.dockerjava.zerodep.shaded.org.apache.hc.client5.http.headers -- http-outgoing-1 >> User-Agent: tc-java/1.19.3
14:55:52.554 [main] DEBUG com.github.dockerjava.zerodep.shaded.org.apache.hc.client5.http.headers -- http-outgoing-1 >> Accept-Encoding: gzip, x-gzip, deflate
14:55:52.554 [main] DEBUG com.github.dockerjava.zerodep.shaded.org.apache.hc.client5.http.headers -- http-outgoing-1 >> Host: localhost:2375
14:55:52.554 [main] DEBUG com.github.dockerjava.zerodep.shaded.org.apache.hc.client5.http.headers -- http-outgoing-1 >> Connection: keep-alive
14:55:52.554 [main] DEBUG com.github.dockerjava.zerodep.shaded.org.apache.hc.client5.http.wire -- http-outgoing-1 >> "GET /v1.32/images/sha256:24cdd3a7fa89d2bed150560ebea81ff1943badfa61e51d66bb541a6b0d7fb047/json HTTP/1.1[\r][\n]"
14:55:52.554 [main] DEBUG com.github.dockerjava.zerodep.shaded.org.apache.hc.client5.http.wire -- http-outgoing-1 >> "accept: application/json[\r][\n]"
14:55:52.554 [main] DEBUG com.github.dockerjava.zerodep.shaded.org.apache.hc.client5.http.wire -- http-outgoing-1 >> "x-tc-sid: 35985044-72d4-41bf-a8fd-d98ab43b3acb[\r][\n]"
14:55:52.554 [main] DEBUG com.github.dockerjava.zerodep.shaded.org.apache.hc.client5.http.wire -- http-outgoing-1 >> "User-Agent: tc-java/1.19.3[\r][\n]"
14:55:52.554 [main] DEBUG com.github.dockerjava.zerodep.shaded.org.apache.hc.client5.http.wire -- http-outgoing-1 >> "Accept-Encoding: gzip, x-gzip, deflate[\r][\n]"
14:55:52.554 [main] DEBUG com.github.dockerjava.zerodep.shaded.org.apache.hc.client5.http.wire -- http-outgoing-1 >> "Host: localhost:2375[\r][\n]"
14:55:52.554 [main] DEBUG com.github.dockerjava.zerodep.shaded.org.apache.hc.client5.http.wire -- http-outgoing-1 >> "Connection: keep-alive[\r][\n]"
14:55:52.554 [main] DEBUG com.github.dockerjava.zerodep.shaded.org.apache.hc.client5.http.wire -- http-outgoing-1 >> "[\r][\n]"
14:55:52.566 [main] DEBUG com.github.dockerjava.zerodep.shaded.org.apache.hc.client5.http.wire -- http-outgoing-1 << "HTTP/1.1 200 OK[\r][\n]"
14:55:52.567 [main] DEBUG com.github.dockerjava.zerodep.shaded.org.apache.hc.client5.http.wire -- http-outgoing-1 << "Api-Version: 1.49[\r][\n]"
14:55:52.567 [main] DEBUG com.github.dockerjava.zerodep.shaded.org.apache.hc.client5.http.wire -- http-outgoing-1 << "Content-Type: application/json[\r][\n]"
14:55:52.567 [main] DEBUG com.github.dockerjava.zerodep.shaded.org.apache.hc.client5.http.wire -- http-outgoing-1 << "Date: Sat, 26 Jul 2025 18:55:52 GMT[\r][\n]"
14:55:52.567 [main] DEBUG com.github.dockerjava.zerodep.shaded.org.apache.hc.client5.http.wire -- http-outgoing-1 << "Docker-Experimental: false[\r][\n]"
14:55:52.567 [main] DEBUG com.github.dockerjava.zerodep.shaded.org.apache.hc.client5.http.wire -- http-outgoing-1 << "Ostype: linux[\r][\n]"
14:55:52.567 [main] DEBUG com.github.dockerjava.zerodep.shaded.org.apache.hc.client5.http.wire -- http-outgoing-1 << "Server: Docker/28.1.1 (linux)[\r][\n]"
14:55:52.567 [main] DEBUG com.github.dockerjava.zerodep.shaded.org.apache.hc.client5.http.wire -- http-outgoing-1 << "Transfer-Encoding: chunked[\r][\n]"
14:55:52.567 [main] DEBUG com.github.dockerjava.zerodep.shaded.org.apache.hc.client5.http.wire -- http-outgoing-1 << "[\r][\n]"
14:55:52.567 [main] DEBUG com.github.dockerjava.zerodep.shaded.org.apache.hc.client5.http.wire -- http-outgoing-1 << "cf4[\r][\n]"
14:55:52.567 [main] DEBUG com.github.dockerjava.zerodep.shaded.org.apache.hc.client5.http.wire -- http-outgoing-1 << "{"Id":"sha256:24cdd3a7fa89d2bed150560ebea81ff1943badfa61e51d66bb541a6b0d7fb047","RepoTags":["confluentinc/cp-kafka:7.6.0"],"RepoDigests":["confluentinc/cp-kafka@sha256:24cdd3a7fa89d2bed150560ebea81ff1943badfa61e51d66bb541a6b0d7fb047"],"Parent":"","Comment":"","Created":"2024-02-13T05:21:55.814433649Z","DockerVersion":"","Author":"","Config":{"Hostname":"","Domainname":"","User":"appuser","AttachStdin":false,"AttachStdout":false,"AttachStderr":false,"ExposedPorts":{"9092/tcp":{}},"Tty":false,"OpenStdin":false,"StdinOnce":false,"Env":["PATH=/usr/local/sbin:/usr/local/bin:/usr/sbin:/usr/bin:/sbin:/bin","container=oci","LANG=C.UTF-8","CUB_CLASSPATH=\"/usr/share/java/kafka/*:/usr/share/java/cp-base-new/*\"","KAFKA_ZOOKEEPER_CONNECT=","KAFKA_ADVERTISED_LISTENERS=","CLUSTER_ID=","COMPONENT=kafka"],"Cmd":["/etc/confluent/docker/run"],"Image":"","Volumes":{"/etc/kafka/secrets":{},"/var/lib/kafka/data":{}},"WorkingDir":"/home/appuser","Entrypoint":null,"OnBuild":null,"Labels":{"architecture":"aarch64","build-date":"2024-01-16T18:44:24","com.redhat.component":"ubi8-minimal-container","com.redhat.license_terms":"https://www.redhat.com/en/about/red-hat-end-user-license-agreements#UBI","description":"Common base image for Confluent's Docker images.","distribution-scope":"public","io.buildah.version":"1.29.0","io.confluent.docker":"true","io.confluent.docker.build.number":"6","io.confluent.docker.git.id":"f38aed949","io.confluent.docker.git.repo":"confluentinc/kafka-images","io.k8s.description":"The Universal Base Image Minimal is a stripped down image that uses microdnf as a package manager. This base image is freely redistributable, but Red Hat only supports Red Hat technologies through subscriptions for Red Hat products. This image is maintained by Red Hat and updated regularly.","io.k8s.display-name":"Red Hat Universal Base Image 8 Minimal","io.openshift.expose-services":"","io.openshift.tags":"minimal rhel8","maintainer":"partner-support@confluent.io","name":"cp-kafka","release":"7.6.0","summary":"Confluent platform Kafka.","url":"https://access.redhat.com/containers/#/registry.access.redhat.com/ubi8-minimal/images/8.9-1108.1705420507","vcs-ref":"7e7670a8c8c9a3be83beaa2787f3703b404d4a1d","vcs-type":"git","vendor":"Confluent","version":"f38aed949"}},"Architecture":"arm64","Os":"linux","Size":449331225,"VirtualSize":449331225,"GraphDriver":{"Data":null,"Name":"overlayfs"},"RootFS":{"Type":"layers","Layers":["sha256:9f17dddd470e2747ef73ece837b46b23d2d44f3eaac6ee865e482c724965cc2d","sha256:d44cd67b7a588b6f87b1b21920405a312c1f2dd8acb0609c96a38377ca7a55f7","sha256:d0822712a016e4e92f471670135a99d27597741116558417520a4ea8481719fa","sha256:b350bd8b0fa8971f81e11d653095df2d755333bd78907d0af66aea38d4e23968","sha256:651abe010a7b72bc69dcbf730de0309435881411c833b02672c724ea2468b10a","sha256:ca97e0c48ed7cd7605f92fa43d70d2622e0fb2714f1d5967423ff443a03d19b2","sha256:7e7e6b2e29c64c97ab8e508355d0148048a5d72a4f63f5f36f420efad595631a","sha256:e13d5623be2d5e2ec2a00365770cb2deb17bed700af8b26cc1bb008d3b3188db","sha256:e3dba9b91374946081e26358878dccc0662099d8a7a19c5e2addd5cc4126cafb","sha256:f367f75c0903ee2a9b6a0b6632750300a86392f2e9a571e801cf6a53ed389356","sha256:5ccf847cd1de353ecc4833b2eb3b762e0d02099b576a5dbcb3dbe572b0b55ffd"]},"Metadata":{"LastTagTime":"2025-07-26T13:09:53.089248089Z"}}[\n]"
14:55:52.567 [main] DEBUG com.github.dockerjava.zerodep.shaded.org.apache.hc.client5.http.wire -- http-outgoing-1 << "[\r][\n]"
14:55:52.567 [main] DEBUG com.github.dockerjava.zerodep.shaded.org.apache.hc.client5.http.headers -- http-outgoing-1 << HTTP/1.1 200 OK
14:55:52.567 [main] DEBUG com.github.dockerjava.zerodep.shaded.org.apache.hc.client5.http.headers -- http-outgoing-1 << Api-Version: 1.49
14:55:52.567 [main] DEBUG com.github.dockerjava.zerodep.shaded.org.apache.hc.client5.http.headers -- http-outgoing-1 << Content-Type: application/json
14:55:52.567 [main] DEBUG com.github.dockerjava.zerodep.shaded.org.apache.hc.client5.http.headers -- http-outgoing-1 << Date: Sat, 26 Jul 2025 18:55:52 GMT
14:55:52.567 [main] DEBUG com.github.dockerjava.zerodep.shaded.org.apache.hc.client5.http.headers -- http-outgoing-1 << Docker-Experimental: false
14:55:52.567 [main] DEBUG com.github.dockerjava.zerodep.shaded.org.apache.hc.client5.http.headers -- http-outgoing-1 << Ostype: linux
14:55:52.567 [main] DEBUG com.github.dockerjava.zerodep.shaded.org.apache.hc.client5.http.headers -- http-outgoing-1 << Server: Docker/28.1.1 (linux)
14:55:52.567 [main] DEBUG com.github.dockerjava.zerodep.shaded.org.apache.hc.client5.http.headers -- http-outgoing-1 << Transfer-Encoding: chunked
14:55:52.567 [main] DEBUG com.github.dockerjava.zerodep.shaded.org.apache.hc.client5.http.impl.classic.MainClientExec -- ex-0000000F: connection can be kept alive for 3 MINUTES
14:55:52.567 [main] DEBUG com.github.dockerjava.zerodep.shaded.org.apache.hc.client5.http.wire -- http-outgoing-1 << "0[\r][\n]"
14:55:52.567 [main] DEBUG com.github.dockerjava.zerodep.shaded.org.apache.hc.client5.http.wire -- http-outgoing-1 << "[\r][\n]"
14:55:52.567 [main] DEBUG com.github.dockerjava.zerodep.shaded.org.apache.hc.client5.http.impl.classic.InternalHttpClient -- ep-0000000E: releasing valid endpoint
14:55:52.567 [main] DEBUG com.github.dockerjava.zerodep.shaded.org.apache.hc.client5.http.impl.io.PoolingHttpClientConnectionManager -- ep-0000000E: releasing endpoint
14:55:52.567 [main] DEBUG com.github.dockerjava.zerodep.shaded.org.apache.hc.client5.http.impl.io.PoolingHttpClientConnectionManager -- ep-0000000E: connection http-outgoing-1 can be kept alive for 3 MINUTES
14:55:52.567 [main] DEBUG com.github.dockerjava.zerodep.shaded.org.apache.hc.client5.http.impl.io.PoolingHttpClientConnectionManager -- ep-0000000E: connection released [route: {}->unix://localhost:2375][total available: 1; route allocated: 1 of 2147483647; total allocated: 1 of 2147483647]
14:55:52.567 [main] DEBUG org.testcontainers.shaded.com.github.dockerjava.core.command.AbstrDockerCmd -- Cmd: 
14:55:52.567 [main] DEBUG com.github.dockerjava.zerodep.shaded.org.apache.hc.client5.http.impl.classic.InternalHttpClient -- ex-00000010: preparing request execution
14:55:52.568 [main] DEBUG com.github.dockerjava.zerodep.shaded.org.apache.hc.client5.http.protocol.RequestAddCookies -- Cookie spec selected: strict
14:55:52.568 [main] DEBUG com.github.dockerjava.zerodep.shaded.org.apache.hc.client5.http.protocol.RequestAuthCache -- Auth cache not set in the context
14:55:52.568 [main] DEBUG com.github.dockerjava.zerodep.shaded.org.apache.hc.client5.http.impl.classic.ProtocolExec -- ex-00000010: target auth state: UNCHALLENGED
14:55:52.568 [main] DEBUG com.github.dockerjava.zerodep.shaded.org.apache.hc.client5.http.impl.classic.ProtocolExec -- ex-00000010: proxy auth state: UNCHALLENGED
14:55:52.568 [main] DEBUG com.github.dockerjava.zerodep.shaded.org.apache.hc.client5.http.impl.classic.ConnectExec -- ex-00000010: acquiring connection with route {}->unix://localhost:2375
14:55:52.568 [main] DEBUG com.github.dockerjava.zerodep.shaded.org.apache.hc.client5.http.impl.classic.InternalHttpClient -- ex-00000010: acquiring endpoint (3 MINUTES)
14:55:52.568 [main] DEBUG com.github.dockerjava.zerodep.shaded.org.apache.hc.client5.http.impl.io.PoolingHttpClientConnectionManager -- ex-00000010: endpoint lease request (3 MINUTES) [route: {}->unix://localhost:2375][total available: 1; route allocated: 1 of 2147483647; total allocated: 1 of 2147483647]
14:55:52.568 [main] DEBUG com.github.dockerjava.zerodep.shaded.org.apache.hc.client5.http.impl.io.PoolingHttpClientConnectionManager -- ex-00000010: endpoint leased [route: {}->unix://localhost:2375][total available: 0; route allocated: 1 of 2147483647; total allocated: 1 of 2147483647]
14:55:52.568 [main] DEBUG com.github.dockerjava.zerodep.shaded.org.apache.hc.client5.http.impl.io.PoolingHttpClientConnectionManager -- ex-00000010: acquired ep-0000000F
14:55:52.568 [main] DEBUG com.github.dockerjava.zerodep.shaded.org.apache.hc.client5.http.impl.classic.InternalHttpClient -- ex-00000010: acquired endpoint ep-0000000F
14:55:52.568 [main] DEBUG com.github.dockerjava.zerodep.shaded.org.apache.hc.client5.http.impl.classic.MainClientExec -- ex-00000010: executing GET /v1.32/version HTTP/1.1
14:55:52.568 [main] DEBUG com.github.dockerjava.zerodep.shaded.org.apache.hc.client5.http.impl.classic.InternalHttpClient -- ep-0000000F: start execution ex-00000010
14:55:52.568 [main] DEBUG com.github.dockerjava.zerodep.shaded.org.apache.hc.client5.http.impl.io.PoolingHttpClientConnectionManager -- ep-0000000F: executing exchange ex-00000010 over http-outgoing-1
14:55:52.568 [main] DEBUG com.github.dockerjava.zerodep.shaded.org.apache.hc.client5.http.headers -- http-outgoing-1 >> GET /v1.32/version HTTP/1.1
14:55:52.568 [main] DEBUG com.github.dockerjava.zerodep.shaded.org.apache.hc.client5.http.headers -- http-outgoing-1 >> accept: application/json
14:55:52.568 [main] DEBUG com.github.dockerjava.zerodep.shaded.org.apache.hc.client5.http.headers -- http-outgoing-1 >> x-tc-sid: 35985044-72d4-41bf-a8fd-d98ab43b3acb
14:55:52.568 [main] DEBUG com.github.dockerjava.zerodep.shaded.org.apache.hc.client5.http.headers -- http-outgoing-1 >> User-Agent: tc-java/1.19.3
14:55:52.568 [main] DEBUG com.github.dockerjava.zerodep.shaded.org.apache.hc.client5.http.headers -- http-outgoing-1 >> Accept-Encoding: gzip, x-gzip, deflate
14:55:52.568 [main] DEBUG com.github.dockerjava.zerodep.shaded.org.apache.hc.client5.http.headers -- http-outgoing-1 >> Host: localhost:2375
14:55:52.568 [main] DEBUG com.github.dockerjava.zerodep.shaded.org.apache.hc.client5.http.headers -- http-outgoing-1 >> Connection: keep-alive
14:55:52.568 [main] DEBUG com.github.dockerjava.zerodep.shaded.org.apache.hc.client5.http.wire -- http-outgoing-1 >> "GET /v1.32/version HTTP/1.1[\r][\n]"
14:55:52.568 [main] DEBUG com.github.dockerjava.zerodep.shaded.org.apache.hc.client5.http.wire -- http-outgoing-1 >> "accept: application/json[\r][\n]"
14:55:52.568 [main] DEBUG com.github.dockerjava.zerodep.shaded.org.apache.hc.client5.http.wire -- http-outgoing-1 >> "x-tc-sid: 35985044-72d4-41bf-a8fd-d98ab43b3acb[\r][\n]"
14:55:52.568 [main] DEBUG com.github.dockerjava.zerodep.shaded.org.apache.hc.client5.http.wire -- http-outgoing-1 >> "User-Agent: tc-java/1.19.3[\r][\n]"
14:55:52.568 [main] DEBUG com.github.dockerjava.zerodep.shaded.org.apache.hc.client5.http.wire -- http-outgoing-1 >> "Accept-Encoding: gzip, x-gzip, deflate[\r][\n]"
14:55:52.568 [main] DEBUG com.github.dockerjava.zerodep.shaded.org.apache.hc.client5.http.wire -- http-outgoing-1 >> "Host: localhost:2375[\r][\n]"
14:55:52.568 [main] DEBUG com.github.dockerjava.zerodep.shaded.org.apache.hc.client5.http.wire -- http-outgoing-1 >> "Connection: keep-alive[\r][\n]"
14:55:52.568 [main] DEBUG com.github.dockerjava.zerodep.shaded.org.apache.hc.client5.http.wire -- http-outgoing-1 >> "[\r][\n]"
14:55:52.571 [main] DEBUG com.github.dockerjava.zerodep.shaded.org.apache.hc.client5.http.wire -- http-outgoing-1 << "HTTP/1.1 200 OK[\r][\n]"
14:55:52.571 [main] DEBUG com.github.dockerjava.zerodep.shaded.org.apache.hc.client5.http.wire -- http-outgoing-1 << "Api-Version: 1.49[\r][\n]"
14:55:52.571 [main] DEBUG com.github.dockerjava.zerodep.shaded.org.apache.hc.client5.http.wire -- http-outgoing-1 << "Content-Type: application/json[\r][\n]"
14:55:52.571 [main] DEBUG com.github.dockerjava.zerodep.shaded.org.apache.hc.client5.http.wire -- http-outgoing-1 << "Date: Sat, 26 Jul 2025 18:55:52 GMT[\r][\n]"
14:55:52.571 [main] DEBUG com.github.dockerjava.zerodep.shaded.org.apache.hc.client5.http.wire -- http-outgoing-1 << "Docker-Experimental: false[\r][\n]"
14:55:52.571 [main] DEBUG com.github.dockerjava.zerodep.shaded.org.apache.hc.client5.http.wire -- http-outgoing-1 << "Ostype: linux[\r][\n]"
14:55:52.571 [main] DEBUG com.github.dockerjava.zerodep.shaded.org.apache.hc.client5.http.wire -- http-outgoing-1 << "Server: Docker/28.1.1 (linux)[\r][\n]"
14:55:52.571 [main] DEBUG com.github.dockerjava.zerodep.shaded.org.apache.hc.client5.http.wire -- http-outgoing-1 << "Transfer-Encoding: chunked[\r][\n]"
14:55:52.571 [main] DEBUG com.github.dockerjava.zerodep.shaded.org.apache.hc.client5.http.wire -- http-outgoing-1 << "[\r][\n]"
14:55:52.571 [main] DEBUG com.github.dockerjava.zerodep.shaded.org.apache.hc.client5.http.headers -- http-outgoing-1 << HTTP/1.1 200 OK
14:55:52.571 [main] DEBUG com.github.dockerjava.zerodep.shaded.org.apache.hc.client5.http.headers -- http-outgoing-1 << Api-Version: 1.49
14:55:52.571 [main] DEBUG com.github.dockerjava.zerodep.shaded.org.apache.hc.client5.http.headers -- http-outgoing-1 << Content-Type: application/json
14:55:52.571 [main] DEBUG com.github.dockerjava.zerodep.shaded.org.apache.hc.client5.http.headers -- http-outgoing-1 << Date: Sat, 26 Jul 2025 18:55:52 GMT
14:55:52.571 [main] DEBUG com.github.dockerjava.zerodep.shaded.org.apache.hc.client5.http.headers -- http-outgoing-1 << Docker-Experimental: false
14:55:52.571 [main] DEBUG com.github.dockerjava.zerodep.shaded.org.apache.hc.client5.http.headers -- http-outgoing-1 << Ostype: linux
14:55:52.571 [main] DEBUG com.github.dockerjava.zerodep.shaded.org.apache.hc.client5.http.headers -- http-outgoing-1 << Server: Docker/28.1.1 (linux)
14:55:52.571 [main] DEBUG com.github.dockerjava.zerodep.shaded.org.apache.hc.client5.http.headers -- http-outgoing-1 << Transfer-Encoding: chunked
14:55:52.571 [main] DEBUG com.github.dockerjava.zerodep.shaded.org.apache.hc.client5.http.impl.classic.MainClientExec -- ex-00000010: connection can be kept alive for 3 MINUTES
14:55:52.571 [main] DEBUG com.github.dockerjava.zerodep.shaded.org.apache.hc.client5.http.wire -- http-outgoing-1 << "339[\r][\n]"
14:55:52.571 [main] DEBUG com.github.dockerjava.zerodep.shaded.org.apache.hc.client5.http.wire -- http-outgoing-1 << "{"Platform":{"Name":"Docker Desktop 4.41.2 (191736)"},"Components":[{"Name":"Engine","Version":"28.1.1","Details":{"ApiVersion":"1.49","Arch":"arm64","BuildTime":"2025-04-18T09:52:08.000000000+00:00","Experimental":"false","GitCommit":"01f442b","GoVersion":"go1.23.8","KernelVersion":"6.10.14-linuxkit","MinAPIVersion":"1.24","Os":"linux"}},{"Name":"containerd","Version":"1.7.27","Details":{"GitCommit":"05044ec0a9a75232cad458027ca83437aae3f4da"}},{"Name":"runc","Version":"1.2.5","Details":{"GitCommit":"v1.2.5-0-g59923ef"}},{"Name":"docker-init","Version":"0.19.0","Details":{"GitCommit":"de40ad0"}}],"Version":"28.1.1","ApiVersion":"1.49","MinAPIVersion":"1.24","GitCommit":"01f442b","GoVersion":"go1.23.8","Os":"linux","Arch":"arm64","KernelVersion":"6.10.14-linuxkit","BuildTime":"2025-04-18T09:52:08.000000000+00:00"}[\n]"
14:55:52.571 [main] DEBUG com.github.dockerjava.zerodep.shaded.org.apache.hc.client5.http.wire -- http-outgoing-1 << "[\r][\n]"
14:55:52.571 [main] DEBUG com.github.dockerjava.zerodep.shaded.org.apache.hc.client5.http.wire -- http-outgoing-1 << "0[\r][\n]"
14:55:52.571 [main] DEBUG com.github.dockerjava.zerodep.shaded.org.apache.hc.client5.http.wire -- http-outgoing-1 << "[\r][\n]"
14:55:52.571 [main] DEBUG com.github.dockerjava.zerodep.shaded.org.apache.hc.client5.http.impl.classic.InternalHttpClient -- ep-0000000F: releasing valid endpoint
14:55:52.571 [main] DEBUG com.github.dockerjava.zerodep.shaded.org.apache.hc.client5.http.impl.io.PoolingHttpClientConnectionManager -- ep-0000000F: releasing endpoint
14:55:52.571 [main] DEBUG com.github.dockerjava.zerodep.shaded.org.apache.hc.client5.http.impl.io.PoolingHttpClientConnectionManager -- ep-0000000F: connection http-outgoing-1 can be kept alive for 3 MINUTES
14:55:52.571 [main] DEBUG com.github.dockerjava.zerodep.shaded.org.apache.hc.client5.http.impl.io.PoolingHttpClientConnectionManager -- ep-0000000F: connection released [route: {}->unix://localhost:2375][total available: 1; route allocated: 1 of 2147483647; total allocated: 1 of 2147483647]
14:55:52.584 [main] DEBUG org.testcontainers.shaded.com.github.dockerjava.core.command.AbstrDockerCmd -- Cmd: org.testcontainers.shaded.com.github.dockerjava.core.command.CopyArchiveToContainerCmdImpl@6e0f7aad[cp ,-a=false ,<null>, ,0965ee6b269559b1bb36bde0af7a4bd2f223fe1a2367d40895e097a11325a090,:,/]
14:55:52.585 [main] DEBUG com.github.dockerjava.zerodep.shaded.org.apache.hc.client5.http.impl.classic.InternalHttpClient -- ex-00000011: preparing request execution
14:55:52.585 [main] DEBUG com.github.dockerjava.zerodep.shaded.org.apache.hc.client5.http.protocol.RequestAddCookies -- Cookie spec selected: strict
14:55:52.585 [main] DEBUG com.github.dockerjava.zerodep.shaded.org.apache.hc.client5.http.protocol.RequestAuthCache -- Auth cache not set in the context
14:55:52.585 [main] DEBUG com.github.dockerjava.zerodep.shaded.org.apache.hc.client5.http.impl.classic.ProtocolExec -- ex-00000011: target auth state: UNCHALLENGED
14:55:52.585 [main] DEBUG com.github.dockerjava.zerodep.shaded.org.apache.hc.client5.http.impl.classic.ProtocolExec -- ex-00000011: proxy auth state: UNCHALLENGED
14:55:52.585 [main] DEBUG com.github.dockerjava.zerodep.shaded.org.apache.hc.client5.http.impl.classic.ConnectExec -- ex-00000011: acquiring connection with route {}->unix://localhost:2375
14:55:52.585 [main] DEBUG com.github.dockerjava.zerodep.shaded.org.apache.hc.client5.http.impl.classic.InternalHttpClient -- ex-00000011: acquiring endpoint (3 MINUTES)
14:55:52.585 [main] DEBUG com.github.dockerjava.zerodep.shaded.org.apache.hc.client5.http.impl.io.PoolingHttpClientConnectionManager -- ex-00000011: endpoint lease request (3 MINUTES) [route: {}->unix://localhost:2375][total available: 1; route allocated: 1 of 2147483647; total allocated: 1 of 2147483647]
14:55:52.585 [main] DEBUG com.github.dockerjava.zerodep.shaded.org.apache.hc.client5.http.impl.io.PoolingHttpClientConnectionManager -- ex-00000011: endpoint leased [route: {}->unix://localhost:2375][total available: 0; route allocated: 1 of 2147483647; total allocated: 1 of 2147483647]
14:55:52.585 [main] DEBUG com.github.dockerjava.zerodep.shaded.org.apache.hc.client5.http.impl.io.PoolingHttpClientConnectionManager -- ex-00000011: acquired ep-00000010
14:55:52.585 [main] DEBUG com.github.dockerjava.zerodep.shaded.org.apache.hc.client5.http.impl.classic.InternalHttpClient -- ex-00000011: acquired endpoint ep-00000010
14:55:52.585 [main] DEBUG com.github.dockerjava.zerodep.shaded.org.apache.hc.client5.http.impl.classic.MainClientExec -- ex-00000011: executing PUT /v1.32/containers/0965ee6b269559b1bb36bde0af7a4bd2f223fe1a2367d40895e097a11325a090/archive?noOverwriteDirNonDir=false&path=%2F&copyUIDGID=false HTTP/1.1
14:55:52.585 [main] DEBUG com.github.dockerjava.zerodep.shaded.org.apache.hc.client5.http.impl.classic.InternalHttpClient -- ep-00000010: start execution ex-00000011
14:55:52.585 [main] DEBUG com.github.dockerjava.zerodep.shaded.org.apache.hc.client5.http.impl.io.PoolingHttpClientConnectionManager -- ep-00000010: executing exchange ex-00000011 over http-outgoing-1
14:55:52.585 [main] DEBUG com.github.dockerjava.zerodep.shaded.org.apache.hc.client5.http.headers -- http-outgoing-1 >> PUT /v1.32/containers/0965ee6b269559b1bb36bde0af7a4bd2f223fe1a2367d40895e097a11325a090/archive?noOverwriteDirNonDir=false&path=%2F&copyUIDGID=false HTTP/1.1
14:55:52.585 [main] DEBUG com.github.dockerjava.zerodep.shaded.org.apache.hc.client5.http.headers -- http-outgoing-1 >> content-type: APPLICATION_X_TAR
14:55:52.585 [main] DEBUG com.github.dockerjava.zerodep.shaded.org.apache.hc.client5.http.headers -- http-outgoing-1 >> x-tc-sid: 35985044-72d4-41bf-a8fd-d98ab43b3acb
14:55:52.585 [main] DEBUG com.github.dockerjava.zerodep.shaded.org.apache.hc.client5.http.headers -- http-outgoing-1 >> User-Agent: tc-java/1.19.3
14:55:52.585 [main] DEBUG com.github.dockerjava.zerodep.shaded.org.apache.hc.client5.http.headers -- http-outgoing-1 >> Accept-Encoding: gzip, x-gzip, deflate
14:55:52.585 [main] DEBUG com.github.dockerjava.zerodep.shaded.org.apache.hc.client5.http.headers -- http-outgoing-1 >> Transfer-Encoding: chunked
14:55:52.585 [main] DEBUG com.github.dockerjava.zerodep.shaded.org.apache.hc.client5.http.headers -- http-outgoing-1 >> Host: localhost:2375
14:55:52.585 [main] DEBUG com.github.dockerjava.zerodep.shaded.org.apache.hc.client5.http.headers -- http-outgoing-1 >> Connection: keep-alive
14:55:52.585 [main] DEBUG com.github.dockerjava.zerodep.shaded.org.apache.hc.client5.http.wire -- http-outgoing-1 >> "PUT /v1.32/containers/0965ee6b269559b1bb36bde0af7a4bd2f223fe1a2367d40895e097a11325a090/archive?noOverwriteDirNonDir=false&path=%2F&copyUIDGID=false HTTP/1.1[\r][\n]"
14:55:52.585 [main] DEBUG com.github.dockerjava.zerodep.shaded.org.apache.hc.client5.http.wire -- http-outgoing-1 >> "content-type: APPLICATION_X_TAR[\r][\n]"
14:55:52.585 [main] DEBUG com.github.dockerjava.zerodep.shaded.org.apache.hc.client5.http.wire -- http-outgoing-1 >> "x-tc-sid: 35985044-72d4-41bf-a8fd-d98ab43b3acb[\r][\n]"
14:55:52.585 [main] DEBUG com.github.dockerjava.zerodep.shaded.org.apache.hc.client5.http.wire -- http-outgoing-1 >> "User-Agent: tc-java/1.19.3[\r][\n]"
14:55:52.585 [main] DEBUG com.github.dockerjava.zerodep.shaded.org.apache.hc.client5.http.wire -- http-outgoing-1 >> "Accept-Encoding: gzip, x-gzip, deflate[\r][\n]"
14:55:52.585 [main] DEBUG com.github.dockerjava.zerodep.shaded.org.apache.hc.client5.http.wire -- http-outgoing-1 >> "Transfer-Encoding: chunked[\r][\n]"
14:55:52.585 [main] DEBUG com.github.dockerjava.zerodep.shaded.org.apache.hc.client5.http.wire -- http-outgoing-1 >> "Host: localhost:2375[\r][\n]"
14:55:52.585 [main] DEBUG com.github.dockerjava.zerodep.shaded.org.apache.hc.client5.http.wire -- http-outgoing-1 >> "Connection: keep-alive[\r][\n]"
14:55:52.585 [main] DEBUG com.github.dockerjava.zerodep.shaded.org.apache.hc.client5.http.wire -- http-outgoing-1 >> "[\r][\n]"
14:55:52.585 [main] DEBUG com.github.dockerjava.zerodep.shaded.org.apache.hc.client5.http.wire -- http-outgoing-1 >> "800[\r][\n]"
14:55:52.586 [main] DEBUG com.github.dockerjava.zerodep.shaded.org.apache.hc.client5.http.wire -- http-outgoing-1 >> "testcontainers_start.sh[0x0][0x0][0x0][0x0][0x0][0x0][0x0][0x0][0x0][0x0][0x0][0x0][0x0][0x0][0x0][0x0][0x0][0x0][0x0][0x0][0x0][0x0][0x0][0x0][0x0][0x0][0x0][0x0][0x0][0x0][0x0][0x0][0x0][0x0][0x0][0x0][0x0][0x0][0x0][0x0][0x0][0x0][0x0][0x0][0x0][0x0][0x0][0x0][0x0][0x0][0x0][0x0][0x0][0x0][0x0][0x0][0x0][0x0][0x0][0x0][0x0][0x0][0x0][0x0][0x0][0x0][0x0][0x0][0x0][0x0][0x0][0x0][0x0][0x0][0x0][0x0][0x0]0000777 0000000 0000000 00000000604 15041222270 014424[0x0] 0[0x0][0x0][0x0][0x0][0x0][0x0][0x0][0x0][0x0][0x0][0x0][0x0][0x0][0x0][0x0][0x0][0x0][0x0][0x0][0x0][0x0][0x0][0x0][0x0][0x0][0x0][0x0][0x0][0x0][0x0][0x0][0x0][0x0][0x0][0x0][0x0][0x0][0x0][0x0][0x0][0x0][0x0][0x0][0x0][0x0][0x0][0x0][0x0][0x0][0x0][0x0][0x0][0x0][0x0][0x0][0x0][0x0][0x0][0x0][0x0][0x0][0x0][0x0][0x0][0x0][0x0][0x0][0x0][0x0][0x0][0x0][0x0][0x0][0x0][0x0][0x0][0x0][0x0][0x0][0x0][0x0][0x0][0x0][0x0][0x0][0x0][0x0][0x0][0x0][0x0][0x0][0x0][0x0][0x0][0x0][0x0][0x0][0x0][0x0][0x0]ustar[0x0]00[0x0][0x0][0x0][0x0][0x0][0x0][0x0][0x0][0x0][0x0][0x0][0x0][0x0][0x0][0x0][0x0][0x0][0x0][0x0][0x0][0x0][0x0][0x0][0x0][0x0][0x0][0x0][0x0][0x0][0x0][0x0][0x0][0x0][0x0][0x0][0x0][0x0][0x0][0x0][0x0][0x0][0x0][0x0][0x0][0x0][0x0][0x0][0x0][0x0][0x0][0x0][0x0][0x0][0x0][0x0][0x0][0x0][0x0][0x0][0x0][0x0][0x0][0x0][0x0]0000000 0000000 [0x0][0x0][0x0][0x0][0x0][0x0][0x0][0x0][0x0][0x0][0x0][0x0][0x0][0x0][0x0][0x0][0x0][0x0][0x0][0x0][0x0][0x0][0x0][0x0][0x0][0x0][0x0][0x0][0x0][0x0][0x0][0x0][0x0][0x0][0x0][0x0][0x0][0x0][0x0][0x0][0x0][0x0][0x0][0x0][0x0][0x0][0x0][0x0][0x0][0x0][0x0][0x0][0x0][0x0][0x0][0x0][0x0][0x0][0x0][0x0][0x0][0x0][0x0][0x0][0x0][0x0][0x0][0x0][0x0][0x0][0x0][0x0][0x0][0x0][0x0][0x0][0x0][0x0][0x0][0x0][0x0][0x0][0x0][0x0][0x0][0x0][0x0][0x0][0x0][0x0][0x0][0x0][0x0][0x0][0x0][0x0][0x0][0x0][0x0][0x0][0x0][0x0][0x0][0x0][0x0][0x0][0x0][0x0][0x0][0x0][0x0][0x0][0x0][0x0][0x0][0x0][0x0][0x0][0x0][0x0][0x0][0x0][0x0][0x0][0x0][0x0][0x0][0x0][0x0][0x0][0x0][0x0][0x0][0x0][0x0][0x0][0x0][0x0][0x0][0x0][0x0][0x0][0x0][0x0][0x0][0x0][0x0][0x0][0x0][0x0][0x0][0x0][0x0][0x0][0x0][0x0][0x0][0x0][0x0][0x0][0x0][0x0][0x0][0x0][0x0][0x0][0x0]#!/bin/bash[\n]"
14:55:52.586 [main] DEBUG com.github.dockerjava.zerodep.shaded.org.apache.hc.client5.http.wire -- http-outgoing-1 >> "export KAFKA_ADVERTISED_LISTENERS=PLAINTEXT://localhost:62518,BROKER://0965ee6b2695:9092[\n]"
14:55:52.586 [main] DEBUG com.github.dockerjava.zerodep.shaded.org.apache.hc.client5.http.wire -- http-outgoing-1 >> "echo '' > /etc/confluent/docker/ensure [\n]"
14:55:52.586 [main] DEBUG com.github.dockerjava.zerodep.shaded.org.apache.hc.client5.http.wire -- http-outgoing-1 >> "echo 'clientPort=2181' > zookeeper.properties[\n]"
14:55:52.586 [main] DEBUG com.github.dockerjava.zerodep.shaded.org.apache.hc.client5.http.wire -- http-outgoing-1 >> "echo 'dataDir=/var/lib/zookeeper/data' >> zookeeper.properties[\n]"
14:55:52.586 [main] DEBUG com.github.dockerjava.zerodep.shaded.org.apache.hc.client5.http.wire -- http-outgoing-1 >> "echo 'dataLogDir=/var/lib/zookeeper/log' >> zookeeper.properties[\n]"
14:55:52.586 [main] DEBUG com.github.dockerjava.zerodep.shaded.org.apache.hc.client5.http.wire -- http-outgoing-1 >> "zookeeper-server-start zookeeper.properties &[\n]"
14:55:52.586 [main] DEBUG com.github.dockerjava.zerodep.shaded.org.apache.hc.client5.http.wire -- http-outgoing-1 >> "/etc/confluent/docker/run [\n]"
14:55:52.586 [main] DEBUG com.github.dockerjava.zerodep.shaded.org.apache.hc.client5.http.wire -- http-outgoing-1 >> "[0x0][0x0][0x0][0x0][0x0][0x0][0x0][0x0][0x0][0x0][0x0][0x0][0x0][0x0][0x0][0x0][0x0][0x0][0x0][0x0][0x0][0x0][0x0][0x0][0x0][0x0][0x0][0x0][0x0][0x0][0x0][0x0][0x0][0x0][0x0][0x0][0x0][0x0][0x0][0x0][0x0][0x0][0x0][0x0][0x0][0x0][0x0][0x0][0x0][0x0][0x0][0x0][0x0][0x0][0x0][0x0][0x0][0x0][0x0][0x0][0x0][0x0][0x0][0x0][0x0][0x0][0x0][0x0][0x0][0x0][0x0][0x0][0x0][0x0][0x0][0x0][0x0][0x0][0x0][0x0][0x0][0x0][0x0][0x0][0x0][0x0][0x0][0x0][0x0][0x0][0x0][0x0][0x0][0x0][0x0][0x0][0x0][0x0][0x0][0x0][0x0][0x0][0x0][0x0][0x0][0x0][0x0][0x0][0x0][0x0][0x0][0x0][0x0][0x0][0x0][0x0][0x0][0x0][0x0][0x0][0x0][0x0][0x0][0x0][0x0][0x0][0x0][0x0][0x0][0x0][0x0][0x0][0x0][0x0][0x0][0x0][0x0][0x0][0x0][0x0][0x0][0x0][0x0][0x0][0x0][0x0][0x0][0x0][0x0][0x0][0x0][0x0][0x0][0x0][0x0][0x0][0x0][0x0][0x0][0x0][0x0][0x0][0x0][0x0][0x0][0x0][0x0][0x0][0x0][0x0][0x0][0x0][0x0][0x0][0x0][0x0][0x0][0x0][0x0][0x0][0x0][0x0][0x0][0x0][0x0][0x0][0x0][0x0][0x0][0x0][0x0][0x0][0x0][0x0][0x0][0x0][0x0][0x0][0x0][0x0][0x0][0x0][0x0][0x0][0x0][0x0][0x0][0x0][0x0][0x0][0x0][0x0][0x0][0x0][0x0][0x0][0x0][0x0][0x0][0x0][0x0][0x0][0x0][0x0][0x0][0x0][0x0][0x0][0x0][0x0][0x0][0x0][0x0][0x0][0x0][0x0][0x0][0x0][0x0][0x0][0x0][0x0][0x0][0x0][0x0][0x0][0x0][0x0][0x0][0x0][0x0][0x0][0x0][0x0][0x0][0x0][0x0][0x0][0x0][0x0][0x0][0x0][0x0][0x0][0x0][0x0][0x0][0x0][0x0][0x0][0x0][0x0][0x0][0x0][0x0][0x0][0x0][0x0][0x0][0x0][0x0][0x0][0x0][0x0][0x0][0x0][0x0][0x0][0x0][0x0][0x0][0x0][0x0][0x0][0x0][0x0][0x0][0x0][0x0][0x0][0x0][0x0][0x0][0x0][0x0][0x0][0x0][0x0][0x0][0x0][0x0][0x0][0x0][0x0][0x0][0x0][0x0][0x0][0x0][0x0][0x0][0x0][0x0][0x0][0x0][0x0][0x0][0x0][0x0][0x0][0x0][0x0][0x0][0x0][0x0][0x0][0x0][0x0][0x0][0x0][0x0][0x0][0x0][0x0][0x0][0x0][0x0][0x0][0x0][0x0][0x0][0x0][0x0][0x0][0x0][0x0][0x0][0x0][0x0][0x0][0x0][0x0][0x0][0x0][0x0][0x0][0x0][0x0][0x0][0x0][0x0][0x0][0x0][0x0][0x0][0x0][0x0][0x0][0x0][0x0][0x0][0x0][0x0][0x0][0x0][0x0][0x0][0x0][0x0][0x0][0x0][0x0][0x0][0x0][0x0][0x0][0x0][0x0][0x0][0x0][0x0][0x0][0x0][0x0][0x0][0x0][0x0][0x0][0x0][0x0][0x0][0x0][0x0][0x0][0x0][0x0][0x0][0x0][0x0][0x0][0x0][0x0][0x0][0x0][0x0][0x0][0x0][0x0][0x0][0x0][0x0][0x0][0x0][0x0][0x0][0x0][0x0][0x0][0x0][0x0][0x0][0x0][0x0][0x0][0x0][0x0][0x0][0x0][0x0][0x0][0x0][0x0][0x0][0x0][0x0][0x0][0x0][0x0][0x0][0x0][0x0][0x0][0x0][0x0][0x0][0x0][0x0][0x0][0x0][0x0][0x0][0x0][0x0][0x0][0x0][0x0][0x0][0x0][0x0][0x0][0x0][0x0][0x0][0x0][0x0][0x0][0x0][0x0][0x0][0x0][0x0][0x0][0x0][0x0][0x0][0x0][0x0][0x0][0x0][0x0][0x0][0x0][0x0][0x0][0x0][0x0][0x0][0x0][0x0][0x0][0x0][0x0][0x0][0x0][0x0][0x0][0x0][0x0][0x0][0x0][0x0][0x0][0x0][0x0][0x0][0x0][0x0][0x0][0x0][0x0][0x0][0x0][0x0][0x0][0x0][0x0][0x0][0x0][0x0][0x0][0x0][0x0][0x0][0x0][0x0][0x0][0x0][0x0][0x0][0x0][0x0][0x0][0x0][0x0][0x0][0x0][0x0][0x0][0x0][0x0][0x0][0x0][0x0][0x0][0x0][0x0][0x0][0x0][0x0][0x0][0x0][0x0][0x0][0x0][0x0][0x0][0x0][0x0][0x0][0x0][0x0][0x0][0x0][0x0][0x0][0x0][0x0][0x0][0x0][0x0][0x0][0x0][0x0][0x0][0x0][0x0][0x0][0x0][0x0][0x0][0x0][0x0][0x0][0x0][0x0][0x0][0x0][0x0][0x0][0x0][0x0][0x0][0x0][0x0][0x0][0x0][0x0][0x0][0x0][0x0][0x0][0x0][0x0][0x0][0x0][0x0][0x0][0x0][0x0][0x0][0x0][0x0][0x0][0x0][0x0][0x0][0x0][0x0][0x0][0x0][0x0][0x0][0x0][0x0][0x0][0x0][0x0][0x0][0x0][0x0][0x0][0x0][0x0][0x0][0x0][0x0][0x0][0x0][0x0][0x0][0x0][0x0][0x0][0x0][0x0][0x0][0x0][0x0][0x0][0x0][0x0][0x0][0x0][0x0][0x0][0x0][0x0][0x0][0x0][0x0][0x0][0x0][0x0][0x0][0x0][0x0][0x0][0x0][0x0][0x0][0x0][0x0][0x0][0x0][0x0][0x0][0x0][0x0][0x0][0x0][0x0][0x0][0x0][0x0][0x0][0x0][0x0][0x0][0x0][0x0][0x0][0x0][0x0][0x0][0x0][0x0][0x0][0x0][0x0][0x0][0x0][0x0][0x0][0x0][0x0][0x0][0x0][0x0][0x0][0x0][0x0][0x0][0x0][0x0][0x0][0x0][0x0][0x0][0x0][0x0][0x0][0x0][0x0][0x0][0x0][0x0][0x0][0x0][0x0][0x0][0x0][0x0][0x0][0x0][0x0][0x0][0x0][0x0][0x0][0x0][0x0][0x0][0x0][0x0][0x0][0x0][0x0][0x0][0x0][0x0][0x0][0x0][0x0][0x0][0x0][0x0][0x0][0x0][0x0][0x0][0x0][0x0][0x0][0x0][0x0][0x0][0x0][0x0][0x0][0x0][0x0][0x0][0x0][0x0][0x0][0x0][0x0][0x0][0x0][0x0][0x0][0x0][0x0][0x0][0x0][0x0][0x0][0x0][0x0][0x0][0x0][0x0][0x0][0x0][0x0][0x0][0x0][0x0][0x0][0x0][0x0][0x0][0x0][0x0][0x0][0x0][0x0][0x0][0x0][0x0][0x0][0x0][0x0][0x0][0x0][0x0][0x0][0x0][0x0][0x0][0x0][0x0][0x0][0x0][0x0][0x0][0x0][0x0][0x0][0x0][0x0][0x0][0x0][0x0][0x0][0x0][0x0][0x0][0x0][0x0][0x0][0x0][0x0][0x0][0x0][0x0][0x0][0x0][0x0][0x0][0x0][0x0][0x0][0x0][0x0][0x0][0x0][0x0][0x0][0x0][0x0][0x0][0x0][0x0][0x0][0x0][0x0][0x0][0x0][0x0][0x0][0x0][0x0][0x0][0x0][0x0][0x0][0x0][0x0][0x0][0x0][0x0][0x0][0x0][0x0][0x0][0x0][0x0][0x0][0x0][0x0][0x0][0x0][0x0][0x0][0x0][0x0][0x0][0x0][0x0][0x0][0x0][0x0][0x0][0x0][0x0][0x0][0x0][0x0][0x0][0x0][0x0][0x0][0x0][0x0][0x0][0x0][0x0][0x0][0x0][0x0][0x0][0x0][0x0][0x0][0x0][0x0][0x0][0x0][0x0][0x0][0x0][0x0][0x0][0x0][0x0][0x0][0x0][0x0][0x0][0x0][0x0][0x0][0x0][0x0][0x0][0x0][0x0][0x0][0x0][0x0][0x0][0x0][0x0][0x0][0x0][0x0][0x0][0x0][0x0][0x0][0x0][0x0][0x0][0x0][0x0][0x0][0x0][0x0][0x0][0x0][0x0][0x0][0x0][0x0][0x0][0x0][0x0][0x0][0x0][0x0][0x0][0x0][0x0][0x0][0x0][0x0][0x0][0x0][0x0][0x0][0x0][0x0][0x0][0x0][0x0][0x0][0x0][0x0][0x0][0x0][0x0][0x0][0x0][0x0][0x0][0x0][0x0][0x0][0x0][0x0][0x0][0x0][0x0][0x0][0x0][0x0][0x0][0x0][0x0][0x0][0x0][0x0][0x0][0x0][0x0][0x0][0x0][0x0][0x0][0x0][0x0][0x0][0x0][0x0][0x0][0x0][0x0][0x0][0x0][0x0][0x0][0x0][0x0][0x0][0x0][0x0][0x0][0x0][0x0][0x0][0x0][0x0][0x0][0x0][0x0][0x0][0x0][0x0][0x0][0x0][0x0][0x0][0x0][0x0][0x0][0x0][0x0][0x0][0x0][0x0][0x0][0x0][0x0][0x0][0x0][0x0][0x0][0x0][0x0][0x0][0x0][0x0][0x0][0x0][0x0][0x0][0x0][0x0][0x0][0x0][0x0][0x0][0x0][0x0][0x0][0x0][0x0][0x0][0x0][0x0][0x0][0x0][0x0][0x0][0x0][0x0][0x0][0x0][0x0][0x0][0x0][0x0][0x0][0x0][0x0][0x0][0x0][0x0][0x0][0x0][0x0][0x0][0x0][0x0][0x0][0x0][0x0][\r][\n]"
14:55:52.586 [main] DEBUG com.github.dockerjava.zerodep.shaded.org.apache.hc.client5.http.wire -- http-outgoing-1 >> "0[\r][\n]"
14:55:52.586 [main] DEBUG com.github.dockerjava.zerodep.shaded.org.apache.hc.client5.http.wire -- http-outgoing-1 >> "[\r][\n]"
14:55:52.589 [main] DEBUG com.github.dockerjava.zerodep.shaded.org.apache.hc.client5.http.wire -- http-outgoing-1 << "HTTP/1.1 200 OK[\r][\n]"
14:55:52.589 [main] DEBUG com.github.dockerjava.zerodep.shaded.org.apache.hc.client5.http.wire -- http-outgoing-1 << "Api-Version: 1.49[\r][\n]"
14:55:52.589 [main] DEBUG com.github.dockerjava.zerodep.shaded.org.apache.hc.client5.http.wire -- http-outgoing-1 << "Date: Sat, 26 Jul 2025 18:55:52 GMT[\r][\n]"
14:55:52.589 [main] DEBUG com.github.dockerjava.zerodep.shaded.org.apache.hc.client5.http.wire -- http-outgoing-1 << "Docker-Experimental: false[\r][\n]"
14:55:52.589 [main] DEBUG com.github.dockerjava.zerodep.shaded.org.apache.hc.client5.http.wire -- http-outgoing-1 << "Ostype: linux[\r][\n]"
14:55:52.589 [main] DEBUG com.github.dockerjava.zerodep.shaded.org.apache.hc.client5.http.wire -- http-outgoing-1 << "Server: Docker/28.1.1 (linux)[\r][\n]"
14:55:52.589 [main] DEBUG com.github.dockerjava.zerodep.shaded.org.apache.hc.client5.http.wire -- http-outgoing-1 << "Transfer-Encoding: chunked[\r][\n]"
14:55:52.589 [main] DEBUG com.github.dockerjava.zerodep.shaded.org.apache.hc.client5.http.wire -- http-outgoing-1 << "[\r][\n]"
14:55:52.589 [main] DEBUG com.github.dockerjava.zerodep.shaded.org.apache.hc.client5.http.headers -- http-outgoing-1 << HTTP/1.1 200 OK
14:55:52.589 [main] DEBUG com.github.dockerjava.zerodep.shaded.org.apache.hc.client5.http.headers -- http-outgoing-1 << Api-Version: 1.49
14:55:52.589 [main] DEBUG com.github.dockerjava.zerodep.shaded.org.apache.hc.client5.http.headers -- http-outgoing-1 << Date: Sat, 26 Jul 2025 18:55:52 GMT
14:55:52.589 [main] DEBUG com.github.dockerjava.zerodep.shaded.org.apache.hc.client5.http.headers -- http-outgoing-1 << Docker-Experimental: false
14:55:52.589 [main] DEBUG com.github.dockerjava.zerodep.shaded.org.apache.hc.client5.http.headers -- http-outgoing-1 << Ostype: linux
14:55:52.589 [main] DEBUG com.github.dockerjava.zerodep.shaded.org.apache.hc.client5.http.headers -- http-outgoing-1 << Server: Docker/28.1.1 (linux)
14:55:52.589 [main] DEBUG com.github.dockerjava.zerodep.shaded.org.apache.hc.client5.http.headers -- http-outgoing-1 << Transfer-Encoding: chunked
14:55:52.589 [main] DEBUG com.github.dockerjava.zerodep.shaded.org.apache.hc.client5.http.impl.classic.MainClientExec -- ex-00000011: connection can be kept alive for 3 MINUTES
14:55:52.589 [main] DEBUG com.github.dockerjava.zerodep.shaded.org.apache.hc.client5.http.impl.classic.ProtocolExec -- ex-00000011: Cannot retry non-repeatable request
14:55:52.589 [main] DEBUG com.github.dockerjava.zerodep.shaded.org.apache.hc.client5.http.impl.classic.HttpRequestRetryExec -- ex-00000011: cannot retry non-repeatable request
14:55:52.589 [main] DEBUG com.github.dockerjava.zerodep.shaded.org.apache.hc.client5.http.impl.classic.InternalHttpClient -- ep-00000010: cancel
14:55:52.589 [main] DEBUG com.github.dockerjava.zerodep.shaded.org.apache.hc.client5.http.impl.io.DefaultManagedHttpClientConnection -- http-outgoing-1: close connection IMMEDIATE
14:55:52.590 [main] DEBUG com.github.dockerjava.zerodep.shaded.org.apache.hc.client5.http.impl.classic.InternalHttpClient -- ep-00000010: endpoint closed
14:55:52.590 [main] DEBUG com.github.dockerjava.zerodep.shaded.org.apache.hc.client5.http.impl.classic.InternalHttpClient -- ep-00000010: discarding endpoint
14:55:52.590 [main] DEBUG com.github.dockerjava.zerodep.shaded.org.apache.hc.client5.http.impl.io.PoolingHttpClientConnectionManager -- ep-00000010: releasing endpoint
14:55:52.590 [main] DEBUG com.github.dockerjava.zerodep.shaded.org.apache.hc.client5.http.impl.io.PoolingHttpClientConnectionManager -- ep-00000010: connection is not kept alive
14:55:52.590 [main] DEBUG com.github.dockerjava.zerodep.shaded.org.apache.hc.client5.http.impl.io.PoolingHttpClientConnectionManager -- ep-00000010: connection released [route: {}->unix://localhost:2375][total available: 0; route allocated: 0 of 2147483647; total allocated: 0 of 2147483647]
14:55:52.590 [main] DEBUG com.github.dockerjava.zerodep.shaded.org.apache.hc.client5.http.wire -- http-outgoing-1 << "[read] I/O error: null"
14:55:52.590 [main] DEBUG com.github.dockerjava.zerodep.ApacheDockerHttpClientImpl$ApacheResponse -- Failed to close the response
java.nio.channels.ClosedChannelException: null
	at java.base/sun.nio.ch.SocketChannelImpl.ensureOpenAndConnected(SocketChannelImpl.java:224)
	at java.base/sun.nio.ch.SocketChannelImpl.blockingRead(SocketChannelImpl.java:1384)
	at java.base/sun.nio.ch.SocketInputStream.implRead(SocketInputStream.java:70)
	at java.base/sun.nio.ch.SocketInputStream.read(SocketInputStream.java:78)
	at com.github.dockerjava.zerodep.shaded.org.apache.hc.client5.http.impl.io.LoggingInputStream.read(LoggingInputStream.java:81)
	at com.github.dockerjava.zerodep.shaded.org.apache.hc.core5.http.impl.io.SessionInputBufferImpl.fillBuffer(SessionInputBufferImpl.java:149)
	at com.github.dockerjava.zerodep.shaded.org.apache.hc.core5.http.impl.io.SessionInputBufferImpl.readLine(SessionInputBufferImpl.java:280)
	at com.github.dockerjava.zerodep.shaded.org.apache.hc.core5.http.impl.io.ChunkedInputStream.getChunkSize(ChunkedInputStream.java:261)
	at com.github.dockerjava.zerodep.shaded.org.apache.hc.core5.http.impl.io.ChunkedInputStream.nextChunk(ChunkedInputStream.java:222)
	at com.github.dockerjava.zerodep.shaded.org.apache.hc.core5.http.impl.io.ChunkedInputStream.read(ChunkedInputStream.java:183)
	at com.github.dockerjava.zerodep.shaded.org.apache.hc.core5.http.impl.io.ChunkedInputStream.read(ChunkedInputStream.java:210)
	at com.github.dockerjava.zerodep.shaded.org.apache.hc.core5.http.impl.io.ChunkedInputStream.close(ChunkedInputStream.java:319)
	at com.github.dockerjava.zerodep.shaded.org.apache.hc.core5.io.Closer.close(Closer.java:48)
	at com.github.dockerjava.zerodep.shaded.org.apache.hc.core5.http.impl.io.IncomingHttpEntity.close(IncomingHttpEntity.java:111)
	at com.github.dockerjava.zerodep.shaded.org.apache.hc.core5.http.io.entity.HttpEntityWrapper.close(HttpEntityWrapper.java:120)
	at com.github.dockerjava.zerodep.shaded.org.apache.hc.core5.io.Closer.close(Closer.java:48)
	at com.github.dockerjava.zerodep.shaded.org.apache.hc.core5.http.message.BasicClassicHttpResponse.close(BasicClassicHttpResponse.java:93)
	at com.github.dockerjava.zerodep.shaded.org.apache.hc.client5.http.impl.classic.CloseableHttpResponse.close(CloseableHttpResponse.java:200)
	at com.github.dockerjava.zerodep.ApacheDockerHttpClientImpl$ApacheResponse.close(ApacheDockerHttpClientImpl.java:256)
	at org.testcontainers.shaded.com.github.dockerjava.core.DefaultInvocationBuilder.put(DefaultInvocationBuilder.java:223)
	at org.testcontainers.shaded.com.github.dockerjava.core.exec.CopyArchiveToContainerCmdExec.execute(CopyArchiveToContainerCmdExec.java:34)
	at org.testcontainers.shaded.com.github.dockerjava.core.exec.CopyArchiveToContainerCmdExec.execute(CopyArchiveToContainerCmdExec.java:13)
	at org.testcontainers.shaded.com.github.dockerjava.core.exec.AbstrSyncDockerCmdExec.exec(AbstrSyncDockerCmdExec.java:21)
	at org.testcontainers.shaded.com.github.dockerjava.core.command.AbstrDockerCmd.exec(AbstrDockerCmd.java:33)
	at org.testcontainers.shaded.com.github.dockerjava.core.command.CopyArchiveToContainerCmdImpl.exec(CopyArchiveToContainerCmdImpl.java:162)
	at org.testcontainers.containers.ContainerState.copyFileToContainer(ContainerState.java:339)
	at org.testcontainers.containers.KafkaContainer.containerIsStarting(KafkaContainer.java:199)
	at org.testcontainers.containers.GenericContainer.containerIsStarting(GenericContainer.java:715)
	at org.testcontainers.containers.GenericContainer.tryStart(GenericContainer.java:492)
	at org.testcontainers.containers.GenericContainer.lambda$doStart$0(GenericContainer.java:357)
	at org.rnorth.ducttape.unreliables.Unreliables.retryUntilSuccess(Unreliables.java:81)
	at org.testcontainers.containers.GenericContainer.doStart(GenericContainer.java:347)
	at org.testcontainers.containers.GenericContainer.start(GenericContainer.java:333)
	at org.testcontainers.junit.jupiter.TestcontainersExtension$StoreAdapter.start(TestcontainersExtension.java:280)
	at org.testcontainers.junit.jupiter.TestcontainersExtension$StoreAdapter.access$200(TestcontainersExtension.java:267)
	at org.testcontainers.junit.jupiter.TestcontainersExtension.lambda$null$4(TestcontainersExtension.java:82)
	at org.junit.platform.engine.support.store.NamespacedHierarchicalStore.lambda$getOrComputeIfAbsent$5(NamespacedHierarchicalStore.java:147)
	at org.junit.platform.engine.support.store.NamespacedHierarchicalStore$MemoizingSupplier.computeValue(NamespacedHierarchicalStore.java:372)
	at org.junit.platform.engine.support.store.NamespacedHierarchicalStore$MemoizingSupplier.get(NamespacedHierarchicalStore.java:361)
	at org.junit.platform.engine.support.store.NamespacedHierarchicalStore$StoredValue.evaluate(NamespacedHierarchicalStore.java:308)
	at org.junit.platform.engine.support.store.NamespacedHierarchicalStore$StoredValue.access$200(NamespacedHierarchicalStore.java:287)
	at org.junit.platform.engine.support.store.NamespacedHierarchicalStore.getOrComputeIfAbsent(NamespacedHierarchicalStore.java:149)
	at org.junit.jupiter.engine.execution.NamespaceAwareStore.lambda$getOrComputeIfAbsent$2(NamespaceAwareStore.java:57)
	at org.junit.jupiter.engine.execution.NamespaceAwareStore.accessStore(NamespaceAwareStore.java:90)
	at org.junit.jupiter.engine.execution.NamespaceAwareStore.getOrComputeIfAbsent(NamespaceAwareStore.java:57)
	at org.testcontainers.junit.jupiter.TestcontainersExtension.lambda$startContainers$5(TestcontainersExtension.java:82)
	at java.base/java.util.ArrayList.forEach(ArrayList.java:1604)
	at org.testcontainers.junit.jupiter.TestcontainersExtension.startContainers(TestcontainersExtension.java:82)
	at org.testcontainers.junit.jupiter.TestcontainersExtension.beforeAll(TestcontainersExtension.java:56)
	at org.junit.jupiter.engine.descriptor.ClassBasedTestDescriptor.lambda$invokeBeforeAllCallbacks$12(ClassBasedTestDescriptor.java:396)
	at org.junit.platform.engine.support.hierarchical.ThrowableCollector.execute(ThrowableCollector.java:73)
	at org.junit.jupiter.engine.descriptor.ClassBasedTestDescriptor.invokeBeforeAllCallbacks(ClassBasedTestDescriptor.java:396)
	at org.junit.jupiter.engine.descriptor.ClassBasedTestDescriptor.before(ClassBasedTestDescriptor.java:212)
	at org.junit.jupiter.engine.descriptor.ClassBasedTestDescriptor.before(ClassBasedTestDescriptor.java:85)
	at org.junit.platform.engine.support.hierarchical.NodeTestTask.lambda$executeRecursively$6(NodeTestTask.java:148)
	at org.junit.platform.engine.support.hierarchical.ThrowableCollector.execute(ThrowableCollector.java:73)
	at org.junit.platform.engine.support.hierarchical.NodeTestTask.lambda$executeRecursively$8(NodeTestTask.java:141)
	at org.junit.platform.engine.support.hierarchical.Node.around(Node.java:137)
	at org.junit.platform.engine.support.hierarchical.NodeTestTask.lambda$executeRecursively$9(NodeTestTask.java:139)
	at org.junit.platform.engine.support.hierarchical.ThrowableCollector.execute(ThrowableCollector.java:73)
	at org.junit.platform.engine.support.hierarchical.NodeTestTask.executeRecursively(NodeTestTask.java:138)
	at org.junit.platform.engine.support.hierarchical.NodeTestTask.execute(NodeTestTask.java:95)
	at java.base/java.util.ArrayList.forEach(ArrayList.java:1604)
	at org.junit.platform.engine.support.hierarchical.SameThreadHierarchicalTestExecutorService.invokeAll(SameThreadHierarchicalTestExecutorService.java:41)
	at org.junit.platform.engine.support.hierarchical.NodeTestTask.lambda$executeRecursively$6(NodeTestTask.java:155)
	at org.junit.platform.engine.support.hierarchical.ThrowableCollector.execute(ThrowableCollector.java:73)
	at org.junit.platform.engine.support.hierarchical.NodeTestTask.lambda$executeRecursively$8(NodeTestTask.java:141)
	at org.junit.platform.engine.support.hierarchical.Node.around(Node.java:137)
	at org.junit.platform.engine.support.hierarchical.NodeTestTask.lambda$executeRecursively$9(NodeTestTask.java:139)
	at org.junit.platform.engine.support.hierarchical.ThrowableCollector.execute(ThrowableCollector.java:73)
	at org.junit.platform.engine.support.hierarchical.NodeTestTask.executeRecursively(NodeTestTask.java:138)
	at org.junit.platform.engine.support.hierarchical.NodeTestTask.execute(NodeTestTask.java:95)
	at org.junit.platform.engine.support.hierarchical.SameThreadHierarchicalTestExecutorService.submit(SameThreadHierarchicalTestExecutorService.java:35)
	at org.junit.platform.engine.support.hierarchical.HierarchicalTestExecutor.execute(HierarchicalTestExecutor.java:57)
	at org.junit.platform.engine.support.hierarchical.HierarchicalTestEngine.execute(HierarchicalTestEngine.java:54)
	at org.junit.platform.launcher.core.EngineExecutionOrchestrator.execute(EngineExecutionOrchestrator.java:198)
	at org.junit.platform.launcher.core.EngineExecutionOrchestrator.execute(EngineExecutionOrchestrator.java:169)
	at org.junit.platform.launcher.core.EngineExecutionOrchestrator.execute(EngineExecutionOrchestrator.java:93)
	at org.junit.platform.launcher.core.EngineExecutionOrchestrator.lambda$execute$0(EngineExecutionOrchestrator.java:58)
	at org.junit.platform.launcher.core.EngineExecutionOrchestrator.withInterceptedStreams(EngineExecutionOrchestrator.java:141)
	at org.junit.platform.launcher.core.EngineExecutionOrchestrator.execute(EngineExecutionOrchestrator.java:57)
	at org.junit.platform.launcher.core.DefaultLauncher.execute(DefaultLauncher.java:103)
	at org.junit.platform.launcher.core.DefaultLauncher.execute(DefaultLauncher.java:85)
	at org.junit.platform.launcher.core.DelegatingLauncher.execute(DelegatingLauncher.java:47)
	at org.apache.maven.surefire.junitplatform.LazyLauncher.execute(LazyLauncher.java:56)
	at org.apache.maven.surefire.junitplatform.JUnitPlatformProvider.execute(JUnitPlatformProvider.java:184)
	at org.apache.maven.surefire.junitplatform.JUnitPlatformProvider.invokeAllTests(JUnitPlatformProvider.java:148)
	at org.apache.maven.surefire.junitplatform.JUnitPlatformProvider.invoke(JUnitPlatformProvider.java:122)
	at org.apache.maven.surefire.booter.ForkedBooter.runSuitesInProcess(ForkedBooter.java:385)
	at org.apache.maven.surefire.booter.ForkedBooter.execute(ForkedBooter.java:162)
	at org.apache.maven.surefire.booter.ForkedBooter.run(ForkedBooter.java:507)
	at org.apache.maven.surefire.booter.ForkedBooter.main(ForkedBooter.java:495)
14:55:52.590 [docker-java-stream-39689327] DEBUG com.github.dockerjava.zerodep.shaded.org.apache.hc.client5.http.impl.classic.InternalHttpClient -- ex-00000012: preparing request execution
14:55:52.590 [docker-java-stream-39689327] DEBUG com.github.dockerjava.zerodep.shaded.org.apache.hc.client5.http.protocol.RequestAddCookies -- Cookie spec selected: strict
14:55:52.590 [docker-java-stream-39689327] DEBUG com.github.dockerjava.zerodep.shaded.org.apache.hc.client5.http.protocol.RequestAuthCache -- Auth cache not set in the context
14:55:52.590 [docker-java-stream-39689327] DEBUG com.github.dockerjava.zerodep.shaded.org.apache.hc.client5.http.impl.classic.ProtocolExec -- ex-00000012: target auth state: UNCHALLENGED
14:55:52.590 [docker-java-stream-39689327] DEBUG com.github.dockerjava.zerodep.shaded.org.apache.hc.client5.http.impl.classic.ProtocolExec -- ex-00000012: proxy auth state: UNCHALLENGED
14:55:52.590 [docker-java-stream-39689327] DEBUG com.github.dockerjava.zerodep.shaded.org.apache.hc.client5.http.impl.classic.ConnectExec -- ex-00000012: acquiring connection with route {}->unix://localhost:2375
14:55:52.590 [docker-java-stream-39689327] DEBUG com.github.dockerjava.zerodep.shaded.org.apache.hc.client5.http.impl.classic.InternalHttpClient -- ex-00000012: acquiring endpoint (3 MINUTES)
14:55:52.590 [docker-java-stream-39689327] DEBUG com.github.dockerjava.zerodep.shaded.org.apache.hc.client5.http.impl.io.PoolingHttpClientConnectionManager -- ex-00000012: endpoint lease request (3 MINUTES) [route: {}->unix://localhost:2375][total available: 0; route allocated: 0 of 2147483647; total allocated: 0 of 2147483647]
14:55:52.591 [docker-java-stream-39689327] DEBUG com.github.dockerjava.zerodep.shaded.org.apache.hc.client5.http.impl.io.PoolingHttpClientConnectionManager -- ex-00000012: endpoint leased [route: {}->unix://localhost:2375][total available: 0; route allocated: 1 of 2147483647; total allocated: 1 of 2147483647]
14:55:52.591 [docker-java-stream-39689327] DEBUG com.github.dockerjava.zerodep.shaded.org.apache.hc.client5.http.impl.io.PoolingHttpClientConnectionManager -- ex-00000012: acquired ep-00000011
14:55:52.591 [docker-java-stream-39689327] DEBUG com.github.dockerjava.zerodep.shaded.org.apache.hc.client5.http.impl.classic.InternalHttpClient -- ex-00000012: acquired endpoint ep-00000011
14:55:52.591 [docker-java-stream-39689327] DEBUG com.github.dockerjava.zerodep.shaded.org.apache.hc.client5.http.impl.classic.ConnectExec -- ex-00000012: opening connection {}->unix://localhost:2375
14:55:52.591 [docker-java-stream-39689327] DEBUG com.github.dockerjava.zerodep.shaded.org.apache.hc.client5.http.impl.classic.InternalHttpClient -- ep-00000011: connecting endpoint (3 MINUTES)
14:55:52.591 [docker-java-stream-39689327] DEBUG com.github.dockerjava.zerodep.shaded.org.apache.hc.client5.http.impl.io.PoolingHttpClientConnectionManager -- ep-00000011: connecting endpoint to unix://localhost:2375 (3 MINUTES)
14:55:52.591 [docker-java-stream-39689327] DEBUG com.github.dockerjava.zerodep.shaded.org.apache.hc.client5.http.impl.io.DefaultHttpClientConnectionOperator -- http-outgoing-2: connecting to localhost/127.0.0.1:2375
14:55:52.591 [docker-java-stream-39689327] DEBUG com.github.dockerjava.zerodep.shaded.org.apache.hc.client5.http.impl.io.DefaultHttpClientConnectionOperator -- http-outgoing-2: connection established /var/run/docker.sock<->/var/run/docker.sock
14:55:52.591 [docker-java-stream-39689327] DEBUG com.github.dockerjava.zerodep.shaded.org.apache.hc.client5.http.impl.io.PoolingHttpClientConnectionManager -- ep-00000011: connected http-outgoing-2
14:55:52.591 [docker-java-stream-39689327] DEBUG com.github.dockerjava.zerodep.shaded.org.apache.hc.client5.http.impl.classic.InternalHttpClient -- ep-00000011: endpoint connected
14:55:52.591 [docker-java-stream-39689327] DEBUG com.github.dockerjava.zerodep.shaded.org.apache.hc.client5.http.impl.classic.MainClientExec -- ex-00000012: executing GET /v1.32/containers/0965ee6b269559b1bb36bde0af7a4bd2f223fe1a2367d40895e097a11325a090/logs?stdout=true&stderr=true&follow=true&since=0 HTTP/1.1
14:55:52.591 [docker-java-stream-39689327] DEBUG com.github.dockerjava.zerodep.shaded.org.apache.hc.client5.http.impl.classic.InternalHttpClient -- ep-00000011: start execution ex-00000012
14:55:52.591 [docker-java-stream-39689327] DEBUG com.github.dockerjava.zerodep.shaded.org.apache.hc.client5.http.impl.io.PoolingHttpClientConnectionManager -- ep-00000011: executing exchange ex-00000012 over http-outgoing-2
14:55:52.591 [docker-java-stream-39689327] DEBUG com.github.dockerjava.zerodep.shaded.org.apache.hc.client5.http.headers -- http-outgoing-2 >> GET /v1.32/containers/0965ee6b269559b1bb36bde0af7a4bd2f223fe1a2367d40895e097a11325a090/logs?stdout=true&stderr=true&follow=true&since=0 HTTP/1.1
14:55:52.591 [docker-java-stream-39689327] DEBUG com.github.dockerjava.zerodep.shaded.org.apache.hc.client5.http.headers -- http-outgoing-2 >> x-tc-sid: 35985044-72d4-41bf-a8fd-d98ab43b3acb
14:55:52.591 [docker-java-stream-39689327] DEBUG com.github.dockerjava.zerodep.shaded.org.apache.hc.client5.http.headers -- http-outgoing-2 >> User-Agent: tc-java/1.19.3
14:55:52.591 [docker-java-stream-39689327] DEBUG com.github.dockerjava.zerodep.shaded.org.apache.hc.client5.http.headers -- http-outgoing-2 >> Accept-Encoding: gzip, x-gzip, deflate
14:55:52.591 [docker-java-stream-39689327] DEBUG com.github.dockerjava.zerodep.shaded.org.apache.hc.client5.http.headers -- http-outgoing-2 >> Host: localhost:2375
14:55:52.591 [docker-java-stream-39689327] DEBUG com.github.dockerjava.zerodep.shaded.org.apache.hc.client5.http.headers -- http-outgoing-2 >> Connection: keep-alive
14:55:52.591 [docker-java-stream-39689327] DEBUG com.github.dockerjava.zerodep.shaded.org.apache.hc.client5.http.wire -- http-outgoing-2 >> "GET /v1.32/containers/0965ee6b269559b1bb36bde0af7a4bd2f223fe1a2367d40895e097a11325a090/logs?stdout=true&stderr=true&follow=true&since=0 HTTP/1.1[\r][\n]"
14:55:52.591 [docker-java-stream-39689327] DEBUG com.github.dockerjava.zerodep.shaded.org.apache.hc.client5.http.wire -- http-outgoing-2 >> "x-tc-sid: 35985044-72d4-41bf-a8fd-d98ab43b3acb[\r][\n]"
14:55:52.591 [docker-java-stream-39689327] DEBUG com.github.dockerjava.zerodep.shaded.org.apache.hc.client5.http.wire -- http-outgoing-2 >> "User-Agent: tc-java/1.19.3[\r][\n]"
14:55:52.591 [docker-java-stream-39689327] DEBUG com.github.dockerjava.zerodep.shaded.org.apache.hc.client5.http.wire -- http-outgoing-2 >> "Accept-Encoding: gzip, x-gzip, deflate[\r][\n]"
14:55:52.591 [docker-java-stream-39689327] DEBUG com.github.dockerjava.zerodep.shaded.org.apache.hc.client5.http.wire -- http-outgoing-2 >> "Host: localhost:2375[\r][\n]"
14:55:52.591 [docker-java-stream-39689327] DEBUG com.github.dockerjava.zerodep.shaded.org.apache.hc.client5.http.wire -- http-outgoing-2 >> "Connection: keep-alive[\r][\n]"
14:55:52.591 [docker-java-stream-39689327] DEBUG com.github.dockerjava.zerodep.shaded.org.apache.hc.client5.http.wire -- http-outgoing-2 >> "[\r][\n]"
14:55:52.592 [docker-java-stream-39689327] DEBUG com.github.dockerjava.zerodep.shaded.org.apache.hc.client5.http.wire -- http-outgoing-2 << "HTTP/1.1 200 OK[\r][\n]"
14:55:52.592 [docker-java-stream-39689327] DEBUG com.github.dockerjava.zerodep.shaded.org.apache.hc.client5.http.wire -- http-outgoing-2 << "Api-Version: 1.49[\r][\n]"
14:55:52.592 [docker-java-stream-39689327] DEBUG com.github.dockerjava.zerodep.shaded.org.apache.hc.client5.http.wire -- http-outgoing-2 << "Content-Type: application/vnd.docker.raw-stream[\r][\n]"
14:55:52.592 [docker-java-stream-39689327] DEBUG com.github.dockerjava.zerodep.shaded.org.apache.hc.client5.http.wire -- http-outgoing-2 << "Date: Sat, 26 Jul 2025 18:55:52 GMT[\r][\n]"
14:55:52.592 [docker-java-stream-39689327] DEBUG com.github.dockerjava.zerodep.shaded.org.apache.hc.client5.http.wire -- http-outgoing-2 << "Docker-Experimental: false[\r][\n]"
14:55:52.592 [docker-java-stream-39689327] DEBUG com.github.dockerjava.zerodep.shaded.org.apache.hc.client5.http.wire -- http-outgoing-2 << "Ostype: linux[\r][\n]"
14:55:52.592 [docker-java-stream-39689327] DEBUG com.github.dockerjava.zerodep.shaded.org.apache.hc.client5.http.wire -- http-outgoing-2 << "Server: Docker/28.1.1 (linux)[\r][\n]"
14:55:52.592 [docker-java-stream-39689327] DEBUG com.github.dockerjava.zerodep.shaded.org.apache.hc.client5.http.wire -- http-outgoing-2 << "Transfer-Encoding: chunked[\r][\n]"
14:55:52.592 [docker-java-stream-39689327] DEBUG com.github.dockerjava.zerodep.shaded.org.apache.hc.client5.http.wire -- http-outgoing-2 << "[\r][\n]"
14:55:52.592 [docker-java-stream-39689327] DEBUG com.github.dockerjava.zerodep.shaded.org.apache.hc.client5.http.headers -- http-outgoing-2 << HTTP/1.1 200 OK
14:55:52.592 [docker-java-stream-39689327] DEBUG com.github.dockerjava.zerodep.shaded.org.apache.hc.client5.http.headers -- http-outgoing-2 << Api-Version: 1.49
14:55:52.592 [docker-java-stream-39689327] DEBUG com.github.dockerjava.zerodep.shaded.org.apache.hc.client5.http.headers -- http-outgoing-2 << Content-Type: application/vnd.docker.raw-stream
14:55:52.592 [docker-java-stream-39689327] DEBUG com.github.dockerjava.zerodep.shaded.org.apache.hc.client5.http.headers -- http-outgoing-2 << Date: Sat, 26 Jul 2025 18:55:52 GMT
14:55:52.592 [docker-java-stream-39689327] DEBUG com.github.dockerjava.zerodep.shaded.org.apache.hc.client5.http.headers -- http-outgoing-2 << Docker-Experimental: false
14:55:52.592 [docker-java-stream-39689327] DEBUG com.github.dockerjava.zerodep.shaded.org.apache.hc.client5.http.headers -- http-outgoing-2 << Ostype: linux
14:55:52.592 [docker-java-stream-39689327] DEBUG com.github.dockerjava.zerodep.shaded.org.apache.hc.client5.http.headers -- http-outgoing-2 << Server: Docker/28.1.1 (linux)
14:55:52.592 [docker-java-stream-39689327] DEBUG com.github.dockerjava.zerodep.shaded.org.apache.hc.client5.http.headers -- http-outgoing-2 << Transfer-Encoding: chunked
14:55:52.592 [docker-java-stream-39689327] DEBUG com.github.dockerjava.zerodep.shaded.org.apache.hc.client5.http.impl.classic.MainClientExec -- ex-00000012: connection can be kept alive for 3 MINUTES
14:55:52.598 [docker-java-stream-39689327] DEBUG com.github.dockerjava.zerodep.shaded.org.apache.hc.client5.http.wire -- http-outgoing-2 << "12[\r][\n]"
14:55:52.598 [docker-java-stream-39689327] DEBUG com.github.dockerjava.zerodep.shaded.org.apache.hc.client5.http.wire -- http-outgoing-2 << "[0x1][0x0][0x0][0x0][0x0][0x0][0x0][\n]"
14:55:52.598 [docker-java-stream-39689327] DEBUG com.github.dockerjava.zerodep.shaded.org.apache.hc.client5.http.wire -- http-outgoing-2 << "===> User[\n]"
14:55:52.598 [docker-java-stream-39689327] DEBUG com.github.dockerjava.zerodep.shaded.org.apache.hc.client5.http.wire -- http-outgoing-2 << "[\r][\n]"
14:55:52.598 [main] DEBUG org.testcontainers.containers.output.WaitingConsumer -- STDOUT: ===> User
14:55:52.598 [docker-java-stream-39689327] DEBUG com.github.dockerjava.zerodep.shaded.org.apache.hc.client5.http.wire -- http-outgoing-2 << "41[\r][\n]"
14:55:52.598 [docker-java-stream-39689327] DEBUG com.github.dockerjava.zerodep.shaded.org.apache.hc.client5.http.wire -- http-outgoing-2 << "[0x1][0x0][0x0][0x0][0x0][0x0][0x0]9uid=1000(appuser) gid=1000(appuser) groups=1000(appuser)[\n]"
14:55:52.598 [docker-java-stream-39689327] DEBUG com.github.dockerjava.zerodep.shaded.org.apache.hc.client5.http.wire -- http-outgoing-2 << "[\r][\n]"
14:55:52.599 [docker-java-stream-39689327] DEBUG com.github.dockerjava.zerodep.shaded.org.apache.hc.client5.http.wire -- http-outgoing-2 << "1d[\r][\n]"
14:55:52.599 [docker-java-stream-39689327] DEBUG com.github.dockerjava.zerodep.shaded.org.apache.hc.client5.http.wire -- http-outgoing-2 << "[0x1][0x0][0x0][0x0][0x0][0x0][0x0][0x15]===> Configuring ...[\n]"
14:55:52.599 [docker-java-stream-39689327] DEBUG com.github.dockerjava.zerodep.shaded.org.apache.hc.client5.http.wire -- http-outgoing-2 << "[\r][\n]"
14:55:52.600 [docker-java-stream-39689327] DEBUG com.github.dockerjava.zerodep.shaded.org.apache.hc.client5.http.wire -- http-outgoing-2 << "25[\r][\n]"
14:55:52.600 [docker-java-stream-39689327] DEBUG com.github.dockerjava.zerodep.shaded.org.apache.hc.client5.http.wire -- http-outgoing-2 << "[0x1][0x0][0x0][0x0][0x0][0x0][0x0][0x1d]Running in Zookeeper mode...[\n]"
14:55:52.600 [docker-java-stream-39689327] DEBUG com.github.dockerjava.zerodep.shaded.org.apache.hc.client5.http.wire -- http-outgoing-2 << "[\r][\n]"
14:55:52.609 [main] DEBUG org.testcontainers.containers.output.WaitingConsumer -- STDOUT: Running in Zookeeper mode...
14:55:52.609 [main] DEBUG org.testcontainers.containers.output.WaitingConsumer -- STDOUT: ===> Configuring ...
14:55:52.609 [main] DEBUG org.testcontainers.containers.output.WaitingConsumer -- STDOUT: uid=1000(appuser) gid=1000(appuser) groups=1000(appuser)
14:55:52.842 [docker-java-stream-39689327] DEBUG com.github.dockerjava.zerodep.shaded.org.apache.hc.client5.http.wire -- http-outgoing-2 << "8e[\r][\n]"
14:55:52.842 [docker-java-stream-39689327] DEBUG com.github.dockerjava.zerodep.shaded.org.apache.hc.client5.http.wire -- http-outgoing-2 << "[0x1][0x0][0x0][0x0][0x0][0x0][0x0][0xffffff86][2025-07-26 18:55:52,841] INFO Reading configuration from: zookeeper.properties (org.apache.zookeeper.server.quorum.QuorumPeerConfig)[\n]"
14:55:52.842 [docker-java-stream-39689327] DEBUG com.github.dockerjava.zerodep.shaded.org.apache.hc.client5.http.wire -- http-outgoing-2 << "[\r][\n]"
14:55:52.843 [docker-java-stream-39689327] DEBUG com.github.dockerjava.zerodep.shaded.org.apache.hc.client5.http.wire -- http-outgoing-2 << "a8[\r][\n]"
14:55:52.843 [docker-java-stream-39689327] DEBUG com.github.dockerjava.zerodep.shaded.org.apache.hc.client5.http.wire -- http-outgoing-2 << "[0x1][0x0][0x0][0x0][0x0][0x0][0x0][0xffffffa0][2025-07-26 18:55:52,841] WARN zookeeper.properties is relative. Prepend ./ to indicate that you're sure! (org.apache.zookeeper.server.quorum.QuorumPeerConfig)[\n]"
14:55:52.843 [docker-java-stream-39689327] DEBUG com.github.dockerjava.zerodep.shaded.org.apache.hc.client5.http.wire -- http-outgoing-2 << "[\r][\n]"
14:55:52.845 [docker-java-stream-39689327] DEBUG com.github.dockerjava.zerodep.shaded.org.apache.hc.client5.http.wire -- http-outgoing-2 << "226[\r][\n]"
14:55:52.845 [docker-java-stream-39689327] DEBUG com.github.dockerjava.zerodep.shaded.org.apache.hc.client5.http.wire -- http-outgoing-2 << "[0x1][0x0][0x0][0x0][0x0][0x0][0x0]w[2025-07-26 18:55:52,843] INFO clientPortAddress is 0.0.0.0:2181 (org.apache.zookeeper.server.quorum.QuorumPeerConfig)[\n]"
14:55:52.845 [docker-java-stream-39689327] DEBUG com.github.dockerjava.zerodep.shaded.org.apache.hc.client5.http.wire -- http-outgoing-2 << "[0x1][0x0][0x0][0x0][0x0][0x0][0x0]q[2025-07-26 18:55:52,843] INFO secureClientPort is not set (org.apache.zookeeper.server.quorum.QuorumPeerConfig)[\n]"
14:55:52.845 [docker-java-stream-39689327] DEBUG com.github.dockerjava.zerodep.shaded.org.apache.hc.client5.http.wire -- http-outgoing-2 << "[0x1][0x0][0x0][0x0][0x0][0x0][0x0]s[2025-07-26 18:55:52,844] INFO observerMasterPort is not set (org.apache.zookeeper.server.quorum.QuorumPeerConfig)[\n]"
14:55:52.845 [docker-java-stream-39689327] DEBUG com.github.dockerjava.zerodep.shaded.org.apache.hc.client5.http.wire -- http-outgoing-2 << "[0x1][0x0][0x0][0x0][0x0][0x0][0x0][0xffffffab][2025-07-26 18:55:52,844] INFO metricsProvider.className is org.apache.zookeeper.metrics.impl.DefaultMetricsProvider (org.apache.zookeeper.server.quorum.QuorumPeerConfig)[\n]"
14:55:52.845 [docker-java-stream-39689327] DEBUG com.github.dockerjava.zerodep.shaded.org.apache.hc.client5.http.wire -- http-outgoing-2 << "[\r][\n]"
14:55:52.845 [docker-java-stream-39689327] DEBUG com.github.dockerjava.zerodep.shaded.org.apache.hc.client5.http.wire -- http-outgoing-2 << "219[\r][\n]"
14:55:52.845 [docker-java-stream-39689327] DEBUG com.github.dockerjava.zerodep.shaded.org.apache.hc.client5.http.wire -- http-outgoing-2 << "[0x1][0x0][0x0][0x0][0x0][0x0][0x0]v[2025-07-26 18:55:52,844] INFO autopurge.snapRetainCount set to 3 (org.apache.zookeeper.server.DatadirCleanupManager)[\n]"
14:55:52.845 [docker-java-stream-39689327] DEBUG com.github.dockerjava.zerodep.shaded.org.apache.hc.client5.http.wire -- http-outgoing-2 << "[0x1][0x0][0x0][0x0][0x0][0x0][0x0]t[2025-07-26 18:55:52,844] INFO autopurge.purgeInterval set to 0 (org.apache.zookeeper.server.DatadirCleanupManager)[\n]"
14:55:52.845 [docker-java-stream-39689327] DEBUG com.github.dockerjava.zerodep.shaded.org.apache.hc.client5.http.wire -- http-outgoing-2 << "[0x1][0x0][0x0][0x0][0x0][0x0][0x0]p[2025-07-26 18:55:52,844] INFO Purge task is not scheduled. (org.apache.zookeeper.server.DatadirCleanupManager)[\n]"
14:55:52.845 [docker-java-stream-39689327] DEBUG com.github.dockerjava.zerodep.shaded.org.apache.hc.client5.http.wire -- http-outgoing-2 << "[0x1][0x0][0x0][0x0][0x0][0x0][0x0][0xffffff9f][2025-07-26 18:55:52,844] WARN Either no config or no quorum defined in config, running in standalone mode (org.apache.zookeeper.server.quorum.QuorumPeerMain)[\n]"
14:55:52.845 [docker-java-stream-39689327] DEBUG com.github.dockerjava.zerodep.shaded.org.apache.hc.client5.http.wire -- http-outgoing-2 << "[\r][\n]"
14:55:52.846 [docker-java-stream-39689327] DEBUG com.github.dockerjava.zerodep.shaded.org.apache.hc.client5.http.wire -- http-outgoing-2 << "7d[\r][\n]"
14:55:52.846 [docker-java-stream-39689327] DEBUG com.github.dockerjava.zerodep.shaded.org.apache.hc.client5.http.wire -- http-outgoing-2 << "[0x1][0x0][0x0][0x0][0x0][0x0][0x0]u[2025-07-26 18:55:52,845] INFO Log4j 1.2 jmx support not found; jmx disabled. (org.apache.zookeeper.jmx.ManagedUtil)[\n]"
14:55:52.846 [docker-java-stream-39689327] DEBUG com.github.dockerjava.zerodep.shaded.org.apache.hc.client5.http.wire -- http-outgoing-2 << "[\r][\n]"
14:55:52.846 [docker-java-stream-39689327] DEBUG com.github.dockerjava.zerodep.shaded.org.apache.hc.client5.http.wire -- http-outgoing-2 << "136[\r][\n]"
14:55:52.846 [docker-java-stream-39689327] DEBUG com.github.dockerjava.zerodep.shaded.org.apache.hc.client5.http.wire -- http-outgoing-2 << "[0x1][0x0][0x0][0x0][0x0][0x0][0x0][0xffffff86][2025-07-26 18:55:52,845] INFO Reading configuration from: zookeeper.properties (org.apache.zookeeper.server.quorum.QuorumPeerConfig)[\n]"
14:55:52.846 [docker-java-stream-39689327] DEBUG com.github.dockerjava.zerodep.shaded.org.apache.hc.client5.http.wire -- http-outgoing-2 << "[0x1][0x0][0x0][0x0][0x0][0x0][0x0][0xffffffa0][2025-07-26 18:55:52,845] WARN zookeeper.properties is relative. Prepend ./ to indicate that you're sure! (org.apache.zookeeper.server.quorum.QuorumPeerConfig)[\n]"
14:55:52.846 [docker-java-stream-39689327] DEBUG com.github.dockerjava.zerodep.shaded.org.apache.hc.client5.http.wire -- http-outgoing-2 << "[\r][\n]"
14:55:52.846 [docker-java-stream-39689327] DEBUG com.github.dockerjava.zerodep.shaded.org.apache.hc.client5.http.wire -- http-outgoing-2 << "173[\r][\n]"
14:55:52.846 [docker-java-stream-39689327] DEBUG com.github.dockerjava.zerodep.shaded.org.apache.hc.client5.http.wire -- http-outgoing-2 << "[0x1][0x0][0x0][0x0][0x0][0x0][0x0]w[2025-07-26 18:55:52,845] INFO clientPortAddress is 0.0.0.0:2181 (org.apache.zookeeper.server.quorum.QuorumPeerConfig)[\n]"
14:55:52.846 [docker-java-stream-39689327] DEBUG com.github.dockerjava.zerodep.shaded.org.apache.hc.client5.http.wire -- http-outgoing-2 << "[0x1][0x0][0x0][0x0][0x0][0x0][0x0]q[2025-07-26 18:55:52,845] INFO secureClientPort is not set (org.apache.zookeeper.server.quorum.QuorumPeerConfig)[\n]"
14:55:52.846 [docker-java-stream-39689327] DEBUG com.github.dockerjava.zerodep.shaded.org.apache.hc.client5.http.wire -- http-outgoing-2 << "[0x1][0x0][0x0][0x0][0x0][0x0][0x0]s[2025-07-26 18:55:52,845] INFO observerMasterPort is not set (org.apache.zookeeper.server.quorum.QuorumPeerConfig)[\n]"
14:55:52.846 [docker-java-stream-39689327] DEBUG com.github.dockerjava.zerodep.shaded.org.apache.hc.client5.http.wire -- http-outgoing-2 << "[\r][\n]"
14:55:52.846 [docker-java-stream-39689327] DEBUG com.github.dockerjava.zerodep.shaded.org.apache.hc.client5.http.wire -- http-outgoing-2 << "b3[\r][\n]"
14:55:52.846 [docker-java-stream-39689327] DEBUG com.github.dockerjava.zerodep.shaded.org.apache.hc.client5.http.wire -- http-outgoing-2 << "[0x1][0x0][0x0][0x0][0x0][0x0][0x0][0xffffffab][2025-07-26 18:55:52,845] INFO metricsProvider.className is org.apache.zookeeper.metrics.impl.DefaultMetricsProvider (org.apache.zookeeper.server.quorum.QuorumPeerConfig)[\n]"
14:55:52.846 [docker-java-stream-39689327] DEBUG com.github.dockerjava.zerodep.shaded.org.apache.hc.client5.http.wire -- http-outgoing-2 << "[\r][\n]"
14:55:52.846 [docker-java-stream-39689327] DEBUG com.github.dockerjava.zerodep.shaded.org.apache.hc.client5.http.wire -- http-outgoing-2 << "69[\r][\n]"
14:55:52.847 [docker-java-stream-39689327] DEBUG com.github.dockerjava.zerodep.shaded.org.apache.hc.client5.http.wire -- http-outgoing-2 << "[0x1][0x0][0x0][0x0][0x0][0x0][0x0]a[2025-07-26 18:55:52,846] INFO Starting server (org.apache.zookeeper.server.ZooKeeperServerMain)[\n]"
14:55:52.847 [docker-java-stream-39689327] DEBUG com.github.dockerjava.zerodep.shaded.org.apache.hc.client5.http.wire -- http-outgoing-2 << "[\r][\n]"
14:55:52.851 [main] DEBUG org.testcontainers.containers.output.WaitingConsumer -- STDOUT: [2025-07-26 18:55:52,846] INFO Starting server (org.apache.zookeeper.server.ZooKeeperServerMain)
14:55:52.851 [docker-java-stream-39689327] DEBUG com.github.dockerjava.zerodep.shaded.org.apache.hc.client5.http.wire -- http-outgoing-2 << "bb[\r][\n]"
14:55:52.852 [docker-java-stream-39689327] DEBUG com.github.dockerjava.zerodep.shaded.org.apache.hc.client5.http.wire -- http-outgoing-2 << "[0x1][0x0][0x0][0x0][0x0][0x0][0x0][0xffffffb3][2025-07-26 18:55:52,850] INFO ServerMetrics initialized with provider org.apache.zookeeper.metrics.impl.DefaultMetricsProvider@625732 (org.apache.zookeeper.server.ServerMetrics)[\n]"
14:55:52.852 [docker-java-stream-39689327] DEBUG com.github.dockerjava.zerodep.shaded.org.apache.hc.client5.http.wire -- http-outgoing-2 << "[\r][\n]"
14:55:52.852 [main] DEBUG org.testcontainers.containers.output.WaitingConsumer -- STDOUT: [2025-07-26 18:55:52,845] INFO metricsProvider.className is org.apache.zookeeper.metrics.impl.DefaultMetricsProvider (org.apache.zookeeper.server.quorum.QuorumPeerConfig)
14:55:52.852 [main] DEBUG org.testcontainers.containers.output.WaitingConsumer -- STDOUT: [2025-07-26 18:55:52,850] INFO ServerMetrics initialized with provider org.apache.zookeeper.metrics.impl.DefaultMetricsProvider@625732 (org.apache.zookeeper.server.ServerMetrics)
14:55:52.852 [main] DEBUG org.testcontainers.containers.output.WaitingConsumer -- STDOUT: [2025-07-26 18:55:52,845] INFO observerMasterPort is not set (org.apache.zookeeper.server.quorum.QuorumPeerConfig)
14:55:52.852 [main] DEBUG org.testcontainers.containers.output.WaitingConsumer -- STDOUT: [2025-07-26 18:55:52,845] INFO secureClientPort is not set (org.apache.zookeeper.server.quorum.QuorumPeerConfig)
14:55:52.852 [main] DEBUG org.testcontainers.containers.output.WaitingConsumer -- STDOUT: [2025-07-26 18:55:52,845] INFO clientPortAddress is 0.0.0.0:2181 (org.apache.zookeeper.server.quorum.QuorumPeerConfig)
14:55:52.852 [main] DEBUG org.testcontainers.containers.output.WaitingConsumer -- STDOUT: [2025-07-26 18:55:52,845] WARN zookeeper.properties is relative. Prepend ./ to indicate that you're sure! (org.apache.zookeeper.server.quorum.QuorumPeerConfig)
14:55:52.852 [main] DEBUG org.testcontainers.containers.output.WaitingConsumer -- STDOUT: [2025-07-26 18:55:52,845] INFO Reading configuration from: zookeeper.properties (org.apache.zookeeper.server.quorum.QuorumPeerConfig)
14:55:52.852 [main] DEBUG org.testcontainers.containers.output.WaitingConsumer -- STDOUT: [2025-07-26 18:55:52,845] INFO Log4j 1.2 jmx support not found; jmx disabled. (org.apache.zookeeper.jmx.ManagedUtil)
14:55:52.852 [main] DEBUG org.testcontainers.containers.output.WaitingConsumer -- STDOUT: [2025-07-26 18:55:52,844] WARN Either no config or no quorum defined in config, running in standalone mode (org.apache.zookeeper.server.quorum.QuorumPeerMain)
14:55:52.852 [docker-java-stream-39689327] DEBUG com.github.dockerjava.zerodep.shaded.org.apache.hc.client5.http.wire -- http-outgoing-2 << "122[\r][\n]"
14:55:52.852 [docker-java-stream-39689327] DEBUG com.github.dockerjava.zerodep.shaded.org.apache.hc.client5.http.wire -- http-outgoing-2 << "[0x1][0x0][0x0][0x0][0x0][0x0][0x0]}[2025-07-26 18:55:52,851] INFO ACL digest algorithm is: SHA1 (org.apache.zookeeper.server.auth.DigestAuthenticationProvider)[\n]"
14:55:52.852 [docker-java-stream-39689327] DEBUG com.github.dockerjava.zerodep.shaded.org.apache.hc.client5.http.wire -- http-outgoing-2 << "[0x1][0x0][0x0][0x0][0x0][0x0][0x0][0xffffff95][2025-07-26 18:55:52,851] INFO zookeeper.DigestAuthenticationProvider.enabled = true (org.apache.zookeeper.server.auth.DigestAuthenticationProvider)[\n]"
14:55:52.852 [docker-java-stream-39689327] DEBUG com.github.dockerjava.zerodep.shaded.org.apache.hc.client5.http.wire -- http-outgoing-2 << "[\r][\n]"
14:55:52.852 [main] DEBUG org.testcontainers.containers.output.WaitingConsumer -- STDOUT: [2025-07-26 18:55:52,844] INFO Purge task is not scheduled. (org.apache.zookeeper.server.DatadirCleanupManager)
14:55:52.852 [main] DEBUG org.testcontainers.containers.output.WaitingConsumer -- STDOUT: [2025-07-26 18:55:52,851] INFO zookeeper.DigestAuthenticationProvider.enabled = true (org.apache.zookeeper.server.auth.DigestAuthenticationProvider)
14:55:52.853 [main] DEBUG org.testcontainers.containers.output.WaitingConsumer -- STDOUT: [2025-07-26 18:55:52,851] INFO ACL digest algorithm is: SHA1 (org.apache.zookeeper.server.auth.DigestAuthenticationProvider)
14:55:52.853 [main] DEBUG org.testcontainers.containers.output.WaitingConsumer -- STDOUT: [2025-07-26 18:55:52,844] INFO autopurge.purgeInterval set to 0 (org.apache.zookeeper.server.DatadirCleanupManager)
14:55:52.853 [main] DEBUG org.testcontainers.containers.output.WaitingConsumer -- STDOUT: [2025-07-26 18:55:52,844] INFO autopurge.snapRetainCount set to 3 (org.apache.zookeeper.server.DatadirCleanupManager)
14:55:52.853 [main] DEBUG org.testcontainers.containers.output.WaitingConsumer -- STDOUT: [2025-07-26 18:55:52,844] INFO metricsProvider.className is org.apache.zookeeper.metrics.impl.DefaultMetricsProvider (org.apache.zookeeper.server.quorum.QuorumPeerConfig)
14:55:52.853 [main] DEBUG org.testcontainers.containers.output.WaitingConsumer -- STDOUT: [2025-07-26 18:55:52,844] INFO observerMasterPort is not set (org.apache.zookeeper.server.quorum.QuorumPeerConfig)
14:55:52.853 [main] DEBUG org.testcontainers.containers.output.WaitingConsumer -- STDOUT: [2025-07-26 18:55:52,843] INFO secureClientPort is not set (org.apache.zookeeper.server.quorum.QuorumPeerConfig)
14:55:52.853 [main] DEBUG org.testcontainers.containers.output.WaitingConsumer -- STDOUT: [2025-07-26 18:55:52,843] INFO clientPortAddress is 0.0.0.0:2181 (org.apache.zookeeper.server.quorum.QuorumPeerConfig)
14:55:52.853 [main] DEBUG org.testcontainers.containers.output.WaitingConsumer -- STDOUT: [2025-07-26 18:55:52,841] WARN zookeeper.properties is relative. Prepend ./ to indicate that you're sure! (org.apache.zookeeper.server.quorum.QuorumPeerConfig)
14:55:52.853 [main] DEBUG org.testcontainers.containers.output.WaitingConsumer -- STDOUT: [2025-07-26 18:55:52,841] INFO Reading configuration from: zookeeper.properties (org.apache.zookeeper.server.quorum.QuorumPeerConfig)
14:55:52.854 [docker-java-stream-39689327] DEBUG com.github.dockerjava.zerodep.shaded.org.apache.hc.client5.http.wire -- http-outgoing-2 << "87[\r][\n]"
14:55:52.854 [docker-java-stream-39689327] DEBUG com.github.dockerjava.zerodep.shaded.org.apache.hc.client5.http.wire -- http-outgoing-2 << "[0x1][0x0][0x0][0x0][0x0][0x0][0x0][0x7f][2025-07-26 18:55:52,853] INFO zookeeper.snapshot.trust.empty : false (org.apache.zookeeper.server.persistence.FileTxnSnapLog)[\n]"
14:55:52.854 [docker-java-stream-39689327] DEBUG com.github.dockerjava.zerodep.shaded.org.apache.hc.client5.http.wire -- http-outgoing-2 << "[\r][\n]"
14:55:52.860 [docker-java-stream-39689327] DEBUG com.github.dockerjava.zerodep.shaded.org.apache.hc.client5.http.wire -- http-outgoing-2 << "3f0[\r][\n]"
14:55:52.860 [docker-java-stream-39689327] DEBUG com.github.dockerjava.zerodep.shaded.org.apache.hc.client5.http.wire -- http-outgoing-2 << "[0x1][0x0][0x0][0x0][0x0][0x0][0x0]N[2025-07-26 18:55:52,859] INFO  (org.apache.zookeeper.server.ZooKeeperServer)[\n]"
14:55:52.860 [docker-java-stream-39689327] DEBUG com.github.dockerjava.zerodep.shaded.org.apache.hc.client5.http.wire -- http-outgoing-2 << "[0x1][0x0][0x0][0x0][0x0][0x0][0x0][0xffffff93][2025-07-26 18:55:52,859] INFO   ______                  _                                           (org.apache.zookeeper.server.ZooKeeperServer)[\n]"
14:55:52.860 [docker-java-stream-39689327] DEBUG com.github.dockerjava.zerodep.shaded.org.apache.hc.client5.http.wire -- http-outgoing-2 << "[0x1][0x0][0x0][0x0][0x0][0x0][0x0][0xffffff93][2025-07-26 18:55:52,859] INFO  |___  /                 | |                                          (org.apache.zookeeper.server.ZooKeeperServer)[\n]"
14:55:52.860 [docker-java-stream-39689327] DEBUG com.github.dockerjava.zerodep.shaded.org.apache.hc.client5.http.wire -- http-outgoing-2 << "[0x1][0x0][0x0][0x0][0x0][0x0][0x0][0xffffff93][2025-07-26 18:55:52,859] INFO     / /    ___     ___   | | __   ___    ___   _ __     ___   _ __    (org.apache.zookeeper.server.ZooKeeperServer)[\n]"
14:55:52.860 [docker-java-stream-39689327] DEBUG com.github.dockerjava.zerodep.shaded.org.apache.hc.client5.http.wire -- http-outgoing-2 << "[0x1][0x0][0x0][0x0][0x0][0x0][0x0][0xffffff91][2025-07-26 18:55:52,859] INFO    / /    / _ \   / _ \  | |/ /  / _ \  / _ \ | '_ \   / _ \ | '__| (org.apache.zookeeper.server.ZooKeeperServer)[\n]"
14:55:52.860 [docker-java-stream-39689327] DEBUG com.github.dockerjava.zerodep.shaded.org.apache.hc.client5.http.wire -- http-outgoing-2 << "[0x1][0x0][0x0][0x0][0x0][0x0][0x0][0xffffff92][2025-07-26 18:55:52,859] INFO   / /__  | (_) | | (_) | |   <  |  __/ |  __/ | |_) | |  __/ | |     (org.apache.zookeeper.server.ZooKeeperServer)[\n]"
14:55:52.860 [docker-java-stream-39689327] DEBUG com.github.dockerjava.zerodep.shaded.org.apache.hc.client5.http.wire -- http-outgoing-2 << "[0x1][0x0][0x0][0x0][0x0][0x0][0x0][0xffffff8e][2025-07-26 18:55:52,859] INFO  /_____|  \___/   \___/  |_|\_\  \___|  \___| | .__/   \___| |_| (org.apache.zookeeper.server.ZooKeeperServer)[\n]"
14:55:52.860 [docker-java-stream-39689327] DEBUG com.github.dockerjava.zerodep.shaded.org.apache.hc.client5.http.wire -- http-outgoing-2 << "[\r][\n]"
14:55:52.860 [docker-java-stream-39689327] DEBUG com.github.dockerjava.zerodep.shaded.org.apache.hc.client5.http.wire -- http-outgoing-2 << "18e[\r][\n]"
14:55:52.860 [docker-java-stream-39689327] DEBUG com.github.dockerjava.zerodep.shaded.org.apache.hc.client5.http.wire -- http-outgoing-2 << "[0x1][0x0][0x0][0x0][0x0][0x0][0x0][0xffffff94][2025-07-26 18:55:52,859] INFO                                               | |                      (org.apache.zookeeper.server.ZooKeeperServer)[\n]"
14:55:52.860 [docker-java-stream-39689327] DEBUG com.github.dockerjava.zerodep.shaded.org.apache.hc.client5.http.wire -- http-outgoing-2 << "[0x1][0x0][0x0][0x0][0x0][0x0][0x0][0xffffff94][2025-07-26 18:55:52,859] INFO                                               |_|                      (org.apache.zookeeper.server.ZooKeeperServer)[\n]"
14:55:52.860 [docker-java-stream-39689327] DEBUG com.github.dockerjava.zerodep.shaded.org.apache.hc.client5.http.wire -- http-outgoing-2 << "[0x1][0x0][0x0][0x0][0x0][0x0][0x0]N[2025-07-26 18:55:52,859] INFO  (org.apache.zookeeper.server.ZooKeeperServer)[\n]"
14:55:52.860 [docker-java-stream-39689327] DEBUG com.github.dockerjava.zerodep.shaded.org.apache.hc.client5.http.wire -- http-outgoing-2 << "[\r][\n]"
14:55:52.860 [docker-java-stream-39689327] DEBUG com.github.dockerjava.zerodep.shaded.org.apache.hc.client5.http.wire -- http-outgoing-2 << "2e2[\r][\n]"
14:55:52.860 [docker-java-stream-39689327] DEBUG com.github.dockerjava.zerodep.shaded.org.apache.hc.client5.http.wire -- http-outgoing-2 << "[0x1][0x0][0x0][0x0][0x0][0x0][0x0][0xffffffc0][2025-07-26 18:55:52,859] INFO Server environment:zookeeper.version=3.8.3-6ad6d364c7c0bcf0de452d54ebefa3058098ab56, built on 2023-10-05 10:34 UTC (org.apache.zookeeper.server.ZooKeeperServer)[\n]"
14:55:52.860 [docker-java-stream-39689327] DEBUG com.github.dockerjava.zerodep.shaded.org.apache.hc.client5.http.wire -- http-outgoing-2 << "[0x1][0x0][0x0][0x0][0x0][0x0][0x0]w[2025-07-26 18:55:52,859] INFO Server environment:host.name=0965ee6b2695 (org.apache.zookeeper.server.ZooKeeperServer)[\n]"
14:55:52.860 [docker-java-stream-39689327] DEBUG com.github.dockerjava.zerodep.shaded.org.apache.hc.client5.http.wire -- http-outgoing-2 << "[0x1][0x0][0x0][0x0][0x0][0x0][0x0]u[2025-07-26 18:55:52,859] INFO Server environment:java.version=11.0.21 (org.apache.zookeeper.server.ZooKeeperServer)[\n]"
14:55:52.860 [docker-java-stream-39689327] DEBUG com.github.dockerjava.zerodep.shaded.org.apache.hc.client5.http.wire -- http-outgoing-2 << "[0x1][0x0][0x0][0x0][0x0][0x0][0x0][0x7f][2025-07-26 18:55:52,859] INFO Server environment:java.vendor=Azul Systems, Inc. (org.apache.zookeeper.server.ZooKeeperServer)[\n]"
14:55:52.860 [docker-java-stream-39689327] DEBUG com.github.dockerjava.zerodep.shaded.org.apache.hc.client5.http.wire -- http-outgoing-2 << "[0x1][0x0][0x0][0x0][0x0][0x0][0x0][0xffffff8f][2025-07-26 18:55:52,859] INFO Server environment:java.home=/usr/lib/jvm/java-11-zulu-openjdk-ca (org.apache.zookeeper.server.ZooKeeperServer)[\n]"
14:55:52.860 [docker-java-stream-39689327] DEBUG com.github.dockerjava.zerodep.shaded.org.apache.hc.client5.http.wire -- http-outgoing-2 << "[\r][\n]"
14:55:52.861 [docker-java-stream-39689327] DEBUG com.github.dockerjava.zerodep.shaded.org.apache.hc.client5.http.wire -- http-outgoing-2 << "1df7[\r][\n]"
14:55:52.861 [docker-java-stream-39689327] DEBUG com.github.dockerjava.zerodep.shaded.org.apache.hc.client5.http.wire -- http-outgoing-2 << "[0x1][0x0][0x0][0x0][0x0][0x0][0x1a][0xffffffd5][2025-07-26 18:55:52,859] INFO Server environment:java.class.path=/usr/bin/../share/java/kafka/checker-qual-3.19.0.jar:/usr/bin/../share/java/kafka/jackson-module-jaxb-annotations-2.13.5.jar:/usr/bin/../share/java/kafka/connect-mirror-7.6.0-ccs.jar:/usr/bin/../share/java/kafka/kafka_2.13-7.6.0-ccs.jar:/usr/bin/../share/java/kafka/scala-java8-compat_2.13-1.0.2.jar:/usr/bin/../share/java/kafka/caffeine-2.9.3.jar:/usr/bin/../share/java/kafka/commons-lang3-3.8.1.jar:/usr/bin/../share/java/kafka/aopalliance-repackaged-2.6.1.jar:/usr/bin/../share/java/kafka/hk2-utils-2.6.1.jar:/usr/bin/../share/java/kafka/kafka-tools-7.6.0-ccs.jar:/usr/bin/../share/java/kafka/jetty-server-9.4.53.v20231009.jar:/usr/bin/../share/java/kafka/netty-transport-native-epoll-4.1.100.Final.jar:/usr/bin/../share/java/kafka/jakarta.annotation-api-1.3.5.jar:/usr/bin/../share/java/kafka/connect-transforms-7.6.0-ccs.jar:/usr/bin/../share/java/kafka/connect-basic-auth-extension-7.6.0-ccs.jar:/usr/bin/../share/java/kafka/swagger-annotations-2.2.8.jar:/usr/bin/../share/java/kafka/kafka-log4j-appender-7.6.0-ccs.jar:/usr/bin/../share/java/kafka/argparse4j-0.7.0.jar:/usr/bin/../share/java/kafka/jopt-simple-5.0.4.jar:/usr/bin/../share/java/kafka/reflections-0.10.2.jar:/usr/bin/../share/java/kafka/jackson-dataformat-csv-2.13.5.jar:/usr/bin/../share/java/kafka/reload4j-1.2.25.jar:/usr/bin/../share/java/kafka/connect-mirror-client-7.6.0-ccs.jar:/usr/bin/../share/java/kafka/javax.activation-api-1.2.0.jar:/usr/bin/../share/java/kafka/hk2-api-2.6.1.jar:/usr/bin/../share/java/kafka/javax.servlet-api-3.1.0.jar:/usr/bin/../share/java/kafka/jakarta.activation-api-1.2.2.jar:/usr/bin/../share/java/kafka/scala-logging_2.13-3.9.4.jar:/usr/bin/../share/java/kafka/commons-io-2.11.0.jar:/usr/bin/../share/java/kafka/commons-digester-2.1.jar:/usr/bin/../share/java/kafka/kafka-streams-examples-7.6.0-ccs.jar:/usr/bin/../share/java/kafka/jetty-io-9.4.53.v20231009.jar:/usr/bin/../share/java/kafka/javax.annotation-api-1.3.2.jar:/usr/bin/../share/java/kafka/jetty-servlets-9.4.53.v20231009.jar:/usr/bin/../share/java/kafka/netty-resolver-4.1.100.Final.jar:/usr/bin/../share/java/kafka/jetty-util-9.4.53.v20231009.jar:/usr/bin/../share/java/kafka/commons-beanutils-1.9.4.jar:/usr/bin/../share/java/kafka/hk2-locator-2.6.1.jar:/usr/bin/../share/java/kafka/commons-cli-1.4.jar:/usr/bin/../share/java/kafka/jsr305-3.0.2.jar:/usr/bin/../share/java/kafka/jakarta.xml.bind-api-2.3.3.jar:/usr/bin/../share/java/kafka/zstd-jni-1.5.5-1.jar:/usr/bin/../share/java/kafka/jersey-server-2.39.1.jar:/usr/bin/../share/java/kafka/jackson-jaxrs-json-provider-2.13.5.jar:/usr/bin/../share/java/kafka/kafka.jar:/usr/bin/../share/java/kafka/zookeeper-jute-3.8.3.jar:/usr/bin/../share/java/kafka/jersey-hk2-2.39.1.jar:/usr/bin/../share/java/kafka/netty-buffer-4.1.100.Final.jar:/usr/bin/../share/java/kafka/kafka-storage-7.6.0-ccs.jar:/usr/bin/../share/java/kafka/netty-transport-4.1.100.Final.jar:/usr/bin/../share/java/kafka/connect-json-7.6.0-ccs.jar:/usr/bin/../share/java/kafka/jetty-continuation-9.4.53.v20231009.jar:/usr/bin/../share/java/kafka/error_prone_annotations-2.10.0.jar:/usr/bin/../share/java/kafka/activation-1.1.1.jar:/usr/bin/../share/java/kafka/javax.ws.rs-api-2.1.1.jar:/usr/bin/../share/java/kafka/kafka-streams-7.6.0-ccs.jar:/usr/bin/../share/java/kafka/metrics-core-2.2.0.jar:/usr/bin/../share/java/kafka/trogdor-7.6.0-ccs.jar:/usr/bin/../share/java/kafka/jetty-client-9.4.53.v20231009.jar:/usr/bin/../share/java/kafka/netty-handler-4.1.100.Final.jar:/usr/bin/../share/java/kafka/jakarta.validation-api-2.0.2.jar:/usr/bin/../share/java/kafka/kafka-metadata-7.6.0-ccs.jar:/usr/bin/../share/java/kafka/netty-transport-classes-epoll-4.1.100.Final.jar:/usr/bin/../share/java/kafka/maven-artifact-3.8.8.jar:/usr/bin/../share/java/kafka/kafka-raft-7.6.0-ccs.jar:/usr/bin/../share/java/kafka/metrics-core-4.1.12.1.jar:/usr/bin/../share/java/kafka/kafka-shell-7.6.0-ccs.jar:/usr/bin/../share/java/kafka/commons-collections-3.2.2.jar:/usr/bin/../share/java/kafka/scala-reflect-2.13.11.jar:/usr/bin/../share/java/kafka/netty-common-4.1.100.Final.jar:/usr/bin/../share/java/kafka/osgi-resource-locator-1.0.3.jar:/usr/bin/../share/java/kafka/jersey-client-2.39.1.jar:/usr/bin/../share/java/kafka/plexus-utils-3.3.1.jar:/usr/bin/../share/java/kafka/commons-logging-1.2.jar:/usr/bin/../share/java/kafka/jakarta.ws.rs-api-2.1.6.jar:/usr/bin/../share/java/kafka/jaxb-api-2.3.1.jar:/usr/bin/../share/java/kafka/kafka-group-coordinator-7.6.0-ccs.jar:/usr/bin/../share/java/kafka/jersey-container-servlet-2.39.1.jar:/usr/bin/../share/java/kafka/jetty-util-ajax-9.4.53.v20231009.jar:/usr/bin/../share/java/kafka/jline-3.22.0.jar:/usr/bin/../share/java/kafka/jersey-container-servlet-core-2.39.1.jar:/usr/bin/../share/java/kafka/slf4j-api-1.7.36.jar:/usr/bin/../share/java/kafka/connect-runtime-7.6.0-ccs.jar:/usr/bin/../share/java/kafka/kafka-storage-api-7.6.0-ccs.jar:/usr/bin/../share/java/kafka/connect-api-7.6.0-ccs.jar:/usr/bin/../share/java/kafka/zookeeper-3.8.3.jar:/usr/bin/../share/java/kafka/jetty-servlet-9.4.53.v20231009.jar:/usr/bin/../share/java/kafka/slf4j-reload4j-1.7.36.jar:/usr/bin/../share/java/kafka/kafka-tools-api-7.6.0-ccs.jar:/usr/bin/../share/java/kafka/rocksdbjni-7.9.2.jar:/usr/bin/../share/java/kafka/jackson-jaxrs-base-2.13.5.jar:/usr/bin/../share/java/kafka/jackson-databind-2.13.5.jar:/usr/bin/../share/java/kafka/kafka-clients-7.6.0-ccs.jar:/usr/bin/../share/java/kafka/jose4j-0.9.3.jar:/usr/bin/../share/java/kafka/pcollections-4.0.1.jar:/usr/bin/../share/java/kafka/jetty-security-9.4.53.v20231009.jar:/usr/bin/../share/java/kafka/kafka-streams-test-utils-7.6.0-ccs.jar:/usr/bin/../share/java/kafka/jackson-module-scala_2.13-2.13.5.jar:/usr/bin/../share/java/kafka/lz4-java-1.8.0.jar:/usr/bin/../share/java/kafka/commons-validator-1.7.jar:/usr/bin/../share/java/kafka/jakarta.inject-2.6.1.jar:/usr/bin/../share/java/kafka/jackson-datatype-jdk8-2.13.5.jar:/usr/bin/../share/java/kafka/netty-transport-native-unix-common-4.1.100.Final.jar:/usr/bin/../share/java/kafka/scala-library-2.13.11.jar:/usr/bin/../share/java/kafka/audience-annotations-0.12.0.jar:/usr/bin/../share/java/kafka/javassist-3.29.2-GA.jar:/usr/bin/../share/java/kafka/scala-collection-compat_2.13-2.10.0.jar:/usr/bin/../share/java/kafka/jetty-http-9.4.53.v20231009.jar:/usr/bin/../share/java/kafka/jackson-core-2.13.5.jar:/usr/bin/../share/java/kafka/snappy-java-1.1.10.5.jar:/usr/bin/../share/java/kafka/kafka-server-common-7.6.0-ccs.jar:/usr/bin/../share/java/kafka/jersey-common-2.39.1.jar:/usr/bin/../share/java/kafka/kafka-streams-scala_2.13-7.6.0-ccs.jar:/usr/bin/../share/java/kafka/paranamer-2.8.jar:/usr/bin/../share/java/kafka/jackson-annotations-2.13.5.jar:/usr/bin/../share/java/kafka/netty-codec-4.1.100.Final.jar:/usr/bin/../share/java/confluent-telemetry/* (org.apache.zookeeper.server.ZooKeeperServer)[\n]"
14:55:52.861 [docker-java-stream-39689327] DEBUG com.github.dockerjava.zerodep.shaded.org.apache.hc.client5.http.wire -- http-outgoing-2 << "[0x1][0x0][0x0][0x0][0x0][0x0][0x0][0xffffffa9][2025-07-26 18:55:52,860] INFO Server environment:java.library.path=/usr/java/packages/lib:/lib:/usr/lib:/usr/lib64:/lib64 (org.apache.zookeeper.server.ZooKeeperServer)[\n]"
14:55:52.861 [docker-java-stream-39689327] DEBUG com.github.dockerjava.zerodep.shaded.org.apache.hc.client5.http.wire -- http-outgoing-2 << "[0x1][0x0][0x0][0x0][0x0][0x0][0x0]t[2025-07-26 18:55:52,860] INFO Server environment:java.io.tmpdir=/tmp (org.apache.zookeeper.server.ZooKeeperServer)[\n]"
14:55:52.861 [docker-java-stream-39689327] DEBUG com.github.dockerjava.zerodep.shaded.org.apache.hc.client5.http.wire -- http-outgoing-2 << "[0x1][0x0][0x0][0x0][0x0][0x0][0x0]s[2025-07-26 18:55:52,860] INFO Server environment:java.compiler=<NA> (org.apache.zookeeper.server.ZooKeeperServer)[\n]"
14:55:52.861 [docker-java-stream-39689327] DEBUG com.github.dockerjava.zerodep.shaded.org.apache.hc.client5.http.wire -- http-outgoing-2 << "[0x1][0x0][0x0][0x0][0x0][0x0][0x0]n[2025-07-26 18:55:52,860] INFO Server environment:os.name=Linux (org.apache.zookeeper.server.ZooKeeperServer)[\n]"
14:55:52.861 [docker-java-stream-39689327] DEBUG com.github.dockerjava.zerodep.shaded.org.apache.hc.client5.http.wire -- http-outgoing-2 << "[0x1][0x0][0x0][0x0][0x0][0x0][0x0]p[2025-07-26 18:55:52,860] INFO Server environment:os.arch=aarch64 (org.apache.zookeeper.server.ZooKeeperServer)[\n]"
14:55:52.861 [docker-java-stream-39689327] DEBUG com.github.dockerjava.zerodep.shaded.org.apache.hc.client5.http.wire -- http-outgoing-2 << "[0x1][0x0][0x0][0x0][0x0][0x0][0x0]|[2025-07-26 18:55:52,860] INFO Server environment:os.version=6.10.14-linuxkit (org.apache.zookeeper.server.ZooKeeperServer)[\n]"
14:55:52.861 [docker-java-stream-39689327] DEBUG com.github.dockerjava.zerodep.shaded.org.apache.hc.client5.http.wire -- http-outgoing-2 << "[\r][\n]"
14:55:52.861 [docker-java-stream-39689327] DEBUG com.github.dockerjava.zerodep.shaded.org.apache.hc.client5.http.wire -- http-outgoing-2 << "2f0[\r][\n]"
14:55:52.861 [docker-java-stream-39689327] DEBUG com.github.dockerjava.zerodep.shaded.org.apache.hc.client5.http.wire -- http-outgoing-2 << "[0x1][0x0][0x0][0x0][0x0][0x0][0x0]r[2025-07-26 18:55:52,860] INFO Server environment:user.name=appuser (org.apache.zookeeper.server.ZooKeeperServer)[\n]"
14:55:52.861 [docker-java-stream-39689327] DEBUG com.github.dockerjava.zerodep.shaded.org.apache.hc.client5.http.wire -- http-outgoing-2 << "[0x1][0x0][0x0][0x0][0x0][0x0][0x0]x[2025-07-26 18:55:52,860] INFO Server environment:user.home=/home/appuser (org.apache.zookeeper.server.ZooKeeperServer)[\n]"
14:55:52.861 [docker-java-stream-39689327] DEBUG com.github.dockerjava.zerodep.shaded.org.apache.hc.client5.http.wire -- http-outgoing-2 << "[0x1][0x0][0x0][0x0][0x0][0x0][0x0]w[2025-07-26 18:55:52,860] INFO Server environment:user.dir=/home/appuser (org.apache.zookeeper.server.ZooKeeperServer)[\n]"
14:55:52.861 [docker-java-stream-39689327] DEBUG com.github.dockerjava.zerodep.shaded.org.apache.hc.client5.http.wire -- http-outgoing-2 << "[0x1][0x0][0x0][0x0][0x0][0x0][0x0]u[2025-07-26 18:55:52,860] INFO Server environment:os.memory.free=490MB (org.apache.zookeeper.server.ZooKeeperServer)[\n]"
14:55:52.861 [docker-java-stream-39689327] DEBUG com.github.dockerjava.zerodep.shaded.org.apache.hc.client5.http.wire -- http-outgoing-2 << "[0x1][0x0][0x0][0x0][0x0][0x0][0x0]t[2025-07-26 18:55:52,860] INFO Server environment:os.memory.max=512MB (org.apache.zookeeper.server.ZooKeeperServer)[\n]"
14:55:52.861 [docker-java-stream-39689327] DEBUG com.github.dockerjava.zerodep.shaded.org.apache.hc.client5.http.wire -- http-outgoing-2 << "[0x1][0x0][0x0][0x0][0x0][0x0][0x0]v[2025-07-26 18:55:52,860] INFO Server environment:os.memory.total=512MB (org.apache.zookeeper.server.ZooKeeperServer)[\n]"
14:55:52.861 [docker-java-stream-39689327] DEBUG com.github.dockerjava.zerodep.shaded.org.apache.hc.client5.http.wire -- http-outgoing-2 << "[\r][\n]"
14:55:52.861 [docker-java-stream-39689327] DEBUG com.github.dockerjava.zerodep.shaded.org.apache.hc.client5.http.wire -- http-outgoing-2 << "34d[\r][\n]"
14:55:52.861 [docker-java-stream-39689327] DEBUG com.github.dockerjava.zerodep.shaded.org.apache.hc.client5.http.wire -- http-outgoing-2 << "[0x1][0x0][0x0][0x0][0x0][0x0][0x0]s[2025-07-26 18:55:52,860] INFO zookeeper.enableEagerACLCheck = false (org.apache.zookeeper.server.ZooKeeperServer)[\n]"
14:55:52.861 [docker-java-stream-39689327] DEBUG com.github.dockerjava.zerodep.shaded.org.apache.hc.client5.http.wire -- http-outgoing-2 << "[0x1][0x0][0x0][0x0][0x0][0x0][0x0]m[2025-07-26 18:55:52,860] INFO zookeeper.digest.enabled = true (org.apache.zookeeper.server.ZooKeeperServer)[\n]"
14:55:52.861 [docker-java-stream-39689327] DEBUG com.github.dockerjava.zerodep.shaded.org.apache.hc.client5.http.wire -- http-outgoing-2 << "[0x1][0x0][0x0][0x0][0x0][0x0][0x0]v[2025-07-26 18:55:52,860] INFO zookeeper.closeSessionTxn.enabled = true (org.apache.zookeeper.server.ZooKeeperServer)[\n]"
14:55:52.861 [docker-java-stream-39689327] DEBUG com.github.dockerjava.zerodep.shaded.org.apache.hc.client5.http.wire -- http-outgoing-2 << "[0x1][0x0][0x0][0x0][0x0][0x0][0x0]i[2025-07-26 18:55:52,860] INFO zookeeper.flushDelay = 0 ms (org.apache.zookeeper.server.ZooKeeperServer)[\n]"
14:55:52.861 [docker-java-stream-39689327] DEBUG com.github.dockerjava.zerodep.shaded.org.apache.hc.client5.http.wire -- http-outgoing-2 << "[0x1][0x0][0x0][0x0][0x0][0x0][0x0]t[2025-07-26 18:55:52,860] INFO zookeeper.maxWriteQueuePollTime = 0 ms (org.apache.zookeeper.server.ZooKeeperServer)[\n]"
14:55:52.861 [docker-java-stream-39689327] DEBUG com.github.dockerjava.zerodep.shaded.org.apache.hc.client5.http.wire -- http-outgoing-2 << "[0x1][0x0][0x0][0x0][0x0][0x0][0x0]i[2025-07-26 18:55:52,860] INFO zookeeper.maxBatchSize=1000 (org.apache.zookeeper.server.ZooKeeperServer)[\n]"
14:55:52.861 [docker-java-stream-39689327] DEBUG com.github.dockerjava.zerodep.shaded.org.apache.hc.client5.http.wire -- http-outgoing-2 << "[0x1][0x0][0x0][0x0][0x0][0x0][0x0]y[2025-07-26 18:55:52,860] INFO zookeeper.intBufferStartingSizeBytes = 1024 (org.apache.zookeeper.server.ZooKeeperServer)[\n]"
14:55:52.861 [docker-java-stream-39689327] DEBUG com.github.dockerjava.zerodep.shaded.org.apache.hc.client5.http.wire -- http-outgoing-2 << "[\r][\n]"
14:55:52.861 [docker-java-stream-39689327] DEBUG com.github.dockerjava.zerodep.shaded.org.apache.hc.client5.http.wire -- http-outgoing-2 << "7c[\r][\n]"
14:55:52.861 [docker-java-stream-39689327] DEBUG com.github.dockerjava.zerodep.shaded.org.apache.hc.client5.http.wire -- http-outgoing-2 << "[0x1][0x0][0x0][0x0][0x0][0x0][0x0]t[2025-07-26 18:55:52,860] INFO Weighed connection throttling is disabled (org.apache.zookeeper.server.BlueThrottle)[\n]"
14:55:52.861 [docker-java-stream-39689327] DEBUG com.github.dockerjava.zerodep.shaded.org.apache.hc.client5.http.wire -- http-outgoing-2 << "[\r][\n]"
14:55:52.862 [docker-java-stream-39689327] DEBUG com.github.dockerjava.zerodep.shaded.org.apache.hc.client5.http.wire -- http-outgoing-2 << "ed[\r][\n]"
14:55:52.862 [docker-java-stream-39689327] DEBUG com.github.dockerjava.zerodep.shaded.org.apache.hc.client5.http.wire -- http-outgoing-2 << "[0x1][0x0][0x0][0x0][0x0][0x0][0x0]n[2025-07-26 18:55:52,861] INFO minSessionTimeout set to 6000 ms (org.apache.zookeeper.server.ZooKeeperServer)[\n]"
14:55:52.862 [docker-java-stream-39689327] DEBUG com.github.dockerjava.zerodep.shaded.org.apache.hc.client5.http.wire -- http-outgoing-2 << "[0x1][0x0][0x0][0x0][0x0][0x0][0x0]o[2025-07-26 18:55:52,861] INFO maxSessionTimeout set to 60000 ms (org.apache.zookeeper.server.ZooKeeperServer)[\n]"
14:55:52.862 [docker-java-stream-39689327] DEBUG com.github.dockerjava.zerodep.shaded.org.apache.hc.client5.http.wire -- http-outgoing-2 << "[\r][\n]"
14:55:52.862 [docker-java-stream-39689327] DEBUG com.github.dockerjava.zerodep.shaded.org.apache.hc.client5.http.wire -- http-outgoing-2 << "120[\r][\n]"
14:55:52.862 [docker-java-stream-39689327] DEBUG com.github.dockerjava.zerodep.shaded.org.apache.hc.client5.http.wire -- http-outgoing-2 << "[0x1][0x0][0x0][0x0][0x0][0x0][0x0][0xffffff86][2025-07-26 18:55:52,861] INFO getData response cache size is initialized with value 400. (org.apache.zookeeper.server.ResponseCache)[\n]"
14:55:52.862 [docker-java-stream-39689327] DEBUG com.github.dockerjava.zerodep.shaded.org.apache.hc.client5.http.wire -- http-outgoing-2 << "[0x1][0x0][0x0][0x0][0x0][0x0][0x0][0xffffff8a][2025-07-26 18:55:52,861] INFO getChildren response cache size is initialized with value 400. (org.apache.zookeeper.server.ResponseCache)[\n]"
14:55:52.862 [docker-java-stream-39689327] DEBUG com.github.dockerjava.zerodep.shaded.org.apache.hc.client5.http.wire -- http-outgoing-2 << "[\r][\n]"
14:55:52.862 [docker-java-stream-39689327] DEBUG com.github.dockerjava.zerodep.shaded.org.apache.hc.client5.http.wire -- http-outgoing-2 << "22a[\r][\n]"
14:55:52.862 [docker-java-stream-39689327] DEBUG com.github.dockerjava.zerodep.shaded.org.apache.hc.client5.http.wire -- http-outgoing-2 << "[0x1][0x0][0x0][0x0][0x0][0x0][0x0][0xffffff84][2025-07-26 18:55:52,861] INFO zookeeper.pathStats.slotCapacity = 60 (org.apache.zookeeper.server.util.RequestPathMetricsCollector)[\n]"
14:55:52.862 [docker-java-stream-39689327] DEBUG com.github.dockerjava.zerodep.shaded.org.apache.hc.client5.http.wire -- http-outgoing-2 << "[0x1][0x0][0x0][0x0][0x0][0x0][0x0][0xffffff84][2025-07-26 18:55:52,861] INFO zookeeper.pathStats.slotDuration = 15 (org.apache.zookeeper.server.util.RequestPathMetricsCollector)[\n]"
14:55:52.862 [docker-java-stream-39689327] DEBUG com.github.dockerjava.zerodep.shaded.org.apache.hc.client5.http.wire -- http-outgoing-2 << "[0x1][0x0][0x0][0x0][0x0][0x0][0x0][0x7f][2025-07-26 18:55:52,861] INFO zookeeper.pathStats.maxDepth = 6 (org.apache.zookeeper.server.util.RequestPathMetricsCollector)[\n]"
14:55:52.862 [docker-java-stream-39689327] DEBUG com.github.dockerjava.zerodep.shaded.org.apache.hc.client5.http.wire -- http-outgoing-2 << "[0x1][0x0][0x0][0x0][0x0][0x0][0x0][0xffffff83][2025-07-26 18:55:52,862] INFO zookeeper.pathStats.initialDelay = 5 (org.apache.zookeeper.server.util.RequestPathMetricsCollector)[\n]"
14:55:52.862 [docker-java-stream-39689327] DEBUG com.github.dockerjava.zerodep.shaded.org.apache.hc.client5.http.wire -- http-outgoing-2 << "[\r][\n]"
14:55:52.862 [docker-java-stream-39689327] DEBUG com.github.dockerjava.zerodep.shaded.org.apache.hc.client5.http.wire -- http-outgoing-2 << "10e[\r][\n]"
14:55:52.863 [docker-java-stream-39689327] DEBUG com.github.dockerjava.zerodep.shaded.org.apache.hc.client5.http.wire -- http-outgoing-2 << "[0x1][0x0][0x0][0x0][0x0][0x0][0x0]|[2025-07-26 18:55:52,862] INFO zookeeper.pathStats.delay = 5 (org.apache.zookeeper.server.util.RequestPathMetricsCollector)[\n]"
14:55:52.863 [docker-java-stream-39689327] DEBUG com.github.dockerjava.zerodep.shaded.org.apache.hc.client5.http.wire -- http-outgoing-2 << "[0x1][0x0][0x0][0x0][0x0][0x0][0x0][0xffffff82][2025-07-26 18:55:52,862] INFO zookeeper.pathStats.enabled = false (org.apache.zookeeper.server.util.RequestPathMetricsCollector)[\n]"
14:55:52.863 [docker-java-stream-39689327] DEBUG com.github.dockerjava.zerodep.shaded.org.apache.hc.client5.http.wire -- http-outgoing-2 << "[\r][\n]"
14:55:52.864 [docker-java-stream-39689327] DEBUG com.github.dockerjava.zerodep.shaded.org.apache.hc.client5.http.wire -- http-outgoing-2 << "10d[\r][\n]"
14:55:52.864 [docker-java-stream-39689327] DEBUG com.github.dockerjava.zerodep.shaded.org.apache.hc.client5.http.wire -- http-outgoing-2 << "[0x1][0x0][0x0][0x0][0x0][0x0][0x0][0xffffff87][2025-07-26 18:55:52,863] INFO The max bytes for all large requests are set to 104857600 (org.apache.zookeeper.server.ZooKeeperServer)[\n]"
14:55:52.864 [docker-java-stream-39689327] DEBUG com.github.dockerjava.zerodep.shaded.org.apache.hc.client5.http.wire -- http-outgoing-2 << "[0x1][0x0][0x0][0x0][0x0][0x0][0x0]v[2025-07-26 18:55:52,863] INFO The large request threshold is set to -1 (org.apache.zookeeper.server.ZooKeeperServer)[\n]"
14:55:52.864 [docker-java-stream-39689327] DEBUG com.github.dockerjava.zerodep.shaded.org.apache.hc.client5.http.wire -- http-outgoing-2 << "[\r][\n]"
14:55:52.865 [docker-java-stream-39689327] DEBUG com.github.dockerjava.zerodep.shaded.org.apache.hc.client5.http.wire -- http-outgoing-2 << "ff[\r][\n]"
14:55:52.865 [docker-java-stream-39689327] DEBUG com.github.dockerjava.zerodep.shaded.org.apache.hc.client5.http.wire -- http-outgoing-2 << "[0x1][0x0][0x0][0x0][0x0][0x0][0x0]y[2025-07-26 18:55:52,863] INFO zookeeper.enforce.auth.enabled = false (org.apache.zookeeper.server.AuthenticationHelper)[\n]"
14:55:52.865 [docker-java-stream-39689327] DEBUG com.github.dockerjava.zerodep.shaded.org.apache.hc.client5.http.wire -- http-outgoing-2 << "[0x1][0x0][0x0][0x0][0x0][0x0][0x0]v[2025-07-26 18:55:52,863] INFO zookeeper.enforce.auth.schemes = [] (org.apache.zookeeper.server.AuthenticationHelper)[\n]"
14:55:52.865 [docker-java-stream-39689327] DEBUG com.github.dockerjava.zerodep.shaded.org.apache.hc.client5.http.wire -- http-outgoing-2 << "[\r][\n]"
14:55:52.865 [docker-java-stream-39689327] DEBUG com.github.dockerjava.zerodep.shaded.org.apache.hc.client5.http.wire -- http-outgoing-2 << "11d[\r][\n]"
14:55:52.865 [docker-java-stream-39689327] DEBUG com.github.dockerjava.zerodep.shaded.org.apache.hc.client5.http.wire -- http-outgoing-2 << "[0x1][0x0][0x0][0x0][0x0][0x0][0x1][0x15][2025-07-26 18:55:52,863] INFO Created server with tickTime 3000 ms minSessionTimeout 6000 ms maxSessionTimeout 60000 ms clientPortListenBacklog -1 datadir /var/lib/zookeeper/log/version-2 snapdir /var/lib/zookeeper/data/version-2 (org.apache.zookeeper.server.ZooKeeperServer)[\n]"
14:55:52.865 [docker-java-stream-39689327] DEBUG com.github.dockerjava.zerodep.shaded.org.apache.hc.client5.http.wire -- http-outgoing-2 << "[\r][\n]"
14:55:52.866 [main] DEBUG org.testcontainers.containers.output.WaitingConsumer -- STDOUT: [2025-07-26 18:55:52,863] INFO Created server with tickTime 3000 ms minSessionTimeout 6000 ms maxSessionTimeout 60000 ms clientPortListenBacklog -1 datadir /var/lib/zookeeper/log/version-2 snapdir /var/lib/zookeeper/data/version-2 (org.apache.zookeeper.server.ZooKeeperServer)
14:55:52.866 [main] DEBUG org.testcontainers.containers.output.WaitingConsumer -- STDOUT: [2025-07-26 18:55:52,863] INFO zookeeper.enforce.auth.schemes = [] (org.apache.zookeeper.server.AuthenticationHelper)
14:55:52.866 [main] DEBUG org.testcontainers.containers.output.WaitingConsumer -- STDOUT: [2025-07-26 18:55:52,863] INFO zookeeper.enforce.auth.enabled = false (org.apache.zookeeper.server.AuthenticationHelper)
14:55:52.866 [main] DEBUG org.testcontainers.containers.output.WaitingConsumer -- STDOUT: [2025-07-26 18:55:52,863] INFO The large request threshold is set to -1 (org.apache.zookeeper.server.ZooKeeperServer)
14:55:52.866 [main] DEBUG org.testcontainers.containers.output.WaitingConsumer -- STDOUT: [2025-07-26 18:55:52,863] INFO The max bytes for all large requests are set to 104857600 (org.apache.zookeeper.server.ZooKeeperServer)
14:55:52.866 [main] DEBUG org.testcontainers.containers.output.WaitingConsumer -- STDOUT: [2025-07-26 18:55:52,862] INFO zookeeper.pathStats.enabled = false (org.apache.zookeeper.server.util.RequestPathMetricsCollector)
14:55:52.866 [main] DEBUG org.testcontainers.containers.output.WaitingConsumer -- STDOUT: [2025-07-26 18:55:52,862] INFO zookeeper.pathStats.delay = 5 (org.apache.zookeeper.server.util.RequestPathMetricsCollector)
14:55:52.866 [main] DEBUG org.testcontainers.containers.output.WaitingConsumer -- STDOUT: [2025-07-26 18:55:52,862] INFO zookeeper.pathStats.initialDelay = 5 (org.apache.zookeeper.server.util.RequestPathMetricsCollector)
14:55:52.866 [main] DEBUG org.testcontainers.containers.output.WaitingConsumer -- STDOUT: [2025-07-26 18:55:52,861] INFO zookeeper.pathStats.maxDepth = 6 (org.apache.zookeeper.server.util.RequestPathMetricsCollector)
14:55:52.866 [main] DEBUG org.testcontainers.containers.output.WaitingConsumer -- STDOUT: [2025-07-26 18:55:52,861] INFO zookeeper.pathStats.slotDuration = 15 (org.apache.zookeeper.server.util.RequestPathMetricsCollector)
14:55:52.866 [main] DEBUG org.testcontainers.containers.output.WaitingConsumer -- STDOUT: [2025-07-26 18:55:52,861] INFO zookeeper.pathStats.slotCapacity = 60 (org.apache.zookeeper.server.util.RequestPathMetricsCollector)
14:55:52.866 [main] DEBUG org.testcontainers.containers.output.WaitingConsumer -- STDOUT: [2025-07-26 18:55:52,861] INFO getChildren response cache size is initialized with value 400. (org.apache.zookeeper.server.ResponseCache)
14:55:52.867 [main] DEBUG org.testcontainers.containers.output.WaitingConsumer -- STDOUT: [2025-07-26 18:55:52,861] INFO getData response cache size is initialized with value 400. (org.apache.zookeeper.server.ResponseCache)
14:55:52.867 [main] DEBUG org.testcontainers.containers.output.WaitingConsumer -- STDOUT: [2025-07-26 18:55:52,861] INFO maxSessionTimeout set to 60000 ms (org.apache.zookeeper.server.ZooKeeperServer)
14:55:52.867 [main] DEBUG org.testcontainers.containers.output.WaitingConsumer -- STDOUT: [2025-07-26 18:55:52,861] INFO minSessionTimeout set to 6000 ms (org.apache.zookeeper.server.ZooKeeperServer)
14:55:52.867 [main] DEBUG org.testcontainers.containers.output.WaitingConsumer -- STDOUT: [2025-07-26 18:55:52,860] INFO Weighed connection throttling is disabled (org.apache.zookeeper.server.BlueThrottle)
14:55:52.867 [main] DEBUG org.testcontainers.containers.output.WaitingConsumer -- STDOUT: [2025-07-26 18:55:52,860] INFO zookeeper.intBufferStartingSizeBytes = 1024 (org.apache.zookeeper.server.ZooKeeperServer)
14:55:52.867 [main] DEBUG org.testcontainers.containers.output.WaitingConsumer -- STDOUT: [2025-07-26 18:55:52,860] INFO zookeeper.maxBatchSize=1000 (org.apache.zookeeper.server.ZooKeeperServer)
14:55:52.867 [main] DEBUG org.testcontainers.containers.output.WaitingConsumer -- STDOUT: [2025-07-26 18:55:52,860] INFO zookeeper.maxWriteQueuePollTime = 0 ms (org.apache.zookeeper.server.ZooKeeperServer)
14:55:52.867 [main] DEBUG org.testcontainers.containers.output.WaitingConsumer -- STDOUT: [2025-07-26 18:55:52,860] INFO zookeeper.flushDelay = 0 ms (org.apache.zookeeper.server.ZooKeeperServer)
14:55:52.867 [main] DEBUG org.testcontainers.containers.output.WaitingConsumer -- STDOUT: [2025-07-26 18:55:52,860] INFO zookeeper.closeSessionTxn.enabled = true (org.apache.zookeeper.server.ZooKeeperServer)
14:55:52.867 [main] DEBUG org.testcontainers.containers.output.WaitingConsumer -- STDOUT: [2025-07-26 18:55:52,860] INFO zookeeper.digest.enabled = true (org.apache.zookeeper.server.ZooKeeperServer)
14:55:52.867 [main] DEBUG org.testcontainers.containers.output.WaitingConsumer -- STDOUT: [2025-07-26 18:55:52,860] INFO zookeeper.enableEagerACLCheck = false (org.apache.zookeeper.server.ZooKeeperServer)
14:55:52.867 [main] DEBUG org.testcontainers.containers.output.WaitingConsumer -- STDOUT: [2025-07-26 18:55:52,860] INFO Server environment:os.memory.total=512MB (org.apache.zookeeper.server.ZooKeeperServer)
14:55:52.867 [main] DEBUG org.testcontainers.containers.output.WaitingConsumer -- STDOUT: [2025-07-26 18:55:52,860] INFO Server environment:os.memory.max=512MB (org.apache.zookeeper.server.ZooKeeperServer)
14:55:52.867 [main] DEBUG org.testcontainers.containers.output.WaitingConsumer -- STDOUT: [2025-07-26 18:55:52,860] INFO Server environment:os.memory.free=490MB (org.apache.zookeeper.server.ZooKeeperServer)
14:55:52.868 [main] DEBUG org.testcontainers.containers.output.WaitingConsumer -- STDOUT: [2025-07-26 18:55:52,860] INFO Server environment:user.dir=/home/appuser (org.apache.zookeeper.server.ZooKeeperServer)
14:55:52.868 [main] DEBUG org.testcontainers.containers.output.WaitingConsumer -- STDOUT: [2025-07-26 18:55:52,860] INFO Server environment:user.home=/home/appuser (org.apache.zookeeper.server.ZooKeeperServer)
14:55:52.868 [main] DEBUG org.testcontainers.containers.output.WaitingConsumer -- STDOUT: [2025-07-26 18:55:52,860] INFO Server environment:user.name=appuser (org.apache.zookeeper.server.ZooKeeperServer)
14:55:52.868 [main] DEBUG org.testcontainers.containers.output.WaitingConsumer -- STDOUT: [2025-07-26 18:55:52,860] INFO Server environment:os.version=6.10.14-linuxkit (org.apache.zookeeper.server.ZooKeeperServer)
14:55:52.868 [main] DEBUG org.testcontainers.containers.output.WaitingConsumer -- STDOUT: [2025-07-26 18:55:52,860] INFO Server environment:os.arch=aarch64 (org.apache.zookeeper.server.ZooKeeperServer)
14:55:52.868 [main] DEBUG org.testcontainers.containers.output.WaitingConsumer -- STDOUT: [2025-07-26 18:55:52,860] INFO Server environment:os.name=Linux (org.apache.zookeeper.server.ZooKeeperServer)
14:55:52.868 [main] DEBUG org.testcontainers.containers.output.WaitingConsumer -- STDOUT: [2025-07-26 18:55:52,860] INFO Server environment:java.compiler=<NA> (org.apache.zookeeper.server.ZooKeeperServer)
14:55:52.868 [main] DEBUG org.testcontainers.containers.output.WaitingConsumer -- STDOUT: [2025-07-26 18:55:52,860] INFO Server environment:java.io.tmpdir=/tmp (org.apache.zookeeper.server.ZooKeeperServer)
14:55:52.868 [main] DEBUG org.testcontainers.containers.output.WaitingConsumer -- STDOUT: [2025-07-26 18:55:52,860] INFO Server environment:java.library.path=/usr/java/packages/lib:/lib:/usr/lib:/usr/lib64:/lib64 (org.apache.zookeeper.server.ZooKeeperServer)
14:55:52.868 [main] DEBUG org.testcontainers.containers.output.WaitingConsumer -- STDOUT: [2025-07-26 18:55:52,859] INFO Server environment:java.class.path=/usr/bin/../share/java/kafka/checker-qual-3.19.0.jar:/usr/bin/../share/java/kafka/jackson-module-jaxb-annotations-2.13.5.jar:/usr/bin/../share/java/kafka/connect-mirror-7.6.0-ccs.jar:/usr/bin/../share/java/kafka/kafka_2.13-7.6.0-ccs.jar:/usr/bin/../share/java/kafka/scala-java8-compat_2.13-1.0.2.jar:/usr/bin/../share/java/kafka/caffeine-2.9.3.jar:/usr/bin/../share/java/kafka/commons-lang3-3.8.1.jar:/usr/bin/../share/java/kafka/aopalliance-repackaged-2.6.1.jar:/usr/bin/../share/java/kafka/hk2-utils-2.6.1.jar:/usr/bin/../share/java/kafka/kafka-tools-7.6.0-ccs.jar:/usr/bin/../share/java/kafka/jetty-server-9.4.53.v20231009.jar:/usr/bin/../share/java/kafka/netty-transport-native-epoll-4.1.100.Final.jar:/usr/bin/../share/java/kafka/jakarta.annotation-api-1.3.5.jar:/usr/bin/../share/java/kafka/connect-transforms-7.6.0-ccs.jar:/usr/bin/../share/java/kafka/connect-basic-auth-extension-7.6.0-ccs.jar:/usr/bin/../share/java/kafka/swagger-annotations-2.2.8.jar:/usr/bin/../share/java/kafka/kafka-log4j-appender-7.6.0-ccs.jar:/usr/bin/../share/java/kafka/argparse4j-0.7.0.jar:/usr/bin/../share/java/kafka/jopt-simple-5.0.4.jar:/usr/bin/../share/java/kafka/reflections-0.10.2.jar:/usr/bin/../share/java/kafka/jackson-dataformat-csv-2.13.5.jar:/usr/bin/../share/java/kafka/reload4j-1.2.25.jar:/usr/bin/../share/java/kafka/connect-mirror-client-7.6.0-ccs.jar:/usr/bin/../share/java/kafka/javax.activation-api-1.2.0.jar:/usr/bin/../share/java/kafka/hk2-api-2.6.1.jar:/usr/bin/../share/java/kafka/javax.servlet-api-3.1.0.jar:/usr/bin/../share/java/kafka/jakarta.activation-api-1.2.2.jar:/usr/bin/../share/java/kafka/scala-logging_2.13-3.9.4.jar:/usr/bin/../share/java/kafka/commons-io-2.11.0.jar:/usr/bin/../share/java/kafka/commons-digester-2.1.jar:/usr/bin/../share/java/kafka/kafka-streams-examples-7.6.0-ccs.jar:/usr/bin/../share/java/kafka/jetty-io-9.4.53.v20231009.jar:/usr/bin/../share/java/kafka/javax.annotation-api-1.3.2.jar:/usr/bin/../share/java/kafka/jetty-servlets-9.4.53.v20231009.jar:/usr/bin/../share/java/kafka/netty-resolver-4.1.100.Final.jar:/usr/bin/../share/java/kafka/jetty-util-9.4.53.v20231009.jar:/usr/bin/../share/java/kafka/commons-beanutils-1.9.4.jar:/usr/bin/../share/java/kafka/hk2-locator-2.6.1.jar:/usr/bin/../share/java/kafka/commons-cli-1.4.jar:/usr/bin/../share/java/kafka/jsr305-3.0.2.jar:/usr/bin/../share/java/kafka/jakarta.xml.bind-api-2.3.3.jar:/usr/bin/../share/java/kafka/zstd-jni-1.5.5-1.jar:/usr/bin/../share/java/kafka/jersey-server-2.39.1.jar:/usr/bin/../share/java/kafka/jackson-jaxrs-json-provider-2.13.5.jar:/usr/bin/../share/java/kafka/kafka.jar:/usr/bin/../share/java/kafka/zookeeper-jute-3.8.3.jar:/usr/bin/../share/java/kafka/jersey-hk2-2.39.1.jar:/usr/bin/../share/java/kafka/netty-buffer-4.1.100.Final.jar:/usr/bin/../share/java/kafka/kafka-storage-7.6.0-ccs.jar:/usr/bin/../share/java/kafka/netty-transport-4.1.100.Final.jar:/usr/bin/../share/java/kafka/connect-json-7.6.0-ccs.jar:/usr/bin/../share/java/kafka/jetty-continuation-9.4.53.v20231009.jar:/usr/bin/../share/java/kafka/error_prone_annotations-2.10.0.jar:/usr/bin/../share/java/kafka/activation-1.1.1.jar:/usr/bin/../share/java/kafka/javax.ws.rs-api-2.1.1.jar:/usr/bin/../share/java/kafka/kafka-streams-7.6.0-ccs.jar:/usr/bin/../share/java/kafka/metrics-core-2.2.0.jar:/usr/bin/../share/java/kafka/trogdor-7.6.0-ccs.jar:/usr/bin/../share/java/kafka/jetty-client-9.4.53.v20231009.jar:/usr/bin/../share/java/kafka/netty-handler-4.1.100.Final.jar:/usr/bin/../share/java/kafka/jakarta.validation-api-2.0.2.jar:/usr/bin/../share/java/kafka/kafka-metadata-7.6.0-ccs.jar:/usr/bin/../share/java/kafka/netty-transport-classes-epoll-4.1.100.Final.jar:/usr/bin/../share/java/kafka/maven-artifact-3.8.8.jar:/usr/bin/../share/java/kafka/kafka-raft-7.6.0-ccs.jar:/usr/bin/../share/java/kafka/metrics-core-4.1.12.1.jar:/usr/bin/../share/java/kafka/kafka-shell-7.6.0-ccs.jar:/usr/bin/../share/java/kafka/commons-collections-3.2.2.jar:/usr/bin/../share/java/kafka/scala-reflect-2.13.11.jar:/usr/bin/../share/java/kafka/netty-common-4.1.100.Final.jar:/usr/bin/../share/java/kafka/osgi-resource-locator-1.0.3.jar:/usr/bin/../share/java/kafka/jersey-client-2.39.1.jar:/usr/bin/../share/java/kafka/plexus-utils-3.3.1.jar:/usr/bin/../share/java/kafka/commons-logging-1.2.jar:/usr/bin/../share/java/kafka/jakarta.ws.rs-api-2.1.6.jar:/usr/bin/../share/java/kafka/jaxb-api-2.3.1.jar:/usr/bin/../share/java/kafka/kafka-group-coordinator-7.6.0-ccs.jar:/usr/bin/../share/java/kafka/jersey-container-servlet-2.39.1.jar:/usr/bin/../share/java/kafka/jetty-util-ajax-9.4.53.v20231009.jar:/usr/bin/../share/java/kafka/jline-3.22.0.jar:/usr/bin/../share/java/kafka/jersey-container-servlet-core-2.39.1.jar:/usr/bin/../share/java/kafka/slf4j-api-1.7.36.jar:/usr/bin/../share/java/kafka/connect-runtime-7.6.0-ccs.jar:/usr/bin/../share/java/kafka/kafka-storage-api-7.6.0-ccs.jar:/usr/bin/../share/java/kafka/connect-api-7.6.0-ccs.jar:/usr/bin/../share/java/kafka/zookeeper-3.8.3.jar:/usr/bin/../share/java/kafka/jetty-servlet-9.4.53.v20231009.jar:/usr/bin/../share/java/kafka/slf4j-reload4j-1.7.36.jar:/usr/bin/../share/java/kafka/kafka-tools-api-7.6.0-ccs.jar:/usr/bin/../share/java/kafka/rocksdbjni-7.9.2.jar:/usr/bin/../share/java/kafka/jackson-jaxrs-base-2.13.5.jar:/usr/bin/../share/java/kafka/jackson-databind-2.13.5.jar:/usr/bin/../share/java/kafka/kafka-clients-7.6.0-ccs.jar:/usr/bin/../share/java/kafka/jose4j-0.9.3.jar:/usr/bin/../share/java/kafka/pcollections-4.0.1.jar:/usr/bin/../share/java/kafka/jetty-security-9.4.53.v20231009.jar:/usr/bin/../share/java/kafka/kafka-streams-test-utils-7.6.0-ccs.jar:/usr/bin/../share/java/kafka/jackson-module-scala_2.13-2.13.5.jar:/usr/bin/../share/java/kafka/lz4-java-1.8.0.jar:/usr/bin/../share/java/kafka/commons-validator-1.7.jar:/usr/bin/../share/java/kafka/jakarta.inject-2.6.1.jar:/usr/bin/../share/java/kafka/jackson-datatype-jdk8-2.13.5.jar:/usr/bin/../share/java/kafka/netty-transport-native-unix-common-4.1.100.Final.jar:/usr/bin/../share/java/kafka/scala-library-2.13.11.jar:/usr/bin/../share/java/kafka/audience-annotations-0.12.0.jar:/usr/bin/../share/java/kafka/javassist-3.29.2-GA.jar:/usr/bin/../share/java/kafka/scala-collection-compat_2.13-2.10.0.jar:/usr/bin/../share/java/kafka/jetty-http-9.4.53.v20231009.jar:/usr/bin/../share/java/kafka/jackson-core-2.13.5.jar:/usr/bin/../share/java/kafka/snappy-java-1.1.10.5.jar:/usr/bin/../share/java/kafka/kafka-server-common-7.6.0-ccs.jar:/usr/bin/../share/java/kafka/jersey-common-2.39.1.jar:/usr/bin/../share/java/kafka/kafka-streams-scala_2.13-7.6.0-ccs.jar:/usr/bin/../share/java/kafka/paranamer-2.8.jar:/usr/bin/../share/java/kafka/jackson-annotations-2.13.5.jar:/usr/bin/../share/java/kafka/netty-codec-4.1.100.Final.jar:/usr/bin/../share/java/confluent-telemetry/* (org.apache.zookeeper.server.ZooKeeperServer)
14:55:52.869 [main] DEBUG org.testcontainers.containers.output.WaitingConsumer -- STDOUT: [2025-07-26 18:55:52,859] INFO Server environment:java.home=/usr/lib/jvm/java-11-zulu-openjdk-ca (org.apache.zookeeper.server.ZooKeeperServer)
14:55:52.869 [main] DEBUG org.testcontainers.containers.output.WaitingConsumer -- STDOUT: [2025-07-26 18:55:52,859] INFO Server environment:java.vendor=Azul Systems, Inc. (org.apache.zookeeper.server.ZooKeeperServer)
14:55:52.869 [main] DEBUG org.testcontainers.containers.output.WaitingConsumer -- STDOUT: [2025-07-26 18:55:52,859] INFO Server environment:java.version=11.0.21 (org.apache.zookeeper.server.ZooKeeperServer)
14:55:52.869 [main] DEBUG org.testcontainers.containers.output.WaitingConsumer -- STDOUT: [2025-07-26 18:55:52,859] INFO Server environment:host.name=0965ee6b2695 (org.apache.zookeeper.server.ZooKeeperServer)
14:55:52.869 [main] DEBUG org.testcontainers.containers.output.WaitingConsumer -- STDOUT: [2025-07-26 18:55:52,859] INFO Server environment:zookeeper.version=3.8.3-6ad6d364c7c0bcf0de452d54ebefa3058098ab56, built on 2023-10-05 10:34 UTC (org.apache.zookeeper.server.ZooKeeperServer)
14:55:52.869 [main] DEBUG org.testcontainers.containers.output.WaitingConsumer -- STDOUT: [2025-07-26 18:55:52,859] INFO  (org.apache.zookeeper.server.ZooKeeperServer)
14:55:52.869 [main] DEBUG org.testcontainers.containers.output.WaitingConsumer -- STDOUT: [2025-07-26 18:55:52,859] INFO                                               |_|                      (org.apache.zookeeper.server.ZooKeeperServer)
14:55:52.869 [main] DEBUG org.testcontainers.containers.output.WaitingConsumer -- STDOUT: [2025-07-26 18:55:52,859] INFO                                               | |                      (org.apache.zookeeper.server.ZooKeeperServer)
14:55:52.869 [main] DEBUG org.testcontainers.containers.output.WaitingConsumer -- STDOUT: [2025-07-26 18:55:52,859] INFO  /_____|  \___/   \___/  |_|\_\  \___|  \___| | .__/   \___| |_| (org.apache.zookeeper.server.ZooKeeperServer)
14:55:52.869 [main] DEBUG org.testcontainers.containers.output.WaitingConsumer -- STDOUT: [2025-07-26 18:55:52,859] INFO   / /__  | (_) | | (_) | |   <  |  __/ |  __/ | |_) | |  __/ | |     (org.apache.zookeeper.server.ZooKeeperServer)
14:55:52.869 [main] DEBUG org.testcontainers.containers.output.WaitingConsumer -- STDOUT: [2025-07-26 18:55:52,859] INFO    / /    / _ \   / _ \  | |/ /  / _ \  / _ \ | '_ \   / _ \ | '__| (org.apache.zookeeper.server.ZooKeeperServer)
14:55:52.869 [main] DEBUG org.testcontainers.containers.output.WaitingConsumer -- STDOUT: [2025-07-26 18:55:52,859] INFO     / /    ___     ___   | | __   ___    ___   _ __     ___   _ __    (org.apache.zookeeper.server.ZooKeeperServer)
14:55:52.869 [main] DEBUG org.testcontainers.containers.output.WaitingConsumer -- STDOUT: [2025-07-26 18:55:52,859] INFO  |___  /                 | |                                          (org.apache.zookeeper.server.ZooKeeperServer)
14:55:52.869 [main] DEBUG org.testcontainers.containers.output.WaitingConsumer -- STDOUT: [2025-07-26 18:55:52,859] INFO   ______                  _                                           (org.apache.zookeeper.server.ZooKeeperServer)
14:55:52.869 [main] DEBUG org.testcontainers.containers.output.WaitingConsumer -- STDOUT: [2025-07-26 18:55:52,859] INFO  (org.apache.zookeeper.server.ZooKeeperServer)
14:55:52.869 [main] DEBUG org.testcontainers.containers.output.WaitingConsumer -- STDOUT: [2025-07-26 18:55:52,853] INFO zookeeper.snapshot.trust.empty : false (org.apache.zookeeper.server.persistence.FileTxnSnapLog)
14:55:52.874 [docker-java-stream-39689327] DEBUG com.github.dockerjava.zerodep.shaded.org.apache.hc.client5.http.wire -- http-outgoing-2 << "86[\r][\n]"
14:55:52.874 [docker-java-stream-39689327] DEBUG com.github.dockerjava.zerodep.shaded.org.apache.hc.client5.http.wire -- http-outgoing-2 << "[0x1][0x0][0x0][0x0][0x0][0x0][0x0]~[2025-07-26 18:55:52,873] INFO Logging initialized @227ms to org.eclipse.jetty.util.log.Slf4jLog (org.eclipse.jetty.util.log)[\n]"
14:55:52.874 [docker-java-stream-39689327] DEBUG com.github.dockerjava.zerodep.shaded.org.apache.hc.client5.http.wire -- http-outgoing-2 << "[\r][\n]"
14:55:52.882 [main] DEBUG org.testcontainers.containers.output.WaitingConsumer -- STDOUT: [2025-07-26 18:55:52,873] INFO Logging initialized @227ms to org.eclipse.jetty.util.log.Slf4jLog (org.eclipse.jetty.util.log)
14:55:52.914 [docker-java-stream-39689327] DEBUG com.github.dockerjava.zerodep.shaded.org.apache.hc.client5.http.wire -- http-outgoing-2 << "114[\r][\n]"
14:55:52.914 [docker-java-stream-39689327] DEBUG com.github.dockerjava.zerodep.shaded.org.apache.hc.client5.http.wire -- http-outgoing-2 << "[0x1][0x0][0x0][0x0][0x0][0x0][0x0][0xffffffa1][2025-07-26 18:55:52,913] WARN o.e.j.s.ServletContextHandler@7d9f158f{/,null,STOPPED} contextPath ends with /* (org.eclipse.jetty.server.handler.ContextHandler)[\n]"
14:55:52.914 [docker-java-stream-39689327] DEBUG com.github.dockerjava.zerodep.shaded.org.apache.hc.client5.http.wire -- http-outgoing-2 << "[0x1][0x0][0x0][0x0][0x0][0x0][0x0]c[2025-07-26 18:55:52,913] WARN Empty contextPath (org.eclipse.jetty.server.handler.ContextHandler)[\n]"
14:55:52.914 [docker-java-stream-39689327] DEBUG com.github.dockerjava.zerodep.shaded.org.apache.hc.client5.http.wire -- http-outgoing-2 << "[\r][\n]"
14:55:52.915 [main] DEBUG org.testcontainers.containers.output.WaitingConsumer -- STDOUT: [2025-07-26 18:55:52,913] WARN Empty contextPath (org.eclipse.jetty.server.handler.ContextHandler)
14:55:52.915 [main] DEBUG org.testcontainers.containers.output.WaitingConsumer -- STDOUT: [2025-07-26 18:55:52,913] WARN o.e.j.s.ServletContextHandler@7d9f158f{/,null,STOPPED} contextPath ends with /* (org.eclipse.jetty.server.handler.ContextHandler)
14:55:52.923 [docker-java-stream-39689327] DEBUG com.github.dockerjava.zerodep.shaded.org.apache.hc.client5.http.wire -- http-outgoing-2 << "c3[\r][\n]"
14:55:52.923 [docker-java-stream-39689327] DEBUG com.github.dockerjava.zerodep.shaded.org.apache.hc.client5.http.wire -- http-outgoing-2 << "[0x1][0x0][0x0][0x0][0x0][0x0][0x0][0xffffffbb][2025-07-26 18:55:52,921] INFO jetty-9.4.53.v20231009; built: 2023-10-09T12:29:09.265Z; git: 27bde00a0b95a1d5bbee0eae7984f891d2d0f8c9; jvm 11.0.21+9-LTS (org.eclipse.jetty.server.Server)[\n]"
14:55:52.923 [docker-java-stream-39689327] DEBUG com.github.dockerjava.zerodep.shaded.org.apache.hc.client5.http.wire -- http-outgoing-2 << "[\r][\n]"
14:55:52.927 [main] DEBUG org.testcontainers.containers.output.WaitingConsumer -- STDOUT: [2025-07-26 18:55:52,921] INFO jetty-9.4.53.v20231009; built: 2023-10-09T12:29:09.265Z; git: 27bde00a0b95a1d5bbee0eae7984f891d2d0f8c9; jvm 11.0.21+9-LTS (org.eclipse.jetty.server.Server)
14:55:52.935 [docker-java-stream-39689327] DEBUG com.github.dockerjava.zerodep.shaded.org.apache.hc.client5.http.wire -- http-outgoing-2 << "e5[\r][\n]"
14:55:52.935 [docker-java-stream-39689327] DEBUG com.github.dockerjava.zerodep.shaded.org.apache.hc.client5.http.wire -- http-outgoing-2 << "[0x1][0x0][0x0][0x0][0x0][0x0][0x0]k[2025-07-26 18:55:52,934] INFO DefaultSessionIdManager workerName=node0 (org.eclipse.jetty.server.session)[\n]"
14:55:52.935 [docker-java-stream-39689327] DEBUG com.github.dockerjava.zerodep.shaded.org.apache.hc.client5.http.wire -- http-outgoing-2 << "[0x1][0x0][0x0][0x0][0x0][0x0][0x0]j[2025-07-26 18:55:52,934] INFO No SessionScavenger set, using defaults (org.eclipse.jetty.server.session)[\n]"
14:55:52.935 [docker-java-stream-39689327] DEBUG com.github.dockerjava.zerodep.shaded.org.apache.hc.client5.http.wire -- http-outgoing-2 << "[\r][\n]"
14:55:52.936 [docker-java-stream-39689327] DEBUG com.github.dockerjava.zerodep.shaded.org.apache.hc.client5.http.wire -- http-outgoing-2 << "6a[\r][\n]"
14:55:52.936 [docker-java-stream-39689327] DEBUG com.github.dockerjava.zerodep.shaded.org.apache.hc.client5.http.wire -- http-outgoing-2 << "[0x1][0x0][0x0][0x0][0x0][0x0][0x0]b[2025-07-26 18:55:52,935] INFO node0 Scavenging every 660000ms (org.eclipse.jetty.server.session)[\n]"
14:55:52.936 [docker-java-stream-39689327] DEBUG com.github.dockerjava.zerodep.shaded.org.apache.hc.client5.http.wire -- http-outgoing-2 << "[\r][\n]"
14:55:52.937 [docker-java-stream-39689327] DEBUG com.github.dockerjava.zerodep.shaded.org.apache.hc.client5.http.wire -- http-outgoing-2 << "c3[\r][\n]"
14:55:52.937 [docker-java-stream-39689327] DEBUG com.github.dockerjava.zerodep.shaded.org.apache.hc.client5.http.wire -- http-outgoing-2 << "[0x1][0x0][0x0][0x0][0x0][0x0][0x0][0xffffffbb][2025-07-26 18:55:52,936] WARN ServletContext@o.e.j.s.ServletContextHandler@7d9f158f{/,null,STARTING} has uncovered http methods for path: /* (org.eclipse.jetty.security.SecurityHandler)[\n]"
14:55:52.937 [docker-java-stream-39689327] DEBUG com.github.dockerjava.zerodep.shaded.org.apache.hc.client5.http.wire -- http-outgoing-2 << "[\r][\n]"
14:55:52.939 [main] DEBUG org.testcontainers.containers.output.WaitingConsumer -- STDOUT: [2025-07-26 18:55:52,936] WARN ServletContext@o.e.j.s.ServletContextHandler@7d9f158f{/,null,STARTING} has uncovered http methods for path: /* (org.eclipse.jetty.security.SecurityHandler)
14:55:52.939 [main] DEBUG org.testcontainers.containers.output.WaitingConsumer -- STDOUT: [2025-07-26 18:55:52,935] INFO node0 Scavenging every 660000ms (org.eclipse.jetty.server.session)
14:55:52.939 [main] DEBUG org.testcontainers.containers.output.WaitingConsumer -- STDOUT: [2025-07-26 18:55:52,934] INFO No SessionScavenger set, using defaults (org.eclipse.jetty.server.session)
14:55:52.939 [main] DEBUG org.testcontainers.containers.output.WaitingConsumer -- STDOUT: [2025-07-26 18:55:52,934] INFO DefaultSessionIdManager workerName=node0 (org.eclipse.jetty.server.session)
14:55:52.941 [docker-java-stream-39689327] DEBUG com.github.dockerjava.zerodep.shaded.org.apache.hc.client5.http.wire -- http-outgoing-2 << "9a[\r][\n]"
14:55:52.941 [docker-java-stream-39689327] DEBUG com.github.dockerjava.zerodep.shaded.org.apache.hc.client5.http.wire -- http-outgoing-2 << "[0x1][0x0][0x0][0x0][0x0][0x0][0x0][0xffffff92][2025-07-26 18:55:52,940] INFO Started o.e.j.s.ServletContextHandler@7d9f158f{/,null,AVAILABLE} (org.eclipse.jetty.server.handler.ContextHandler)[\n]"
14:55:52.941 [docker-java-stream-39689327] DEBUG com.github.dockerjava.zerodep.shaded.org.apache.hc.client5.http.wire -- http-outgoing-2 << "[\r][\n]"
14:55:52.948 [docker-java-stream-39689327] DEBUG com.github.dockerjava.zerodep.shaded.org.apache.hc.client5.http.wire -- http-outgoing-2 << "f1[\r][\n]"
14:55:52.948 [docker-java-stream-39689327] DEBUG com.github.dockerjava.zerodep.shaded.org.apache.hc.client5.http.wire -- http-outgoing-2 << "[0x1][0x0][0x0][0x0][0x0][0x0][0x0][0xffffff91][2025-07-26 18:55:52,947] INFO Started ServerConnector@5fb759d6{HTTP/1.1, (http/1.1)}{0.0.0.0:8080} (org.eclipse.jetty.server.AbstractConnector)[\n]"
14:55:52.948 [docker-java-stream-39689327] DEBUG com.github.dockerjava.zerodep.shaded.org.apache.hc.client5.http.wire -- http-outgoing-2 << "[0x1][0x0][0x0][0x0][0x0][0x0][0x0]P[2025-07-26 18:55:52,947] INFO Started @301ms (org.eclipse.jetty.server.Server)[\n]"
14:55:52.948 [docker-java-stream-39689327] DEBUG com.github.dockerjava.zerodep.shaded.org.apache.hc.client5.http.wire -- http-outgoing-2 << "[\r][\n]"
14:55:52.949 [docker-java-stream-39689327] DEBUG com.github.dockerjava.zerodep.shaded.org.apache.hc.client5.http.wire -- http-outgoing-2 << "a8[\r][\n]"
14:55:52.949 [docker-java-stream-39689327] DEBUG com.github.dockerjava.zerodep.shaded.org.apache.hc.client5.http.wire -- http-outgoing-2 << "[0x1][0x0][0x0][0x0][0x0][0x0][0x0][0xffffffa0][2025-07-26 18:55:52,947] INFO Started AdminServer on address 0.0.0.0, port 8080 and command URL /commands (org.apache.zookeeper.server.admin.JettyAdminServer)[\n]"
14:55:52.949 [docker-java-stream-39689327] DEBUG com.github.dockerjava.zerodep.shaded.org.apache.hc.client5.http.wire -- http-outgoing-2 << "[\r][\n]"
14:55:52.950 [main] DEBUG org.testcontainers.containers.output.WaitingConsumer -- STDOUT: [2025-07-26 18:55:52,947] INFO Started AdminServer on address 0.0.0.0, port 8080 and command URL /commands (org.apache.zookeeper.server.admin.JettyAdminServer)
14:55:52.950 [main] DEBUG org.testcontainers.containers.output.WaitingConsumer -- STDOUT: [2025-07-26 18:55:52,947] INFO Started @301ms (org.eclipse.jetty.server.Server)
14:55:52.950 [main] DEBUG org.testcontainers.containers.output.WaitingConsumer -- STDOUT: [2025-07-26 18:55:52,947] INFO Started ServerConnector@5fb759d6{HTTP/1.1, (http/1.1)}{0.0.0.0:8080} (org.eclipse.jetty.server.AbstractConnector)
14:55:52.950 [main] DEBUG org.testcontainers.containers.output.WaitingConsumer -- STDOUT: [2025-07-26 18:55:52,940] INFO Started o.e.j.s.ServletContextHandler@7d9f158f{/,null,AVAILABLE} (org.eclipse.jetty.server.handler.ContextHandler)
14:55:52.951 [docker-java-stream-39689327] DEBUG com.github.dockerjava.zerodep.shaded.org.apache.hc.client5.http.wire -- http-outgoing-2 << "ab[\r][\n]"
14:55:52.951 [docker-java-stream-39689327] DEBUG com.github.dockerjava.zerodep.shaded.org.apache.hc.client5.http.wire -- http-outgoing-2 << "[0x1][0x0][0x0][0x0][0x0][0x0][0x0][0xffffffa3][2025-07-26 18:55:52,950] INFO Using org.apache.zookeeper.server.NIOServerCnxnFactory as server connection factory (org.apache.zookeeper.server.ServerCnxnFactory)[\n]"
14:55:52.951 [docker-java-stream-39689327] DEBUG com.github.dockerjava.zerodep.shaded.org.apache.hc.client5.http.wire -- http-outgoing-2 << "[\r][\n]"
14:55:52.951 [docker-java-stream-39689327] DEBUG com.github.dockerjava.zerodep.shaded.org.apache.hc.client5.http.wire -- http-outgoing-2 << "8a[\r][\n]"
14:55:52.951 [docker-java-stream-39689327] DEBUG com.github.dockerjava.zerodep.shaded.org.apache.hc.client5.http.wire -- http-outgoing-2 << "[0x1][0x0][0x0][0x0][0x0][0x0][0x0][0xffffff82][2025-07-26 18:55:52,950] WARN maxCnxns is not configured, using default value 0. (org.apache.zookeeper.server.ServerCnxnFactory)[\n]"
14:55:52.951 [docker-java-stream-39689327] DEBUG com.github.dockerjava.zerodep.shaded.org.apache.hc.client5.http.wire -- http-outgoing-2 << "[\r][\n]"
14:55:52.952 [docker-java-stream-39689327] DEBUG com.github.dockerjava.zerodep.shaded.org.apache.hc.client5.http.wire -- http-outgoing-2 << "e9[\r][\n]"
14:55:52.952 [docker-java-stream-39689327] DEBUG com.github.dockerjava.zerodep.shaded.org.apache.hc.client5.http.wire -- http-outgoing-2 << "[0x1][0x0][0x0][0x0][0x0][0x0][0x0][0xffffffe1][2025-07-26 18:55:52,951] INFO Configuring NIO connection handler with 10s sessionless connection timeout, 2 selector thread(s), 24 worker threads, and 64 kB direct buffers. (org.apache.zookeeper.server.NIOServerCnxnFactory)[\n]"
14:55:52.952 [docker-java-stream-39689327] DEBUG com.github.dockerjava.zerodep.shaded.org.apache.hc.client5.http.wire -- http-outgoing-2 << "[\r][\n]"
14:55:52.952 [docker-java-stream-39689327] DEBUG com.github.dockerjava.zerodep.shaded.org.apache.hc.client5.http.wire -- http-outgoing-2 << "7f[\r][\n]"
14:55:52.952 [docker-java-stream-39689327] DEBUG com.github.dockerjava.zerodep.shaded.org.apache.hc.client5.http.wire -- http-outgoing-2 << "[0x1][0x0][0x0][0x0][0x0][0x0][0x0]w[2025-07-26 18:55:52,951] INFO binding to port 0.0.0.0/0.0.0.0:2181 (org.apache.zookeeper.server.NIOServerCnxnFactory)[\n]"
14:55:52.952 [docker-java-stream-39689327] DEBUG com.github.dockerjava.zerodep.shaded.org.apache.hc.client5.http.wire -- http-outgoing-2 << "[\r][\n]"
14:55:52.958 [docker-java-stream-39689327] DEBUG com.github.dockerjava.zerodep.shaded.org.apache.hc.client5.http.wire -- http-outgoing-2 << "14a[\r][\n]"
14:55:52.959 [docker-java-stream-39689327] DEBUG com.github.dockerjava.zerodep.shaded.org.apache.hc.client5.http.wire -- http-outgoing-2 << "[0x1][0x0][0x0][0x0][0x0][0x0][0x0][0xffffff9d][2025-07-26 18:55:52,957] INFO Using org.apache.zookeeper.server.watch.WatchManager as watch manager (org.apache.zookeeper.server.watch.WatchManagerFactory)[\n]"
14:55:52.959 [docker-java-stream-39689327] DEBUG com.github.dockerjava.zerodep.shaded.org.apache.hc.client5.http.wire -- http-outgoing-2 << "[0x1][0x0][0x0][0x0][0x0][0x0][0x0][0xffffff9d][2025-07-26 18:55:52,957] INFO Using org.apache.zookeeper.server.watch.WatchManager as watch manager (org.apache.zookeeper.server.watch.WatchManagerFactory)[\n]"
14:55:52.959 [docker-java-stream-39689327] DEBUG com.github.dockerjava.zerodep.shaded.org.apache.hc.client5.http.wire -- http-outgoing-2 << "[\r][\n]"
14:55:52.959 [docker-java-stream-39689327] DEBUG com.github.dockerjava.zerodep.shaded.org.apache.hc.client5.http.wire -- http-outgoing-2 << "e1[\r][\n]"
14:55:52.959 [docker-java-stream-39689327] DEBUG com.github.dockerjava.zerodep.shaded.org.apache.hc.client5.http.wire -- http-outgoing-2 << "[0x1][0x0][0x0][0x0][0x0][0x0][0x0]l[2025-07-26 18:55:52,958] INFO zookeeper.snapshotSizeFactor = 0.33 (org.apache.zookeeper.server.ZKDatabase)[\n]"
14:55:52.959 [docker-java-stream-39689327] DEBUG com.github.dockerjava.zerodep.shaded.org.apache.hc.client5.http.wire -- http-outgoing-2 << "[0x1][0x0][0x0][0x0][0x0][0x0][0x0]e[2025-07-26 18:55:52,958] INFO zookeeper.commitLogCount=500 (org.apache.zookeeper.server.ZKDatabase)[\n]"
14:55:52.959 [docker-java-stream-39689327] DEBUG com.github.dockerjava.zerodep.shaded.org.apache.hc.client5.http.wire -- http-outgoing-2 << "[\r][\n]"
14:55:52.961 [docker-java-stream-39689327] DEBUG com.github.dockerjava.zerodep.shaded.org.apache.hc.client5.http.wire -- http-outgoing-2 << "12e[\r][\n]"
14:55:52.961 [docker-java-stream-39689327] DEBUG com.github.dockerjava.zerodep.shaded.org.apache.hc.client5.http.wire -- http-outgoing-2 << "[0x1][0x0][0x0][0x0][0x0][0x0][0x0][0xffffff84][2025-07-26 18:55:52,960] INFO zookeeper.snapshot.compression.method = CHECKED (org.apache.zookeeper.server.persistence.SnapStream)[\n]"
14:55:52.961 [docker-java-stream-39689327] DEBUG com.github.dockerjava.zerodep.shaded.org.apache.hc.client5.http.wire -- http-outgoing-2 << "[0x1][0x0][0x0][0x0][0x0][0x0][0x0][0xffffff9a][2025-07-26 18:55:52,960] INFO Snapshotting: 0x0 to /var/lib/zookeeper/data/version-2/snapshot.0 (org.apache.zookeeper.server.persistence.FileTxnSnapLog)[\n]"
14:55:52.961 [docker-java-stream-39689327] DEBUG com.github.dockerjava.zerodep.shaded.org.apache.hc.client5.http.wire -- http-outgoing-2 << "[\r][\n]"
14:55:52.961 [main] DEBUG org.testcontainers.containers.output.WaitingConsumer -- STDOUT: [2025-07-26 18:55:52,960] INFO Snapshotting: 0x0 to /var/lib/zookeeper/data/version-2/snapshot.0 (org.apache.zookeeper.server.persistence.FileTxnSnapLog)
14:55:52.962 [main] DEBUG org.testcontainers.containers.output.WaitingConsumer -- STDOUT: [2025-07-26 18:55:52,960] INFO zookeeper.snapshot.compression.method = CHECKED (org.apache.zookeeper.server.persistence.SnapStream)
14:55:52.962 [main] DEBUG org.testcontainers.containers.output.WaitingConsumer -- STDOUT: [2025-07-26 18:55:52,958] INFO zookeeper.commitLogCount=500 (org.apache.zookeeper.server.ZKDatabase)
14:55:52.962 [main] DEBUG org.testcontainers.containers.output.WaitingConsumer -- STDOUT: [2025-07-26 18:55:52,958] INFO zookeeper.snapshotSizeFactor = 0.33 (org.apache.zookeeper.server.ZKDatabase)
14:55:52.962 [main] DEBUG org.testcontainers.containers.output.WaitingConsumer -- STDOUT: [2025-07-26 18:55:52,957] INFO Using org.apache.zookeeper.server.watch.WatchManager as watch manager (org.apache.zookeeper.server.watch.WatchManagerFactory)
14:55:52.962 [main] DEBUG org.testcontainers.containers.output.WaitingConsumer -- STDOUT: [2025-07-26 18:55:52,957] INFO Using org.apache.zookeeper.server.watch.WatchManager as watch manager (org.apache.zookeeper.server.watch.WatchManagerFactory)
14:55:52.962 [main] DEBUG org.testcontainers.containers.output.WaitingConsumer -- STDOUT: [2025-07-26 18:55:52,951] INFO binding to port 0.0.0.0/0.0.0.0:2181 (org.apache.zookeeper.server.NIOServerCnxnFactory)
14:55:52.962 [docker-java-stream-39689327] DEBUG com.github.dockerjava.zerodep.shaded.org.apache.hc.client5.http.wire -- http-outgoing-2 << "93[\r][\n]"
14:55:52.962 [main] DEBUG org.testcontainers.containers.output.WaitingConsumer -- STDOUT: [2025-07-26 18:55:52,951] INFO Configuring NIO connection handler with 10s sessionless connection timeout, 2 selector thread(s), 24 worker threads, and 64 kB direct buffers. (org.apache.zookeeper.server.NIOServerCnxnFactory)
14:55:52.962 [docker-java-stream-39689327] DEBUG com.github.dockerjava.zerodep.shaded.org.apache.hc.client5.http.wire -- http-outgoing-2 << "[0x1][0x0][0x0][0x0][0x0][0x0][0x0][0xffffff8b][2025-07-26 18:55:52,961] INFO Snapshot loaded in 3 ms, highest zxid is 0x0, digest is 1371985504 (org.apache.zookeeper.server.ZKDatabase)[\n]"
14:55:52.962 [docker-java-stream-39689327] DEBUG com.github.dockerjava.zerodep.shaded.org.apache.hc.client5.http.wire -- http-outgoing-2 << "[\r][\n]"
14:55:52.962 [main] DEBUG org.testcontainers.containers.output.WaitingConsumer -- STDOUT: [2025-07-26 18:55:52,961] INFO Snapshot loaded in 3 ms, highest zxid is 0x0, digest is 1371985504 (org.apache.zookeeper.server.ZKDatabase)
14:55:52.962 [main] DEBUG org.testcontainers.containers.output.WaitingConsumer -- STDOUT: [2025-07-26 18:55:52,950] WARN maxCnxns is not configured, using default value 0. (org.apache.zookeeper.server.ServerCnxnFactory)
14:55:52.962 [main] DEBUG org.testcontainers.containers.output.WaitingConsumer -- STDOUT: [2025-07-26 18:55:52,950] INFO Using org.apache.zookeeper.server.NIOServerCnxnFactory as server connection factory (org.apache.zookeeper.server.ServerCnxnFactory)
14:55:52.962 [docker-java-stream-39689327] DEBUG com.github.dockerjava.zerodep.shaded.org.apache.hc.client5.http.wire -- http-outgoing-2 << "a2[\r][\n]"
14:55:52.962 [docker-java-stream-39689327] DEBUG com.github.dockerjava.zerodep.shaded.org.apache.hc.client5.http.wire -- http-outgoing-2 << "[0x1][0x0][0x0][0x0][0x0][0x0][0x0][0xffffff9a][2025-07-26 18:55:52,961] INFO Snapshotting: 0x0 to /var/lib/zookeeper/data/version-2/snapshot.0 (org.apache.zookeeper.server.persistence.FileTxnSnapLog)[\n]"
14:55:52.962 [docker-java-stream-39689327] DEBUG com.github.dockerjava.zerodep.shaded.org.apache.hc.client5.http.wire -- http-outgoing-2 << "[\r][\n]"
14:55:52.962 [docker-java-stream-39689327] DEBUG com.github.dockerjava.zerodep.shaded.org.apache.hc.client5.http.wire -- http-outgoing-2 << "6c[\r][\n]"
14:55:52.962 [docker-java-stream-39689327] DEBUG com.github.dockerjava.zerodep.shaded.org.apache.hc.client5.http.wire -- http-outgoing-2 << "[0x1][0x0][0x0][0x0][0x0][0x0][0x0]d[2025-07-26 18:55:52,962] INFO Snapshot taken in 0 ms (org.apache.zookeeper.server.ZooKeeperServer)[\n]"
14:55:52.962 [docker-java-stream-39689327] DEBUG com.github.dockerjava.zerodep.shaded.org.apache.hc.client5.http.wire -- http-outgoing-2 << "[\r][\n]"
14:55:52.967 [docker-java-stream-39689327] DEBUG com.github.dockerjava.zerodep.shaded.org.apache.hc.client5.http.wire -- http-outgoing-2 << "96[\r][\n]"
14:55:52.968 [docker-java-stream-39689327] DEBUG com.github.dockerjava.zerodep.shaded.org.apache.hc.client5.http.wire -- http-outgoing-2 << "[0x1][0x0][0x0][0x0][0x0][0x0][0x0][0xffffff8e][2025-07-26 18:55:52,966] INFO PrepRequestProcessor (sid:0) started, reconfigEnabled=false (org.apache.zookeeper.server.PrepRequestProcessor)[\n]"
14:55:52.968 [docker-java-stream-39689327] DEBUG com.github.dockerjava.zerodep.shaded.org.apache.hc.client5.http.wire -- http-outgoing-2 << "[\r][\n]"
14:55:52.968 [docker-java-stream-39689327] DEBUG com.github.dockerjava.zerodep.shaded.org.apache.hc.client5.http.wire -- http-outgoing-2 << "8d[\r][\n]"
14:55:52.968 [docker-java-stream-39689327] DEBUG com.github.dockerjava.zerodep.shaded.org.apache.hc.client5.http.wire -- http-outgoing-2 << "[0x1][0x0][0x0][0x0][0x0][0x0][0x0][0xffffff85][2025-07-26 18:55:52,966] INFO zookeeper.request_throttler.shutdownTimeout = 10000 ms (org.apache.zookeeper.server.RequestThrottler)[\n]"
14:55:52.968 [docker-java-stream-39689327] DEBUG com.github.dockerjava.zerodep.shaded.org.apache.hc.client5.http.wire -- http-outgoing-2 << "[\r][\n]"
14:55:52.973 [docker-java-stream-39689327] DEBUG com.github.dockerjava.zerodep.shaded.org.apache.hc.client5.http.wire -- http-outgoing-2 << "9e[\r][\n]"
14:55:52.973 [docker-java-stream-39689327] DEBUG com.github.dockerjava.zerodep.shaded.org.apache.hc.client5.http.wire -- http-outgoing-2 << "[0x1][0x0][0x0][0x0][0x0][0x0][0x0][0xffffff96][2025-07-26 18:55:52,972] INFO Using checkIntervalMs=60000 maxPerMinute=10000 maxNeverUsedIntervalMs=0 (org.apache.zookeeper.server.ContainerManager)[\n]"
14:55:52.973 [docker-java-stream-39689327] DEBUG com.github.dockerjava.zerodep.shaded.org.apache.hc.client5.http.wire -- http-outgoing-2 << "[\r][\n]"
14:55:52.974 [docker-java-stream-39689327] DEBUG com.github.dockerjava.zerodep.shaded.org.apache.hc.client5.http.wire -- http-outgoing-2 << "71[\r][\n]"
14:55:52.974 [docker-java-stream-39689327] DEBUG com.github.dockerjava.zerodep.shaded.org.apache.hc.client5.http.wire -- http-outgoing-2 << "[0x1][0x0][0x0][0x0][0x0][0x0][0x0]i[2025-07-26 18:55:52,973] INFO ZooKeeper audit is disabled. (org.apache.zookeeper.audit.ZKAuditProvider)[\n]"
14:55:52.974 [docker-java-stream-39689327] DEBUG com.github.dockerjava.zerodep.shaded.org.apache.hc.client5.http.wire -- http-outgoing-2 << "[\r][\n]"
14:55:52.974 [main] DEBUG org.testcontainers.containers.output.WaitingConsumer -- STDOUT: [2025-07-26 18:55:52,973] INFO ZooKeeper audit is disabled. (org.apache.zookeeper.audit.ZKAuditProvider)
14:55:52.975 [main] DEBUG org.testcontainers.containers.output.WaitingConsumer -- STDOUT: [2025-07-26 18:55:52,972] INFO Using checkIntervalMs=60000 maxPerMinute=10000 maxNeverUsedIntervalMs=0 (org.apache.zookeeper.server.ContainerManager)
14:55:52.975 [main] DEBUG org.testcontainers.containers.output.WaitingConsumer -- STDOUT: [2025-07-26 18:55:52,966] INFO zookeeper.request_throttler.shutdownTimeout = 10000 ms (org.apache.zookeeper.server.RequestThrottler)
14:55:52.975 [main] DEBUG org.testcontainers.containers.output.WaitingConsumer -- STDOUT: [2025-07-26 18:55:52,966] INFO PrepRequestProcessor (sid:0) started, reconfigEnabled=false (org.apache.zookeeper.server.PrepRequestProcessor)
14:55:52.975 [main] DEBUG org.testcontainers.containers.output.WaitingConsumer -- STDOUT: [2025-07-26 18:55:52,962] INFO Snapshot taken in 0 ms (org.apache.zookeeper.server.ZooKeeperServer)
14:55:52.975 [main] DEBUG org.testcontainers.containers.output.WaitingConsumer -- STDOUT: [2025-07-26 18:55:52,961] INFO Snapshotting: 0x0 to /var/lib/zookeeper/data/version-2/snapshot.0 (org.apache.zookeeper.server.persistence.FileTxnSnapLog)
14:55:53.733 [docker-java-stream-39689327] DEBUG com.github.dockerjava.zerodep.shaded.org.apache.hc.client5.http.wire -- http-outgoing-2 << "2b[\r][\n]"
14:55:53.733 [docker-java-stream-39689327] DEBUG com.github.dockerjava.zerodep.shaded.org.apache.hc.client5.http.wire -- http-outgoing-2 << "[0x1][0x0][0x0][0x0][0x0][0x0][0x0]#===> Running preflight checks ... [\n]"
14:55:53.733 [docker-java-stream-39689327] DEBUG com.github.dockerjava.zerodep.shaded.org.apache.hc.client5.http.wire -- http-outgoing-2 << "[\r][\n]"
14:55:53.733 [main] DEBUG org.testcontainers.containers.output.WaitingConsumer -- STDOUT: ===> Running preflight checks ... 
14:55:53.734 [docker-java-stream-39689327] DEBUG com.github.dockerjava.zerodep.shaded.org.apache.hc.client5.http.wire -- http-outgoing-2 << "1c[\r][\n]"
14:55:53.734 [docker-java-stream-39689327] DEBUG com.github.dockerjava.zerodep.shaded.org.apache.hc.client5.http.wire -- http-outgoing-2 << "[0x1][0x0][0x0][0x0][0x0][0x0][0x0][0x14]===> Launching ... [\n]"
14:55:53.734 [docker-java-stream-39689327] DEBUG com.github.dockerjava.zerodep.shaded.org.apache.hc.client5.http.wire -- http-outgoing-2 << "[\r][\n]"
14:55:53.736 [docker-java-stream-39689327] DEBUG com.github.dockerjava.zerodep.shaded.org.apache.hc.client5.http.wire -- http-outgoing-2 << "22[\r][\n]"
14:55:53.736 [docker-java-stream-39689327] DEBUG com.github.dockerjava.zerodep.shaded.org.apache.hc.client5.http.wire -- http-outgoing-2 << "[0x1][0x0][0x0][0x0][0x0][0x0][0x0][0x1a]===> Launching kafka ... [\n]"
14:55:53.736 [docker-java-stream-39689327] DEBUG com.github.dockerjava.zerodep.shaded.org.apache.hc.client5.http.wire -- http-outgoing-2 << "[\r][\n]"
14:55:53.745 [main] DEBUG org.testcontainers.containers.output.WaitingConsumer -- STDOUT: ===> Launching kafka ... 
14:55:53.745 [main] DEBUG org.testcontainers.containers.output.WaitingConsumer -- STDOUT: ===> Launching ... 
14:55:53.966 [docker-java-stream-39689327] DEBUG com.github.dockerjava.zerodep.shaded.org.apache.hc.client5.http.wire -- http-outgoing-2 << "84[\r][\n]"
14:55:53.966 [docker-java-stream-39689327] DEBUG com.github.dockerjava.zerodep.shaded.org.apache.hc.client5.http.wire -- http-outgoing-2 << "[0x1][0x0][0x0][0x0][0x0][0x0][0x0]|[2025-07-26 18:55:53,964] INFO Registered kafka:type=kafka.Log4jController MBean (kafka.utils.Log4jControllerRegistration$)[\n]"
14:55:53.966 [docker-java-stream-39689327] DEBUG com.github.dockerjava.zerodep.shaded.org.apache.hc.client5.http.wire -- http-outgoing-2 << "[\r][\n]"
14:55:53.966 [main] DEBUG org.testcontainers.containers.output.WaitingConsumer -- STDOUT: [2025-07-26 18:55:53,964] INFO Registered kafka:type=kafka.Log4jController MBean (kafka.utils.Log4jControllerRegistration$)
14:55:54.102 [docker-java-stream-39689327] DEBUG com.github.dockerjava.zerodep.shaded.org.apache.hc.client5.http.wire -- http-outgoing-2 << "b7[\r][\n]"
14:55:54.102 [docker-java-stream-39689327] DEBUG com.github.dockerjava.zerodep.shaded.org.apache.hc.client5.http.wire -- http-outgoing-2 << "[0x1][0x0][0x0][0x0][0x0][0x0][0x0][0xffffffaf][2025-07-26 18:55:54,100] INFO Setting -D jdk.tls.rejectClientInitiatedRenegotiation=true to disable client-initiated TLS renegotiation (org.apache.zookeeper.common.X509Util)[\n]"
14:55:54.102 [docker-java-stream-39689327] DEBUG com.github.dockerjava.zerodep.shaded.org.apache.hc.client5.http.wire -- http-outgoing-2 << "[\r][\n]"
14:55:54.102 [main] DEBUG org.testcontainers.containers.output.WaitingConsumer -- STDOUT: [2025-07-26 18:55:54,100] INFO Setting -D jdk.tls.rejectClientInitiatedRenegotiation=true to disable client-initiated TLS renegotiation (org.apache.zookeeper.common.X509Util)
14:55:54.133 [docker-java-stream-39689327] DEBUG com.github.dockerjava.zerodep.shaded.org.apache.hc.client5.http.wire -- http-outgoing-2 << "8a[\r][\n]"
14:55:54.134 [docker-java-stream-39689327] DEBUG com.github.dockerjava.zerodep.shaded.org.apache.hc.client5.http.wire -- http-outgoing-2 << "[0x1][0x0][0x0][0x0][0x0][0x0][0x0][0xffffff82][2025-07-26 18:55:54,131] INFO Registered signal handlers for TERM, INT, HUP (org.apache.kafka.common.utils.LoggingSignalHandler)[\n]"
14:55:54.134 [docker-java-stream-39689327] DEBUG com.github.dockerjava.zerodep.shaded.org.apache.hc.client5.http.wire -- http-outgoing-2 << "[\r][\n]"
14:55:54.134 [docker-java-stream-39689327] DEBUG com.github.dockerjava.zerodep.shaded.org.apache.hc.client5.http.wire -- http-outgoing-2 << "4b[\r][\n]"
14:55:54.134 [docker-java-stream-39689327] DEBUG com.github.dockerjava.zerodep.shaded.org.apache.hc.client5.http.wire -- http-outgoing-2 << "[0x1][0x0][0x0][0x0][0x0][0x0][0x0]C[2025-07-26 18:55:54,132] INFO starting (kafka.server.KafkaServer)[\n]"
14:55:54.134 [docker-java-stream-39689327] DEBUG com.github.dockerjava.zerodep.shaded.org.apache.hc.client5.http.wire -- http-outgoing-2 << "[\r][\n]"
14:55:54.134 [docker-java-stream-39689327] DEBUG com.github.dockerjava.zerodep.shaded.org.apache.hc.client5.http.wire -- http-outgoing-2 << "6c[\r][\n]"
14:55:54.134 [docker-java-stream-39689327] DEBUG com.github.dockerjava.zerodep.shaded.org.apache.hc.client5.http.wire -- http-outgoing-2 << "[0x1][0x0][0x0][0x0][0x0][0x0][0x0]d[2025-07-26 18:55:54,132] INFO Connecting to zookeeper on localhost:2181 (kafka.server.KafkaServer)[\n]"
14:55:54.134 [docker-java-stream-39689327] DEBUG com.github.dockerjava.zerodep.shaded.org.apache.hc.client5.http.wire -- http-outgoing-2 << "[\r][\n]"
14:55:54.135 [main] DEBUG org.testcontainers.containers.output.WaitingConsumer -- STDOUT: [2025-07-26 18:55:54,132] INFO Connecting to zookeeper on localhost:2181 (kafka.server.KafkaServer)
14:55:54.135 [main] DEBUG org.testcontainers.containers.output.WaitingConsumer -- STDOUT: [2025-07-26 18:55:54,132] INFO starting (kafka.server.KafkaServer)
14:55:54.135 [main] DEBUG org.testcontainers.containers.output.WaitingConsumer -- STDOUT: [2025-07-26 18:55:54,131] INFO Registered signal handlers for TERM, INT, HUP (org.apache.kafka.common.utils.LoggingSignalHandler)
14:55:54.139 [docker-java-stream-39689327] DEBUG com.github.dockerjava.zerodep.shaded.org.apache.hc.client5.http.wire -- http-outgoing-2 << "96[\r][\n]"
14:55:54.139 [docker-java-stream-39689327] DEBUG com.github.dockerjava.zerodep.shaded.org.apache.hc.client5.http.wire -- http-outgoing-2 << "[0x1][0x0][0x0][0x0][0x0][0x0][0x0][0xffffff8e][2025-07-26 18:55:54,137] INFO [ZooKeeperClient Kafka server] Initializing a new session to localhost:2181. (kafka.zookeeper.ZooKeeperClient)[\n]"
14:55:54.139 [docker-java-stream-39689327] DEBUG com.github.dockerjava.zerodep.shaded.org.apache.hc.client5.http.wire -- http-outgoing-2 << "[\r][\n]"
14:55:54.140 [docker-java-stream-39689327] DEBUG com.github.dockerjava.zerodep.shaded.org.apache.hc.client5.http.wire -- http-outgoing-2 << "2a1[\r][\n]"
14:55:54.141 [docker-java-stream-39689327] DEBUG com.github.dockerjava.zerodep.shaded.org.apache.hc.client5.http.wire -- http-outgoing-2 << "[0x1][0x0][0x0][0x0][0x0][0x0][0x0][0xffffffb3][2025-07-26 18:55:54,139] INFO Client environment:zookeeper.version=3.8.3-6ad6d364c7c0bcf0de452d54ebefa3058098ab56, built on 2023-10-05 10:34 UTC (org.apache.zookeeper.ZooKeeper)[\n]"
14:55:54.141 [docker-java-stream-39689327] DEBUG com.github.dockerjava.zerodep.shaded.org.apache.hc.client5.http.wire -- http-outgoing-2 << "[0x1][0x0][0x0][0x0][0x0][0x0][0x0]j[2025-07-26 18:55:54,139] INFO Client environment:host.name=0965ee6b2695 (org.apache.zookeeper.ZooKeeper)[\n]"
14:55:54.141 [docker-java-stream-39689327] DEBUG com.github.dockerjava.zerodep.shaded.org.apache.hc.client5.http.wire -- http-outgoing-2 << "[0x1][0x0][0x0][0x0][0x0][0x0][0x0]h[2025-07-26 18:55:54,139] INFO Client environment:java.version=11.0.21 (org.apache.zookeeper.ZooKeeper)[\n]"
14:55:54.141 [docker-java-stream-39689327] DEBUG com.github.dockerjava.zerodep.shaded.org.apache.hc.client5.http.wire -- http-outgoing-2 << "[0x1][0x0][0x0][0x0][0x0][0x0][0x0]r[2025-07-26 18:55:54,139] INFO Client environment:java.vendor=Azul Systems, Inc. (org.apache.zookeeper.ZooKeeper)[\n]"
14:55:54.141 [docker-java-stream-39689327] DEBUG com.github.dockerjava.zerodep.shaded.org.apache.hc.client5.http.wire -- http-outgoing-2 << "[0x1][0x0][0x0][0x0][0x0][0x0][0x0][0xffffff82][2025-07-26 18:55:54,139] INFO Client environment:java.home=/usr/lib/jvm/java-11-zulu-openjdk-ca (org.apache.zookeeper.ZooKeeper)[\n]"
14:55:54.142 [docker-java-stream-39689327] DEBUG com.github.dockerjava.zerodep.shaded.org.apache.hc.client5.http.wire -- http-outgoing-2 << "[\r][\n]"
14:55:54.142 [docker-java-stream-39689327] DEBUG com.github.dockerjava.zerodep.shaded.org.apache.hc.client5.http.wire -- http-outgoing-2 << "2041[\r][\n]"
14:55:54.142 [docker-java-stream-39689327] DEBUG com.github.dockerjava.zerodep.shaded.org.apache.hc.client5.http.wire -- http-outgoing-2 << "[0x1][0x0][0x0][0x0][0x0][0x0][0x1a][0xffffffc8][2025-07-26 18:55:54,139] INFO Client environment:java.class.path=/usr/bin/../share/java/kafka/checker-qual-3.19.0.jar:/usr/bin/../share/java/kafka/jackson-module-jaxb-annotations-2.13.5.jar:/usr/bin/../share/java/kafka/connect-mirror-7.6.0-ccs.jar:/usr/bin/../share/java/kafka/kafka_2.13-7.6.0-ccs.jar:/usr/bin/../share/java/kafka/scala-java8-compat_2.13-1.0.2.jar:/usr/bin/../share/java/kafka/caffeine-2.9.3.jar:/usr/bin/../share/java/kafka/commons-lang3-3.8.1.jar:/usr/bin/../share/java/kafka/aopalliance-repackaged-2.6.1.jar:/usr/bin/../share/java/kafka/hk2-utils-2.6.1.jar:/usr/bin/../share/java/kafka/kafka-tools-7.6.0-ccs.jar:/usr/bin/../share/java/kafka/jetty-server-9.4.53.v20231009.jar:/usr/bin/../share/java/kafka/netty-transport-native-epoll-4.1.100.Final.jar:/usr/bin/../share/java/kafka/jakarta.annotation-api-1.3.5.jar:/usr/bin/../share/java/kafka/connect-transforms-7.6.0-ccs.jar:/usr/bin/../share/java/kafka/connect-basic-auth-extension-7.6.0-ccs.jar:/usr/bin/../share/java/kafka/swagger-annotations-2.2.8.jar:/usr/bin/../share/java/kafka/kafka-log4j-appender-7.6.0-ccs.jar:/usr/bin/../share/java/kafka/argparse4j-0.7.0.jar:/usr/bin/../share/java/kafka/jopt-simple-5.0.4.jar:/usr/bin/../share/java/kafka/reflections-0.10.2.jar:/usr/bin/../share/java/kafka/jackson-dataformat-csv-2.13.5.jar:/usr/bin/../share/java/kafka/reload4j-1.2.25.jar:/usr/bin/../share/java/kafka/connect-mirror-client-7.6.0-ccs.jar:/usr/bin/../share/java/kafka/javax.activation-api-1.2.0.jar:/usr/bin/../share/java/kafka/hk2-api-2.6.1.jar:/usr/bin/../share/java/kafka/javax.servlet-api-3.1.0.jar:/usr/bin/../share/java/kafka/jakarta.activation-api-1.2.2.jar:/usr/bin/../share/java/kafka/scala-logging_2.13-3.9.4.jar:/usr/bin/../share/java/kafka/commons-io-2.11.0.jar:/usr/bin/../share/java/kafka/commons-digester-2.1.jar:/usr/bin/../share/java/kafka/kafka-streams-examples-7.6.0-ccs.jar:/usr/bin/../share/java/kafka/jetty-io-9.4.53.v20231009.jar:/usr/bin/../share/java/kafka/javax.annotation-api-1.3.2.jar:/usr/bin/../share/java/kafka/jetty-servlets-9.4.53.v20231009.jar:/usr/bin/../share/java/kafka/netty-resolver-4.1.100.Final.jar:/usr/bin/../share/java/kafka/jetty-util-9.4.53.v20231009.jar:/usr/bin/../share/java/kafka/commons-beanutils-1.9.4.jar:/usr/bin/../share/java/kafka/hk2-locator-2.6.1.jar:/usr/bin/../share/java/kafka/commons-cli-1.4.jar:/usr/bin/../share/java/kafka/jsr305-3.0.2.jar:/usr/bin/../share/java/kafka/jakarta.xml.bind-api-2.3.3.jar:/usr/bin/../share/java/kafka/zstd-jni-1.5.5-1.jar:/usr/bin/../share/java/kafka/jersey-server-2.39.1.jar:/usr/bin/../share/java/kafka/jackson-jaxrs-json-provider-2.13.5.jar:/usr/bin/../share/java/kafka/kafka.jar:/usr/bin/../share/java/kafka/zookeeper-jute-3.8.3.jar:/usr/bin/../share/java/kafka/jersey-hk2-2.39.1.jar:/usr/bin/../share/java/kafka/netty-buffer-4.1.100.Final.jar:/usr/bin/../share/java/kafka/kafka-storage-7.6.0-ccs.jar:/usr/bin/../share/java/kafka/netty-transport-4.1.100.Final.jar:/usr/bin/../share/java/kafka/connect-json-7.6.0-ccs.jar:/usr/bin/../share/java/kafka/jetty-continuation-9.4.53.v20231009.jar:/usr/bin/../share/java/kafka/error_prone_annotations-2.10.0.jar:/usr/bin/../share/java/kafka/activation-1.1.1.jar:/usr/bin/../share/java/kafka/javax.ws.rs-api-2.1.1.jar:/usr/bin/../share/java/kafka/kafka-streams-7.6.0-ccs.jar:/usr/bin/../share/java/kafka/metrics-core-2.2.0.jar:/usr/bin/../share/java/kafka/trogdor-7.6.0-ccs.jar:/usr/bin/../share/java/kafka/jetty-client-9.4.53.v20231009.jar:/usr/bin/../share/java/kafka/netty-handler-4.1.100.Final.jar:/usr/bin/../share/java/kafka/jakarta.validation-api-2.0.2.jar:/usr/bin/../share/java/kafka/kafka-metadata-7.6.0-ccs.jar:/usr/bin/../share/java/kafka/netty-transport-classes-epoll-4.1.100.Final.jar:/usr/bin/../share/java/kafka/maven-artifact-3.8.8.jar:/usr/bin/../share/java/kafka/kafka-raft-7.6.0-ccs.jar:/usr/bin/../share/java/kafka/metrics-core-4.1.12.1.jar:/usr/bin/../share/java/kafka/kafka-shell-7.6.0-ccs.jar:/usr/bin/../share/java/kafka/commons-collections-3.2.2.jar:/usr/bin/../share/java/kafka/scala-reflect-2.13.11.jar:/usr/bin/../share/java/kafka/netty-common-4.1.100.Final.jar:/usr/bin/../share/java/kafka/osgi-resource-locator-1.0.3.jar:/usr/bin/../share/java/kafka/jersey-client-2.39.1.jar:/usr/bin/../share/java/kafka/plexus-utils-3.3.1.jar:/usr/bin/../share/java/kafka/commons-logging-1.2.jar:/usr/bin/../share/java/kafka/jakarta.ws.rs-api-2.1.6.jar:/usr/bin/../share/java/kafka/jaxb-api-2.3.1.jar:/usr/bin/../share/java/kafka/kafka-group-coordinator-7.6.0-ccs.jar:/usr/bin/../share/java/kafka/jersey-container-servlet-2.39.1.jar:/usr/bin/../share/java/kafka/jetty-util-ajax-9.4.53.v20231009.jar:/usr/bin/../share/java/kafka/jline-3.22.0.jar:/usr/bin/../share/java/kafka/jersey-container-servlet-core-2.39.1.jar:/usr/bin/../share/java/kafka/slf4j-api-1.7.36.jar:/usr/bin/../share/java/kafka/connect-runtime-7.6.0-ccs.jar:/usr/bin/../share/java/kafka/kafka-storage-api-7.6.0-ccs.jar:/usr/bin/../share/java/kafka/connect-api-7.6.0-ccs.jar:/usr/bin/../share/java/kafka/zookeeper-3.8.3.jar:/usr/bin/../share/java/kafka/jetty-servlet-9.4.53.v20231009.jar:/usr/bin/../share/java/kafka/slf4j-reload4j-1.7.36.jar:/usr/bin/../share/java/kafka/kafka-tools-api-7.6.0-ccs.jar:/usr/bin/../share/java/kafka/rocksdbjni-7.9.2.jar:/usr/bin/../share/java/kafka/jackson-jaxrs-base-2.13.5.jar:/usr/bin/../share/java/kafka/jackson-databind-2.13.5.jar:/usr/bin/../share/java/kafka/kafka-clients-7.6.0-ccs.jar:/usr/bin/../share/java/kafka/jose4j-0.9.3.jar:/usr/bin/../share/java/kafka/pcollections-4.0.1.jar:/usr/bin/../share/java/kafka/jetty-security-9.4.53.v20231009.jar:/usr/bin/../share/java/kafka/kafka-streams-test-utils-7.6.0-ccs.jar:/usr/bin/../share/java/kafka/jackson-module-scala_2.13-2.13.5.jar:/usr/bin/../share/java/kafka/lz4-java-1.8.0.jar:/usr/bin/../share/java/kafka/commons-validator-1.7.jar:/usr/bin/../share/java/kafka/jakarta.inject-2.6.1.jar:/usr/bin/../share/java/kafka/jackson-datatype-jdk8-2.13.5.jar:/usr/bin/../share/java/kafka/netty-transport-native-unix-common-4.1.100.Final.jar:/usr/bin/../share/java/kafka/scala-library-2.13.11.jar:/usr/bin/../share/java/kafka/audience-annotations-0.12.0.jar:/usr/bin/../share/java/kafka/javassist-3.29.2-GA.jar:/usr/bin/../share/java/kafka/scala-collection-compat_2.13-2.10.0.jar:/usr/bin/../share/java/kafka/jetty-http-9.4.53.v20231009.jar:/usr/bin/../share/java/kafka/jackson-core-2.13.5.jar:/usr/bin/../share/java/kafka/snappy-java-1.1.10.5.jar:/usr/bin/../share/java/kafka/kafka-server-common-7.6.0-ccs.jar:/usr/bin/../share/java/kafka/jersey-common-2.39.1.jar:/usr/bin/../share/java/kafka/kafka-streams-scala_2.13-7.6.0-ccs.jar:/usr/bin/../share/java/kafka/paranamer-2.8.jar:/usr/bin/../share/java/kafka/jackson-annotations-2.13.5.jar:/usr/bin/../share/java/kafka/netty-codec-4.1.100.Final.jar:/usr/bin/../share/java/confluent-telemetry/* (org.apache.zookeeper.ZooKeeper)[\n]"
14:55:54.142 [docker-java-stream-39689327] DEBUG com.github.dockerjava.zerodep.shaded.org.apache.hc.client5.http.wire -- http-outgoing-2 << "[0x1][0x0][0x0][0x0][0x0][0x0][0x0][0xffffff9c][2025-07-26 18:55:54,139] INFO Client environment:java.library.path=/usr/java/packages/lib:/lib:/usr/lib:/usr/lib64:/lib64 (org.apache.zookeeper.ZooKeeper)[\n]"
14:55:54.142 [docker-java-stream-39689327] DEBUG com.github.dockerjava.zerodep.shaded.org.apache.hc.client5.http.wire -- http-outgoing-2 << "[0x1][0x0][0x0][0x0][0x0][0x0][0x0]g[2025-07-26 18:55:54,139] INFO Client environment:java.io.tmpdir=/tmp (org.apache.zookeeper.ZooKeeper)[\n]"
14:55:54.142 [docker-java-stream-39689327] DEBUG com.github.dockerjava.zerodep.shaded.org.apache.hc.client5.http.wire -- http-outgoing-2 << "[0x1][0x0][0x0][0x0][0x0][0x0][0x0]f[2025-07-26 18:55:54,139] INFO Client environment:java.compiler=<NA> (org.apache.zookeeper.ZooKeeper)[\n]"
14:55:54.142 [docker-java-stream-39689327] DEBUG com.github.dockerjava.zerodep.shaded.org.apache.hc.client5.http.wire -- http-outgoing-2 << "[0x1][0x0][0x0][0x0][0x0][0x0][0x0]a[2025-07-26 18:55:54,139] INFO Client environment:os.name=Linux (org.apache.zookeeper.ZooKeeper)[\n]"
14:55:54.142 [docker-java-stream-39689327] DEBUG com.github.dockerjava.zerodep.shaded.org.apache.hc.client5.http.wire -- http-outgoing-2 << "[0x1][0x0][0x0][0x0][0x0][0x0][0x0]c[2025-07-26 18:55:54,139] INFO Client environment:os.arch=aarch64 (org.apache.zookeeper.ZooKeeper)[\n]"
14:55:54.142 [docker-java-stream-39689327] DEBUG com.github.dockerjava.zerodep.shaded.org.apache.hc.client5.http.wire -- http-outgoing-2 << "[0x1][0x0][0x0][0x0][0x0][0x0][0x0]o[2025-07-26 18:55:54,139] INFO Client"
14:55:54.143 [docker-java-stream-39689327] DEBUG com.github.dockerjava.zerodep.shaded.org.apache.hc.client5.http.wire -- http-outgoing-2 << " environment:os.version=6.10.14-linuxkit (org.apache.zookeeper.ZooKeeper)[\n]"
14:55:54.143 [docker-java-stream-39689327] DEBUG com.github.dockerjava.zerodep.shaded.org.apache.hc.client5.http.wire -- http-outgoing-2 << "[0x1][0x0][0x0][0x0][0x0][0x0][0x0]e[2025-07-26 18:55:54,139] INFO Client environment:user.name=appuser (org.apache.zookeeper.ZooKeeper)[\n]"
14:55:54.143 [docker-java-stream-39689327] DEBUG com.github.dockerjava.zerodep.shaded.org.apache.hc.client5.http.wire -- http-outgoing-2 << "[0x1][0x0][0x0][0x0][0x0][0x0][0x0]k[2025-07-26 18:55:54,139] INFO Client environment:user.home=/home/appuser (org.apache.zookeeper.ZooKeeper)[\n]"
14:55:54.143 [docker-java-stream-39689327] DEBUG com.github.dockerjava.zerodep.shaded.org.apache.hc.client5.http.wire -- http-outgoing-2 << "[0x1][0x0][0x0][0x0][0x0][0x0][0x0]j[2025-07-26 18:55:54,139] INFO Client environment:user.dir=/home/appuser (org.apache.zookeeper.ZooKeeper)[\n]"
14:55:54.143 [docker-java-stream-39689327] DEBUG com.github.dockerjava.zerodep.shaded.org.apache.hc.client5.http.wire -- http-outgoing-2 << "[0x1][0x0][0x0][0x0][0x0][0x0][0x0]i[2025-07-26 18:55:54,139] INFO Client environment:os.memory.free=1007MB (org.apache.zookeeper.ZooKeeper)[\n]"
14:55:54.143 [docker-java-stream-39689327] DEBUG com.github.dockerjava.zerodep.shaded.org.apache.hc.client5.http.wire -- http-outgoing-2 << "[0x1][0x0][0x0][0x0][0x0][0x0][0x0]h[2025-07-26 18:55:54,139] INFO Client environment:os.memory.max=1024MB (org.apache.zookeeper.ZooKeeper)[\n]"
14:55:54.143 [docker-java-stream-39689327] DEBUG com.github.dockerjava.zerodep.shaded.org.apache.hc.client5.http.wire -- http-outgoing-2 << "[0x1][0x0][0x0][0x0][0x0][0x0][0x0]j[2025-07-26 18:55:54,139] INFO Client environment:os.memory.total=1024MB (org.apache.zookeeper.ZooKeeper)[\n]"
14:55:54.143 [docker-java-stream-39689327] DEBUG com.github.dockerjava.zerodep.shaded.org.apache.hc.client5.http.wire -- http-outgoing-2 << "[\r][\n]"
14:55:54.143 [docker-java-stream-39689327] DEBUG com.github.dockerjava.zerodep.shaded.org.apache.hc.client5.http.wire -- http-outgoing-2 << "e1[\r][\n]"
14:55:54.143 [docker-java-stream-39689327] DEBUG com.github.dockerjava.zerodep.shaded.org.apache.hc.client5.http.wire -- http-outgoing-2 << "[0x1][0x0][0x0][0x0][0x0][0x0][0x0][0xffffffd9][2025-07-26 18:55:54,140] INFO Initiating client connection, connectString=localhost:2181 sessionTimeout=18000 watcher=kafka.zookeeper.ZooKeeperClient$ZooKeeperClientWatcher$@4372b9b6 (org.apache.zookeeper.ZooKeeper)[\n]"
14:55:54.143 [docker-java-stream-39689327] DEBUG com.github.dockerjava.zerodep.shaded.org.apache.hc.client5.http.wire -- http-outgoing-2 << "[\r][\n]"
14:55:54.143 [docker-java-stream-39689327] DEBUG com.github.dockerjava.zerodep.shaded.org.apache.hc.client5.http.wire -- http-outgoing-2 << "75[\r][\n]"
14:55:54.143 [docker-java-stream-39689327] DEBUG com.github.dockerjava.zerodep.shaded.org.apache.hc.client5.http.wire -- http-outgoing-2 << "[0x1][0x0][0x0][0x0][0x0][0x0][0x0]m[2025-07-26 18:55:54,142] INFO jute.maxbuffer value is 4194304 Bytes (org.apache.zookeeper.ClientCnxnSocket)[\n]"
14:55:54.143 [docker-java-stream-39689327] DEBUG com.github.dockerjava.zerodep.shaded.org.apache.hc.client5.http.wire -- http-outgoing-2 << "[\r][\n]"
14:55:54.145 [docker-java-stream-39689327] DEBUG com.github.dockerjava.zerodep.shaded.org.apache.hc.client5.http.wire -- http-outgoing-2 << "85[\r][\n]"
14:55:54.145 [docker-java-stream-39689327] DEBUG com.github.dockerjava.zerodep.shaded.org.apache.hc.client5.http.wire -- http-outgoing-2 << "[0x1][0x0][0x0][0x0][0x0][0x0][0x0]}[2025-07-26 18:55:54,144] INFO zookeeper.request.timeout value is 0. feature enabled=false (org.apache.zookeeper.ClientCnxn)[\n]"
14:55:54.145 [docker-java-stream-39689327] DEBUG com.github.dockerjava.zerodep.shaded.org.apache.hc.client5.http.wire -- http-outgoing-2 << "[\r][\n]"
14:55:54.146 [docker-java-stream-39689327] DEBUG com.github.dockerjava.zerodep.shaded.org.apache.hc.client5.http.wire -- http-outgoing-2 << "81[\r][\n]"
14:55:54.146 [docker-java-stream-39689327] DEBUG com.github.dockerjava.zerodep.shaded.org.apache.hc.client5.http.wire -- http-outgoing-2 << "[0x1][0x0][0x0][0x0][0x0][0x0][0x0]y[2025-07-26 18:55:54,145] INFO [ZooKeeperClient Kafka server] Waiting until connected. (kafka.zookeeper.ZooKeeperClient)[\n]"
14:55:54.146 [docker-java-stream-39689327] DEBUG com.github.dockerjava.zerodep.shaded.org.apache.hc.client5.http.wire -- http-outgoing-2 << "[\r][\n]"
14:55:54.147 [main] DEBUG org.testcontainers.containers.output.WaitingConsumer -- STDOUT: [2025-07-26 18:55:54,145] INFO [ZooKeeperClient Kafka server] Waiting until connected. (kafka.zookeeper.ZooKeeperClient)
14:55:54.147 [main] DEBUG org.testcontainers.containers.output.WaitingConsumer -- STDOUT: [2025-07-26 18:55:54,144] INFO zookeeper.request.timeout value is 0. feature enabled=false (org.apache.zookeeper.ClientCnxn)
14:55:54.147 [main] DEBUG org.testcontainers.containers.output.WaitingConsumer -- STDOUT: [2025-07-26 18:55:54,142] INFO jute.maxbuffer value is 4194304 Bytes (org.apache.zookeeper.ClientCnxnSocket)
14:55:54.147 [main] DEBUG org.testcontainers.containers.output.WaitingConsumer -- STDOUT: [2025-07-26 18:55:54,140] INFO Initiating client connection, connectString=localhost:2181 sessionTimeout=18000 watcher=kafka.zookeeper.ZooKeeperClient$ZooKeeperClientWatcher$@4372b9b6 (org.apache.zookeeper.ZooKeeper)
14:55:54.147 [main] DEBUG org.testcontainers.containers.output.WaitingConsumer -- STDOUT: [2025-07-26 18:55:54,139] INFO Client environment:os.memory.total=1024MB (org.apache.zookeeper.ZooKeeper)
14:55:54.147 [main] DEBUG org.testcontainers.containers.output.WaitingConsumer -- STDOUT: [2025-07-26 18:55:54,139] INFO Client environment:os.memory.max=1024MB (org.apache.zookeeper.ZooKeeper)
14:55:54.147 [main] DEBUG org.testcontainers.containers.output.WaitingConsumer -- STDOUT: [2025-07-26 18:55:54,139] INFO Client environment:os.memory.free=1007MB (org.apache.zookeeper.ZooKeeper)
14:55:54.147 [main] DEBUG org.testcontainers.containers.output.WaitingConsumer -- STDOUT: [2025-07-26 18:55:54,139] INFO Client environment:user.dir=/home/appuser (org.apache.zookeeper.ZooKeeper)
14:55:54.147 [main] DEBUG org.testcontainers.containers.output.WaitingConsumer -- STDOUT: [2025-07-26 18:55:54,139] INFO Client environment:user.home=/home/appuser (org.apache.zookeeper.ZooKeeper)
14:55:54.147 [main] DEBUG org.testcontainers.containers.output.WaitingConsumer -- STDOUT: [2025-07-26 18:55:54,139] INFO Client environment:user.name=appuser (org.apache.zookeeper.ZooKeeper)
14:55:54.147 [main] DEBUG org.testcontainers.containers.output.WaitingConsumer -- STDOUT: [2025-07-26 18:55:54,139] INFO Client environment:os.version=6.10.14-linuxkit (org.apache.zookeeper.ZooKeeper)
14:55:54.147 [main] DEBUG org.testcontainers.containers.output.WaitingConsumer -- STDOUT: [2025-07-26 18:55:54,139] INFO Client environment:os.arch=aarch64 (org.apache.zookeeper.ZooKeeper)
14:55:54.147 [main] DEBUG org.testcontainers.containers.output.WaitingConsumer -- STDOUT: [2025-07-26 18:55:54,139] INFO Client environment:os.name=Linux (org.apache.zookeeper.ZooKeeper)
14:55:54.147 [main] DEBUG org.testcontainers.containers.output.WaitingConsumer -- STDOUT: [2025-07-26 18:55:54,139] INFO Client environment:java.compiler=<NA> (org.apache.zookeeper.ZooKeeper)
14:55:54.147 [docker-java-stream-39689327] DEBUG com.github.dockerjava.zerodep.shaded.org.apache.hc.client5.http.wire -- http-outgoing-2 << "87[\r][\n]"
14:55:54.147 [docker-java-stream-39689327] DEBUG com.github.dockerjava.zerodep.shaded.org.apache.hc.client5.http.wire -- http-outgoing-2 << "[0x1][0x0][0x0][0x0][0x0][0x0][0x0][0x7f][2025-07-26 18:55:54,146] INFO Opening socket connection to server localhost/127.0.0.1:2181. (org.apache.zookeeper.ClientCnxn)[\n]"
14:55:54.147 [docker-java-stream-39689327] DEBUG com.github.dockerjava.zerodep.shaded.org.apache.hc.client5.http.wire -- http-outgoing-2 << "[\r][\n]"
14:55:54.148 [main] DEBUG org.testcontainers.containers.output.WaitingConsumer -- STDOUT: [2025-07-26 18:55:54,146] INFO Opening socket connection to server localhost/127.0.0.1:2181. (org.apache.zookeeper.ClientCnxn)
14:55:54.148 [main] DEBUG org.testcontainers.containers.output.WaitingConsumer -- STDOUT: [2025-07-26 18:55:54,139] INFO Client environment:java.io.tmpdir=/tmp (org.apache.zookeeper.ZooKeeper)
14:55:54.148 [main] DEBUG org.testcontainers.containers.output.WaitingConsumer -- STDOUT: [2025-07-26 18:55:54,139] INFO Client environment:java.library.path=/usr/java/packages/lib:/lib:/usr/lib:/usr/lib64:/lib64 (org.apache.zookeeper.ZooKeeper)
14:55:54.148 [main] DEBUG org.testcontainers.containers.output.WaitingConsumer -- STDOUT: [2025-07-26 18:55:54,139] INFO Client environment:java.class.path=/usr/bin/../share/java/kafka/checker-qual-3.19.0.jar:/usr/bin/../share/java/kafka/jackson-module-jaxb-annotations-2.13.5.jar:/usr/bin/../share/java/kafka/connect-mirror-7.6.0-ccs.jar:/usr/bin/../share/java/kafka/kafka_2.13-7.6.0-ccs.jar:/usr/bin/../share/java/kafka/scala-java8-compat_2.13-1.0.2.jar:/usr/bin/../share/java/kafka/caffeine-2.9.3.jar:/usr/bin/../share/java/kafka/commons-lang3-3.8.1.jar:/usr/bin/../share/java/kafka/aopalliance-repackaged-2.6.1.jar:/usr/bin/../share/java/kafka/hk2-utils-2.6.1.jar:/usr/bin/../share/java/kafka/kafka-tools-7.6.0-ccs.jar:/usr/bin/../share/java/kafka/jetty-server-9.4.53.v20231009.jar:/usr/bin/../share/java/kafka/netty-transport-native-epoll-4.1.100.Final.jar:/usr/bin/../share/java/kafka/jakarta.annotation-api-1.3.5.jar:/usr/bin/../share/java/kafka/connect-transforms-7.6.0-ccs.jar:/usr/bin/../share/java/kafka/connect-basic-auth-extension-7.6.0-ccs.jar:/usr/bin/../share/java/kafka/swagger-annotations-2.2.8.jar:/usr/bin/../share/java/kafka/kafka-log4j-appender-7.6.0-ccs.jar:/usr/bin/../share/java/kafka/argparse4j-0.7.0.jar:/usr/bin/../share/java/kafka/jopt-simple-5.0.4.jar:/usr/bin/../share/java/kafka/reflections-0.10.2.jar:/usr/bin/../share/java/kafka/jackson-dataformat-csv-2.13.5.jar:/usr/bin/../share/java/kafka/reload4j-1.2.25.jar:/usr/bin/../share/java/kafka/connect-mirror-client-7.6.0-ccs.jar:/usr/bin/../share/java/kafka/javax.activation-api-1.2.0.jar:/usr/bin/../share/java/kafka/hk2-api-2.6.1.jar:/usr/bin/../share/java/kafka/javax.servlet-api-3.1.0.jar:/usr/bin/../share/java/kafka/jakarta.activation-api-1.2.2.jar:/usr/bin/../share/java/kafka/scala-logging_2.13-3.9.4.jar:/usr/bin/../share/java/kafka/commons-io-2.11.0.jar:/usr/bin/../share/java/kafka/commons-digester-2.1.jar:/usr/bin/../share/java/kafka/kafka-streams-examples-7.6.0-ccs.jar:/usr/bin/../share/java/kafka/jetty-io-9.4.53.v20231009.jar:/usr/bin/../share/java/kafka/javax.annotation-api-1.3.2.jar:/usr/bin/../share/java/kafka/jetty-servlets-9.4.53.v20231009.jar:/usr/bin/../share/java/kafka/netty-resolver-4.1.100.Final.jar:/usr/bin/../share/java/kafka/jetty-util-9.4.53.v20231009.jar:/usr/bin/../share/java/kafka/commons-beanutils-1.9.4.jar:/usr/bin/../share/java/kafka/hk2-locator-2.6.1.jar:/usr/bin/../share/java/kafka/commons-cli-1.4.jar:/usr/bin/../share/java/kafka/jsr305-3.0.2.jar:/usr/bin/../share/java/kafka/jakarta.xml.bind-api-2.3.3.jar:/usr/bin/../share/java/kafka/zstd-jni-1.5.5-1.jar:/usr/bin/../share/java/kafka/jersey-server-2.39.1.jar:/usr/bin/../share/java/kafka/jackson-jaxrs-json-provider-2.13.5.jar:/usr/bin/../share/java/kafka/kafka.jar:/usr/bin/../share/java/kafka/zookeeper-jute-3.8.3.jar:/usr/bin/../share/java/kafka/jersey-hk2-2.39.1.jar:/usr/bin/../share/java/kafka/netty-buffer-4.1.100.Final.jar:/usr/bin/../share/java/kafka/kafka-storage-7.6.0-ccs.jar:/usr/bin/../share/java/kafka/netty-transport-4.1.100.Final.jar:/usr/bin/../share/java/kafka/connect-json-7.6.0-ccs.jar:/usr/bin/../share/java/kafka/jetty-continuation-9.4.53.v20231009.jar:/usr/bin/../share/java/kafka/error_prone_annotations-2.10.0.jar:/usr/bin/../share/java/kafka/activation-1.1.1.jar:/usr/bin/../share/java/kafka/javax.ws.rs-api-2.1.1.jar:/usr/bin/../share/java/kafka/kafka-streams-7.6.0-ccs.jar:/usr/bin/../share/java/kafka/metrics-core-2.2.0.jar:/usr/bin/../share/java/kafka/trogdor-7.6.0-ccs.jar:/usr/bin/../share/java/kafka/jetty-client-9.4.53.v20231009.jar:/usr/bin/../share/java/kafka/netty-handler-4.1.100.Final.jar:/usr/bin/../share/java/kafka/jakarta.validation-api-2.0.2.jar:/usr/bin/../share/java/kafka/kafka-metadata-7.6.0-ccs.jar:/usr/bin/../share/java/kafka/netty-transport-classes-epoll-4.1.100.Final.jar:/usr/bin/../share/java/kafka/maven-artifact-3.8.8.jar:/usr/bin/../share/java/kafka/kafka-raft-7.6.0-ccs.jar:/usr/bin/../share/java/kafka/metrics-core-4.1.12.1.jar:/usr/bin/../share/java/kafka/kafka-shell-7.6.0-ccs.jar:/usr/bin/../share/java/kafka/commons-collections-3.2.2.jar:/usr/bin/../share/java/kafka/scala-reflect-2.13.11.jar:/usr/bin/../share/java/kafka/netty-common-4.1.100.Final.jar:/usr/bin/../share/java/kafka/osgi-resource-locator-1.0.3.jar:/usr/bin/../share/java/kafka/jersey-client-2.39.1.jar:/usr/bin/../share/java/kafka/plexus-utils-3.3.1.jar:/usr/bin/../share/java/kafka/commons-logging-1.2.jar:/usr/bin/../share/java/kafka/jakarta.ws.rs-api-2.1.6.jar:/usr/bin/../share/java/kafka/jaxb-api-2.3.1.jar:/usr/bin/../share/java/kafka/kafka-group-coordinator-7.6.0-ccs.jar:/usr/bin/../share/java/kafka/jersey-container-servlet-2.39.1.jar:/usr/bin/../share/java/kafka/jetty-util-ajax-9.4.53.v20231009.jar:/usr/bin/../share/java/kafka/jline-3.22.0.jar:/usr/bin/../share/java/kafka/jersey-container-servlet-core-2.39.1.jar:/usr/bin/../share/java/kafka/slf4j-api-1.7.36.jar:/usr/bin/../share/java/kafka/connect-runtime-7.6.0-ccs.jar:/usr/bin/../share/java/kafka/kafka-storage-api-7.6.0-ccs.jar:/usr/bin/../share/java/kafka/connect-api-7.6.0-ccs.jar:/usr/bin/../share/java/kafka/zookeeper-3.8.3.jar:/usr/bin/../share/java/kafka/jetty-servlet-9.4.53.v20231009.jar:/usr/bin/../share/java/kafka/slf4j-reload4j-1.7.36.jar:/usr/bin/../share/java/kafka/kafka-tools-api-7.6.0-ccs.jar:/usr/bin/../share/java/kafka/rocksdbjni-7.9.2.jar:/usr/bin/../share/java/kafka/jackson-jaxrs-base-2.13.5.jar:/usr/bin/../share/java/kafka/jackson-databind-2.13.5.jar:/usr/bin/../share/java/kafka/kafka-clients-7.6.0-ccs.jar:/usr/bin/../share/java/kafka/jose4j-0.9.3.jar:/usr/bin/../share/java/kafka/pcollections-4.0.1.jar:/usr/bin/../share/java/kafka/jetty-security-9.4.53.v20231009.jar:/usr/bin/../share/java/kafka/kafka-streams-test-utils-7.6.0-ccs.jar:/usr/bin/../share/java/kafka/jackson-module-scala_2.13-2.13.5.jar:/usr/bin/../share/java/kafka/lz4-java-1.8.0.jar:/usr/bin/../share/java/kafka/commons-validator-1.7.jar:/usr/bin/../share/java/kafka/jakarta.inject-2.6.1.jar:/usr/bin/../share/java/kafka/jackson-datatype-jdk8-2.13.5.jar:/usr/bin/../share/java/kafka/netty-transport-native-unix-common-4.1.100.Final.jar:/usr/bin/../share/java/kafka/scala-library-2.13.11.jar:/usr/bin/../share/java/kafka/audience-annotations-0.12.0.jar:/usr/bin/../share/java/kafka/javassist-3.29.2-GA.jar:/usr/bin/../share/java/kafka/scala-collection-compat_2.13-2.10.0.jar:/usr/bin/../share/java/kafka/jetty-http-9.4.53.v20231009.jar:/usr/bin/../share/java/kafka/jackson-core-2.13.5.jar:/usr/bin/../share/java/kafka/snappy-java-1.1.10.5.jar:/usr/bin/../share/java/kafka/kafka-server-common-7.6.0-ccs.jar:/usr/bin/../share/java/kafka/jersey-common-2.39.1.jar:/usr/bin/../share/java/kafka/kafka-streams-scala_2.13-7.6.0-ccs.jar:/usr/bin/../share/java/kafka/paranamer-2.8.jar:/usr/bin/../share/java/kafka/jackson-annotations-2.13.5.jar:/usr/bin/../share/java/kafka/netty-codec-4.1.100.Final.jar:/usr/bin/../share/java/confluent-telemetry/* (org.apache.zookeeper.ZooKeeper)
14:55:54.149 [main] DEBUG org.testcontainers.containers.output.WaitingConsumer -- STDOUT: [2025-07-26 18:55:54,139] INFO Client environment:java.home=/usr/lib/jvm/java-11-zulu-openjdk-ca (org.apache.zookeeper.ZooKeeper)
14:55:54.149 [main] DEBUG org.testcontainers.containers.output.WaitingConsumer -- STDOUT: [2025-07-26 18:55:54,139] INFO Client environment:java.vendor=Azul Systems, Inc. (org.apache.zookeeper.ZooKeeper)
14:55:54.149 [main] DEBUG org.testcontainers.containers.output.WaitingConsumer -- STDOUT: [2025-07-26 18:55:54,139] INFO Client environment:java.version=11.0.21 (org.apache.zookeeper.ZooKeeper)
14:55:54.149 [main] DEBUG org.testcontainers.containers.output.WaitingConsumer -- STDOUT: [2025-07-26 18:55:54,139] INFO Client environment:host.name=0965ee6b2695 (org.apache.zookeeper.ZooKeeper)
14:55:54.150 [docker-java-stream-39689327] DEBUG com.github.dockerjava.zerodep.shaded.org.apache.hc.client5.http.wire -- http-outgoing-2 << "b7[\r][\n]"
14:55:54.150 [docker-java-stream-39689327] DEBUG com.github.dockerjava.zerodep.shaded.org.apache.hc.client5.http.wire -- http-outgoing-2 << "[0x1][0x0][0x0][0x0][0x0][0x0][0x0][0xffffffaf][2025-07-26 18:55:54,149] INFO Socket connection established, initiating session, client: /127.0.0.1:46844, server: localhost/127.0.0.1:2181 (org.apache.zookeeper.ClientCnxn)[\n]"
14:55:54.150 [main] DEBUG org.testcontainers.containers.output.WaitingConsumer -- STDOUT: [2025-07-26 18:55:54,139] INFO Client environment:zookeeper.version=3.8.3-6ad6d364c7c0bcf0de452d54ebefa3058098ab56, built on 2023-10-05 10:34 UTC (org.apache.zookeeper.ZooKeeper)
14:55:54.150 [docker-java-stream-39689327] DEBUG com.github.dockerjava.zerodep.shaded.org.apache.hc.client5.http.wire -- http-outgoing-2 << "[\r][\n]"
14:55:54.150 [main] DEBUG org.testcontainers.containers.output.WaitingConsumer -- STDOUT: [2025-07-26 18:55:54,137] INFO [ZooKeeperClient Kafka server] Initializing a new session to localhost:2181. (kafka.zookeeper.ZooKeeperClient)
14:55:54.150 [main] DEBUG org.testcontainers.containers.output.WaitingConsumer -- STDOUT: [2025-07-26 18:55:54,149] INFO Socket connection established, initiating session, client: /127.0.0.1:46844, server: localhost/127.0.0.1:2181 (org.apache.zookeeper.ClientCnxn)
14:55:54.155 [docker-java-stream-39689327] DEBUG com.github.dockerjava.zerodep.shaded.org.apache.hc.client5.http.wire -- http-outgoing-2 << "79[\r][\n]"
14:55:54.156 [docker-java-stream-39689327] DEBUG com.github.dockerjava.zerodep.shaded.org.apache.hc.client5.http.wire -- http-outgoing-2 << "[0x1][0x0][0x0][0x0][0x0][0x0][0x0]q[2025-07-26 18:55:54,154] INFO Creating new log file: log.1 (org.apache.zookeeper.server.persistence.FileTxnLog)[\n]"
14:55:54.156 [docker-java-stream-39689327] DEBUG com.github.dockerjava.zerodep.shaded.org.apache.hc.client5.http.wire -- http-outgoing-2 << "[\r][\n]"
14:55:54.161 [docker-java-stream-39689327] DEBUG com.github.dockerjava.zerodep.shaded.org.apache.hc.client5.http.wire -- http-outgoing-2 << "c7[\r][\n]"
14:55:54.161 [docker-java-stream-39689327] DEBUG com.github.dockerjava.zerodep.shaded.org.apache.hc.client5.http.wire -- http-outgoing-2 << "[0x1][0x0][0x0][0x0][0x0][0x0][0x0][0xffffffbf][2025-07-26 18:55:54,160] INFO Session establishment complete on server localhost/127.0.0.1:2181, session id = 0x1000147f4c70000, negotiated timeout = 18000 (org.apache.zookeeper.ClientCnxn)[\n]"
14:55:54.161 [docker-java-stream-39689327] DEBUG com.github.dockerjava.zerodep.shaded.org.apache.hc.client5.http.wire -- http-outgoing-2 << "[\r][\n]"
14:55:54.162 [main] DEBUG org.testcontainers.containers.output.WaitingConsumer -- STDOUT: [2025-07-26 18:55:54,160] INFO Session establishment complete on server localhost/127.0.0.1:2181, session id = 0x1000147f4c70000, negotiated timeout = 18000 (org.apache.zookeeper.ClientCnxn)
14:55:54.162 [main] DEBUG org.testcontainers.containers.output.WaitingConsumer -- STDOUT: [2025-07-26 18:55:54,154] INFO Creating new log file: log.1 (org.apache.zookeeper.server.persistence.FileTxnLog)
14:55:54.162 [docker-java-stream-39689327] DEBUG com.github.dockerjava.zerodep.shaded.org.apache.hc.client5.http.wire -- http-outgoing-2 << "73[\r][\n]"
14:55:54.162 [docker-java-stream-39689327] DEBUG com.github.dockerjava.zerodep.shaded.org.apache.hc.client5.http.wire -- http-outgoing-2 << "[0x1][0x0][0x0][0x0][0x0][0x0][0x0]k[2025-07-26 18:55:54,162] INFO [ZooKeeperClient Kafka server] Connected. (kafka.zookeeper.ZooKeeperClient)[\n]"
14:55:54.163 [docker-java-stream-39689327] DEBUG com.github.dockerjava.zerodep.shaded.org.apache.hc.client5.http.wire -- http-outgoing-2 << "[\r][\n]"
14:55:54.173 [main] DEBUG org.testcontainers.containers.output.WaitingConsumer -- STDOUT: [2025-07-26 18:55:54,162] INFO [ZooKeeperClient Kafka server] Connected. (kafka.zookeeper.ZooKeeperClient)
14:55:54.275 [docker-java-stream-39689327] DEBUG com.github.dockerjava.zerodep.shaded.org.apache.hc.client5.http.wire -- http-outgoing-2 << "66[\r][\n]"
14:55:54.275 [docker-java-stream-39689327] DEBUG com.github.dockerjava.zerodep.shaded.org.apache.hc.client5.http.wire -- http-outgoing-2 << "[0x1][0x0][0x0][0x0][0x0][0x0][0x0]^[2025-07-26 18:55:54,273] INFO Cluster ID = b5_SfmPNQfyygQMGiGRbgA (kafka.server.KafkaServer)[\n]"
14:55:54.275 [docker-java-stream-39689327] DEBUG com.github.dockerjava.zerodep.shaded.org.apache.hc.client5.http.wire -- http-outgoing-2 << "[\r][\n]"
14:55:54.275 [main] DEBUG org.testcontainers.containers.output.WaitingConsumer -- STDOUT: [2025-07-26 18:55:54,273] INFO Cluster ID = b5_SfmPNQfyygQMGiGRbgA (kafka.server.KafkaServer)
14:55:54.275 [docker-java-stream-39689327] DEBUG com.github.dockerjava.zerodep.shaded.org.apache.hc.client5.http.wire -- http-outgoing-2 << "95[\r][\n]"
14:55:54.276 [docker-java-stream-39689327] DEBUG com.github.dockerjava.zerodep.shaded.org.apache.hc.client5.http.wire -- http-outgoing-2 << "[0x1][0x0][0x0][0x0][0x0][0x0][0x0][0xffffff8d][2025-07-26 18:55:54,275] WARN No meta.properties file under dir /var/lib/kafka/data/meta.properties (kafka.server.BrokerMetadataCheckpoint)[\n]"
14:55:54.276 [docker-java-stream-39689327] DEBUG com.github.dockerjava.zerodep.shaded.org.apache.hc.client5.http.wire -- http-outgoing-2 << "[\r][\n]"
14:55:54.287 [main] DEBUG org.testcontainers.containers.output.WaitingConsumer -- STDOUT: [2025-07-26 18:55:54,275] WARN No meta.properties file under dir /var/lib/kafka/data/meta.properties (kafka.server.BrokerMetadataCheckpoint)
14:55:54.296 [docker-java-stream-39689327] DEBUG com.github.dockerjava.zerodep.shaded.org.apache.hc.client5.http.wire -- http-outgoing-2 << "2600[\r][\n]"
14:55:54.296 [docker-java-stream-39689327] DEBUG com.github.dockerjava.zerodep.shaded.org.apache.hc.client5.http.wire -- http-outgoing-2 << "[0x1][0x0][0x0][0x0][0x0][0x0][0x0]4[2025-07-26 18:55:54,294] INFO KafkaConfig values: [\n]"
14:55:54.296 [docker-java-stream-39689327] DEBUG com.github.dockerjava.zerodep.shaded.org.apache.hc.client5.http.wire -- http-outgoing-2 << "[0x1][0x0][0x0][0x0][0x0][0x0][0x0]O[0x9]advertised.listeners = PLAINTEXT://localhost:62518,BROKER://0965ee6b2695:9092[\n]"
14:55:54.296 [docker-java-stream-39689327] DEBUG com.github.dockerjava.zerodep.shaded.org.apache.hc.client5.http.wire -- http-outgoing-2 << "[0x1][0x0][0x0][0x0][0x0][0x0][0x0]'[0x9]alter.config.policy.class.name = null[\n]"
14:55:54.296 [docker-java-stream-39689327] DEBUG com.github.dockerjava.zerodep.shaded.org.apache.hc.client5.http.wire -- http-outgoing-2 << "[0x1][0x0][0x0][0x0][0x0][0x0][0x0]2[0x9]alter.log.dirs.replication.quota.window.num = 11[\n]"
14:55:54.296 [docker-java-stream-39689327] DEBUG com.github.dockerjava.zerodep.shaded.org.apache.hc.client5.http.wire -- http-outgoing-2 << "[0x1][0x0][0x0][0x0][0x0][0x0][0x0]:[0x9]alter.log.dirs.replication.quota.window.size.seconds = 1[\n]"
14:55:54.296 [docker-java-stream-39689327] DEBUG com.github.dockerjava.zerodep.shaded.org.apache.hc.client5.http.wire -- http-outgoing-2 << "[0x1][0x0][0x0][0x0][0x0][0x0][0x0][0x1a][0x9]authorizer.class.name = [\n]"
14:55:54.296 [docker-java-stream-39689327] DEBUG com.github.dockerjava.zerodep.shaded.org.apache.hc.client5.http.wire -- http-outgoing-2 << "[0x1][0x0][0x0][0x0][0x0][0x0][0x0]"[0x9]auto.create.topics.enable = true[\n]"
14:55:54.296 [docker-java-stream-39689327] DEBUG com.github.dockerjava.zerodep.shaded.org.apache.hc.client5.http.wire -- http-outgoing-2 << "[0x1][0x0][0x0][0x0][0x0][0x0][0x0]"[0x9]auto.include.jmx.reporter = true[\n]"
14:55:54.296 [docker-java-stream-39689327] DEBUG com.github.dockerjava.zerodep.shaded.org.apache.hc.client5.http.wire -- http-outgoing-2 << "[0x1][0x0][0x0][0x0][0x0][0x0][0x0]%[0x9]auto.leader.rebalance.enable = true[\n]"
14:55:54.296 [docker-java-stream-39689327] DEBUG com.github.dockerjava.zerodep.shaded.org.apache.hc.client5.http.wire -- http-outgoing-2 << "[0x1][0x0][0x0][0x0][0x0][0x0][0x0][0x19][0x9]background.threads = 10[\n]"
14:55:54.296 [docker-java-stream-39689327] DEBUG com.github.dockerjava.zerodep.shaded.org.apache.hc.client5.http.wire -- http-outgoing-2 << "[0x1][0x0][0x0][0x0][0x0][0x0][0x0]%[0x9]broker.heartbeat.interval.ms = 2000[\n]"
14:55:54.296 [docker-java-stream-39689327] DEBUG com.github.dockerjava.zerodep.shaded.org.apache.hc.client5.http.wire -- http-outgoing-2 << "[0x1][0x0][0x0][0x0][0x0][0x0][0x0][0xf][0x9]broker.id = 1[\n]"
14:55:54.296 [docker-java-stream-39689327] DEBUG com.github.dockerjava.zerodep.shaded.org.apache.hc.client5.http.wire -- http-outgoing-2 << "[0x1][0x0][0x0][0x0][0x0][0x0][0x0]$[0x9]broker.id.generation.enable = true[\n]"
14:55:54.296 [docker-java-stream-39689327] DEBUG com.github.dockerjava.zerodep.shaded.org.apache.hc.client5.http.wire -- http-outgoing-2 << "[0x1][0x0][0x0][0x0][0x0][0x0][0x0][0x14][0x9]broker.rack = null[\n]"
14:55:54.296 [docker-java-stream-39689327] DEBUG com.github.dockerjava.zerodep.shaded.org.apache.hc.client5.http.wire -- http-outgoing-2 << "[0x1][0x0][0x0][0x0][0x0][0x0][0x0]"[0x9]broker.session.timeout.ms = 9000[\n]"
14:55:54.296 [docker-java-stream-39689327] DEBUG com.github.dockerjava.zerodep.shaded.org.apache.hc.client5.http.wire -- http-outgoing-2 << "[0x1][0x0][0x0][0x0][0x0][0x0][0x0]$[0x9]client.quota.callback.class = null[\n]"
14:55:54.296 [docker-java-stream-39689327] DEBUG com.github.dockerjava.zerodep.shaded.org.apache.hc.client5.http.wire -- http-outgoing-2 << "[0x1][0x0][0x0][0x0][0x0][0x0][0x0][0x1d][0x9]compression.type = producer[\n]"
14:55:54.296 [docker-java-stream-39689327] DEBUG com.github.dockerjava.zerodep.shaded.org.apache.hc.client5.http.wire -- http-outgoing-2 << "[0x1][0x0][0x0][0x0][0x0][0x0][0x0]1[0x9]connection.failed.authentication.delay.ms = 100[\n]"
14:55:54.296 [docker-java-stream-39689327] DEBUG com.github.dockerjava.zerodep.shaded.org.apache.hc.client5.http.wire -- http-outgoing-2 << "[0x1][0x0][0x0][0x0][0x0][0x0][0x0]"[0x9]connections.max.idle.ms = 600000[\n]"
14:55:54.296 [docker-java-stream-39689327] DEBUG com.github.dockerjava.zerodep.shaded.org.apache.hc.client5.http.wire -- http-outgoing-2 << "[0x1][0x0][0x0][0x0][0x0][0x0][0x0][0x1f][0x9]connections.max.reauth.ms = 0[\n]"
14:55:54.296 [docker-java-stream-39689327] DEBUG com.github.dockerjava.zerodep.shaded.org.apache.hc.client5.http.wire -- http-outgoing-2 << "[0x1][0x0][0x0][0x0][0x0][0x0][0x0]$[0x9]control.plane.listener.name = null[\n]"
14:55:54.296 [docker-java-stream-39689327] DEBUG com.github.dockerjava.zerodep.shaded.org.apache.hc.client5.http.wire -- http-outgoing-2 << "[0x1][0x0][0x0][0x0][0x0][0x0][0x0]#[0x9]controlled.shutdown.enable = true[\n]"
14:55:54.296 [docker-java-stream-39689327] DEBUG com.github.dockerjava.zerodep.shaded.org.apache.hc.client5.http.wire -- http-outgoing-2 << "[0x1][0x0][0x0][0x0][0x0][0x0][0x0]%[0x9]controlled.shutdown.max.retries = 3[\n]"
14:55:54.296 [docker-java-stream-39689327] DEBUG com.github.dockerjava.zerodep.shaded.org.apache.hc.client5.http.wire -- http-outgoing-2 << "[0x1][0x0][0x0][0x0][0x0][0x0][0x0]-[0x9]controlled.shutdown.retry.backoff.ms = 5000[\n]"
14:55:54.296 [docker-java-stream-39689327] DEBUG com.github.dockerjava.zerodep.shaded.org.apache.hc.client5.http.wire -- http-outgoing-2 << "[0x1][0x0][0x0][0x0][0x0][0x0][0x0]"[0x9]controller.listener.names = null[\n]"
14:55:54.296 [docker-java-stream-39689327] DEBUG com.github.dockerjava.zerodep.shaded.org.apache.hc.client5.http.wire -- http-outgoing-2 << "[0x1][0x0][0x0][0x0][0x0][0x0][0x0])[0x9]controller.quorum.append.linger.ms = 25[\n]"
14:55:54.296 [docker-java-stream-39689327] DEBUG com.github.dockerjava.zerodep.shaded.org.apache.hc.client5.http.wire -- http-outgoing-2 << "[0x1][0x0][0x0][0x0][0x0][0x0][0x0]2[0x9]controller.quorum.election.backoff.max.ms = 1000[\n]"
14:55:54.296 [docker-java-stream-39689327] DEBUG com.github.dockerjava.zerodep.shaded.org.apache.hc.client5.http.wire -- http-outgoing-2 << "[0x1][0x0][0x0][0x0][0x0][0x0][0x0].[0x9]controller.quorum.election.timeout.ms = 1000[\n]"
14:55:54.296 [docker-java-stream-39689327] DEBUG com.github.dockerjava.zerodep.shaded.org.apache.hc.client5.http.wire -- http-outgoing-2 << "[0x1][0x0][0x0][0x0][0x0][0x0][0x0]+[0x9]controller.quorum.fetch.timeout.ms = 2000[\n]"
14:55:54.296 [docker-java-stream-39689327] DEBUG com.github.dockerjava.zerodep.shaded.org.apache.hc.client5.http.wire -- http-outgoing-2 << "[0x1][0x0][0x0][0x0][0x0][0x0][0x0]-[0x9]controller.quorum.request.timeout.ms = 2000[\n]"
14:55:54.296 [docker-java-stream-39689327] DEBUG com.github.dockerjava.zerodep.shaded.org.apache.hc.client5.http.wire -- http-outgoing-2 << "[0x1][0x0][0x0][0x0][0x0][0x0][0x0])[0x9]controller.quorum.retry.backoff.ms = 20[\n]"
14:55:54.296 [docker-java-stream-39689327] DEBUG com.github.dockerjava.zerodep.shaded.org.apache.hc.client5.http.wire -- http-outgoing-2 << "[0x1][0x0][0x0][0x0][0x0][0x0][0x0][0x1f][0x9]controller.quorum.voters = [][\n]"
14:55:54.296 [docker-java-stream-39689327] DEBUG com.github.dockerjava.zerodep.shaded.org.apache.hc.client5.http.wire -- http-outgoing-2 << "[0x1][0x0][0x0][0x0][0x0][0x0][0x0]"[0x9]controller.quota.window.num = 11[\n]"
14:55:54.296 [docker-java-stream-39689327] DEBUG com.github.dockerjava.zerodep.shaded.org.apache.hc.client5.http.wire -- http-outgoing-2 << "[0x1][0x0][0x0][0x0][0x0][0x0][0x0]*[0x9]controller.quota.window.size.seconds = 1[\n]"
14:55:54.296 [docker-java-stream-39689327] DEBUG com.github.dockerjava.zerodep.shaded.org.apache.hc.client5.http.wire -- http-outgoing-2 << "[0x1][0x0][0x0][0x0][0x0][0x0][0x0]&[0x9]controller.socket.timeout.ms = 30000[\n]"
14:55:54.296 [docker-java-stream-39689327] DEBUG com.github.dockerjava.zerodep.shaded.org.apache.hc.client5.http.wire -- http-outgoing-2 << "[0x1][0x0][0x0][0x0][0x0][0x0][0x0]'[0x9]create.topic.policy.class.name = null[\n]"
14:55:54.296 [docker-java-stream-39689327] DEBUG com.github.dockerjava.zerodep.shaded.org.apache.hc.client5.http.wire -- http-outgoing-2 << "[0x1][0x0][0x0][0x0][0x0][0x0][0x0] [0x9]default.replication.factor = 1[\n]"
14:55:54.296 [docker-java-stream-39689327] DEBUG com.github.dockerjava.zerodep.shaded.org.apache.hc.client5.http.wire -- http-outgoing-2 << "[0x1][0x0][0x0][0x0][0x0][0x0][0x0]5[0x9]delegation.token.expiry.check.interval.ms = 3600000[\n]"
14:55:54.296 [docker-java-stream-39689327] DEBUG com.github.dockerjava.zerodep.shaded.org.apache.hc.client5.http.wire -- http-outgoing-2 << "[0x1][0x0][0x0][0x0][0x0][0x0][0x0],[0x9]delegation.token.expiry.time.ms = 86400000[\n]"
14:55:54.296 [docker-java-stream-39689327] DEBUG com.github.dockerjava.zerodep.shaded.org.apache.hc.client5.http.wire -- http-outgoing-2 << "[0x1][0x0][0x0][0x0][0x0][0x0][0x0]$[0x9]delegation.token.master.key = null[\n]"
14:55:54.296 [docker-java-stream-39689327] DEBUG com.github.dockerjava.zerodep.shaded.org.apache.hc.client5.http.wire -- http-outgoing-2 << "[0x1][0x0][0x0][0x0][0x0][0x0][0x0].[0x9]delegation.token.max.lifetime.ms = 604800000[\n]"
14:55:54.296 [docker-java-stream-39689327] DEBUG com.github.dockerjava.zerodep.shaded.org.apache.hc.client5.http.wire -- http-outgoing-2 << "[0x1][0x0][0x0][0x0][0x0][0x0][0x0]$[0x9]delegation.token.secret.key = null[\n]"
14:55:54.296 [docker-java-stream-39689327] DEBUG com.github.dockerjava.zerodep.shaded.org.apache.hc.client5.http.wire -- http-outgoing-2 << "[0x1][0x0][0x0][0x0][0x0][0x0][0x0]6[0x9]delete.records.purgatory.purge.interval.requests = 1[\n]"
14:55:54.296 [docker-java-stream-39689327] DEBUG com.github.dockerjava.zerodep.shaded.org.apache.hc.client5.http.wire -- http-outgoing-2 << "[0x1][0x0][0x0][0x0][0x0][0x0][0x0][0x1c][0x9]delete.topic.enable = true[\n]"
14:55:54.296 [docker-java-stream-39689327] DEBUG com.github.dockerjava.zerodep.shaded.org.apache.hc.client5.http.wire -- http-outgoing-2 << "[0x1][0x0][0x0][0x0][0x0][0x0][0x0][0x1e][0x9]early.start.listeners = null[\n]"
14:55:54.296 [docker-java-stream-39689327] DEBUG com.github.dockerjava.zerodep.shaded.org.apache.hc.client5.http.wire -- http-outgoing-2 << "[0x1][0x0][0x0][0x0][0x0][0x0][0x0][0x1c][0x9]fetch.max.bytes = 57671680[\n]"
14:55:54.296 [docker-java-stream-39689327] DEBUG com.github.dockerjava.zerodep.shaded.org.apache.hc.client5.http.wire -- http-outgoing-2 << "[0x1][0x0][0x0][0x0][0x0][0x0][0x0]0[0x9]fetch.purgatory.purge.interval.requests = 1000[\n]"
14:55:54.296 [docker-java-stream-39689327] DEBUG com.github.dockerjava.zerodep.shaded.org.apache.hc.client5.http.wire -- http-outgoing-2 << "[0x1][0x0][0x0][0x0][0x0][0x0][0x0]X[0x9]group.consumer.assignors = [org.apache.kafka.coordinator.group.assignor.RangeAssignor][\n]"
14:55:54.296 [docker-java-stream-39689327] DEBUG com.github.dockerjava.zerodep.shaded.org.apache.hc.client5.http.wire -- http-outgoing-2 << "[0x1][0x0][0x0][0x0][0x0][0x0][0x0]-[0x9]group.consumer.heartbeat.interval.ms = 5000[\n]"
14:55:54.296 [docker-java-stream-39689327] DEBUG com.github.dockerjava.zerodep.shaded.org.apache.hc.client5.http.wire -- http-outgoing-2 << "[0x1][0x0][0x0][0x0][0x0][0x0][0x0]2[0x9]group.consumer.max.heartbeat.interval.ms = 15000[\n]"
14:55:54.296 [docker-java-stream-39689327] DEBUG com.github.dockerjava.zerodep.shaded.org.apache.hc.client5.http.wire -- http-outgoing-2 << "[0x1][0x0][0x0][0x0][0x0][0x0][0x0]/[0x9]group.consumer.max.session.timeout.ms = 60000[\n]"
14:55:54.296 [docker-java-stream-39689327] DEBUG com.github.dockerjava.zerodep.shaded.org.apache.hc.client5.http.wire -- http-outgoing-2 << "[0x1][0x0][0x0][0x0][0x0][0x0][0x0]&[0x9]group.consumer.max.size = 2147483647[\n]"
14:55:54.296 [docker-java-stream-39689327] DEBUG com.github.dockerjava.zerodep.shaded.org.apache.hc.client5.http.wire -- http-outgoing-2 << "[0x1][0x0][0x0][0x0][0x0][0x0][0x0]1[0x9]group.consumer.min.heartbeat.interval.ms = 5000[\n]"
14:55:54.296 [docker-java-stream-39689327] DEBUG com.github.dockerjava.zerodep.shaded.org.apache.hc.client5.http.wire -- http-outgoing-2 << "[0x1][0x0][0x0][0x0][0x0][0x0][0x0]/[0x9]group.consumer.min.session.timeout.ms = 45000[\n]"
14:55:54.296 [docker-java-stream-39689327] DEBUG com.github.dockerjava.zerodep.shaded.org.apache.hc.client5.http.wire -- http-outgoing-2 << "[0x1][0x0][0x0][0x0][0x0][0x0][0x0]+[0x9]group.consumer.session.timeout.ms = 45000[\n]"
14:55:54.296 [docker-java-stream-39689327] DEBUG com.github.dockerjava.zerodep.shaded.org.apache.hc.client5.http.wire -- http-outgoing-2 << "[0x1][0x0][0x0][0x0][0x0][0x0][0x0]&[0x9]group.coordinator.new.enable = false[\n]"
14:55:54.296 [docker-java-stream-39689327] DEBUG com.github.dockerjava.zerodep.shaded.org.apache.hc.client5.http.wire -- http-outgoing-2 << "[0x1][0x0][0x0][0x0][0x0][0x0][0x0][0x1f][0x9]group.coordinator.threads = 1[\n]"
14:55:54.296 [docker-java-stream-39689327] DEBUG com.github.dockerjava.zerodep.shaded.org.apache.hc.client5.http.wire -- http-outgoing-2 << "[0x1][0x0][0x0][0x0][0x0][0x0][0x0]&[0x9]group.initial.rebalance.delay.ms = 0[\n]"
14:55:54.296 [docker-java-stream-39689327] DEBUG com.github.dockerjava.zerodep.shaded.org.apache.hc.client5.http.wire -- http-outgoing-2 << "[0x1][0x0][0x0][0x0][0x0][0x0][0x0]([0x9]group.max.session.timeout.ms = 1800000[\n]"
14:55:54.296 [docker-java-stream-39689327] DEBUG com.github.dockerjava.zerodep.shaded.org.apache.hc.client5.http.wire -- http-outgoing-2 << "[0x1][0x0][0x0][0x0][0x0][0x0][0x0][0x1d][0x9]group.max.size = 2147483647[\n]"
14:55:54.296 [docker-java-stream-39689327] DEBUG com.github.dockerjava.zerodep.shaded.org.apache.hc.client5.http.wire -- http-outgoing-2 << "[0x1][0x0][0x0][0x0][0x0][0x0][0x0]%[0x9]group.min.session.timeout.ms = 6000[\n]"
14:55:54.296 [docker-java-stream-39689327] DEBUG com.github.dockerjava.zerodep.shaded.org.apache.hc.client5.http.wire -- http-outgoing-2 << "[0x1][0x0][0x0][0x0][0x0][0x0][0x0]0[0x9]initial.broker.registration.timeout.ms = 60000[\n]"
14:55:54.296 [docker-java-stream-39689327] DEBUG com.github.dockerjava.zerodep.shaded.org.apache.hc.client5.http.wire -- http-outgoing-2 << "[0x1][0x0][0x0][0x0][0x0][0x0][0x0]%[0x9]inter.broker.listener.name = BROKER[\n]"
14:55:54.296 [docker-java-stream-39689327] DEBUG com.github.dockerjava.zerodep.shaded.org.apache.hc.client5.http.wire -- http-outgoing-2 << "[0x1][0x0][0x0][0x0][0x0][0x0][0x0])[0x9]inter.broker.protocol.version = 3.6-IV2[\n]"
14:55:54.296 [docker-java-stream-39689327] DEBUG com.github.dockerjava.zerodep.shaded.org.apache.hc.client5.http.wire -- http-outgoing-2 << "[0x1][0x0][0x0][0x0][0x0][0x0][0x0]*[0x9]kafka.metrics.polling.interval.secs = 10[\n]"
14:55:54.296 [docker-java-stream-39689327] DEBUG com.github.dockerjava.zerodep.shaded.org.apache.hc.client5.http.wire -- http-outgoing-2 << "[0x1][0x0][0x0][0x0][0x0][0x0][0x0][0x1e][0x9]kafka.metrics.reporters = [][\n]"
14:55:54.296 [docker-java-stream-39689327] DEBUG com.github.dockerjava.zerodep.shaded.org.apache.hc.client5.http.wire -- http-outgoing-2 << "[0x1][0x0][0x0][0x0][0x0][0x0][0x0]/[0x9]leader.imbalance.check.interval.seconds = 300[\n]"
14:55:54.296 [docker-java-stream-39689327] DEBUG com.github.dockerjava.zerodep.shaded.org.apache.hc.client5.http.wire -- http-outgoing-2 << "[0x1][0x0][0x0][0x0][0x0][0x0][0x0]-[0x9]leader.imbalance.per.broker.percentage = 10[\n]"
14:55:54.296 [docker-java-stream-39689327] DEBUG com.github.dockerjava.zerodep.shaded.org.apache.hc.client5.http.wire -- http-outgoing-2 << "[0x1][0x0][0x0][0x0][0x0][0x0][0x0]G[0x9]listener.security.protocol.map = BROKER:PLAINTEXT,PLAINTEXT:PLAINTEXT[\n]"
14:55:54.296 [docker-java-stream-39689327] DEBUG com.github.dockerjava.zerodep.shaded.org.apache.hc.client5.http.wire -- http-outgoing-2 << "[0x1][0x0][0x0][0x0][0x0][0x0][0x0]<[0x9]listeners = PLAINTEXT://0.0.0.0:9093,BROKER://0.0.0.0:9092[\n]"
14:55:54.296 [docker-java-stream-39689327] DEBUG com.github.dockerjava.zerodep.shaded.org.apache.hc.client5.http.wire -- http-outgoing-2 << "[0x1][0x0][0x0][0x0][0x0][0x0][0x0] [0x9]log.cleaner.backoff.ms = 15000[\n]"
14:55:54.296 [docker-java-stream-39689327] DEBUG com.github.dockerjava.zerodep.shaded.org.apache.hc.client5.http.wire -- http-outgoing-2 << "[0x1][0x0][0x0][0x0][0x0][0x0][0x0],[0x9]log.cleaner.dedupe.buffer.size = 134217728[\n]"
14:55:54.296 [docker-java-stream-39689327] DEBUG com.github.dockerjava.zerodep.shaded.org.apache.hc.client5.http.wire -- http-outgoing-2 << "[0x1][0x0][0x0][0x0][0x0][0x0][0x0],[0x9]log.cleaner.delete.retention.ms = 86400000[\n]"
14:55:54.296 [docker-java-stream-39689327] DEBUG com.github.dockerjava.zerodep.shaded.org.apache.hc.client5.http.wire -- http-outgoing-2 << "[0x1][0x0][0x0][0x0][0x0][0x0][0x0][0x1b][0x9]log.cleaner.enable = true[\n]"
14:55:54.296 [docker-java-stream-39689327] DEBUG com.github.dockerjava.zerodep.shaded.org.apache.hc.client5.http.wire -- http-outgoing-2 << "[0x1][0x0][0x0][0x0][0x0][0x0][0x0])[0x9]log.cleaner.io.buffer.load.factor = 0.9[\n]"
14:55:54.296 [docker-java-stream-39689327] DEBUG com.github.dockerjava.zerodep.shaded.org.apache.hc.client5.http.wire -- http-outgoing-2 << "[0x1][0x0][0x0][0x0][0x0][0x0][0x0]%[0x9]log.cleaner.io.buffer.size = 524288[\n]"
14:55:54.296 [docker-java-stream-39689327] DEBUG com.github.dockerjava.zerodep.shaded.org.apache.hc.client5.http.wire -- http-outgoing-2 << "[0x1][0x0][0x0][0x0][0x0][0x0][0x0]>[0x9]log.cleaner.io.max.bytes.per.second = 1.7976931348623157E308[\n]"
14:55:54.297 [docker-java-stream-39689327] DEBUG com.github.dockerjava.zerodep.shaded.org.apache.hc.client5.http.wire -- http-outgoing-2 << "[0x1][0x0][0x0][0x0][0x0][0x0][0x0]9[0x9]log.cleaner.max.compaction.lag.ms = 9223372036854775807[\n]"
14:55:54.297 [docker-java-stream-39689327] DEBUG com.github.dockerjava.zerodep.shaded.org.apache.hc.client5.http.wire -- http-outgoing-2 << "[0x1][0x0][0x0][0x0][0x0][0x0][0x0]'[0x9]log.cleaner.min.cleanable.ratio = 0.5[\n]"
14:55:54.297 [docker-java-stream-39689327] DEBUG com.github.dockerjava.zerodep.shaded.org.apache.hc.client5.http.wire -- http-outgoing-2 << "[0x1][0x0][0x0][0x0][0x0][0x0][0x0]'[0x9]log.cleaner.min.compaction.lag.ms = 0[\n]"
14:55:54.297 [docker-java-stream-39689327] DEBUG com.github.dockerjava.zerodep.shaded.org.apache.hc.client5.http.wire -- http-outgoing-2 << "[0x1][0x0][0x0][0x0][0x0][0x0][0x0][0x19][0x9]log.cleaner.threads = 1[\n]"
14:55:54.297 [docker-java-stream-39689327] DEBUG com.github.dockerjava.zerodep.shaded.org.apache.hc.client5.http.wire -- http-outgoing-2 << "[0x1][0x0][0x0][0x0][0x0][0x0][0x0][0x1f][0x9]log.cleanup.policy = [delete][\n]"
14:55:54.297 [docker-java-stream-39689327] DEBUG com.github.dockerjava.zerodep.shaded.org.apache.hc.client5.http.wire -- http-outgoing-2 << "[0x1][0x0][0x0][0x0][0x0][0x0][0x0][0x1b][0x9]log.dir = /tmp/kafka-logs[\n]"
14:55:54.297 [docker-java-stream-39689327] DEBUG com.github.dockerjava.zerodep.shaded.org.apache.hc.client5.http.wire -- http-outgoing-2 << "[0x1][0x0][0x0][0x0][0x0][0x0][0x0] [0x9]log.dirs = /var/lib/kafka/data[\n]"
14:55:54.297 [docker-java-stream-39689327] DEBUG com.github.dockerjava.zerodep.shaded.org.apache.hc.client5.http.wire -- http-outgoing-2 << "[0x1][0x0][0x0][0x0][0x0][0x0][0x0]3[0x9]log.flush.interval.messages = 9223372036854775807[\n]"
14:55:54.297 [docker-java-stream-39689327] DEBUG com.github.dockerjava.zerodep.shaded.org.apache.hc.client5.http.wire -- http-outgoing-2 << "[0x1][0x0][0x0][0x0][0x0][0x0][0x0][0x1e][0x9]log.flush.interval.ms = null[\n]"
14:55:54.297 [docker-java-stream-39689327] DEBUG com.github.dockerjava.zerodep.shaded.org.apache.hc.client5.http.wire -- http-outgoing-2 << "[0x1][0x0][0x0][0x0][0x0][0x0][0x0]1[0x9]log.flush.offset.checkpoint.interval.ms = 60000[\n]"
14:55:54.297 [docker-java-stream-39689327] DEBUG com.github.dockerjava.zerodep.shaded.org.apache.hc.client5.http.wire -- http-outgoing-2 << "[0x1][0x0][0x0][0x0][0x0][0x0][0x0]7[0x9]log.flush.scheduler.interval.ms = 9223372036854775807[\n]"
14:55:54.297 [docker-java-stream-39689327] DEBUG com.github.dockerjava.zerodep.shaded.org.apache.hc.client5.http.wire -- http-outgoing-2 << "[0x1][0x0][0x0][0x0][0x0][0x0][0x0]7[0x9]log.flush.start.offset.checkpoint.interval.ms = 60000[\n]"
14:55:54.297 [docker-java-stream-39689327] DEBUG com.github.dockerjava.zerodep.shaded.org.apache.hc.client5.http.wire -- http-outgoing-2 << "[0x1][0x0][0x0][0x0][0x0][0x0][0x0]![0x9]log.index.interval.bytes = 4096[\n]"
14:55:54.297 [docker-java-stream-39689327] DEBUG com.github.dockerjava.zerodep.shaded.org.apache.hc.client5.http.wire -- http-outgoing-2 << "[0x1][0x0][0x0][0x0][0x0][0x0][0x0]%[0x9]log.index.size.max.bytes = 10485760[\n]"
14:55:54.297 [docker-java-stream-39689327] DEBUG com.github.dockerjava.zerodep.shaded.org.apache.hc.client5.http.wire -- http-outgoing-2 << "[0x1][0x0][0x0][0x0][0x0][0x0][0x0] [0x9]log.local.retention.bytes = -2[\n]"
14:55:54.297 [docker-java-stream-39689327] DEBUG com.github.dockerjava.zerodep.shaded.org.apache.hc.client5.http.wire -- http-outgoing-2 << "[0x1][0x0][0x0][0x0][0x0][0x0][0x0][0x1d][0x9]log.local.retention.ms = -2[\n]"
14:55:54.297 [docker-java-stream-39689327] DEBUG com.github.dockerjava.zerodep.shaded.org.apache.hc.client5.http.wire -- http-outgoing-2 << "[0x1][0x0][0x0][0x0][0x0][0x0][0x0]*[0x9]log.message.downconversion.enable = true[\n]"
14:55:54.297 [docker-java-stream-39689327] DEBUG com.github.dockerjava.zerodep.shaded.org.apache.hc.client5.http.wire -- http-outgoing-2 << "[0x1][0x0][0x0][0x0][0x0][0x0][0x0]&[0x9]log.message.format.version = 3.0-IV1[\n]"
14:55:54.297 [docker-java-stream-39689327] DEBUG com.github.dockerjava.zerodep.shaded.org.apache.hc.client5.http.wire -- http-outgoing-2 << "[0x1][0x0][0x0][0x0][0x0][0x0][0x0]:[0x9]log.message.timestamp.after.max.ms = 9223372036854775807[\n]"
14:55:54.297 [docker-java-stream-39689327] DEBUG com.github.dockerjava.zerodep.shaded.org.apache.hc.client5.http.wire -- http-outgoing-2 << "[0x1][0x0][0x0][0x0][0x0][0x0][0x0];[0x9]log.message.timestamp.before.max.ms = 9223372036854775807[\n]"
14:55:54.297 [docker-java-stream-39689327] DEBUG com.github.dockerjava.zerodep.shaded.org.apache.hc.client5.http.wire -- http-outgoing-2 << "[0x1][0x0][0x0][0x0][0x0][0x0][0x0]?[0x9]log.message.timestamp.difference.max.ms = 9223372036854775807[\n]"
14:55:54.297 [docker-java-stream-39689327] DEBUG com.github.dockerjava.zerodep.shaded.org.apache.hc.client5.http.wire -- http-outgoing-2 << "[0x1][0x0][0x0][0x0][0x0][0x0][0x0])[0x9]log.message.timestamp.type = CreateTime[\n]"
14:55:54.297 [docker-java-stream-39689327] DEBUG com.github.dockerjava.zerodep.shaded.org.apache.hc.client5.http.wire -- http-outgoing-2 << "[0x1][0x0][0x0][0x0][0x0][0x0][0x0][0x19][0x9]log.preallocate = false[\n]"
14:55:54.297 [docker-java-stream-39689327] DEBUG com.github.dockerjava.zerodep.shaded.org.apache.hc.client5.http.wire -- http-outgoing-2 << "[0x1][0x0][0x0][0x0][0x0][0x0][0x0][0x1a][0x9]log.retention.bytes = -1[\n]"
14:55:54.297 [docker-java-stream-39689327] DEBUG com.github.dockerjava.zerodep.shaded.org.apache.hc.client5.http.wire -- http-outgoing-2 << "[0x1][0x0][0x0][0x0][0x0][0x0][0x0]*[0x9]log.retention.check.interval.ms = 300000[\n]"
14:55:54.297 [docker-java-stream-39689327] DEBUG com.github.dockerjava.zerodep.shaded.org.apache.hc.client5.http.wire -- http-outgoing-2 << "[0x1][0x0][0x0][0x0][0x0][0x0][0x0][0x1b][0x9]log.retention.hours = 168[\n]"
14:55:54.297 [docker-java-stream-39689327] DEBUG com.github.dockerjava.zerodep.shaded.org.apache.hc.client5.http.wire -- http-outgoing-2 << "[0x1][0x0][0x0][0x0][0x0][0x0][0x0][0x1e][0x9]log.retention.minutes = null[\n]"
14:55:54.297 [docker-java-stream-39689327] DEBUG com.github.dockerjava.zerodep.shaded.org.apache.hc.client5.http.wire -- http-outgoing-2 << "[0x1][0x0][0x0][0x0][0x0][0x0][0x0][0x19][0x9]log.retention.ms = null[\n]"
14:55:54.297 [docker-java-stream-39689327] DEBUG com.github.dockerjava.zerodep.shaded.org.apache.hc.client5.http.wire -- http-outgoing-2 << "[0x1][0x0][0x0][0x0][0x0][0x0][0x0][0x16][0x9]log.roll.hours = 168[\n]"
14:55:54.297 [docker-java-stream-39689327] DEBUG com.github.dockerjava.zerodep.shaded.org.apache.hc.client5.http.wire -- http-outgoing-2 << "[0x1][0x0][0x0][0x0][0x0][0x0][0x0][0x1b][0x9]log.roll.jitter.hours = 0[\n]"
14:55:54.297 [docker-java-stream-39689327] DEBUG com.github.dockerjava.zerodep.shaded.org.apache.hc.client5.http.wire -- http-outgoing-2 << "[0x1][0x0][0x0][0x0][0x0][0x0][0x0][0x1b][0x9]log.roll.jitter.ms = null[\n]"
14:55:54.297 [docker-java-stream-39689327] DEBUG com.github.dockerjava.zerodep.shaded.org.apache.hc.client5.http.wire -- http-outgoing-2 << "[0x1][0x0][0x0][0x0][0x0][0x0][0x0][0x14][0x9]log.roll.ms = null[\n]"
14:55:54.297 [docker-java-stream-39689327] DEBUG com.github.dockerjava.zerodep.shaded.org.apache.hc.client5.http.wire -- http-outgoing-2 << "[0x1][0x0][0x0][0x0][0x0][0x0][0x0] [0x9]log.segment.bytes = 1073741824[\n]"
14:55:54.297 [docker-java-stream-39689327] DEBUG com.github.dockerjava.zerodep.shaded.org.apache.hc.client5.http.wire -- http-outgoing-2 << "[0x1][0x0][0x0][0x0][0x0][0x0][0x0]%[0x9]log.segment.delete.delay.ms = 60000[\n]"
14:55:54.297 [docker-java-stream-39689327] DEBUG com.github.dockerjava.zerodep.shaded.org.apache.hc.client5.http.wire -- http-outgoing-2 << "[0x1][0x0][0x0][0x0][0x0][0x0][0x0]+[0x9]max.connection.creation.rate = 2147483647[\n]"
14:55:54.297 [docker-java-stream-39689327] DEBUG com.github.dockerjava.zerodep.shaded.org.apache.hc.client5.http.wire -- http-outgoing-2 << "[0x1][0x0][0x0][0x0][0x0][0x0][0x0][0x1e][0x9]max.connections = 2147483647[\n]"
14:55:54.297 [docker-java-stream-39689327] DEBUG com.github.dockerjava.zerodep.shaded.org.apache.hc.client5.http.wire -- http-outgoing-2 << "[0x1][0x0][0x0][0x0][0x0][0x0][0x0]%[0x9]max.connections.per.ip = 2147483647[\n]"
14:55:54.297 [docker-java-stream-39689327] DEBUG com.github.dockerjava.zerodep.shaded.org.apache.hc.client5.http.wire -- http-outgoing-2 << "[0x1][0x0][0x0][0x0][0x0][0x0][0x0]%[0x9]max.connections.per.ip.overrides = [\n]"
14:55:54.297 [docker-java-stream-39689327] DEBUG com.github.dockerjava.zerodep.shaded.org.apache.hc.client5.http.wire -- http-outgoing-2 << "[0x1][0x0][0x0][0x0][0x0][0x0][0x0]2[0x9]max.incremental.fetch.session.cache.slots = 1000[\n]"
14:55:54.297 [docker-java-stream-39689327] DEBUG com.github.dockerjava.zerodep.shaded.org.apache.hc.client5.http.wire -- http-outgoing-2 << "[0x1][0x0][0x0][0x0][0x0][0x0][0x0][0x1d][0x9]message.max.bytes = 1048588[\n]"
14:55:54.297 [docker-java-stream-39689327] DEBUG com.github.dockerjava.zerodep.shaded.org.apache.hc.client5.http.wire -- http-outgoing-2 << "[0x1][0x0][0x0][0x0][0x0][0x0][0x0][0x19][0x9]metadata.log.dir = null[\n]"
14:55:54.297 [docker-java-stream-39689327] DEBUG com.github.dockerjava.zerodep.shaded.org.apache.hc.client5.http.wire -- http-outgoing-2 << "[0x1][0x0][0x0][0x0][0x0][0x0][0x0]<[0x9]metadata.log.max.record.bytes.between.snapshots = 20971520[\n]"
14:55:54.297 [docker-java-stream-39689327] DEBUG com.github.dockerjava.zerodep.shaded.org.apache.hc.client5.http.wire -- http-outgoing-2 << "[0x1][0x0][0x0][0x0][0x0][0x0][0x0]1[0x9]metadata.log.max.snapshot.interval.ms = 3600000[\n]"
14:55:54.297 [docker-java-stream-39689327] DEBUG com.github.dockerjava.zerodep.shaded.org.apache.hc.client5.http.wire -- http-outgoing-2 << "[0x1][0x0][0x0][0x0][0x0][0x0][0x0])[0x9]metadata.log.segment.bytes = 1073741824[\n]"
14:55:54.297 [docker-java-stream-39689327] DEBUG com.github.dockerjava.zerodep.shaded.org.apache.hc.client5.http.wire -- http-outgoing-2 << "[0x1][0x0][0x0][0x0][0x0][0x0][0x0]*[0x9]metadata.log.segment.min.bytes = 8388608[\n]"
14:55:54.297 [docker-java-stream-39689327] DEBUG com.github.dockerjava.zerodep.shaded.org.apache.hc.client5.http.wire -- http-outgoing-2 << "[0x1][0x0][0x0][0x0][0x0][0x0][0x0]%[0x9]metadata.log.segment.ms = 604800000[\n]"
14:55:54.297 [docker-java-stream-39689327] DEBUG com.github.dockerjava.zerodep.shaded.org.apache.hc.client5.http.wire -- http-outgoing-2 << "[0x1][0x0][0x0][0x0][0x0][0x0][0x0]%[0x9]metadata.max.idle.interval.ms = 500[\n]"
14:55:54.297 [docker-java-stream-39689327] DEBUG com.github.dockerjava.zerodep.shaded.org.apache.hc.client5.http.wire -- http-outgoing-2 << "[0x1][0x0][0x0][0x0][0x0][0x0][0x0]*[0x9]metadata.max.retention.bytes = 104857600[\n]"
14:55:54.297 [docker-java-stream-39689327] DEBUG com.github.dockerjava.zerodep.shaded.org.apache.hc.client5.http.wire -- http-outgoing-2 << "[0x1][0x0][0x0][0x0][0x0][0x0][0x0]'[0x9]metadata.max.retention.ms = 604800000[\n]"
14:55:54.297 [docker-java-stream-39689327] DEBUG com.github.dockerjava.zerodep.shaded.org.apache.hc.client5.http.wire -- http-outgoing-2 << "[0x1][0x0][0x0][0x0][0x0][0x0][0x0][0x17][0x9]metric.reporters = [][\n]"
14:55:54.297 [docker-java-stream-39689327] DEBUG com.github.dockerjava.zerodep.shaded.org.apache.hc.client5.http.wire -- http-outgoing-2 << "[0x1][0x0][0x0][0x0][0x0][0x0][0x0][0x19][0x9]metrics.num.samples = 2[\n]"
14:55:54.297 [docker-java-stream-39689327] DEBUG com.github.dockerjava.zerodep.shaded.org.apache.hc.client5.http.wire -- http-outgoing-2 << "[0x1][0x0][0x0][0x0][0x0][0x0][0x0] [0x9]metrics.recording.level = INFO[\n]"
14:55:54.297 [docker-java-stream-39689327] DEBUG com.github.dockerjava.zerodep.shaded.org.apache.hc.client5.http.wire -- http-outgoing-2 << "[0x1][0x0][0x0][0x0][0x0][0x0][0x0]"[0x9]metrics.sample.window.ms = 30000[\n]"
14:55:54.297 [docker-java-stream-39689327] DEBUG com.github.dockerjava.zerodep.shaded.org.apache.hc.client5.http.wire -- http-outgoing-2 << "[0x1][0x0][0x0][0x0][0x0][0x0][0x0][0x19][0x9]min.insync.replicas = 1[\n]"
14:55:54.297 [docker-java-stream-39689327] DEBUG com.github.dockerjava.zerodep.shaded.org.apache.hc.client5.http.wire -- http-outgoing-2 << "[0x1][0x0][0x0][0x0][0x0][0x0][0x0][\r][0x9]node.id = 1[\n]"
14:55:54.297 [docker-java-stream-39689327] DEBUG com.github.dockerjava.zerodep.shaded.org.apache.hc.client5.http.wire -- http-outgoing-2 << "[0x1][0x0][0x0][0x0][0x0][0x0][0x0][0x14][0x9]num.io.threads = 8[\n]"
14:55:54.297 [docker-java-stream-39689327] DEBUG com.github.dockerjava.zerodep.shaded.org.apache.hc.client5.http.wire -- http-outgoing-2 << "[0x1][0x0][0x0][0x0][0x0][0x0][0x0][0x19][0x9]num.network.threads = 3[\n]"
14:55:54.297 [docker-java-stream-39689327] DEBUG com.github.dockerjava.zerodep.shaded.org.apache.hc.client5.http.wire -- http-outgoing-2 << "[0x1][0x0][0x0][0x0][0x0][0x0][0x0][0x14][0x9]num.partitions = 1[\n]"
14:55:54.297 [docker-java-stream-39689327] DEBUG com.github.dockerjava.zerodep.shaded.org.apache.hc.client5.http.wire -- http-outgoing-2 << "[0x1][0x0][0x0][0x0][0x0][0x0][0x0]'[0x9]num.recovery.threads.per.data.dir = 1[\n]"
14:55:54.297 [docker-java-stream-39689327] DEBUG com.github.dockerjava.zerodep.shaded.org.apache.hc.client5.http.wire -- http-outgoing-2 << "[0x1][0x0][0x0][0x0][0x0][0x0][0x0]+[0x9]num.replica.alter.log.dirs.threads = null[\n]"
14:55:54.297 [docker-java-stream-39689327] DEBUG com.github.dockerjava.zerodep.shaded.org.apache.hc.client5.http.wire -- http-outgoing-2 << "[0x1][0x0][0x0][0x0][0x0][0x0][0x0][0x1a][0x9]num.replica.fetchers = 1[\n]"
14:55:54.297 [docker-java-stream-39689327] DEBUG com.github.dockerjava.zerodep.shaded.org.apache.hc.client5.http.wire -- http-outgoing-2 << "[0x1][0x0][0x0][0x0][0x0][0x0][0x0]"[0x9]offset.metadata.max.bytes = 4096[\n]"
14:55:54.297 [docker-java-stream-39689327] DEBUG com.github.dockerjava.zerodep.shaded.org.apache.hc.client5.http.wire -- http-outgoing-2 << "[0x1][0x0][0x0][0x0][0x0][0x0][0x0]#[0x9]offsets.commit.required.acks = -1[\n]"
14:55:54.297 [docker-java-stream-39689327] DEBUG com.github.dockerjava.zerodep.shaded.org.apache.hc.client5.http.wire -- http-outgoing-2 << "[0x1][0x0][0x0][0x0][0x0][0x0][0x0]"[0x9]offsets.commit.timeout.ms = 5000[\n]"
14:55:54.297 [docker-java-stream-39689327] DEBUG com.github.dockerjava.zerodep.shaded.org.apache.hc.client5.http.wire -- http-outgoing-2 << "[0x1][0x0][0x0][0x0][0x0][0x0][0x0]$[0x9]offsets.load.buffer.size = 5242880[\n]"
14:55:54.297 [docker-java-stream-39689327] DEBUG com.github.dockerjava.zerodep.shaded.org.apache.hc.client5.http.wire -- http-outgoing-2 << "[0x1][0x0][0x0][0x0][0x0][0x0][0x0].[0x9]offsets.retention.check.interval.ms = 600000[\n]"
14:55:54.297 [docker-java-stream-39689327] DEBUG com.github.dockerjava.zerodep.shaded.org.apache.hc.client5.http.wire -- http-outgoing-2 << "[0x1][0x0][0x0][0x0][0x0][0x0][0x0]#[0x9]offsets.retention.minutes = 10080[\n]"
14:55:54.297 [docker-java-stream-39689327] DEBUG com.github.dockerjava.zerodep.shaded.org.apache.hc.client5.http.wire -- http-outgoing-2 << "[0x1][0x0][0x0][0x0][0x0][0x0][0x0]%[0x9]offsets.topic.compression.codec = 0[\n]"
14:55:54.297 [docker-java-stream-39689327] DEBUG com.github.dockerjava.zerodep.shaded.org.apache.hc.client5.http.wire -- http-outgoing-2 << "[0x1][0x0][0x0][0x0][0x0][0x0][0x0]"[0x9]offsets.topic.num.partitions = 1[\n]"
14:55:54.297 [docker-java-stream-39689327] DEBUG com.github.dockerjava.zerodep.shaded.org.apache.hc.client5.http.wire -- http-outgoing-2 << "[0x1][0x0][0x0][0x0][0x0][0x0][0x0]&[0x9]offsets.topic.replication.factor = 1[\n]"
14:55:54.297 [docker-java-stream-39689327] DEBUG com.github.dockerjava.zerodep.shaded.org.apache.hc.client5.http.wire -- http-outgoing-2 << "[0x1][0x0][0x0][0x0][0x0][0x0][0x0])[0x9]offsets.topic.segment.bytes = 104857600[\n]"
14:55:54.297 [docker-java-stream-39689327] DEBUG com.github.dockerjava.zerodep.shaded.org.apache.hc.client5.http.wire -- http-outgoing-2 << "[0x1][0x0][0x0][0x0][0x0][0x0][0x0]:[0x9]password.encoder.cipher.algorithm = AES/CBC/PKCS5Padding[\n]"
14:55:54.297 [docker-java-stream-39689327] DEBUG com.github.dockerjava.zerodep.shaded.org.apache.hc.client5.http.wire -- http-outgoing-2 << "[0x1][0x0][0x0][0x0][0x0][0x0][0x0]$[0x9]password.encoder.iterations = 4096[\n]"
14:55:54.297 [docker-java-stream-39689327] DEBUG com.github.dockerjava.zerodep.shaded.org.apache.hc.client5.http.wire -- http-outgoing-2 << "[0x1][0x0][0x0][0x0][0x0][0x0][0x0]#[0x9]password.encoder.key.length = 128[\n]"
14:55:54.297 [docker-java-stream-39689327] DEBUG com.github.dockerjava.zerodep.shaded.org.apache.hc.client5.http.wire -- http-outgoing-2 << "[0x1][0x0][0x0][0x0][0x0][0x0][0x0].[0x9]password.encoder.keyfactory.algorithm = null[\n]"
14:55:54.297 [docker-java-stream-39689327] DEBUG com.github.dockerjava.zerodep.shaded.org.apache.hc.client5.http.wire -- http-outgoing-2 << "[0x1][0x0][0x0][0x0][0x0][0x0][0x0]$[0x9]password.encoder.old.secret = null[\n]"
14:55:54.297 [docker-java-stream-39689327] DEBUG com.github.dockerjava.zerodep.shaded.org.apache.hc.client5.http.wire -- http-outgoing-2 << "[0x1][0x0][0x0][0x0][0x0][0x0][0x0] [0x9]password.encoder.secret = null[\n]"
14:55:54.297 [docker-java-stream-39689327] DEBUG com.github.dockerjava.zerodep.shaded.org.apache.hc.client5.http.wire -- http-outgoing-2 << "[0x1][0x0][0x0][0x0][0x0][0x0][0x0]m[0x9]principal.builder.class = class org.apache.kafka.common.security.authenticator.DefaultKafkaPrincipalBuilder[\n]"
14:55:54.297 [docker-java-stream-39689327] DEBUG com.github.dockerjava.zerodep.shaded.org.apache.hc.client5.http.wire -- http-outgoing-2 << "[0x1][0x0][0x0][0x0][0x0][0x0][0x0][0x14][0x9]process.roles = [][\n]"
14:55:54.297 [docker-java-stream-39689327] DEBUG com.github.dockerjava.zerodep.shaded.org.apache.hc.client5.http.wire -- http-outgoing-2 << "[0x1][0x0][0x0][0x0][0x0][0x0][0x0]3[0x9]producer.id.expiration.check.interval.ms = 600000[\n]"
14:55:54.297 [docker-java-stream-39689327] DEBUG com.github.dockerjava.zerodep.shaded.org.apache.hc.client5.http.wire -- http-outgoing-2 << "[0x1][0x0][0x0][0x0][0x0][0x0][0x0]&[0x9]producer.id.expiration.ms = 86400000[\n]"
14:55:54.297 [docker-java-stream-39689327] DEBUG com.github.dockerjava.zerodep.shaded.org.apache.hc.client5.http.wire -- http-outgoing-2 << "[0x1][0x0][0x0][0x0][0x0][0x0][0x0]3[0x9]producer.purgatory.purge.interval.requests = 1000[\n]"
14:55:54.297 [docker-java-stream-39689327] DEBUG com.github.dockerjava.zerodep.shaded.org.apache.hc.client5.http.wire -- http-outgoing-2 << "[0x1][0x0][0x0][0x0][0x0][0x0][0x0][0x1f][0x9]queued.max.request.bytes = -1[\n]"
14:55:54.297 [docker-java-stream-39689327] DEBUG com.github.dockerjava.zerodep.shaded.org.apache.hc.client5.http.wire -- http-outgoing-2 << "[0x1][0x0][0x0][0x0][0x0][0x0][0x0][0x1b][0x9]queued.max.requests = 500[\n]"
14:55:54.297 [docker-java-stream-39689327] DEBUG com.github.dockerjava.zerodep.shaded.org.apache.hc.client5.http.wire -- http-outgoing-2 << "[0x1][0x0][0x0][0x0][0x0][0x0][0x0][0x17][0x9]quota.window.num = 11[\n]"
14:55:54.297 [docker-java-stream-39689327] DEBUG com.github.dockerjava.zerodep.shaded.org.apache.hc.client5.http.wire -- http-outgoing-2 << "[0x1][0x0][0x0][0x0][0x0][0x0][0x0][0x1f][0x9]quota.window.size.seconds = 1[\n]"
14:55:54.297 [docker-java-stream-39689327] DEBUG com.github.dockerjava.zerodep.shaded.org.apache.hc.client5.http.wire -- http-outgoing-2 << "[0x1][0x0][0x0][0x0][0x0][0x0][0x0];[0x9]remote.log.index.file.cache.total.size.bytes = 1073741824[\n]"
14:55:54.297 [docker-java-stream-39689327] DEBUG com.github.dockerjava.zerodep.shaded.org.apache.hc.client5.http.wire -- http-outgoing-2 << "[0x1][0x0][0x0][0x0][0x0][0x0][0x0]-[0x9]remote.log.manager.task.interval.ms = 30000[\n]"
14:55:54.297 [docker-java-stream-39689327] DEBUG com.github.dockerjava.zerodep.shaded.org.apache.hc.client5.http.wire -- http-outgoing-2 << "[0x1][0x0][0x0][0x0][0x0][0x0][0x0]6[0x9]remote.log.manager.task.retry.backoff.max.ms = 30000[\n]"
14:55:54.297 [docker-java-stream-39689327] DEBUG com.github.dockerjava.zerodep.shaded.org.apache.hc.client5.http.wire -- http-outgoing-2 << "[0x1][0x0][0x0][0x0][0x0][0x0][0x0]0[0x9]remote.log.manager.task.retry.backoff.ms = 500[\n]"
14:55:54.297 [docker-java-stream-39689327] DEBUG com.github.dockerjava.zerodep.shaded.org.apache.hc.client5.http.wire -- http-outgoing-2 << "[0x1][0x0][0x0][0x0][0x0][0x0][0x0],[0x9]remote.log.manager.task.retry.jitter = 0.2[\n]"
14:55:54.297 [docker-java-stream-39689327] DEBUG com.github.dockerjava.zerodep.shaded.org.apache.hc.client5.http.wire -- http-outgoing-2 << "[0x1][0x0][0x0][0x0][0x0][0x0][0x0]*[0x9]remote.log.manager.thread.pool.size = 10[\n]"
14:55:54.297 [docker-java-stream-39689327] DEBUG com.github.dockerjava.zerodep.shaded.org.apache.hc.client5.http.wire -- http-outgoing-2 << "[0x1][0x0][0x0][0x0][0x0][0x0][0x0]5[0x9]remote.log.metadata.custom.metadata.max.bytes = 128[\n]"
14:55:54.297 [docker-java-stream-39689327] DEBUG com.github.dockerjava.zerodep.shaded.org.apache.hc.client5.http.wire -- http-outgoing-2 << "[0x1][0x0][0x0][0x0][0x0][0x0][0x0][0xffffff81][0x9]remote.log.metadata.manager.class.name = org.apache.kafka.server.log.remote.metadata.storage.TopicBasedRemoteLogMetadataManager[\n]"
14:55:54.297 [docker-java-stream-39689327] DEBUG com.github.dockerjava.zerodep.shaded.org.apache.hc.client5.http.wire -- http-outgoing-2 << "[0x1][0x0][0x0][0x0][0x0][0x0][0x0]/[0x9]r"
14:55:54.297 [docker-java-stream-39689327] DEBUG com.github.dockerjava.zerodep.shaded.org.apache.hc.client5.http.wire -- http-outgoing-2 << "emote.log.metadata.manager.class.path = null[\n]"
14:55:54.297 [docker-java-stream-39689327] DEBUG com.github.dockerjava.zerodep.shaded.org.apache.hc.client5.http.wire -- http-outgoing-2 << "[0x1][0x0][0x0][0x0][0x0][0x0][0x0]8[0x9]remote.log.metadata.manager.impl.prefix = rlmm.config.[\n]"
14:55:54.297 [docker-java-stream-39689327] DEBUG com.github.dockerjava.zerodep.shaded.org.apache.hc.client5.http.wire -- http-outgoing-2 << "[0x1][0x0][0x0][0x0][0x0][0x0][0x0]2[0x9]remote.log.metadata.manager.listener.name = null[\n]"
14:55:54.297 [docker-java-stream-39689327] DEBUG com.github.dockerjava.zerodep.shaded.org.apache.hc.client5.http.wire -- http-outgoing-2 << "[0x1][0x0][0x0][0x0][0x0][0x0][0x0]+[0x9]remote.log.reader.max.pending.tasks = 100[\n]"
14:55:54.297 [docker-java-stream-39689327] DEBUG com.github.dockerjava.zerodep.shaded.org.apache.hc.client5.http.wire -- http-outgoing-2 << "[0x1][0x0][0x0][0x0][0x0][0x0][0x0] [0x9]remote.log.reader.threads = 10[\n]"
14:55:54.297 [docker-java-stream-39689327] DEBUG com.github.dockerjava.zerodep.shaded.org.apache.hc.client5.http.wire -- http-outgoing-2 << "[0x1][0x0][0x0][0x0][0x0][0x0][0x0].[0x9]remote.log.storage.manager.class.name = null[\n]"
14:55:54.297 [docker-java-stream-39689327] DEBUG com.github.dockerjava.zerodep.shaded.org.apache.hc.client5.http.wire -- http-outgoing-2 << "[0x1][0x0][0x0][0x0][0x0][0x0][0x0].[0x9]remote.log.storage.manager.class.path = null[\n]"
14:55:54.297 [docker-java-stream-39689327] DEBUG com.github.dockerjava.zerodep.shaded.org.apache.hc.client5.http.wire -- http-outgoing-2 << "[0x1][0x0][0x0][0x0][0x0][0x0][0x0]6[0x9]remote.log.storage.manager.impl.prefix = rsm.config.[\n]"
14:55:54.297 [docker-java-stream-39689327] DEBUG com.github.dockerjava.zerodep.shaded.org.apache.hc.client5.http.wire -- http-outgoing-2 << "[0x1][0x0][0x0][0x0][0x0][0x0][0x0]*[0x9]remote.log.storage.system.enable = false[\n]"
14:55:54.297 [docker-java-stream-39689327] DEBUG com.github.dockerjava.zerodep.shaded.org.apache.hc.client5.http.wire -- http-outgoing-2 << "[0x1][0x0][0x0][0x0][0x0][0x0][0x0]![0x9]replica.fetch.backoff.ms = 1000[\n]"
14:55:54.297 [docker-java-stream-39689327] DEBUG com.github.dockerjava.zerodep.shaded.org.apache.hc.client5.http.wire -- http-outgoing-2 << "[0x1][0x0][0x0][0x0][0x0][0x0][0x0]#[0x9]replica.fetch.max.bytes = 1048576[\n]"
14:55:54.297 [docker-java-stream-39689327] DEBUG com.github.dockerjava.zerodep.shaded.org.apache.hc.client5.http.wire -- http-outgoing-2 << "[0x1][0x0][0x0][0x0][0x0][0x0][0x0][0x1d][0x9]replica.fetch.min.bytes = 1[\n]"
14:55:54.297 [docker-java-stream-39689327] DEBUG com.github.dockerjava.zerodep.shaded.org.apache.hc.client5.http.wire -- http-outgoing-2 << "[0x1][0x0][0x0][0x0][0x0][0x0][0x0]-[0x9]replica.fetch.response.max.bytes = 10485760[\n]"
14:55:54.297 [docker-java-stream-39689327] DEBUG com.github.dockerjava.zerodep.shaded.org.apache.hc.client5.http.wire -- http-outgoing-2 << "[0x1][0x0][0x0][0x0][0x0][0x0][0x0]![0x9]replica.fetch.wait.max.ms = 500[\n]"
14:55:54.297 [docker-java-stream-39689327] DEBUG com.github.dockerjava.zerodep.shaded.org.apache.hc.client5.http.wire -- http-outgoing-2 << "[0x1][0x0][0x0][0x0][0x0][0x0][0x0]6[0x9]replica.high.watermark.checkpoint.interval.ms = 5000[\n]"
14:55:54.297 [docker-java-stream-39689327] DEBUG com.github.dockerjava.zerodep.shaded.org.apache.hc.client5.http.wire -- http-outgoing-2 << "[0x1][0x0][0x0][0x0][0x0][0x0][0x0]![0x9]replica.lag.time.max.ms = 30000[\n]"
14:55:54.297 [docker-java-stream-39689327] DEBUG com.github.dockerjava.zerodep.shaded.org.apache.hc.client5.http.wire -- http-outgoing-2 << "[0x1][0x0][0x0][0x0][0x0][0x0][0x0][0x1f][0x9]replica.selector.class = null[\n]"
14:55:54.297 [docker-java-stream-39689327] DEBUG com.github.dockerjava.zerodep.shaded.org.apache.hc.client5.http.wire -- http-outgoing-2 << "[0x1][0x0][0x0][0x0][0x0][0x0][0x0]-[0x9]replica.socket.receive.buffer.bytes = 65536[\n]"
14:55:54.297 [docker-java-stream-39689327] DEBUG com.github.dockerjava.zerodep.shaded.org.apache.hc.client5.http.wire -- http-outgoing-2 << "[0x1][0x0][0x0][0x0][0x0][0x0][0x0]#[0x9]replica.socket.timeout.ms = 30000[\n]"
14:55:54.297 [docker-java-stream-39689327] DEBUG com.github.dockerjava.zerodep.shaded.org.apache.hc.client5.http.wire -- http-outgoing-2 << "[0x1][0x0][0x0][0x0][0x0][0x0][0x0]#[0x9]replication.quota.window.num = 11[\n]"
14:55:54.297 [docker-java-stream-39689327] DEBUG com.github.dockerjava.zerodep.shaded.org.apache.hc.client5.http.wire -- http-outgoing-2 << "[0x1][0x0][0x0][0x0][0x0][0x0][0x0]+[0x9]replication.quota.window.size.seconds = 1[\n]"
14:55:54.297 [docker-java-stream-39689327] DEBUG com.github.dockerjava.zerodep.shaded.org.apache.hc.client5.http.wire -- http-outgoing-2 << "[0x1][0x0][0x0][0x0][0x0][0x0][0x0][0x1c][0x9]request.timeout.ms = 30000[\n]"
14:55:54.297 [docker-java-stream-39689327] DEBUG com.github.dockerjava.zerodep.shaded.org.apache.hc.client5.http.wire -- http-outgoing-2 << "[0x1][0x0][0x0][0x0][0x0][0x0][0x0][0x1f][0x9]reserved.broker.max.id = 1000[\n]"
14:55:54.297 [docker-java-stream-39689327] DEBUG com.github.dockerjava.zerodep.shaded.org.apache.hc.client5.http.wire -- http-outgoing-2 << "[0x1][0x0][0x0][0x0][0x0][0x0][0x0]+[0x9]sasl.client.callback.handler.class = null[\n]"
14:55:54.297 [docker-java-stream-39689327] DEBUG com.github.dockerjava.zerodep.shaded.org.apache.hc.client5.http.wire -- http-outgoing-2 << "[0x1][0x0][0x0][0x0][0x0][0x0][0x0]$[0x9]sasl.enabled.mechanisms = [GSSAPI][\n]"
14:55:54.297 [docker-java-stream-39689327] DEBUG com.github.dockerjava.zerodep.shaded.org.apache.hc.client5.http.wire -- http-outgoing-2 << "[0x1][0x0][0x0][0x0][0x0][0x0][0x0][0x19][0x9]sasl.jaas.config = null[\n]"
14:55:54.297 [docker-java-stream-39689327] DEBUG com.github.dockerjava.zerodep.shaded.org.apache.hc.client5.http.wire -- http-outgoing-2 << "[0x1][0x0][0x0][0x0][0x0][0x0][0x0]*[0x9]sasl.kerberos.kinit.cmd = /usr/bin/kinit[\n]"
14:55:54.297 [docker-java-stream-39689327] DEBUG com.github.dockerjava.zerodep.shaded.org.apache.hc.client5.http.wire -- http-outgoing-2 << "[0x1][0x0][0x0][0x0][0x0][0x0][0x0]/[0x9]sasl.kerberos.min.time.before.relogin = 60000[\n]"
14:55:54.297 [docker-java-stream-39689327] DEBUG com.github.dockerjava.zerodep.shaded.org.apache.hc.client5.http.wire -- http-outgoing-2 << "[0x1][0x0][0x0][0x0][0x0][0x0][0x0]4[0x9]sasl.kerberos.principal.to.local.rules = [DEFAULT][\n]"
14:55:54.297 [docker-java-stream-39689327] DEBUG com.github.dockerjava.zerodep.shaded.org.apache.hc.client5.http.wire -- http-outgoing-2 << "[0x1][0x0][0x0][0x0][0x0][0x0][0x0]#[0x9]sasl.kerberos.service.name = null[\n]"
14:55:54.297 [docker-java-stream-39689327] DEBUG com.github.dockerjava.zerodep.shaded.org.apache.hc.client5.http.wire -- http-outgoing-2 << "[0x1][0x0][0x0][0x0][0x0][0x0][0x0]*[0x9]sasl.kerberos.ticket.renew.jitter = 0.05[\n]"
14:55:54.297 [docker-java-stream-39689327] DEBUG com.github.dockerjava.zerodep.shaded.org.apache.hc.client5.http.wire -- http-outgoing-2 << "[0x1][0x0][0x0][0x0][0x0][0x0][0x0]0[0x9]sasl.kerberos.ticket.renew.window.factor = 0.8[\n]"
14:55:54.297 [docker-java-stream-39689327] DEBUG com.github.dockerjava.zerodep.shaded.org.apache.hc.client5.http.wire -- http-outgoing-2 << "[\r][\n]"
14:55:54.297 [docker-java-stream-39689327] DEBUG com.github.dockerjava.zerodep.shaded.org.apache.hc.client5.http.wire -- http-outgoing-2 << "1010[\r][\n]"
14:55:54.297 [docker-java-stream-39689327] DEBUG com.github.dockerjava.zerodep.shaded.org.apache.hc.client5.http.wire -- http-outgoing-2 << "[0x1][0x0][0x0][0x0][0x0][0x0][0x0]*[0x9]sasl.login.callback.handler.class = null[\n]"
14:55:54.297 [docker-java-stream-39689327] DEBUG com.github.dockerjava.zerodep.shaded.org.apache.hc.client5.http.wire -- http-outgoing-2 << "[0x1][0x0][0x0][0x0][0x0][0x0][0x0][0x19][0x9]sasl.login.class = null[\n]"
14:55:54.297 [docker-java-stream-39689327] DEBUG com.github.dockerjava.zerodep.shaded.org.apache.hc.client5.http.wire -- http-outgoing-2 << "[0x1][0x0][0x0][0x0][0x0][0x0][0x0]&[0x9]sasl.login.connect.timeout.ms = null[\n]"
14:55:54.297 [docker-java-stream-39689327] DEBUG com.github.dockerjava.zerodep.shaded.org.apache.hc.client5.http.wire -- http-outgoing-2 << "[0x1][0x0][0x0][0x0][0x0][0x0][0x0]#[0x9]sasl.login.read.timeout.ms = null[\n]"
14:55:54.297 [docker-java-stream-39689327] DEBUG com.github.dockerjava.zerodep.shaded.org.apache.hc.client5.http.wire -- http-outgoing-2 << "[0x1][0x0][0x0][0x0][0x0][0x0][0x0])[0x9]sasl.login.refresh.buffer.seconds = 300[\n]"
14:55:54.297 [docker-java-stream-39689327] DEBUG com.github.dockerjava.zerodep.shaded.org.apache.hc.client5.http.wire -- http-outgoing-2 << "[0x1][0x0][0x0][0x0][0x0][0x0][0x0],[0x9]sasl.login.refresh.min.period.seconds = 60[\n]"
14:55:54.297 [docker-java-stream-39689327] DEBUG com.github.dockerjava.zerodep.shaded.org.apache.hc.client5.http.wire -- http-outgoing-2 << "[0x1][0x0][0x0][0x0][0x0][0x0][0x0]([0x9]sasl.login.refresh.window.factor = 0.8[\n]"
14:55:54.297 [docker-java-stream-39689327] DEBUG com.github.dockerjava.zerodep.shaded.org.apache.hc.client5.http.wire -- http-outgoing-2 << "[0x1][0x0][0x0][0x0][0x0][0x0][0x0])[0x9]sasl.login.refresh.window.jitter = 0.05[\n]"
14:55:54.297 [docker-java-stream-39689327] DEBUG com.github.dockerjava.zerodep.shaded.org.apache.hc.client5.http.wire -- http-outgoing-2 << "[0x1][0x0][0x0][0x0][0x0][0x0][0x0])[0x9]sasl.login.retry.backoff.max.ms = 10000[\n]"
14:55:54.297 [docker-java-stream-39689327] DEBUG com.github.dockerjava.zerodep.shaded.org.apache.hc.client5.http.wire -- http-outgoing-2 << "[0x1][0x0][0x0][0x0][0x0][0x0][0x0]#[0x9]sasl.login.retry.backoff.ms = 100[\n]"
14:55:54.297 [docker-java-stream-39689327] DEBUG com.github.dockerjava.zerodep.shaded.org.apache.hc.client5.http.wire -- http-outgoing-2 << "[0x1][0x0][0x0][0x0][0x0][0x0][0x0]-[0x9]sasl.mechanism.controller.protocol = GSSAPI[\n]"
14:55:54.297 [docker-java-stream-39689327] DEBUG com.github.dockerjava.zerodep.shaded.org.apache.hc.client5.http.wire -- http-outgoing-2 << "[0x1][0x0][0x0][0x0][0x0][0x0][0x0]/[0x9]sasl.mechanism.inter.broker.protocol = GSSAPI[\n]"
14:55:54.297 [docker-java-stream-39689327] DEBUG com.github.dockerjava.zerodep.shaded.org.apache.hc.client5.http.wire -- http-outgoing-2 << "[0x1][0x0][0x0][0x0][0x0][0x0][0x0]*[0x9]sasl.oauthbearer.clock.skew.seconds = 30[\n]"
14:55:54.297 [docker-java-stream-39689327] DEBUG com.github.dockerjava.zerodep.shaded.org.apache.hc.client5.http.wire -- http-outgoing-2 << "[0x1][0x0][0x0][0x0][0x0][0x0][0x0]+[0x9]sasl.oauthbearer.expected.audience = null[\n]"
14:55:54.297 [docker-java-stream-39689327] DEBUG com.github.dockerjava.zerodep.shaded.org.apache.hc.client5.http.wire -- http-outgoing-2 << "[0x1][0x0][0x0][0x0][0x0][0x0][0x0])[0x9]sasl.oauthbearer.expected.issuer = null[\n]"
14:55:54.297 [docker-java-stream-39689327] DEBUG com.github.dockerjava.zerodep.shaded.org.apache.hc.client5.http.wire -- http-outgoing-2 << "[0x1][0x0][0x0][0x0][0x0][0x0][0x0]5[0x9]sasl.oauthbearer.jwks.endpoint.refresh.ms = 3600000[\n]"
14:55:54.297 [docker-java-stream-39689327] DEBUG com.github.dockerjava.zerodep.shaded.org.apache.hc.client5.http.wire -- http-outgoing-2 << "[0x1][0x0][0x0][0x0][0x0][0x0][0x0]=[0x9]sasl.oauthbearer.jwks.endpoint.retry.backoff.max.ms = 10000[\n]"
14:55:54.297 [docker-java-stream-39689327] DEBUG com.github.dockerjava.zerodep.shaded.org.apache.hc.client5.http.wire -- http-outgoing-2 << "[0x1][0x0][0x0][0x0][0x0][0x0][0x0]7[0x9]sasl.oauthbearer.jwks.endpoint.retry.backoff.ms = 100[\n]"
14:55:54.297 [docker-java-stream-39689327] DEBUG com.github.dockerjava.zerodep.shaded.org.apache.hc.client5.http.wire -- http-outgoing-2 << "[0x1][0x0][0x0][0x0][0x0][0x0][0x0]+[0x9]sasl.oauthbearer.jwks.endpoint.url = null[\n]"
14:55:54.297 [docker-java-stream-39689327] DEBUG com.github.dockerjava.zerodep.shaded.org.apache.hc.client5.http.wire -- http-outgoing-2 << "[0x1][0x0][0x0][0x0][0x0][0x0][0x0]+[0x9]sasl.oauthbearer.scope.claim.name = scope[\n]"
14:55:54.297 [docker-java-stream-39689327] DEBUG com.github.dockerjava.zerodep.shaded.org.apache.hc.client5.http.wire -- http-outgoing-2 << "[0x1][0x0][0x0][0x0][0x0][0x0][0x0]'[0x9]sasl.oauthbearer.sub.claim.name = sub[\n]"
14:55:54.297 [docker-java-stream-39689327] DEBUG com.github.dockerjava.zerodep.shaded.org.apache.hc.client5.http.wire -- http-outgoing-2 << "[0x1][0x0][0x0][0x0][0x0][0x0][0x0],[0x9]sasl.oauthbearer.token.endpoint.url = null[\n]"
14:55:54.297 [docker-java-stream-39689327] DEBUG com.github.dockerjava.zerodep.shaded.org.apache.hc.client5.http.wire -- http-outgoing-2 << "[0x1][0x0][0x0][0x0][0x0][0x0][0x0]+[0x9]sasl.server.callback.handler.class = null[\n]"
14:55:54.297 [docker-java-stream-39689327] DEBUG com.github.dockerjava.zerodep.shaded.org.apache.hc.client5.http.wire -- http-outgoing-2 << "[0x1][0x0][0x0][0x0][0x0][0x0][0x0]'[0x9]sasl.server.max.receive.size = 524288[\n]"
14:55:54.297 [docker-java-stream-39689327] DEBUG com.github.dockerjava.zerodep.shaded.org.apache.hc.client5.http.wire -- http-outgoing-2 << "[0x1][0x0][0x0][0x0][0x0][0x0][0x0],[0x9]security.inter.broker.protocol = PLAINTEXT[\n]"
14:55:54.297 [docker-java-stream-39689327] DEBUG com.github.dockerjava.zerodep.shaded.org.apache.hc.client5.http.wire -- http-outgoing-2 << "[0x1][0x0][0x0][0x0][0x0][0x0][0x0][0x1b][0x9]security.providers = null[\n]"
14:55:54.297 [docker-java-stream-39689327] DEBUG com.github.dockerjava.zerodep.shaded.org.apache.hc.client5.http.wire -- http-outgoing-2 << "[0x1][0x0][0x0][0x0][0x0][0x0][0x0]2[0x9]server.max.startup.time.ms = 9223372036854775807[\n]"
14:55:54.297 [docker-java-stream-39689327] DEBUG com.github.dockerjava.zerodep.shaded.org.apache.hc.client5.http.wire -- http-outgoing-2 << "[0x1][0x0][0x0][0x0][0x0][0x0][0x0]0[0x9]socket.connection.setup.timeout.max.ms = 30000[\n]"
14:55:54.297 [docker-java-stream-39689327] DEBUG com.github.dockerjava.zerodep.shaded.org.apache.hc.client5.http.wire -- http-outgoing-2 << "[0x1][0x0][0x0][0x0][0x0][0x0][0x0],[0x9]socket.connection.setup.timeout.ms = 10000[\n]"
14:55:54.297 [docker-java-stream-39689327] DEBUG com.github.dockerjava.zerodep.shaded.org.apache.hc.client5.http.wire -- http-outgoing-2 << "[0x1][0x0][0x0][0x0][0x0][0x0][0x0]![0x9]socket.listen.backlog.size = 50[\n]"
14:55:54.297 [docker-java-stream-39689327] DEBUG com.github.dockerjava.zerodep.shaded.org.apache.hc.client5.http.wire -- http-outgoing-2 << "[0x1][0x0][0x0][0x0][0x0][0x0][0x0]&[0x9]socket.receive.buffer.bytes = 102400[\n]"
14:55:54.297 [docker-java-stream-39689327] DEBUG com.github.dockerjava.zerodep.shaded.org.apache.hc.client5.http.wire -- http-outgoing-2 << "[0x1][0x0][0x0][0x0][0x0][0x0][0x0]&[0x9]socket.request.max.bytes = 104857600[\n]"
14:55:54.297 [docker-java-stream-39689327] DEBUG com.github.dockerjava.zerodep.shaded.org.apache.hc.client5.http.wire -- http-outgoing-2 << "[0x1][0x0][0x0][0x0][0x0][0x0][0x0]#[0x9]socket.send.buffer.bytes = 102400[\n]"
14:55:54.297 [docker-java-stream-39689327] DEBUG com.github.dockerjava.zerodep.shaded.org.apache.hc.client5.http.wire -- http-outgoing-2 << "[0x1][0x0][0x0][0x0][0x0][0x0][0x0][0x18][0x9]ssl.cipher.suites = [][\n]"
14:55:54.297 [docker-java-stream-39689327] DEBUG com.github.dockerjava.zerodep.shaded.org.apache.hc.client5.http.wire -- http-outgoing-2 << "[0x1][0x0][0x0][0x0][0x0][0x0][0x0][0x18][0x9]ssl.client.auth = none[\n]"
14:55:54.297 [docker-java-stream-39689327] DEBUG com.github.dockerjava.zerodep.shaded.org.apache.hc.client5.http.wire -- http-outgoing-2 << "[0x1][0x0][0x0][0x0][0x0][0x0][0x0],[0x9]ssl.enabled.protocols = [TLSv1.2, TLSv1.3][\n]"
14:55:54.297 [docker-java-stream-39689327] DEBUG com.github.dockerjava.zerodep.shaded.org.apache.hc.client5.http.wire -- http-outgoing-2 << "[0x1][0x0][0x0][0x0][0x0][0x0][0x0]/[0x9]ssl.endpoint.identification.algorithm = https[\n]"
14:55:54.297 [docker-java-stream-39689327] DEBUG com.github.dockerjava.zerodep.shaded.org.apache.hc.client5.http.wire -- http-outgoing-2 << "[0x1][0x0][0x0][0x0][0x0][0x0][0x0]![0x9]ssl.engine.factory.class = null[\n]"
14:55:54.298 [docker-java-stream-39689327] DEBUG com.github.dockerjava.zerodep.shaded.org.apache.hc.client5.http.wire -- http-outgoing-2 << "[0x1][0x0][0x0][0x0][0x0][0x0][0x0][0x19][0x9]ssl.key.password = null[\n]"
14:55:54.298 [docker-java-stream-39689327] DEBUG com.github.dockerjava.zerodep.shaded.org.apache.hc.client5.http.wire -- http-outgoing-2 << "[0x1][0x0][0x0][0x0][0x0][0x0][0x0]$[0x9]ssl.keymanager.algorithm = SunX509[\n]"
14:55:54.298 [docker-java-stream-39689327] DEBUG com.github.dockerjava.zerodep.shaded.org.apache.hc.client5.http.wire -- http-outgoing-2 << "[0x1][0x0][0x0][0x0][0x0][0x0][0x0]'[0x9]ssl.keystore.certificate.chain = null[\n]"
14:55:54.298 [docker-java-stream-39689327] DEBUG com.github.dockerjava.zerodep.shaded.org.apache.hc.client5.http.wire -- http-outgoing-2 << "[0x1][0x0][0x0][0x0][0x0][0x0][0x0][0x19][0x9]ssl.keystore.key = null[\n]"
14:55:54.298 [docker-java-stream-39689327] DEBUG com.github.dockerjava.zerodep.shaded.org.apache.hc.client5.http.wire -- http-outgoing-2 << "[0x1][0x0][0x0][0x0][0x0][0x0][0x0][0x1e][0x9]ssl.keystore.location = null[\n]"
14:55:54.298 [docker-java-stream-39689327] DEBUG com.github.dockerjava.zerodep.shaded.org.apache.hc.client5.http.wire -- http-outgoing-2 << "[0x1][0x0][0x0][0x0][0x0][0x0][0x0][0x1e][0x9]ssl.keystore.password = null[\n]"
14:55:54.298 [docker-java-stream-39689327] DEBUG com.github.dockerjava.zerodep.shaded.org.apache.hc.client5.http.wire -- http-outgoing-2 << "[0x1][0x0][0x0][0x0][0x0][0x0][0x0][0x19][0x9]ssl.keystore.type = JKS[\n]"
14:55:54.298 [docker-java-stream-39689327] DEBUG com.github.dockerjava.zerodep.shaded.org.apache.hc.client5.http.wire -- http-outgoing-2 << "[0x1][0x0][0x0][0x0][0x0][0x0][0x0]'[0x9]ssl.principal.mapping.rules = DEFAULT[\n]"
14:55:54.298 [docker-java-stream-39689327] DEBUG com.github.dockerjava.zerodep.shaded.org.apache.hc.client5.http.wire -- http-outgoing-2 << "[0x1][0x0][0x0][0x0][0x0][0x0][0x0][0x18][0x9]ssl.protocol = TLSv1.3[\n]"
14:55:54.298 [docker-java-stream-39689327] DEBUG com.github.dockerjava.zerodep.shaded.org.apache.hc.client5.http.wire -- http-outgoing-2 << "[0x1][0x0][0x0][0x0][0x0][0x0][0x0][0x15][0x9]ssl.provider = null[\n]"
14:55:54.298 [docker-java-stream-39689327] DEBUG com.github.dockerjava.zerodep.shaded.org.apache.hc.client5.http.wire -- http-outgoing-2 << "[0x1][0x0][0x0][0x0][0x0][0x0][0x0])[0x9]ssl.secure.random.implementation = null[\n]"
14:55:54.298 [docker-java-stream-39689327] DEBUG com.github.dockerjava.zerodep.shaded.org.apache.hc.client5.http.wire -- http-outgoing-2 << "[0x1][0x0][0x0][0x0][0x0][0x0][0x0]#[0x9]ssl.trustmanager.algorithm = PKIX[\n]"
14:55:54.298 [docker-java-stream-39689327] DEBUG com.github.dockerjava.zerodep.shaded.org.apache.hc.client5.http.wire -- http-outgoing-2 << "[0x1][0x0][0x0][0x0][0x0][0x0][0x0]$[0x9]ssl.truststore.certificates = null[\n]"
14:55:54.298 [docker-java-stream-39689327] DEBUG com.github.dockerjava.zerodep.shaded.org.apache.hc.client5.http.wire -- http-outgoing-2 << "[0x1][0x0][0x0][0x0][0x0][0x0][0x0] [0x9]ssl.truststore.location = null[\n]"
14:55:54.298 [docker-java-stream-39689327] DEBUG com.github.dockerjava.zerodep.shaded.org.apache.hc.client5.http.wire -- http-outgoing-2 << "[0x1][0x0][0x0][0x0][0x0][0x0][0x0] [0x9]ssl.truststore.password = null[\n]"
14:55:54.298 [docker-java-stream-39689327] DEBUG com.github.dockerjava.zerodep.shaded.org.apache.hc.client5.http.wire -- http-outgoing-2 << "[0x1][0x0][0x0][0x0][0x0][0x0][0x0][0x1b][0x9]ssl.truststore.type = JKS[\n]"
14:55:54.298 [docker-java-stream-39689327] DEBUG com.github.dockerjava.zerodep.shaded.org.apache.hc.client5.http.wire -- http-outgoing-2 << "[0x1][0x0][0x0][0x0][0x0][0x0][0x0]E[0x9]transaction.abort.timed.out.transaction.cleanup.interval.ms = 10000[\n]"
14:55:54.298 [docker-java-stream-39689327] DEBUG com.github.dockerjava.zerodep.shaded.org.apache.hc.client5.http.wire -- http-outgoing-2 << "[0x1][0x0][0x0][0x0][0x0][0x0][0x0]%[0x9]transaction.max.timeout.ms = 900000[\n]"
14:55:54.298 [docker-java-stream-39689327] DEBUG com.github.dockerjava.zerodep.shaded.org.apache.hc.client5.http.wire -- http-outgoing-2 << "[0x1][0x0][0x0][0x0][0x0][0x0][0x0]2[0x9]transaction.partition.verification.enable = true[\n]"
14:55:54.298 [docker-java-stream-39689327] DEBUG com.github.dockerjava.zerodep.shaded.org.apache.hc.client5.http.wire -- http-outgoing-2 << "[0x1][0x0][0x0][0x0][0x0][0x0][0x0]F[0x9]transaction.remove.expired.transaction.cleanup.interval.ms = 3600000[\n]"
14:55:54.298 [docker-java-stream-39689327] DEBUG com.github.dockerjava.zerodep.shaded.org.apache.hc.client5.http.wire -- http-outgoing-2 << "[0x1][0x0][0x0][0x0][0x0][0x0][0x0]2[0x9]transaction.state.log.load.buffer.size = 5242880[\n]"
14:55:54.298 [docker-java-stream-39689327] DEBUG com.github.dockerjava.zerodep.shaded.org.apache.hc.client5.http.wire -- http-outgoing-2 << "[0x1][0x0][0x0][0x0][0x0][0x0][0x0]#[0x9]transaction.state.log.min.isr = 1[\n]"
14:55:54.298 [docker-java-stream-39689327] DEBUG com.github.dockerjava.zerodep.shaded.org.apache.hc.client5.http.wire -- http-outgoing-2 << "[0x1][0x0][0x0][0x0][0x0][0x0][0x0]+[0x9]transaction.state.log.num.partitions = 50[\n]"
14:55:54.298 [docker-java-stream-39689327] DEBUG com.github.dockerjava.zerodep.shaded.org.apache.hc.client5.http.wire -- http-outgoing-2 << "[0x1][0x0][0x0][0x0][0x0][0x0][0x0].[0x9]transaction.state.log.replication.factor = 1[\n]"
14:55:54.298 [docker-java-stream-39689327] DEBUG com.github.dockerjava.zerodep.shaded.org.apache.hc.client5.http.wire -- http-outgoing-2 << "[0x1][0x0][0x0][0x0][0x0][0x0][0x0]1[0x9]transaction.state.log.segment.bytes = 104857600[\n]"
14:55:54.298 [docker-java-stream-39689327] DEBUG com.github.dockerjava.zerodep.shaded.org.apache.hc.client5.http.wire -- http-outgoing-2 << "[0x1][0x0][0x0][0x0][0x0][0x0][0x0],[0x9]transactional.id.expiration.ms = 604800000[\n]"
14:55:54.298 [docker-java-stream-39689327] DEBUG com.github.dockerjava.zerodep.shaded.org.apache.hc.client5.http.wire -- http-outgoing-2 << "[0x1][0x0][0x0][0x0][0x0][0x0][0x0]([0x9]unclean.leader.election.enable = false[\n]"
14:55:54.298 [docker-java-stream-39689327] DEBUG com.github.dockerjava.zerodep.shaded.org.apache.hc.client5.http.wire -- http-outgoing-2 << "[0x1][0x0][0x0][0x0][0x0][0x0][0x0]&[0x9]unstable.api.versions.enable = false[\n]"
14:55:54.298 [docker-java-stream-39689327] DEBUG com.github.dockerjava.zerodep.shaded.org.apache.hc.client5.http.wire -- http-outgoing-2 << "[0x1][0x0][0x0][0x0][0x0][0x0][0x0]#[0x9]zookeeper.clientCnxnSocket = null[\n]"
14:55:54.298 [docker-java-stream-39689327] DEBUG com.github.dockerjava.zerodep.shaded.org.apache.hc.client5.http.wire -- http-outgoing-2 << "[0x1][0x0][0x0][0x0][0x0][0x0][0x0]$[0x9]zookeeper.connect = localhost:2181[\n]"
14:55:54.298 [docker-java-stream-39689327] DEBUG com.github.dockerjava.zerodep.shaded.org.apache.hc.client5.http.wire -- http-outgoing-2 << "[0x1][0x0][0x0][0x0][0x0][0x0][0x0]([0x9]zookeeper.connection.timeout.ms = null[\n]"
14:55:54.298 [docker-java-stream-39689327] DEBUG com.github.dockerjava.zerodep.shaded.org.apache.hc.client5.http.wire -- http-outgoing-2 << "[0x1][0x0][0x0][0x0][0x0][0x0][0x0]'[0x9]zookeeper.max.in.flight.requests = 10[\n]"
14:55:54.298 [docker-java-stream-39689327] DEBUG com.github.dockerjava.zerodep.shaded.org.apache.hc.client5.http.wire -- http-outgoing-2 << "[0x1][0x0][0x0][0x0][0x0][0x0][0x0]-[0x9]zookeeper.metadata.migration.enable = false[\n]"
14:55:54.298 [docker-java-stream-39689327] DEBUG com.github.dockerjava.zerodep.shaded.org.apache.hc.client5.http.wire -- http-outgoing-2 << "[0x1][0x0][0x0][0x0][0x0][0x0][0x0]&[0x9]zookeeper.session.timeout.ms = 18000[\n]"
14:55:54.298 [docker-java-stream-39689327] DEBUG com.github.dockerjava.zerodep.shaded.org.apache.hc.client5.http.wire -- http-outgoing-2 << "[0x1][0x0][0x0][0x0][0x0][0x0][0x0][0x1b][0x9]zookeeper.set.acl = false[\n]"
14:55:54.298 [docker-java-stream-39689327] DEBUG com.github.dockerjava.zerodep.shaded.org.apache.hc.client5.http.wire -- http-outgoing-2 << "[0x1][0x0][0x0][0x0][0x0][0x0][0x0]$[0x9]zookeeper.ssl.cipher.suites = null[\n]"
14:55:54.298 [docker-java-stream-39689327] DEBUG com.github.dockerjava.zerodep.shaded.org.apache.hc.client5.http.wire -- http-outgoing-2 << "[0x1][0x0][0x0][0x0][0x0][0x0][0x0]%[0x9]zookeeper.ssl.client.enable = false[\n]"
14:55:54.298 [docker-java-stream-39689327] DEBUG com.github.dockerjava.zerodep.shaded.org.apache.hc.client5.http.wire -- http-outgoing-2 << "[0x1][0x0][0x0][0x0][0x0][0x0][0x0]"[0x9]zookeeper.ssl.crl.enable = false[\n]"
14:55:54.298 [docker-java-stream-39689327] DEBUG com.github.dockerjava.zerodep.shaded.org.apache.hc.client5.http.wire -- http-outgoing-2 << "[0x1][0x0][0x0][0x0][0x0][0x0][0x0]([0x9]zookeeper.ssl.enabled.protocols = null[\n]"
14:55:54.298 [docker-java-stream-39689327] DEBUG com.github.dockerjava.zerodep.shaded.org.apache.hc.client5.http.wire -- http-outgoing-2 << "[0x1][0x0][0x0][0x0][0x0][0x0][0x0]9[0x9]zookeeper.ssl.endpoint.identification.algorithm = HTTPS[\n]"
14:55:54.298 [docker-java-stream-39689327] DEBUG com.github.dockerjava.zerodep.shaded.org.apache.hc.client5.http.wire -- http-outgoing-2 << "[0x1][0x0][0x0][0x0][0x0][0x0][0x0]([0x9]zookeeper.ssl.keystore.location = null[\n]"
14:55:54.298 [docker-java-stream-39689327] DEBUG com.github.dockerjava.zerodep.shaded.org.apache.hc.client5.http.wire -- http-outgoing-2 << "[0x1][0x0][0x0][0x0][0x0][0x0][0x0]([0x9]zookeeper.ssl.keystore.password = null[\n]"
14:55:54.298 [docker-java-stream-39689327] DEBUG com.github.dockerjava.zerodep.shaded.org.apache.hc.client5.http.wire -- http-outgoing-2 << "[0x1][0x0][0x0][0x0][0x0][0x0][0x0]$[0x9]zookeeper.ssl.keystore.type = null[\n]"
14:55:54.298 [docker-java-stream-39689327] DEBUG com.github.dockerjava.zerodep.shaded.org.apache.hc.client5.http.wire -- http-outgoing-2 << "[0x1][0x0][0x0][0x0][0x0][0x0][0x0]#[0x9]zookeeper.ssl.ocsp.enable = false[\n]"
14:55:54.298 [docker-java-stream-39689327] DEBUG com.github.dockerjava.zerodep.shaded.org.apache.hc.client5.http.wire -- http-outgoing-2 << "[0x1][0x0][0x0][0x0][0x0][0x0][0x0]"[0x9]zookeeper.ssl.protocol = TLSv1.2[\n]"
14:55:54.298 [docker-java-stream-39689327] DEBUG com.github.dockerjava.zerodep.shaded.org.apache.hc.client5.http.wire -- http-outgoing-2 << "[0x1][0x0][0x0][0x0][0x0][0x0][0x0]*[0x9]zookeeper.ssl.truststore.location = null[\n]"
14:55:54.298 [docker-java-stream-39689327] DEBUG com.github.dockerjava.zerodep.shaded.org.apache.hc.client5.http.wire -- http-outgoing-2 << "[0x1][0x0][0x0][0x0][0x0][0x0][0x0]*[0x9]zookeeper.ssl.truststore.password = null[\n]"
14:55:54.298 [docker-java-stream-39689327] DEBUG com.github.dockerjava.zerodep.shaded.org.apache.hc.client5.http.wire -- http-outgoing-2 << "[0x1][0x0][0x0][0x0][0x0][0x0][0x0]&[0x9]zookeeper.ssl.truststore.type = null[\n]"
14:55:54.298 [docker-java-stream-39689327] DEBUG com.github.dockerjava.zerodep.shaded.org.apache.hc.client5.http.wire -- http-outgoing-2 << "[0x1][0x0][0x0][0x0][0x0][0x0][0x0][0x1c] (kafka.server.KafkaConfig)[\n]"
14:55:54.298 [docker-java-stream-39689327] DEBUG com.github.dockerjava.zerodep.shaded.org.apache.hc.client5.http.wire -- http-outgoing-2 << "[\r][\n]"
14:55:54.300 [main] DEBUG org.testcontainers.containers.output.WaitingConsumer -- STDOUT:  (kafka.server.KafkaConfig)
14:55:54.300 [main] DEBUG org.testcontainers.containers.output.WaitingConsumer -- STDOUT: 	zookeeper.ssl.truststore.type = null
14:55:54.300 [main] DEBUG org.testcontainers.containers.output.WaitingConsumer -- STDOUT: 	zookeeper.ssl.truststore.password = null
14:55:54.300 [main] DEBUG org.testcontainers.containers.output.WaitingConsumer -- STDOUT: 	zookeeper.ssl.truststore.location = null
14:55:54.300 [main] DEBUG org.testcontainers.containers.output.WaitingConsumer -- STDOUT: 	zookeeper.ssl.protocol = TLSv1.2
14:55:54.300 [main] DEBUG org.testcontainers.containers.output.WaitingConsumer -- STDOUT: 	zookeeper.ssl.ocsp.enable = false
14:55:54.300 [main] DEBUG org.testcontainers.containers.output.WaitingConsumer -- STDOUT: 	zookeeper.ssl.keystore.type = null
14:55:54.300 [main] DEBUG org.testcontainers.containers.output.WaitingConsumer -- STDOUT: 	zookeeper.ssl.keystore.password = null
14:55:54.300 [main] DEBUG org.testcontainers.containers.output.WaitingConsumer -- STDOUT: 	zookeeper.ssl.keystore.location = null
14:55:54.300 [main] DEBUG org.testcontainers.containers.output.WaitingConsumer -- STDOUT: 	zookeeper.ssl.endpoint.identification.algorithm = HTTPS
14:55:54.300 [main] DEBUG org.testcontainers.containers.output.WaitingConsumer -- STDOUT: 	zookeeper.ssl.enabled.protocols = null
14:55:54.300 [main] DEBUG org.testcontainers.containers.output.WaitingConsumer -- STDOUT: 	zookeeper.ssl.crl.enable = false
14:55:54.300 [main] DEBUG org.testcontainers.containers.output.WaitingConsumer -- STDOUT: 	zookeeper.ssl.client.enable = false
14:55:54.300 [main] DEBUG org.testcontainers.containers.output.WaitingConsumer -- STDOUT: 	zookeeper.ssl.cipher.suites = null
14:55:54.300 [main] DEBUG org.testcontainers.containers.output.WaitingConsumer -- STDOUT: 	zookeeper.set.acl = false
14:55:54.300 [main] DEBUG org.testcontainers.containers.output.WaitingConsumer -- STDOUT: 	zookeeper.session.timeout.ms = 18000
14:55:54.300 [main] DEBUG org.testcontainers.containers.output.WaitingConsumer -- STDOUT: 	zookeeper.metadata.migration.enable = false
14:55:54.300 [main] DEBUG org.testcontainers.containers.output.WaitingConsumer -- STDOUT: 	zookeeper.max.in.flight.requests = 10
14:55:54.300 [main] DEBUG org.testcontainers.containers.output.WaitingConsumer -- STDOUT: 	zookeeper.connection.timeout.ms = null
14:55:54.300 [main] DEBUG org.testcontainers.containers.output.WaitingConsumer -- STDOUT: 	zookeeper.connect = localhost:2181
14:55:54.300 [main] DEBUG org.testcontainers.containers.output.WaitingConsumer -- STDOUT: 	zookeeper.clientCnxnSocket = null
14:55:54.300 [main] DEBUG org.testcontainers.containers.output.WaitingConsumer -- STDOUT: 	unstable.api.versions.enable = false
14:55:54.300 [main] DEBUG org.testcontainers.containers.output.WaitingConsumer -- STDOUT: 	unclean.leader.election.enable = false
14:55:54.300 [main] DEBUG org.testcontainers.containers.output.WaitingConsumer -- STDOUT: 	transactional.id.expiration.ms = 604800000
14:55:54.300 [main] DEBUG org.testcontainers.containers.output.WaitingConsumer -- STDOUT: 	transaction.state.log.segment.bytes = 104857600
14:55:54.300 [main] DEBUG org.testcontainers.containers.output.WaitingConsumer -- STDOUT: 	transaction.state.log.replication.factor = 1
14:55:54.300 [main] DEBUG org.testcontainers.containers.output.WaitingConsumer -- STDOUT: 	transaction.state.log.num.partitions = 50
14:55:54.300 [main] DEBUG org.testcontainers.containers.output.WaitingConsumer -- STDOUT: 	transaction.state.log.min.isr = 1
14:55:54.300 [main] DEBUG org.testcontainers.containers.output.WaitingConsumer -- STDOUT: 	transaction.state.log.load.buffer.size = 5242880
14:55:54.300 [main] DEBUG org.testcontainers.containers.output.WaitingConsumer -- STDOUT: 	transaction.remove.expired.transaction.cleanup.interval.ms = 3600000
14:55:54.300 [main] DEBUG org.testcontainers.containers.output.WaitingConsumer -- STDOUT: 	transaction.partition.verification.enable = true
14:55:54.300 [main] DEBUG org.testcontainers.containers.output.WaitingConsumer -- STDOUT: 	transaction.max.timeout.ms = 900000
14:55:54.300 [main] DEBUG org.testcontainers.containers.output.WaitingConsumer -- STDOUT: 	transaction.abort.timed.out.transaction.cleanup.interval.ms = 10000
14:55:54.300 [main] DEBUG org.testcontainers.containers.output.WaitingConsumer -- STDOUT: 	ssl.truststore.type = JKS
14:55:54.300 [main] DEBUG org.testcontainers.containers.output.WaitingConsumer -- STDOUT: 	ssl.truststore.password = null
14:55:54.300 [main] DEBUG org.testcontainers.containers.output.WaitingConsumer -- STDOUT: 	ssl.truststore.location = null
14:55:54.300 [main] DEBUG org.testcontainers.containers.output.WaitingConsumer -- STDOUT: 	ssl.truststore.certificates = null
14:55:54.300 [main] DEBUG org.testcontainers.containers.output.WaitingConsumer -- STDOUT: 	ssl.trustmanager.algorithm = PKIX
14:55:54.300 [main] DEBUG org.testcontainers.containers.output.WaitingConsumer -- STDOUT: 	ssl.secure.random.implementation = null
14:55:54.300 [main] DEBUG org.testcontainers.containers.output.WaitingConsumer -- STDOUT: 	ssl.provider = null
14:55:54.300 [main] DEBUG org.testcontainers.containers.output.WaitingConsumer -- STDOUT: 	ssl.protocol = TLSv1.3
14:55:54.300 [main] DEBUG org.testcontainers.containers.output.WaitingConsumer -- STDOUT: 	ssl.principal.mapping.rules = DEFAULT
14:55:54.300 [main] DEBUG org.testcontainers.containers.output.WaitingConsumer -- STDOUT: 	ssl.keystore.type = JKS
14:55:54.300 [main] DEBUG org.testcontainers.containers.output.WaitingConsumer -- STDOUT: 	ssl.keystore.password = null
14:55:54.300 [main] DEBUG org.testcontainers.containers.output.WaitingConsumer -- STDOUT: 	ssl.keystore.location = null
14:55:54.300 [main] DEBUG org.testcontainers.containers.output.WaitingConsumer -- STDOUT: 	ssl.keystore.key = null
14:55:54.300 [main] DEBUG org.testcontainers.containers.output.WaitingConsumer -- STDOUT: 	ssl.keystore.certificate.chain = null
14:55:54.300 [main] DEBUG org.testcontainers.containers.output.WaitingConsumer -- STDOUT: 	ssl.keymanager.algorithm = SunX509
14:55:54.300 [main] DEBUG org.testcontainers.containers.output.WaitingConsumer -- STDOUT: 	ssl.key.password = null
14:55:54.300 [main] DEBUG org.testcontainers.containers.output.WaitingConsumer -- STDOUT: 	ssl.engine.factory.class = null
14:55:54.300 [main] DEBUG org.testcontainers.containers.output.WaitingConsumer -- STDOUT: 	ssl.endpoint.identification.algorithm = https
14:55:54.300 [main] DEBUG org.testcontainers.containers.output.WaitingConsumer -- STDOUT: 	ssl.enabled.protocols = [TLSv1.2, TLSv1.3]
14:55:54.300 [main] DEBUG org.testcontainers.containers.output.WaitingConsumer -- STDOUT: 	ssl.client.auth = none
14:55:54.300 [main] DEBUG org.testcontainers.containers.output.WaitingConsumer -- STDOUT: 	ssl.cipher.suites = []
14:55:54.300 [main] DEBUG org.testcontainers.containers.output.WaitingConsumer -- STDOUT: 	socket.send.buffer.bytes = 102400
14:55:54.300 [main] DEBUG org.testcontainers.containers.output.WaitingConsumer -- STDOUT: 	socket.request.max.bytes = 104857600
14:55:54.300 [main] DEBUG org.testcontainers.containers.output.WaitingConsumer -- STDOUT: 	socket.receive.buffer.bytes = 102400
14:55:54.300 [main] DEBUG org.testcontainers.containers.output.WaitingConsumer -- STDOUT: 	socket.listen.backlog.size = 50
14:55:54.300 [main] DEBUG org.testcontainers.containers.output.WaitingConsumer -- STDOUT: 	socket.connection.setup.timeout.ms = 10000
14:55:54.300 [main] DEBUG org.testcontainers.containers.output.WaitingConsumer -- STDOUT: 	socket.connection.setup.timeout.max.ms = 30000
14:55:54.300 [main] DEBUG org.testcontainers.containers.output.WaitingConsumer -- STDOUT: 	server.max.startup.time.ms = 9223372036854775807
14:55:54.300 [main] DEBUG org.testcontainers.containers.output.WaitingConsumer -- STDOUT: 	security.providers = null
14:55:54.300 [main] DEBUG org.testcontainers.containers.output.WaitingConsumer -- STDOUT: 	security.inter.broker.protocol = PLAINTEXT
14:55:54.300 [main] DEBUG org.testcontainers.containers.output.WaitingConsumer -- STDOUT: 	sasl.server.max.receive.size = 524288
14:55:54.300 [main] DEBUG org.testcontainers.containers.output.WaitingConsumer -- STDOUT: 	sasl.server.callback.handler.class = null
14:55:54.300 [main] DEBUG org.testcontainers.containers.output.WaitingConsumer -- STDOUT: 	sasl.oauthbearer.token.endpoint.url = null
14:55:54.300 [main] DEBUG org.testcontainers.containers.output.WaitingConsumer -- STDOUT: 	sasl.oauthbearer.sub.claim.name = sub
14:55:54.300 [main] DEBUG org.testcontainers.containers.output.WaitingConsumer -- STDOUT: 	sasl.oauthbearer.scope.claim.name = scope
14:55:54.300 [main] DEBUG org.testcontainers.containers.output.WaitingConsumer -- STDOUT: 	sasl.oauthbearer.jwks.endpoint.url = null
14:55:54.300 [main] DEBUG org.testcontainers.containers.output.WaitingConsumer -- STDOUT: 	sasl.oauthbearer.jwks.endpoint.retry.backoff.ms = 100
14:55:54.300 [main] DEBUG org.testcontainers.containers.output.WaitingConsumer -- STDOUT: 	sasl.oauthbearer.jwks.endpoint.retry.backoff.max.ms = 10000
14:55:54.300 [main] DEBUG org.testcontainers.containers.output.WaitingConsumer -- STDOUT: 	sasl.oauthbearer.jwks.endpoint.refresh.ms = 3600000
14:55:54.300 [main] DEBUG org.testcontainers.containers.output.WaitingConsumer -- STDOUT: 	sasl.oauthbearer.expected.issuer = null
14:55:54.300 [main] DEBUG org.testcontainers.containers.output.WaitingConsumer -- STDOUT: 	sasl.oauthbearer.expected.audience = null
14:55:54.300 [main] DEBUG org.testcontainers.containers.output.WaitingConsumer -- STDOUT: 	sasl.oauthbearer.clock.skew.seconds = 30
14:55:54.300 [main] DEBUG org.testcontainers.containers.output.WaitingConsumer -- STDOUT: 	sasl.mechanism.inter.broker.protocol = GSSAPI
14:55:54.300 [main] DEBUG org.testcontainers.containers.output.WaitingConsumer -- STDOUT: 	sasl.mechanism.controller.protocol = GSSAPI
14:55:54.300 [main] DEBUG org.testcontainers.containers.output.WaitingConsumer -- STDOUT: 	sasl.login.retry.backoff.ms = 100
14:55:54.300 [main] DEBUG org.testcontainers.containers.output.WaitingConsumer -- STDOUT: 	sasl.login.retry.backoff.max.ms = 10000
14:55:54.300 [main] DEBUG org.testcontainers.containers.output.WaitingConsumer -- STDOUT: 	sasl.login.refresh.window.jitter = 0.05
14:55:54.300 [main] DEBUG org.testcontainers.containers.output.WaitingConsumer -- STDOUT: 	sasl.login.refresh.window.factor = 0.8
14:55:54.300 [main] DEBUG org.testcontainers.containers.output.WaitingConsumer -- STDOUT: 	sasl.login.refresh.min.period.seconds = 60
14:55:54.300 [main] DEBUG org.testcontainers.containers.output.WaitingConsumer -- STDOUT: 	sasl.login.refresh.buffer.seconds = 300
14:55:54.300 [main] DEBUG org.testcontainers.containers.output.WaitingConsumer -- STDOUT: 	sasl.login.read.timeout.ms = null
14:55:54.300 [main] DEBUG org.testcontainers.containers.output.WaitingConsumer -- STDOUT: 	sasl.login.connect.timeout.ms = null
14:55:54.300 [main] DEBUG org.testcontainers.containers.output.WaitingConsumer -- STDOUT: 	sasl.login.class = null
14:55:54.300 [main] DEBUG org.testcontainers.containers.output.WaitingConsumer -- STDOUT: 	sasl.login.callback.handler.class = null
14:55:54.300 [main] DEBUG org.testcontainers.containers.output.WaitingConsumer -- STDOUT: 	sasl.kerberos.ticket.renew.window.factor = 0.8
14:55:54.300 [main] DEBUG org.testcontainers.containers.output.WaitingConsumer -- STDOUT: 	sasl.kerberos.ticket.renew.jitter = 0.05
14:55:54.300 [main] DEBUG org.testcontainers.containers.output.WaitingConsumer -- STDOUT: 	sasl.kerberos.service.name = null
14:55:54.300 [main] DEBUG org.testcontainers.containers.output.WaitingConsumer -- STDOUT: 	sasl.kerberos.principal.to.local.rules = [DEFAULT]
14:55:54.301 [main] DEBUG org.testcontainers.containers.output.WaitingConsumer -- STDOUT: 	sasl.kerberos.min.time.before.relogin = 60000
14:55:54.301 [main] DEBUG org.testcontainers.containers.output.WaitingConsumer -- STDOUT: 	sasl.kerberos.kinit.cmd = /usr/bin/kinit
14:55:54.301 [main] DEBUG org.testcontainers.containers.output.WaitingConsumer -- STDOUT: 	sasl.jaas.config = null
14:55:54.301 [main] DEBUG org.testcontainers.containers.output.WaitingConsumer -- STDOUT: 	sasl.enabled.mechanisms = [GSSAPI]
14:55:54.301 [main] DEBUG org.testcontainers.containers.output.WaitingConsumer -- STDOUT: 	sasl.client.callback.handler.class = null
14:55:54.301 [main] DEBUG org.testcontainers.containers.output.WaitingConsumer -- STDOUT: 	reserved.broker.max.id = 1000
14:55:54.301 [main] DEBUG org.testcontainers.containers.output.WaitingConsumer -- STDOUT: 	request.timeout.ms = 30000
14:55:54.301 [main] DEBUG org.testcontainers.containers.output.WaitingConsumer -- STDOUT: 	replication.quota.window.size.seconds = 1
14:55:54.301 [main] DEBUG org.testcontainers.containers.output.WaitingConsumer -- STDOUT: 	replication.quota.window.num = 11
14:55:54.301 [main] DEBUG org.testcontainers.containers.output.WaitingConsumer -- STDOUT: 	replica.socket.timeout.ms = 30000
14:55:54.301 [main] DEBUG org.testcontainers.containers.output.WaitingConsumer -- STDOUT: 	replica.socket.receive.buffer.bytes = 65536
14:55:54.301 [main] DEBUG org.testcontainers.containers.output.WaitingConsumer -- STDOUT: 	replica.selector.class = null
14:55:54.301 [main] DEBUG org.testcontainers.containers.output.WaitingConsumer -- STDOUT: 	replica.lag.time.max.ms = 30000
14:55:54.301 [main] DEBUG org.testcontainers.containers.output.WaitingConsumer -- STDOUT: 	replica.high.watermark.checkpoint.interval.ms = 5000
14:55:54.301 [main] DEBUG org.testcontainers.containers.output.WaitingConsumer -- STDOUT: 	replica.fetch.wait.max.ms = 500
14:55:54.301 [main] DEBUG org.testcontainers.containers.output.WaitingConsumer -- STDOUT: 	replica.fetch.response.max.bytes = 10485760
14:55:54.301 [main] DEBUG org.testcontainers.containers.output.WaitingConsumer -- STDOUT: 	replica.fetch.min.bytes = 1
14:55:54.301 [main] DEBUG org.testcontainers.containers.output.WaitingConsumer -- STDOUT: 	replica.fetch.max.bytes = 1048576
14:55:54.301 [main] DEBUG org.testcontainers.containers.output.WaitingConsumer -- STDOUT: 	replica.fetch.backoff.ms = 1000
14:55:54.301 [main] DEBUG org.testcontainers.containers.output.WaitingConsumer -- STDOUT: 	remote.log.storage.system.enable = false
14:55:54.301 [main] DEBUG org.testcontainers.containers.output.WaitingConsumer -- STDOUT: 	remote.log.storage.manager.impl.prefix = rsm.config.
14:55:54.301 [main] DEBUG org.testcontainers.containers.output.WaitingConsumer -- STDOUT: 	remote.log.storage.manager.class.path = null
14:55:54.301 [main] DEBUG org.testcontainers.containers.output.WaitingConsumer -- STDOUT: 	remote.log.storage.manager.class.name = null
14:55:54.301 [main] DEBUG org.testcontainers.containers.output.WaitingConsumer -- STDOUT: 	remote.log.reader.threads = 10
14:55:54.301 [main] DEBUG org.testcontainers.containers.output.WaitingConsumer -- STDOUT: 	remote.log.reader.max.pending.tasks = 100
14:55:54.301 [main] DEBUG org.testcontainers.containers.output.WaitingConsumer -- STDOUT: 	remote.log.metadata.manager.listener.name = null
14:55:54.301 [main] DEBUG org.testcontainers.containers.output.WaitingConsumer -- STDOUT: 	remote.log.metadata.manager.impl.prefix = rlmm.config.
14:55:54.301 [main] DEBUG org.testcontainers.containers.output.WaitingConsumer -- STDOUT: 	remote.log.metadata.manager.class.path = null
14:55:54.301 [main] DEBUG org.testcontainers.containers.output.WaitingConsumer -- STDOUT: 	remote.log.metadata.manager.class.name = org.apache.kafka.server.log.remote.metadata.storage.TopicBasedRemoteLogMetadataManager
14:55:54.301 [main] DEBUG org.testcontainers.containers.output.WaitingConsumer -- STDOUT: 	remote.log.metadata.custom.metadata.max.bytes = 128
14:55:54.301 [main] DEBUG org.testcontainers.containers.output.WaitingConsumer -- STDOUT: 	remote.log.manager.thread.pool.size = 10
14:55:54.301 [main] DEBUG org.testcontainers.containers.output.WaitingConsumer -- STDOUT: 	remote.log.manager.task.retry.jitter = 0.2
14:55:54.301 [main] DEBUG org.testcontainers.containers.output.WaitingConsumer -- STDOUT: 	remote.log.manager.task.retry.backoff.ms = 500
14:55:54.301 [main] DEBUG org.testcontainers.containers.output.WaitingConsumer -- STDOUT: 	remote.log.manager.task.retry.backoff.max.ms = 30000
14:55:54.301 [main] DEBUG org.testcontainers.containers.output.WaitingConsumer -- STDOUT: 	remote.log.manager.task.interval.ms = 30000
14:55:54.301 [main] DEBUG org.testcontainers.containers.output.WaitingConsumer -- STDOUT: 	remote.log.index.file.cache.total.size.bytes = 1073741824
14:55:54.301 [main] DEBUG org.testcontainers.containers.output.WaitingConsumer -- STDOUT: 	quota.window.size.seconds = 1
14:55:54.301 [main] DEBUG org.testcontainers.containers.output.WaitingConsumer -- STDOUT: 	quota.window.num = 11
14:55:54.301 [main] DEBUG org.testcontainers.containers.output.WaitingConsumer -- STDOUT: 	queued.max.requests = 500
14:55:54.301 [main] DEBUG org.testcontainers.containers.output.WaitingConsumer -- STDOUT: 	queued.max.request.bytes = -1
14:55:54.301 [main] DEBUG org.testcontainers.containers.output.WaitingConsumer -- STDOUT: 	producer.purgatory.purge.interval.requests = 1000
14:55:54.301 [main] DEBUG org.testcontainers.containers.output.WaitingConsumer -- STDOUT: 	producer.id.expiration.ms = 86400000
14:55:54.301 [main] DEBUG org.testcontainers.containers.output.WaitingConsumer -- STDOUT: 	producer.id.expiration.check.interval.ms = 600000
14:55:54.301 [main] DEBUG org.testcontainers.containers.output.WaitingConsumer -- STDOUT: 	process.roles = []
14:55:54.301 [main] DEBUG org.testcontainers.containers.output.WaitingConsumer -- STDOUT: 	principal.builder.class = class org.apache.kafka.common.security.authenticator.DefaultKafkaPrincipalBuilder
14:55:54.301 [main] DEBUG org.testcontainers.containers.output.WaitingConsumer -- STDOUT: 	password.encoder.secret = null
14:55:54.301 [main] DEBUG org.testcontainers.containers.output.WaitingConsumer -- STDOUT: 	password.encoder.old.secret = null
14:55:54.301 [main] DEBUG org.testcontainers.containers.output.WaitingConsumer -- STDOUT: 	password.encoder.keyfactory.algorithm = null
14:55:54.301 [main] DEBUG org.testcontainers.containers.output.WaitingConsumer -- STDOUT: 	password.encoder.key.length = 128
14:55:54.301 [main] DEBUG org.testcontainers.containers.output.WaitingConsumer -- STDOUT: 	password.encoder.iterations = 4096
14:55:54.301 [main] DEBUG org.testcontainers.containers.output.WaitingConsumer -- STDOUT: 	password.encoder.cipher.algorithm = AES/CBC/PKCS5Padding
14:55:54.301 [main] DEBUG org.testcontainers.containers.output.WaitingConsumer -- STDOUT: 	offsets.topic.segment.bytes = 104857600
14:55:54.301 [main] DEBUG org.testcontainers.containers.output.WaitingConsumer -- STDOUT: 	offsets.topic.replication.factor = 1
14:55:54.301 [main] DEBUG org.testcontainers.containers.output.WaitingConsumer -- STDOUT: 	offsets.topic.num.partitions = 1
14:55:54.301 [main] DEBUG org.testcontainers.containers.output.WaitingConsumer -- STDOUT: 	offsets.topic.compression.codec = 0
14:55:54.301 [main] DEBUG org.testcontainers.containers.output.WaitingConsumer -- STDOUT: 	offsets.retention.minutes = 10080
14:55:54.301 [main] DEBUG org.testcontainers.containers.output.WaitingConsumer -- STDOUT: 	offsets.retention.check.interval.ms = 600000
14:55:54.301 [main] DEBUG org.testcontainers.containers.output.WaitingConsumer -- STDOUT: 	offsets.load.buffer.size = 5242880
14:55:54.301 [main] DEBUG org.testcontainers.containers.output.WaitingConsumer -- STDOUT: 	offsets.commit.timeout.ms = 5000
14:55:54.301 [main] DEBUG org.testcontainers.containers.output.WaitingConsumer -- STDOUT: 	offsets.commit.required.acks = -1
14:55:54.301 [main] DEBUG org.testcontainers.containers.output.WaitingConsumer -- STDOUT: 	offset.metadata.max.bytes = 4096
14:55:54.301 [main] DEBUG org.testcontainers.containers.output.WaitingConsumer -- STDOUT: 	num.replica.fetchers = 1
14:55:54.301 [main] DEBUG org.testcontainers.containers.output.WaitingConsumer -- STDOUT: 	num.replica.alter.log.dirs.threads = null
14:55:54.301 [main] DEBUG org.testcontainers.containers.output.WaitingConsumer -- STDOUT: 	num.recovery.threads.per.data.dir = 1
14:55:54.301 [main] DEBUG org.testcontainers.containers.output.WaitingConsumer -- STDOUT: 	num.partitions = 1
14:55:54.301 [main] DEBUG org.testcontainers.containers.output.WaitingConsumer -- STDOUT: 	num.network.threads = 3
14:55:54.301 [main] DEBUG org.testcontainers.containers.output.WaitingConsumer -- STDOUT: 	num.io.threads = 8
14:55:54.301 [main] DEBUG org.testcontainers.containers.output.WaitingConsumer -- STDOUT: 	node.id = 1
14:55:54.301 [main] DEBUG org.testcontainers.containers.output.WaitingConsumer -- STDOUT: 	min.insync.replicas = 1
14:55:54.301 [main] DEBUG org.testcontainers.containers.output.WaitingConsumer -- STDOUT: 	metrics.sample.window.ms = 30000
14:55:54.301 [main] DEBUG org.testcontainers.containers.output.WaitingConsumer -- STDOUT: 	metrics.recording.level = INFO
14:55:54.301 [main] DEBUG org.testcontainers.containers.output.WaitingConsumer -- STDOUT: 	metrics.num.samples = 2
14:55:54.301 [main] DEBUG org.testcontainers.containers.output.WaitingConsumer -- STDOUT: 	metric.reporters = []
14:55:54.301 [main] DEBUG org.testcontainers.containers.output.WaitingConsumer -- STDOUT: 	metadata.max.retention.ms = 604800000
14:55:54.301 [main] DEBUG org.testcontainers.containers.output.WaitingConsumer -- STDOUT: 	metadata.max.retention.bytes = 104857600
14:55:54.301 [main] DEBUG org.testcontainers.containers.output.WaitingConsumer -- STDOUT: 	metadata.max.idle.interval.ms = 500
14:55:54.301 [main] DEBUG org.testcontainers.containers.output.WaitingConsumer -- STDOUT: 	metadata.log.segment.ms = 604800000
14:55:54.301 [main] DEBUG org.testcontainers.containers.output.WaitingConsumer -- STDOUT: 	metadata.log.segment.min.bytes = 8388608
14:55:54.301 [main] DEBUG org.testcontainers.containers.output.WaitingConsumer -- STDOUT: 	metadata.log.segment.bytes = 1073741824
14:55:54.301 [main] DEBUG org.testcontainers.containers.output.WaitingConsumer -- STDOUT: 	metadata.log.max.snapshot.interval.ms = 3600000
14:55:54.301 [main] DEBUG org.testcontainers.containers.output.WaitingConsumer -- STDOUT: 	metadata.log.max.record.bytes.between.snapshots = 20971520
14:55:54.301 [main] DEBUG org.testcontainers.containers.output.WaitingConsumer -- STDOUT: 	metadata.log.dir = null
14:55:54.301 [main] DEBUG org.testcontainers.containers.output.WaitingConsumer -- STDOUT: 	message.max.bytes = 1048588
14:55:54.301 [main] DEBUG org.testcontainers.containers.output.WaitingConsumer -- STDOUT: 	max.incremental.fetch.session.cache.slots = 1000
14:55:54.301 [main] DEBUG org.testcontainers.containers.output.WaitingConsumer -- STDOUT: 	max.connections.per.ip.overrides = 
14:55:54.301 [main] DEBUG org.testcontainers.containers.output.WaitingConsumer -- STDOUT: 	max.connections.per.ip = 2147483647
14:55:54.301 [main] DEBUG org.testcontainers.containers.output.WaitingConsumer -- STDOUT: 	max.connections = 2147483647
14:55:54.301 [main] DEBUG org.testcontainers.containers.output.WaitingConsumer -- STDOUT: 	max.connection.creation.rate = 2147483647
14:55:54.301 [main] DEBUG org.testcontainers.containers.output.WaitingConsumer -- STDOUT: 	log.segment.delete.delay.ms = 60000
14:55:54.301 [main] DEBUG org.testcontainers.containers.output.WaitingConsumer -- STDOUT: 	log.segment.bytes = 1073741824
14:55:54.301 [main] DEBUG org.testcontainers.containers.output.WaitingConsumer -- STDOUT: 	log.roll.ms = null
14:55:54.301 [main] DEBUG org.testcontainers.containers.output.WaitingConsumer -- STDOUT: 	log.roll.jitter.ms = null
14:55:54.301 [main] DEBUG org.testcontainers.containers.output.WaitingConsumer -- STDOUT: 	log.roll.jitter.hours = 0
14:55:54.301 [main] DEBUG org.testcontainers.containers.output.WaitingConsumer -- STDOUT: 	log.roll.hours = 168
14:55:54.301 [main] DEBUG org.testcontainers.containers.output.WaitingConsumer -- STDOUT: 	log.retention.ms = null
14:55:54.301 [main] DEBUG org.testcontainers.containers.output.WaitingConsumer -- STDOUT: 	log.retention.minutes = null
14:55:54.301 [main] DEBUG org.testcontainers.containers.output.WaitingConsumer -- STDOUT: 	log.retention.hours = 168
14:55:54.301 [main] DEBUG org.testcontainers.containers.output.WaitingConsumer -- STDOUT: 	log.retention.check.interval.ms = 300000
14:55:54.301 [main] DEBUG org.testcontainers.containers.output.WaitingConsumer -- STDOUT: 	log.retention.bytes = -1
14:55:54.301 [main] DEBUG org.testcontainers.containers.output.WaitingConsumer -- STDOUT: 	log.preallocate = false
14:55:54.301 [main] DEBUG org.testcontainers.containers.output.WaitingConsumer -- STDOUT: 	log.message.timestamp.type = CreateTime
14:55:54.301 [main] DEBUG org.testcontainers.containers.output.WaitingConsumer -- STDOUT: 	log.message.timestamp.difference.max.ms = 9223372036854775807
14:55:54.301 [main] DEBUG org.testcontainers.containers.output.WaitingConsumer -- STDOUT: 	log.message.timestamp.before.max.ms = 9223372036854775807
14:55:54.301 [main] DEBUG org.testcontainers.containers.output.WaitingConsumer -- STDOUT: 	log.message.timestamp.after.max.ms = 9223372036854775807
14:55:54.301 [main] DEBUG org.testcontainers.containers.output.WaitingConsumer -- STDOUT: 	log.message.format.version = 3.0-IV1
14:55:54.301 [main] DEBUG org.testcontainers.containers.output.WaitingConsumer -- STDOUT: 	log.message.downconversion.enable = true
14:55:54.301 [main] DEBUG org.testcontainers.containers.output.WaitingConsumer -- STDOUT: 	log.local.retention.ms = -2
14:55:54.301 [main] DEBUG org.testcontainers.containers.output.WaitingConsumer -- STDOUT: 	log.local.retention.bytes = -2
14:55:54.301 [main] DEBUG org.testcontainers.containers.output.WaitingConsumer -- STDOUT: 	log.index.size.max.bytes = 10485760
14:55:54.301 [main] DEBUG org.testcontainers.containers.output.WaitingConsumer -- STDOUT: 	log.index.interval.bytes = 4096
14:55:54.301 [main] DEBUG org.testcontainers.containers.output.WaitingConsumer -- STDOUT: 	log.flush.start.offset.checkpoint.interval.ms = 60000
14:55:54.301 [main] DEBUG org.testcontainers.containers.output.WaitingConsumer -- STDOUT: 	log.flush.scheduler.interval.ms = 9223372036854775807
14:55:54.301 [main] DEBUG org.testcontainers.containers.output.WaitingConsumer -- STDOUT: 	log.flush.offset.checkpoint.interval.ms = 60000
14:55:54.301 [main] DEBUG org.testcontainers.containers.output.WaitingConsumer -- STDOUT: 	log.flush.interval.ms = null
14:55:54.301 [main] DEBUG org.testcontainers.containers.output.WaitingConsumer -- STDOUT: 	log.flush.interval.messages = 9223372036854775807
14:55:54.301 [main] DEBUG org.testcontainers.containers.output.WaitingConsumer -- STDOUT: 	log.dirs = /var/lib/kafka/data
14:55:54.301 [main] DEBUG org.testcontainers.containers.output.WaitingConsumer -- STDOUT: 	log.dir = /tmp/kafka-logs
14:55:54.301 [main] DEBUG org.testcontainers.containers.output.WaitingConsumer -- STDOUT: 	log.cleanup.policy = [delete]
14:55:54.301 [main] DEBUG org.testcontainers.containers.output.WaitingConsumer -- STDOUT: 	log.cleaner.threads = 1
14:55:54.301 [main] DEBUG org.testcontainers.containers.output.WaitingConsumer -- STDOUT: 	log.cleaner.min.compaction.lag.ms = 0
14:55:54.301 [main] DEBUG org.testcontainers.containers.output.WaitingConsumer -- STDOUT: 	log.cleaner.min.cleanable.ratio = 0.5
14:55:54.301 [main] DEBUG org.testcontainers.containers.output.WaitingConsumer -- STDOUT: 	log.cleaner.max.compaction.lag.ms = 9223372036854775807
14:55:54.301 [main] DEBUG org.testcontainers.containers.output.WaitingConsumer -- STDOUT: 	log.cleaner.io.max.bytes.per.second = 1.7976931348623157E308
14:55:54.301 [main] DEBUG org.testcontainers.containers.output.WaitingConsumer -- STDOUT: 	log.cleaner.io.buffer.size = 524288
14:55:54.301 [main] DEBUG org.testcontainers.containers.output.WaitingConsumer -- STDOUT: 	log.cleaner.io.buffer.load.factor = 0.9
14:55:54.301 [main] DEBUG org.testcontainers.containers.output.WaitingConsumer -- STDOUT: 	log.cleaner.enable = true
14:55:54.301 [main] DEBUG org.testcontainers.containers.output.WaitingConsumer -- STDOUT: 	log.cleaner.delete.retention.ms = 86400000
14:55:54.301 [main] DEBUG org.testcontainers.containers.output.WaitingConsumer -- STDOUT: 	log.cleaner.dedupe.buffer.size = 134217728
14:55:54.301 [main] DEBUG org.testcontainers.containers.output.WaitingConsumer -- STDOUT: 	log.cleaner.backoff.ms = 15000
14:55:54.301 [main] DEBUG org.testcontainers.containers.output.WaitingConsumer -- STDOUT: 	listeners = PLAINTEXT://0.0.0.0:9093,BROKER://0.0.0.0:9092
14:55:54.301 [main] DEBUG org.testcontainers.containers.output.WaitingConsumer -- STDOUT: 	listener.security.protocol.map = BROKER:PLAINTEXT,PLAINTEXT:PLAINTEXT
14:55:54.301 [main] DEBUG org.testcontainers.containers.output.WaitingConsumer -- STDOUT: 	leader.imbalance.per.broker.percentage = 10
14:55:54.301 [main] DEBUG org.testcontainers.containers.output.WaitingConsumer -- STDOUT: 	leader.imbalance.check.interval.seconds = 300
14:55:54.301 [main] DEBUG org.testcontainers.containers.output.WaitingConsumer -- STDOUT: 	kafka.metrics.reporters = []
14:55:54.301 [main] DEBUG org.testcontainers.containers.output.WaitingConsumer -- STDOUT: 	kafka.metrics.polling.interval.secs = 10
14:55:54.301 [main] DEBUG org.testcontainers.containers.output.WaitingConsumer -- STDOUT: 	inter.broker.protocol.version = 3.6-IV2
14:55:54.301 [main] DEBUG org.testcontainers.containers.output.WaitingConsumer -- STDOUT: 	inter.broker.listener.name = BROKER
14:55:54.301 [main] DEBUG org.testcontainers.containers.output.WaitingConsumer -- STDOUT: 	initial.broker.registration.timeout.ms = 60000
14:55:54.301 [main] DEBUG org.testcontainers.containers.output.WaitingConsumer -- STDOUT: 	group.min.session.timeout.ms = 6000
14:55:54.301 [main] DEBUG org.testcontainers.containers.output.WaitingConsumer -- STDOUT: 	group.max.size = 2147483647
14:55:54.301 [main] DEBUG org.testcontainers.containers.output.WaitingConsumer -- STDOUT: 	group.max.session.timeout.ms = 1800000
14:55:54.301 [main] DEBUG org.testcontainers.containers.output.WaitingConsumer -- STDOUT: 	group.initial.rebalance.delay.ms = 0
14:55:54.301 [main] DEBUG org.testcontainers.containers.output.WaitingConsumer -- STDOUT: 	group.coordinator.threads = 1
14:55:54.301 [main] DEBUG org.testcontainers.containers.output.WaitingConsumer -- STDOUT: 	group.coordinator.new.enable = false
14:55:54.301 [main] DEBUG org.testcontainers.containers.output.WaitingConsumer -- STDOUT: 	group.consumer.session.timeout.ms = 45000
14:55:54.302 [main] DEBUG org.testcontainers.containers.output.WaitingConsumer -- STDOUT: 	group.consumer.min.session.timeout.ms = 45000
14:55:54.302 [main] DEBUG org.testcontainers.containers.output.WaitingConsumer -- STDOUT: 	group.consumer.min.heartbeat.interval.ms = 5000
14:55:54.302 [main] DEBUG org.testcontainers.containers.output.WaitingConsumer -- STDOUT: 	group.consumer.max.size = 2147483647
14:55:54.302 [main] DEBUG org.testcontainers.containers.output.WaitingConsumer -- STDOUT: 	group.consumer.max.session.timeout.ms = 60000
14:55:54.302 [main] DEBUG org.testcontainers.containers.output.WaitingConsumer -- STDOUT: 	group.consumer.max.heartbeat.interval.ms = 15000
14:55:54.302 [main] DEBUG org.testcontainers.containers.output.WaitingConsumer -- STDOUT: 	group.consumer.heartbeat.interval.ms = 5000
14:55:54.302 [main] DEBUG org.testcontainers.containers.output.WaitingConsumer -- STDOUT: 	group.consumer.assignors = [org.apache.kafka.coordinator.group.assignor.RangeAssignor]
14:55:54.302 [main] DEBUG org.testcontainers.containers.output.WaitingConsumer -- STDOUT: 	fetch.purgatory.purge.interval.requests = 1000
14:55:54.302 [main] DEBUG org.testcontainers.containers.output.WaitingConsumer -- STDOUT: 	fetch.max.bytes = 57671680
14:55:54.302 [main] DEBUG org.testcontainers.containers.output.WaitingConsumer -- STDOUT: 	early.start.listeners = null
14:55:54.302 [main] DEBUG org.testcontainers.containers.output.WaitingConsumer -- STDOUT: 	delete.topic.enable = true
14:55:54.302 [main] DEBUG org.testcontainers.containers.output.WaitingConsumer -- STDOUT: 	delete.records.purgatory.purge.interval.requests = 1
14:55:54.302 [main] DEBUG org.testcontainers.containers.output.WaitingConsumer -- STDOUT: 	delegation.token.secret.key = null
14:55:54.302 [main] DEBUG org.testcontainers.containers.output.WaitingConsumer -- STDOUT: 	delegation.token.max.lifetime.ms = 604800000
14:55:54.302 [main] DEBUG org.testcontainers.containers.output.WaitingConsumer -- STDOUT: 	delegation.token.master.key = null
14:55:54.302 [main] DEBUG org.testcontainers.containers.output.WaitingConsumer -- STDOUT: 	delegation.token.expiry.time.ms = 86400000
14:55:54.302 [main] DEBUG org.testcontainers.containers.output.WaitingConsumer -- STDOUT: 	delegation.token.expiry.check.interval.ms = 3600000
14:55:54.302 [main] DEBUG org.testcontainers.containers.output.WaitingConsumer -- STDOUT: 	default.replication.factor = 1
14:55:54.302 [main] DEBUG org.testcontainers.containers.output.WaitingConsumer -- STDOUT: 	create.topic.policy.class.name = null
14:55:54.302 [main] DEBUG org.testcontainers.containers.output.WaitingConsumer -- STDOUT: 	controller.socket.timeout.ms = 30000
14:55:54.302 [main] DEBUG org.testcontainers.containers.output.WaitingConsumer -- STDOUT: 	controller.quota.window.size.seconds = 1
14:55:54.302 [main] DEBUG org.testcontainers.containers.output.WaitingConsumer -- STDOUT: 	controller.quota.window.num = 11
14:55:54.302 [main] DEBUG org.testcontainers.containers.output.WaitingConsumer -- STDOUT: 	controller.quorum.voters = []
14:55:54.302 [main] DEBUG org.testcontainers.containers.output.WaitingConsumer -- STDOUT: 	controller.quorum.retry.backoff.ms = 20
14:55:54.302 [main] DEBUG org.testcontainers.containers.output.WaitingConsumer -- STDOUT: 	controller.quorum.request.timeout.ms = 2000
14:55:54.302 [main] DEBUG org.testcontainers.containers.output.WaitingConsumer -- STDOUT: 	controller.quorum.fetch.timeout.ms = 2000
14:55:54.302 [main] DEBUG org.testcontainers.containers.output.WaitingConsumer -- STDOUT: 	controller.quorum.election.timeout.ms = 1000
14:55:54.302 [main] DEBUG org.testcontainers.containers.output.WaitingConsumer -- STDOUT: 	controller.quorum.election.backoff.max.ms = 1000
14:55:54.302 [main] DEBUG org.testcontainers.containers.output.WaitingConsumer -- STDOUT: 	controller.quorum.append.linger.ms = 25
14:55:54.302 [main] DEBUG org.testcontainers.containers.output.WaitingConsumer -- STDOUT: 	controller.listener.names = null
14:55:54.302 [main] DEBUG org.testcontainers.containers.output.WaitingConsumer -- STDOUT: 	controlled.shutdown.retry.backoff.ms = 5000
14:55:54.302 [main] DEBUG org.testcontainers.containers.output.WaitingConsumer -- STDOUT: 	controlled.shutdown.max.retries = 3
14:55:54.302 [main] DEBUG org.testcontainers.containers.output.WaitingConsumer -- STDOUT: 	controlled.shutdown.enable = true
14:55:54.302 [main] DEBUG org.testcontainers.containers.output.WaitingConsumer -- STDOUT: 	control.plane.listener.name = null
14:55:54.302 [main] DEBUG org.testcontainers.containers.output.WaitingConsumer -- STDOUT: 	connections.max.reauth.ms = 0
14:55:54.302 [main] DEBUG org.testcontainers.containers.output.WaitingConsumer -- STDOUT: 	connections.max.idle.ms = 600000
14:55:54.302 [main] DEBUG org.testcontainers.containers.output.WaitingConsumer -- STDOUT: 	connection.failed.authentication.delay.ms = 100
14:55:54.302 [main] DEBUG org.testcontainers.containers.output.WaitingConsumer -- STDOUT: 	compression.type = producer
14:55:54.302 [main] DEBUG org.testcontainers.containers.output.WaitingConsumer -- STDOUT: 	client.quota.callback.class = null
14:55:54.302 [main] DEBUG org.testcontainers.containers.output.WaitingConsumer -- STDOUT: 	broker.session.timeout.ms = 9000
14:55:54.302 [main] DEBUG org.testcontainers.containers.output.WaitingConsumer -- STDOUT: 	broker.rack = null
14:55:54.302 [main] DEBUG org.testcontainers.containers.output.WaitingConsumer -- STDOUT: 	broker.id.generation.enable = true
14:55:54.302 [main] DEBUG org.testcontainers.containers.output.WaitingConsumer -- STDOUT: 	broker.id = 1
14:55:54.302 [main] DEBUG org.testcontainers.containers.output.WaitingConsumer -- STDOUT: 	broker.heartbeat.interval.ms = 2000
14:55:54.302 [main] DEBUG org.testcontainers.containers.output.WaitingConsumer -- STDOUT: 	background.threads = 10
14:55:54.302 [main] DEBUG org.testcontainers.containers.output.WaitingConsumer -- STDOUT: 	auto.leader.rebalance.enable = true
14:55:54.302 [main] DEBUG org.testcontainers.containers.output.WaitingConsumer -- STDOUT: 	auto.include.jmx.reporter = true
14:55:54.302 [main] DEBUG org.testcontainers.containers.output.WaitingConsumer -- STDOUT: 	auto.create.topics.enable = true
14:55:54.302 [main] DEBUG org.testcontainers.containers.output.WaitingConsumer -- STDOUT: 	authorizer.class.name = 
14:55:54.302 [main] DEBUG org.testcontainers.containers.output.WaitingConsumer -- STDOUT: 	alter.log.dirs.replication.quota.window.size.seconds = 1
14:55:54.302 [main] DEBUG org.testcontainers.containers.output.WaitingConsumer -- STDOUT: 	alter.log.dirs.replication.quota.window.num = 11
14:55:54.302 [main] DEBUG org.testcontainers.containers.output.WaitingConsumer -- STDOUT: 	alter.config.policy.class.name = null
14:55:54.302 [main] DEBUG org.testcontainers.containers.output.WaitingConsumer -- STDOUT: 	advertised.listeners = PLAINTEXT://localhost:62518,BROKER://0965ee6b2695:9092
14:55:54.302 [main] DEBUG org.testcontainers.containers.output.WaitingConsumer -- STDOUT: [2025-07-26 18:55:54,294] INFO KafkaConfig values: 
14:55:54.311 [docker-java-stream-39689327] DEBUG com.github.dockerjava.zerodep.shaded.org.apache.hc.client5.http.wire -- http-outgoing-2 << "89[\r][\n]"
14:55:54.311 [docker-java-stream-39689327] DEBUG com.github.dockerjava.zerodep.shaded.org.apache.hc.client5.http.wire -- http-outgoing-2 << "[0x1][0x0][0x0][0x0][0x0][0x0][0x0][0xffffff81][2025-07-26 18:55:54,310] INFO [ThrottledChannelReaper-Fetch]: Starting (kafka.server.ClientQuotaManager$ThrottledChannelReaper)[\n]"
14:55:54.311 [docker-java-stream-39689327] DEBUG com.github.dockerjava.zerodep.shaded.org.apache.hc.client5.http.wire -- http-outgoing-2 << "[\r][\n]"
14:55:54.311 [docker-java-stream-39689327] DEBUG com.github.dockerjava.zerodep.shaded.org.apache.hc.client5.http.wire -- http-outgoing-2 << "8b[\r][\n]"
14:55:54.311 [docker-java-stream-39689327] DEBUG com.github.dockerjava.zerodep.shaded.org.apache.hc.client5.http.wire -- http-outgoing-2 << "[0x1][0x0][0x0][0x0][0x0][0x0][0x0][0xffffff83][2025-07-26 18:55:54,310] INFO [ThrottledChannelReaper-Produce]: Starting (kafka.server.ClientQuotaManager$ThrottledChannelReaper)[\n]"
14:55:54.311 [docker-java-stream-39689327] DEBUG com.github.dockerjava.zerodep.shaded.org.apache.hc.client5.http.wire -- http-outgoing-2 << "[\r][\n]"
14:55:54.312 [docker-java-stream-39689327] DEBUG com.github.dockerjava.zerodep.shaded.org.apache.hc.client5.http.wire -- http-outgoing-2 << "8b[\r][\n]"
14:55:54.312 [docker-java-stream-39689327] DEBUG com.github.dockerjava.zerodep.shaded.org.apache.hc.client5.http.wire -- http-outgoing-2 << "[0x1][0x0][0x0][0x0][0x0][0x0][0x0][0xffffff83][2025-07-26 18:55:54,311] INFO [ThrottledChannelReaper-Request]: Starting (kafka.server.ClientQuotaManager$ThrottledChannelReaper)[\n]"
14:55:54.312 [docker-java-stream-39689327] DEBUG com.github.dockerjava.zerodep.shaded.org.apache.hc.client5.http.wire -- http-outgoing-2 << "[\r][\n]"
14:55:54.313 [docker-java-stream-39689327] DEBUG com.github.dockerjava.zerodep.shaded.org.apache.hc.client5.http.wire -- http-outgoing-2 << "96[\r][\n]"
14:55:54.313 [docker-java-stream-39689327] DEBUG com.github.dockerjava.zerodep.shaded.org.apache.hc.client5.http.wire -- http-outgoing-2 << "[0x1][0x0][0x0][0x0][0x0][0x0][0x0][0xffffff8e][2025-07-26 18:55:54,312] INFO [ThrottledChannelReaper-ControllerMutation]: Starting (kafka.server.ClientQuotaManager$ThrottledChannelReaper)[\n]"
14:55:54.313 [docker-java-stream-39689327] DEBUG com.github.dockerjava.zerodep.shaded.org.apache.hc.client5.http.wire -- http-outgoing-2 << "[\r][\n]"
14:55:54.313 [main] DEBUG org.testcontainers.containers.output.WaitingConsumer -- STDOUT: [2025-07-26 18:55:54,311] INFO [ThrottledChannelReaper-Request]: Starting (kafka.server.ClientQuotaManager$ThrottledChannelReaper)
14:55:54.313 [main] DEBUG org.testcontainers.containers.output.WaitingConsumer -- STDOUT: [2025-07-26 18:55:54,312] INFO [ThrottledChannelReaper-ControllerMutation]: Starting (kafka.server.ClientQuotaManager$ThrottledChannelReaper)
14:55:54.313 [main] DEBUG org.testcontainers.containers.output.WaitingConsumer -- STDOUT: [2025-07-26 18:55:54,310] INFO [ThrottledChannelReaper-Produce]: Starting (kafka.server.ClientQuotaManager$ThrottledChannelReaper)
14:55:54.313 [main] DEBUG org.testcontainers.containers.output.WaitingConsumer -- STDOUT: [2025-07-26 18:55:54,310] INFO [ThrottledChannelReaper-Fetch]: Starting (kafka.server.ClientQuotaManager$ThrottledChannelReaper)
14:55:54.325 [docker-java-stream-39689327] DEBUG com.github.dockerjava.zerodep.shaded.org.apache.hc.client5.http.wire -- http-outgoing-2 << "77[\r][\n]"
14:55:54.325 [docker-java-stream-39689327] DEBUG com.github.dockerjava.zerodep.shaded.org.apache.hc.client5.http.wire -- http-outgoing-2 << "[0x1][0x0][0x0][0x0][0x0][0x0][0x0]o[2025-07-26 18:55:54,324] INFO Loading logs from log dirs ArraySeq(/var/lib/kafka/data) (kafka.log.LogManager)[\n]"
14:55:54.325 [docker-java-stream-39689327] DEBUG com.github.dockerjava.zerodep.shaded.org.apache.hc.client5.http.wire -- http-outgoing-2 << "[\r][\n]"
14:55:54.325 [main] DEBUG org.testcontainers.containers.output.WaitingConsumer -- STDOUT: [2025-07-26 18:55:54,324] INFO Loading logs from log dirs ArraySeq(/var/lib/kafka/data) (kafka.log.LogManager)
14:55:54.327 [docker-java-stream-39689327] DEBUG com.github.dockerjava.zerodep.shaded.org.apache.hc.client5.http.wire -- http-outgoing-2 << "70[\r][\n]"
14:55:54.327 [docker-java-stream-39689327] DEBUG com.github.dockerjava.zerodep.shaded.org.apache.hc.client5.http.wire -- http-outgoing-2 << "[0x1][0x0][0x0][0x0][0x0][0x0][0x0]h[2025-07-26 18:55:54,326] INFO No logs found to be loaded in /var/lib/kafka/data (kafka.log.LogManager)[\n]"
14:55:54.327 [docker-java-stream-39689327] DEBUG com.github.dockerjava.zerodep.shaded.org.apache.hc.client5.http.wire -- http-outgoing-2 << "[\r][\n]"
14:55:54.330 [docker-java-stream-39689327] DEBUG com.github.dockerjava.zerodep.shaded.org.apache.hc.client5.http.wire -- http-outgoing-2 << "53[\r][\n]"
14:55:54.330 [docker-java-stream-39689327] DEBUG com.github.dockerjava.zerodep.shaded.org.apache.hc.client5.http.wire -- http-outgoing-2 << "[0x1][0x0][0x0][0x0][0x0][0x0][0x0]K[2025-07-26 18:55:54,329] INFO Loaded 0 logs in 4ms (kafka.log.LogManager)[\n]"
14:55:54.330 [docker-java-stream-39689327] DEBUG com.github.dockerjava.zerodep.shaded.org.apache.hc.client5.http.wire -- http-outgoing-2 << "[\r][\n]"
14:55:54.330 [docker-java-stream-39689327] DEBUG com.github.dockerjava.zerodep.shaded.org.apache.hc.client5.http.wire -- http-outgoing-2 << "6f[\r][\n]"
14:55:54.330 [docker-java-stream-39689327] DEBUG com.github.dockerjava.zerodep.shaded.org.apache.hc.client5.http.wire -- http-outgoing-2 << "[0x1][0x0][0x0][0x0][0x0][0x0][0x0]g[2025-07-26 18:55:54,329] INFO Starting log cleanup with a period of 300000 ms. (kafka.log.LogManager)[\n]"
14:55:54.330 [docker-java-stream-39689327] DEBUG com.github.dockerjava.zerodep.shaded.org.apache.hc.client5.http.wire -- http-outgoing-2 << "[\r][\n]"
14:55:54.335 [docker-java-stream-39689327] DEBUG com.github.dockerjava.zerodep.shaded.org.apache.hc.client5.http.wire -- http-outgoing-2 << "84[\r][\n]"
14:55:54.335 [docker-java-stream-39689327] DEBUG com.github.dockerjava.zerodep.shaded.org.apache.hc.client5.http.wire -- http-outgoing-2 << "[0x1][0x0][0x0][0x0][0x0][0x0][0x0]|[2025-07-26 18:55:54,334] INFO Starting log flusher with a default period of 9223372036854775807 ms. (kafka.log.LogManager)[\n]"
14:55:54.335 [docker-java-stream-39689327] DEBUG com.github.dockerjava.zerodep.shaded.org.apache.hc.client5.http.wire -- http-outgoing-2 << "[\r][\n]"
14:55:54.336 [main] DEBUG org.testcontainers.containers.output.WaitingConsumer -- STDOUT: [2025-07-26 18:55:54,334] INFO Starting log flusher with a default period of 9223372036854775807 ms. (kafka.log.LogManager)
14:55:54.336 [main] DEBUG org.testcontainers.containers.output.WaitingConsumer -- STDOUT: [2025-07-26 18:55:54,329] INFO Starting log cleanup with a period of 300000 ms. (kafka.log.LogManager)
14:55:54.336 [main] DEBUG org.testcontainers.containers.output.WaitingConsumer -- STDOUT: [2025-07-26 18:55:54,329] INFO Loaded 0 logs in 4ms (kafka.log.LogManager)
14:55:54.336 [main] DEBUG org.testcontainers.containers.output.WaitingConsumer -- STDOUT: [2025-07-26 18:55:54,326] INFO No logs found to be loaded in /var/lib/kafka/data (kafka.log.LogManager)
14:55:54.341 [docker-java-stream-39689327] DEBUG com.github.dockerjava.zerodep.shaded.org.apache.hc.client5.http.wire -- http-outgoing-2 << "57[\r][\n]"
14:55:54.341 [docker-java-stream-39689327] DEBUG com.github.dockerjava.zerodep.shaded.org.apache.hc.client5.http.wire -- http-outgoing-2 << "[0x1][0x0][0x0][0x0][0x0][0x0][0x0]O[2025-07-26 18:55:54,340] INFO Starting the log cleaner (kafka.log.LogCleaner)[\n]"
14:55:54.341 [docker-java-stream-39689327] DEBUG com.github.dockerjava.zerodep.shaded.org.apache.hc.client5.http.wire -- http-outgoing-2 << "[\r][\n]"
14:55:54.348 [main] DEBUG org.testcontainers.containers.output.WaitingConsumer -- STDOUT: [2025-07-26 18:55:54,340] INFO Starting the log cleaner (kafka.log.LogCleaner)
14:55:54.348 [docker-java-stream-39689327] DEBUG com.github.dockerjava.zerodep.shaded.org.apache.hc.client5.http.wire -- http-outgoing-2 << "73[\r][\n]"
14:55:54.348 [docker-java-stream-39689327] DEBUG com.github.dockerjava.zerodep.shaded.org.apache.hc.client5.http.wire -- http-outgoing-2 << "[0x1][0x0][0x0][0x0][0x0][0x0][0x0]k[2025-07-26 18:55:54,347] INFO [kafka-log-cleaner-thread-0]: Starting (kafka.log.LogCleaner$CleanerThread)[\n]"
14:55:54.348 [docker-java-stream-39689327] DEBUG com.github.dockerjava.zerodep.shaded.org.apache.hc.client5.http.wire -- http-outgoing-2 << "[\r][\n]"
14:55:54.355 [docker-java-stream-39689327] DEBUG com.github.dockerjava.zerodep.shaded.org.apache.hc.client5.http.wire -- http-outgoing-2 << "a8[\r][\n]"
14:55:54.355 [docker-java-stream-39689327] DEBUG com.github.dockerjava.zerodep.shaded.org.apache.hc.client5.http.wire -- http-outgoing-2 << "[0x1][0x0][0x0][0x0][0x0][0x0][0x0][0xffffffa0][2025-07-26 18:55:54,354] INFO [feature-zk-node-event-process-thread]: Starting (kafka.server.FinalizedFeatureChangeListener$ChangeNotificationProcessorThread)[\n]"
14:55:54.355 [docker-java-stream-39689327] DEBUG com.github.dockerjava.zerodep.shaded.org.apache.hc.client5.http.wire -- http-outgoing-2 << "[\r][\n]"
14:55:54.359 [main] DEBUG org.testcontainers.containers.output.WaitingConsumer -- STDOUT: [2025-07-26 18:55:54,354] INFO [feature-zk-node-event-process-thread]: Starting (kafka.server.FinalizedFeatureChangeListener$ChangeNotificationProcessorThread)
14:55:54.359 [main] DEBUG org.testcontainers.containers.output.WaitingConsumer -- STDOUT: [2025-07-26 18:55:54,347] INFO [kafka-log-cleaner-thread-0]: Starting (kafka.log.LogCleaner$CleanerThread)
14:55:54.360 [docker-java-stream-39689327] DEBUG com.github.dockerjava.zerodep.shaded.org.apache.hc.client5.http.wire -- http-outgoing-2 << "86[\r][\n]"
14:55:54.361 [docker-java-stream-39689327] DEBUG com.github.dockerjava.zerodep.shaded.org.apache.hc.client5.http.wire -- http-outgoing-2 << "[0x1][0x0][0x0][0x0][0x0][0x0][0x0]~[2025-07-26 18:55:54,360] INFO Feature ZK node at path: /feature does not exist (kafka.server.FinalizedFeatureChangeListener)[\n]"
14:55:54.361 [docker-java-stream-39689327] DEBUG com.github.dockerjava.zerodep.shaded.org.apache.hc.client5.http.wire -- http-outgoing-2 << "[\r][\n]"
14:55:54.371 [docker-java-stream-39689327] DEBUG com.github.dockerjava.zerodep.shaded.org.apache.hc.client5.http.wire -- http-outgoing-2 << "97[\r][\n]"
14:55:54.371 [docker-java-stream-39689327] DEBUG com.github.dockerjava.zerodep.shaded.org.apache.hc.client5.http.wire -- http-outgoing-2 << "[0x1][0x0][0x0][0x0][0x0][0x0][0x0][0xffffff8f][2025-07-26 18:55:54,370] INFO [zk-broker-1-to-controller-forwarding-channel-manager]: Starting (kafka.server.BrokerToControllerRequestThread)[\n]"
14:55:54.371 [main] DEBUG org.testcontainers.containers.output.WaitingConsumer -- STDOUT: [2025-07-26 18:55:54,360] INFO Feature ZK node at path: /feature does not exist (kafka.server.FinalizedFeatureChangeListener)
14:55:54.371 [docker-java-stream-39689327] DEBUG com.github.dockerjava.zerodep.shaded.org.apache.hc.client5.http.wire -- http-outgoing-2 << "[\r][\n]"
14:55:54.383 [main] DEBUG org.testcontainers.containers.output.WaitingConsumer -- STDOUT: [2025-07-26 18:55:54,370] INFO [zk-broker-1-to-controller-forwarding-channel-manager]: Starting (kafka.server.BrokerToControllerRequestThread)
14:55:54.503 [docker-java-stream-39689327] DEBUG com.github.dockerjava.zerodep.shaded.org.apache.hc.client5.http.wire -- http-outgoing-2 << "92[\r][\n]"
14:55:54.503 [docker-java-stream-39689327] DEBUG com.github.dockerjava.zerodep.shaded.org.apache.hc.client5.http.wire -- http-outgoing-2 << "[0x1][0x0][0x0][0x0][0x0][0x0][0x0][0xffffff8a][2025-07-26 18:55:54,501] INFO Updated connection-accept-rate max connection creation rate to 2147483647 (kafka.network.ConnectionQuotas)[\n]"
14:55:54.503 [docker-java-stream-39689327] DEBUG com.github.dockerjava.zerodep.shaded.org.apache.hc.client5.http.wire -- http-outgoing-2 << "[\r][\n]"
14:55:54.512 [docker-java-stream-39689327] DEBUG com.github.dockerjava.zerodep.shaded.org.apache.hc.client5.http.wire -- http-outgoing-2 << "c6[\r][\n]"
14:55:54.512 [docker-java-stream-39689327] DEBUG com.github.dockerjava.zerodep.shaded.org.apache.hc.client5.http.wire -- http-outgoing-2 << "[0x1][0x0][0x0][0x0][0x0][0x0][0x0][0xffffffbe][2025-07-26 18:55:54,511] INFO [SocketServer listenerType=ZK_BROKER, nodeId=1] Created data-plane acceptor and processors for endpoint : ListenerName(PLAINTEXT) (kafka.network.SocketServer)[\n]"
14:55:54.512 [docker-java-stream-39689327] DEBUG com.github.dockerjava.zerodep.shaded.org.apache.hc.client5.http.wire -- http-outgoing-2 << "[\r][\n]"
14:55:54.512 [docker-java-stream-39689327] DEBUG com.github.dockerjava.zerodep.shaded.org.apache.hc.client5.http.wire -- http-outgoing-2 << "92[\r][\n]"
14:55:54.512 [docker-java-stream-39689327] DEBUG com.github.dockerjava.zerodep.shaded.org.apache.hc.client5.http.wire -- http-outgoing-2 << "[0x1][0x0][0x0][0x0][0x0][0x0][0x0][0xffffff8a][2025-07-26 18:55:54,511] INFO Updated connection-accept-rate max connection creation rate to 2147483647 (kafka.network.ConnectionQuotas)[\n]"
14:55:54.512 [docker-java-stream-39689327] DEBUG com.github.dockerjava.zerodep.shaded.org.apache.hc.client5.http.wire -- http-outgoing-2 << "[\r][\n]"
14:55:54.513 [main] DEBUG org.testcontainers.containers.output.WaitingConsumer -- STDOUT: [2025-07-26 18:55:54,511] INFO Updated connection-accept-rate max connection creation rate to 2147483647 (kafka.network.ConnectionQuotas)
14:55:54.513 [main] DEBUG org.testcontainers.containers.output.WaitingConsumer -- STDOUT: [2025-07-26 18:55:54,511] INFO [SocketServer listenerType=ZK_BROKER, nodeId=1] Created data-plane acceptor and processors for endpoint : ListenerName(PLAINTEXT) (kafka.network.SocketServer)
14:55:54.513 [main] DEBUG org.testcontainers.containers.output.WaitingConsumer -- STDOUT: [2025-07-26 18:55:54,501] INFO Updated connection-accept-rate max connection creation rate to 2147483647 (kafka.network.ConnectionQuotas)
14:55:54.514 [docker-java-stream-39689327] DEBUG com.github.dockerjava.zerodep.shaded.org.apache.hc.client5.http.wire -- http-outgoing-2 << "c3[\r][\n]"
14:55:54.514 [docker-java-stream-39689327] DEBUG com.github.dockerjava.zerodep.shaded.org.apache.hc.client5.http.wire -- http-outgoing-2 << "[0x1][0x0][0x0][0x0][0x0][0x0][0x0][0xffffffbb][2025-07-26 18:55:54,513] INFO [SocketServer listenerType=ZK_BROKER, nodeId=1] Created data-plane acceptor and processors for endpoint : ListenerName(BROKER) (kafka.network.SocketServer)[\n]"
14:55:54.514 [docker-java-stream-39689327] DEBUG com.github.dockerjava.zerodep.shaded.org.apache.hc.client5.http.wire -- http-outgoing-2 << "[\r][\n]"
14:55:54.517 [docker-java-stream-39689327] DEBUG com.github.dockerjava.zerodep.shaded.org.apache.hc.client5.http.wire -- http-outgoing-2 << "9c[\r][\n]"
14:55:54.517 [docker-java-stream-39689327] DEBUG com.github.dockerjava.zerodep.shaded.org.apache.hc.client5.http.wire -- http-outgoing-2 << "[0x1][0x0][0x0][0x0][0x0][0x0][0x0][0xffffff94][2025-07-26 18:55:54,516] INFO [zk-broker-1-to-controller-alter-partition-channel-manager]: Starting (kafka.server.BrokerToControllerRequestThread)[\n]"
14:55:54.517 [docker-java-stream-39689327] DEBUG com.github.dockerjava.zerodep.shaded.org.apache.hc.client5.http.wire -- http-outgoing-2 << "[\r][\n]"
14:55:54.525 [main] DEBUG org.testcontainers.containers.output.WaitingConsumer -- STDOUT: [2025-07-26 18:55:54,516] INFO [zk-broker-1-to-controller-alter-partition-channel-manager]: Starting (kafka.server.BrokerToControllerRequestThread)
14:55:54.526 [main] DEBUG org.testcontainers.containers.output.WaitingConsumer -- STDOUT: [2025-07-26 18:55:54,513] INFO [SocketServer listenerType=ZK_BROKER, nodeId=1] Created data-plane acceptor and processors for endpoint : ListenerName(BROKER) (kafka.network.SocketServer)
14:55:54.528 [docker-java-stream-39689327] DEBUG com.github.dockerjava.zerodep.shaded.org.apache.hc.client5.http.wire -- http-outgoing-2 << "8e[\r][\n]"
14:55:54.528 [docker-java-stream-39689327] DEBUG com.github.dockerjava.zerodep.shaded.org.apache.hc.client5.http.wire -- http-outgoing-2 << "[0x1][0x0][0x0][0x0][0x0][0x0][0x0][0xffffff86][2025-07-26 18:55:54,527] INFO [ExpirationReaper-1-Produce]: Starting (kafka.server.DelayedOperationPurgatory$ExpiredOperationReaper)[\n]"
14:55:54.528 [docker-java-stream-39689327] DEBUG com.github.dockerjava.zerodep.shaded.org.apache.hc.client5.http.wire -- http-outgoing-2 << "[\r][\n]"
14:55:54.529 [docker-java-stream-39689327] DEBUG com.github.dockerjava.zerodep.shaded.org.apache.hc.client5.http.wire -- http-outgoing-2 << "8c[\r][\n]"
14:55:54.529 [docker-java-stream-39689327] DEBUG com.github.dockerjava.zerodep.shaded.org.apache.hc.client5.http.wire -- http-outgoing-2 << "[0x1][0x0][0x0][0x0][0x0][0x0][0x0][0xffffff84][2025-07-26 18:55:54,527] INFO [ExpirationReaper-1-Fetch]: Starting (kafka.server.DelayedOperationPurgatory$ExpiredOperationReaper)[\n]"
14:55:54.529 [docker-java-stream-39689327] DEBUG com.github.dockerjava.zerodep.shaded.org.apache.hc.client5.http.wire -- http-outgoing-2 << "[\r][\n]"
14:55:54.529 [docker-java-stream-39689327] DEBUG com.github.dockerjava.zerodep.shaded.org.apache.hc.client5.http.wire -- http-outgoing-2 << "94[\r][\n]"
14:55:54.529 [docker-java-stream-39689327] DEBUG com.github.dockerjava.zerodep.shaded.org.apache.hc.client5.http.wire -- http-outgoing-2 << "[0x1][0x0][0x0][0x0][0x0][0x0][0x0][0xffffff8c][2025-07-26 18:55:54,528] INFO [ExpirationReaper-1-DeleteRecords]: Starting (kafka.server.DelayedOperationPurgatory$ExpiredOperationReaper)[\n]"
14:55:54.529 [docker-java-stream-39689327] DEBUG com.github.dockerjava.zerodep.shaded.org.apache.hc.client5.http.wire -- http-outgoing-2 << "[\r][\n]"
14:55:54.529 [docker-java-stream-39689327] DEBUG com.github.dockerjava.zerodep.shaded.org.apache.hc.client5.http.wire -- http-outgoing-2 << "92[\r][\n]"
14:55:54.529 [docker-java-stream-39689327] DEBUG com.github.dockerjava.zerodep.shaded.org.apache.hc.client5.http.wire -- http-outgoing-2 << "[0x1][0x0][0x0][0x0][0x0][0x0][0x0][0xffffff8a][2025-07-26 18:55:54,528] INFO [ExpirationReaper-1-ElectLeader]: Starting (kafka.server.DelayedOperationPurgatory$ExpiredOperationReaper)[\n]"
14:55:54.529 [docker-java-stream-39689327] DEBUG com.github.dockerjava.zerodep.shaded.org.apache.hc.client5.http.wire -- http-outgoing-2 << "[\r][\n]"
14:55:54.530 [docker-java-stream-39689327] DEBUG com.github.dockerjava.zerodep.shaded.org.apache.hc.client5.http.wire -- http-outgoing-2 << "92[\r][\n]"
14:55:54.530 [docker-java-stream-39689327] DEBUG com.github.dockerjava.zerodep.shaded.org.apache.hc.client5.http.wire -- http-outgoing-2 << "[0x1][0x0][0x0][0x0][0x0][0x0][0x0][0xffffff8a][2025-07-26 18:55:54,529] INFO [ExpirationReaper-1-RemoteFetch]: Starting (kafka.server.DelayedOperationPurgatory$ExpiredOperationReaper)[\n]"
14:55:54.530 [docker-java-stream-39689327] DEBUG com.github.dockerjava.zerodep.shaded.org.apache.hc.client5.http.wire -- http-outgoing-2 << "[\r][\n]"
14:55:54.535 [docker-java-stream-39689327] DEBUG com.github.dockerjava.zerodep.shaded.org.apache.hc.client5.http.wire -- http-outgoing-2 << "7b[\r][\n]"
14:55:54.536 [docker-java-stream-39689327] DEBUG com.github.dockerjava.zerodep.shaded.org.apache.hc.client5.http.wire -- http-outgoing-2 << "[0x1][0x0][0x0][0x0][0x0][0x0][0x0]s[2025-07-26 18:55:54,534] INFO [LogDirFailureHandler]: Starting (kafka.server.ReplicaManager$LogDirFailureHandler)[\n]"
14:55:54.536 [docker-java-stream-39689327] DEBUG com.github.dockerjava.zerodep.shaded.org.apache.hc.client5.http.wire -- http-outgoing-2 << "[\r][\n]"
14:55:54.536 [docker-java-stream-39689327] DEBUG com.github.dockerjava.zerodep.shaded.org.apache.hc.client5.http.wire -- http-outgoing-2 << "7d[\r][\n]"
14:55:54.536 [docker-java-stream-39689327] DEBUG com.github.dockerjava.zerodep.shaded.org.apache.hc.client5.http.wire -- http-outgoing-2 << "[0x1][0x0][0x0][0x0][0x0][0x0][0x0]u[2025-07-26 18:55:54,535] INFO [AddPartitionsToTxnSenderThread-1]: Starting (kafka.server.AddPartitionsToTxnManager)[\n]"
14:55:54.536 [docker-java-stream-39689327] DEBUG com.github.dockerjava.zerodep.shaded.org.apache.hc.client5.http.wire -- http-outgoing-2 << "[\r][\n]"
14:55:54.538 [main] DEBUG org.testcontainers.containers.output.WaitingConsumer -- STDOUT: [2025-07-26 18:55:54,535] INFO [AddPartitionsToTxnSenderThread-1]: Starting (kafka.server.AddPartitionsToTxnManager)
14:55:54.538 [main] DEBUG org.testcontainers.containers.output.WaitingConsumer -- STDOUT: [2025-07-26 18:55:54,534] INFO [LogDirFailureHandler]: Starting (kafka.server.ReplicaManager$LogDirFailureHandler)
14:55:54.538 [main] DEBUG org.testcontainers.containers.output.WaitingConsumer -- STDOUT: [2025-07-26 18:55:54,529] INFO [ExpirationReaper-1-RemoteFetch]: Starting (kafka.server.DelayedOperationPurgatory$ExpiredOperationReaper)
14:55:54.538 [main] DEBUG org.testcontainers.containers.output.WaitingConsumer -- STDOUT: [2025-07-26 18:55:54,528] INFO [ExpirationReaper-1-ElectLeader]: Starting (kafka.server.DelayedOperationPurgatory$ExpiredOperationReaper)
14:55:54.538 [main] DEBUG org.testcontainers.containers.output.WaitingConsumer -- STDOUT: [2025-07-26 18:55:54,528] INFO [ExpirationReaper-1-DeleteRecords]: Starting (kafka.server.DelayedOperationPurgatory$ExpiredOperationReaper)
14:55:54.538 [main] DEBUG org.testcontainers.containers.output.WaitingConsumer -- STDOUT: [2025-07-26 18:55:54,527] INFO [ExpirationReaper-1-Fetch]: Starting (kafka.server.DelayedOperationPurgatory$ExpiredOperationReaper)
14:55:54.538 [main] DEBUG org.testcontainers.containers.output.WaitingConsumer -- STDOUT: [2025-07-26 18:55:54,527] INFO [ExpirationReaper-1-Produce]: Starting (kafka.server.DelayedOperationPurgatory$ExpiredOperationReaper)
14:55:54.545 [docker-java-stream-39689327] DEBUG com.github.dockerjava.zerodep.shaded.org.apache.hc.client5.http.wire -- http-outgoing-2 << "6e[\r][\n]"
14:55:54.546 [docker-java-stream-39689327] DEBUG com.github.dockerjava.zerodep.shaded.org.apache.hc.client5.http.wire -- http-outgoing-2 << "[0x1][0x0][0x0][0x0][0x0][0x0][0x0]f[2025-07-26 18:55:54,544] INFO Creating /brokers/ids/1 (is it secure? false) (kafka.zk.KafkaZkClient)[\n]"
14:55:54.546 [docker-java-stream-39689327] DEBUG com.github.dockerjava.zerodep.shaded.org.apache.hc.client5.http.wire -- http-outgoing-2 << "[\r][\n]"
14:55:54.551 [main] DEBUG org.testcontainers.containers.output.WaitingConsumer -- STDOUT: [2025-07-26 18:55:54,544] INFO Creating /brokers/ids/1 (is it secure? false) (kafka.zk.KafkaZkClient)
14:55:54.555 [docker-java-stream-39689327] DEBUG com.github.dockerjava.zerodep.shaded.org.apache.hc.client5.http.wire -- http-outgoing-2 << "bc[\r][\n]"
14:55:54.555 [docker-java-stream-39689327] DEBUG com.github.dockerjava.zerodep.shaded.org.apache.hc.client5.http.wire -- http-outgoing-2 << "[0x1][0x0][0x0][0x0][0x0][0x0][0x0][0xffffff92][2025-07-26 18:55:54,554] INFO Stat of the created znode at /brokers/ids/1 is: 25,25,1753556154550,1753556154550,1,0,0,72059002598916096,254,0,25[\n]"
14:55:54.555 [docker-java-stream-39689327] DEBUG com.github.dockerjava.zerodep.shaded.org.apache.hc.client5.http.wire -- http-outgoing-2 << "[0x1][0x0][0x0][0x0][0x0][0x0][0x0][0x1a] (kafka.zk.KafkaZkClient)[\n]"
14:55:54.555 [docker-java-stream-39689327] DEBUG com.github.dockerjava.zerodep.shaded.org.apache.hc.client5.http.wire -- http-outgoing-2 << "[\r][\n]"
14:55:54.555 [docker-java-stream-39689327] DEBUG com.github.dockerjava.zerodep.shaded.org.apache.hc.client5.http.wire -- http-outgoing-2 << "cc[\r][\n]"
14:55:54.555 [docker-java-stream-39689327] DEBUG com.github.dockerjava.zerodep.shaded.org.apache.hc.client5.http.wire -- http-outgoing-2 << "[0x1][0x0][0x0][0x0][0x0][0x0][0x0][0xffffffc4][2025-07-26 18:55:54,554] INFO Registered broker 1 at path /brokers/ids/1 with addresses: PLAINTEXT://localhost:62518,BROKER://0965ee6b2695:9092, czxid (broker epoch): 25 (kafka.zk.KafkaZkClient)[\n]"
14:55:54.555 [docker-java-stream-39689327] DEBUG com.github.dockerjava.zerodep.shaded.org.apache.hc.client5.http.wire -- http-outgoing-2 << "[\r][\n]"
14:55:54.562 [main] DEBUG org.testcontainers.containers.output.WaitingConsumer -- STDOUT: [2025-07-26 18:55:54,554] INFO Registered broker 1 at path /brokers/ids/1 with addresses: PLAINTEXT://localhost:62518,BROKER://0965ee6b2695:9092, czxid (broker epoch): 25 (kafka.zk.KafkaZkClient)
14:55:54.562 [main] DEBUG org.testcontainers.containers.output.WaitingConsumer -- STDOUT:  (kafka.zk.KafkaZkClient)
14:55:54.562 [main] DEBUG org.testcontainers.containers.output.WaitingConsumer -- STDOUT: [2025-07-26 18:55:54,554] INFO Stat of the created znode at /brokers/ids/1 is: 25,25,1753556154550,1753556154550,1,0,0,72059002598916096,254,0,25
14:55:54.578 [docker-java-stream-39689327] DEBUG com.github.dockerjava.zerodep.shaded.org.apache.hc.client5.http.wire -- http-outgoing-2 << "97[\r][\n]"
14:55:54.578 [docker-java-stream-39689327] DEBUG com.github.dockerjava.zerodep.shaded.org.apache.hc.client5.http.wire -- http-outgoing-2 << "[0x1][0x0][0x0][0x0][0x0][0x0][0x0][0xffffff8f][2025-07-26 18:55:54,576] INFO [ControllerEventThread controllerId=1] Starting (kafka.controller.ControllerEventManager$ControllerEventThread)[\n]"
14:55:54.578 [docker-java-stream-39689327] DEBUG com.github.dockerjava.zerodep.shaded.org.apache.hc.client5.http.wire -- http-outgoing-2 << "[\r][\n]"
14:55:54.578 [main] DEBUG org.testcontainers.containers.output.WaitingConsumer -- STDOUT: [2025-07-26 18:55:54,576] INFO [ControllerEventThread controllerId=1] Starting (kafka.controller.ControllerEventManager$ControllerEventThread)
14:55:54.581 [docker-java-stream-39689327] DEBUG com.github.dockerjava.zerodep.shaded.org.apache.hc.client5.http.wire -- http-outgoing-2 << "8c[\r][\n]"
14:55:54.581 [docker-java-stream-39689327] DEBUG com.github.dockerjava.zerodep.shaded.org.apache.hc.client5.http.wire -- http-outgoing-2 << "[0x1][0x0][0x0][0x0][0x0][0x0][0x0][0xffffff84][2025-07-26 18:55:54,580] INFO [ExpirationReaper-1-topic]: Starting (kafka.server.DelayedOperationPurgatory$ExpiredOperationReaper)[\n]"
14:55:54.581 [docker-java-stream-39689327] DEBUG com.github.dockerjava.zerodep.shaded.org.apache.hc.client5.http.wire -- http-outgoing-2 << "[\r][\n]"
14:55:54.584 [docker-java-stream-39689327] DEBUG com.github.dockerjava.zerodep.shaded.org.apache.hc.client5.http.wire -- http-outgoing-2 << "90[\r][\n]"
14:55:54.584 [docker-java-stream-39689327] DEBUG com.github.dockerjava.zerodep.shaded.org.apache.hc.client5.http.wire -- http-outgoing-2 << "[0x1][0x0][0x0][0x0][0x0][0x0][0x0][0xffffff88][2025-07-26 18:55:54,583] INFO [ExpirationReaper-1-Heartbeat]: Starting (kafka.server.DelayedOperationPurgatory$ExpiredOperationReaper)[\n]"
14:55:54.584 [docker-java-stream-39689327] DEBUG com.github.dockerjava.zerodep.shaded.org.apache.hc.client5.http.wire -- http-outgoing-2 << "[\r][\n]"
14:55:54.584 [docker-java-stream-39689327] DEBUG com.github.dockerjava.zerodep.shaded.org.apache.hc.client5.http.wire -- http-outgoing-2 << "7c[\r][\n]"
14:55:54.584 [docker-java-stream-39689327] DEBUG com.github.dockerjava.zerodep.shaded.org.apache.hc.client5.http.wire -- http-outgoing-2 << "[0x1][0x0][0x0][0x0][0x0][0x0][0x0]t[2025-07-26 18:55:54,583] INFO Successfully created /controller_epoch with initial epoch 0 (kafka.zk.KafkaZkClient)[\n]"
14:55:54.584 [docker-java-stream-39689327] DEBUG com.github.dockerjava.zerodep.shaded.org.apache.hc.client5.http.wire -- http-outgoing-2 << "[\r][\n]"
14:55:54.585 [docker-java-stream-39689327] DEBUG com.github.dockerjava.zerodep.shaded.org.apache.hc.client5.http.wire -- http-outgoing-2 << "90[\r][\n]"
14:55:54.585 [docker-java-stream-39689327] DEBUG com.github.dockerjava.zerodep.shaded.org.apache.hc.client5.http.wire -- http-outgoing-2 << "[0x1][0x0][0x0][0x0][0x0][0x0][0x0][0xffffff88][2025-07-26 18:55:54,584] INFO [ExpirationReaper-1-Rebalance]: Starting (kafka.server.DelayedOperationPurgatory$ExpiredOperationReaper)[\n]"
14:55:54.585 [docker-java-stream-39689327] DEBUG com.github.dockerjava.zerodep.shaded.org.apache.hc.client5.http.wire -- http-outgoing-2 << "[\r][\n]"
14:55:54.588 [docker-java-stream-39689327] DEBUG com.github.dockerjava.zerodep.shaded.org.apache.hc.client5.http.wire -- http-outgoing-2 << "bb[\r][\n]"
14:55:54.588 [docker-java-stream-39689327] DEBUG com.github.dockerjava.zerodep.shaded.org.apache.hc.client5.http.wire -- http-outgoing-2 << "[0x1][0x0][0x0][0x0][0x0][0x0][0x0][0xffffffb3][2025-07-26 18:55:54,587] INFO [Controller id=1] 1 successfully elected as the controller. Epoch incremented to 1 and epoch zk version is now 1 (kafka.controller.KafkaController)[\n]"
14:55:54.588 [docker-java-stream-39689327] DEBUG com.github.dockerjava.zerodep.shaded.org.apache.hc.client5.http.wire -- http-outgoing-2 << "[\r][\n]"
14:55:54.588 [main] DEBUG org.testcontainers.containers.output.WaitingConsumer -- STDOUT: [2025-07-26 18:55:54,587] INFO [Controller id=1] 1 successfully elected as the controller. Epoch incremented to 1 and epoch zk version is now 1 (kafka.controller.KafkaController)
14:55:54.588 [main] DEBUG org.testcontainers.containers.output.WaitingConsumer -- STDOUT: [2025-07-26 18:55:54,584] INFO [ExpirationReaper-1-Rebalance]: Starting (kafka.server.DelayedOperationPurgatory$ExpiredOperationReaper)
14:55:54.588 [main] DEBUG org.testcontainers.containers.output.WaitingConsumer -- STDOUT: [2025-07-26 18:55:54,583] INFO Successfully created /controller_epoch with initial epoch 0 (kafka.zk.KafkaZkClient)
14:55:54.588 [main] DEBUG org.testcontainers.containers.output.WaitingConsumer -- STDOUT: [2025-07-26 18:55:54,583] INFO [ExpirationReaper-1-Heartbeat]: Starting (kafka.server.DelayedOperationPurgatory$ExpiredOperationReaper)
14:55:54.588 [main] DEBUG org.testcontainers.containers.output.WaitingConsumer -- STDOUT: [2025-07-26 18:55:54,580] INFO [ExpirationReaper-1-topic]: Starting (kafka.server.DelayedOperationPurgatory$ExpiredOperationReaper)
14:55:54.589 [docker-java-stream-39689327] DEBUG com.github.dockerjava.zerodep.shaded.org.apache.hc.client5.http.wire -- http-outgoing-2 << "b1[\r][\n]"
14:55:54.589 [docker-java-stream-39689327] DEBUG com.github.dockerjava.zerodep.shaded.org.apache.hc.client5.http.wire -- http-outgoing-2 << "[0x1][0x0][0x0][0x0][0x0][0x0][0x0][0xffffffa9][2025-07-26 18:55:54,588] INFO [Controller id=1] Creating FeatureZNode at path: /feature with contents: FeatureZNode(2,Enabled,Map()) (kafka.controller.KafkaController)[\n]"
14:55:54.589 [docker-java-stream-39689327] DEBUG com.github.dockerjava.zerodep.shaded.org.apache.hc.client5.http.wire -- http-outgoing-2 << "[\r][\n]"
14:55:54.591 [docker-java-stream-39689327] DEBUG com.github.dockerjava.zerodep.shaded.org.apache.hc.client5.http.wire -- http-outgoing-2 << "7f[\r][\n]"
14:55:54.591 [docker-java-stream-39689327] DEBUG com.github.dockerjava.zerodep.shaded.org.apache.hc.client5.http.wire -- http-outgoing-2 << "[0x1][0x0][0x0][0x0][0x0][0x0][0x0]w[2025-07-26 18:55:54,590] INFO Feature ZK node created at path: /feature (kafka.server.FinalizedFeatureChangeListener)[\n]"
14:55:54.591 [docker-java-stream-39689327] DEBUG com.github.dockerjava.zerodep.shaded.org.apache.hc.client5.http.wire -- http-outgoing-2 << "[\r][\n]"
14:55:54.592 [docker-java-stream-39689327] DEBUG com.github.dockerjava.zerodep.shaded.org.apache.hc.client5.http.wire -- http-outgoing-2 << "75[\r][\n]"
14:55:54.592 [docker-java-stream-39689327] DEBUG com.github.dockerjava.zerodep.shaded.org.apache.hc.client5.http.wire -- http-outgoing-2 << "[0x1][0x0][0x0][0x0][0x0][0x0][0x0]m[2025-07-26 18:55:54,591] INFO [GroupCoordinator 1]: Starting up. (kafka.coordinator.group.GroupCoordinator)[\n]"
14:55:54.592 [docker-java-stream-39689327] DEBUG com.github.dockerjava.zerodep.shaded.org.apache.hc.client5.http.wire -- http-outgoing-2 << "[\r][\n]"
14:55:54.594 [docker-java-stream-39689327] DEBUG com.github.dockerjava.zerodep.shaded.org.apache.hc.client5.http.wire -- http-outgoing-2 << "7a[\r][\n]"
14:55:54.594 [docker-java-stream-39689327] DEBUG com.github.dockerjava.zerodep.shaded.org.apache.hc.client5.http.wire -- http-outgoing-2 << "[0x1][0x0][0x0][0x0][0x0][0x0][0x0]r[2025-07-26 18:55:54,593] INFO [GroupCoordinator 1]: Startup complete. (kafka.coordinator.group.GroupCoordinator)[\n]"
14:55:54.594 [docker-java-stream-39689327] DEBUG com.github.dockerjava.zerodep.shaded.org.apache.hc.client5.http.wire -- http-outgoing-2 << "[\r][\n]"
14:55:54.601 [main] DEBUG org.testcontainers.containers.output.WaitingConsumer -- STDOUT: [2025-07-26 18:55:54,593] INFO [GroupCoordinator 1]: Startup complete. (kafka.coordinator.group.GroupCoordinator)
14:55:54.601 [main] DEBUG org.testcontainers.containers.output.WaitingConsumer -- STDOUT: [2025-07-26 18:55:54,591] INFO [GroupCoordinator 1]: Starting up. (kafka.coordinator.group.GroupCoordinator)
14:55:54.601 [main] DEBUG org.testcontainers.containers.output.WaitingConsumer -- STDOUT: [2025-07-26 18:55:54,590] INFO Feature ZK node created at path: /feature (kafka.server.FinalizedFeatureChangeListener)
14:55:54.601 [main] DEBUG org.testcontainers.containers.output.WaitingConsumer -- STDOUT: [2025-07-26 18:55:54,588] INFO [Controller id=1] Creating FeatureZNode at path: /feature with contents: FeatureZNode(2,Enabled,Map()) (kafka.controller.KafkaController)
14:55:54.601 [docker-java-stream-39689327] DEBUG com.github.dockerjava.zerodep.shaded.org.apache.hc.client5.http.wire -- http-outgoing-2 << "89[\r][\n]"
14:55:54.601 [docker-java-stream-39689327] DEBUG com.github.dockerjava.zerodep.shaded.org.apache.hc.client5.http.wire -- http-outgoing-2 << "[0x1][0x0][0x0][0x0][0x0][0x0][0x0][0xffffff81][2025-07-26 18:55:54,600] INFO [TransactionCoordinator id=1] Starting up. (kafka.coordinator.transaction.TransactionCoordinator)[\n]"
14:55:54.601 [docker-java-stream-39689327] DEBUG com.github.dockerjava.zerodep.shaded.org.apache.hc.client5.http.wire -- http-outgoing-2 << "[\r][\n]"
14:55:54.602 [docker-java-stream-39689327] DEBUG com.github.dockerjava.zerodep.shaded.org.apache.hc.client5.http.wire -- http-outgoing-2 << "151[\r][\n]"
14:55:54.602 [docker-java-stream-39689327] DEBUG com.github.dockerjava.zerodep.shaded.org.apache.hc.client5.http.wire -- http-outgoing-2 << "[0x1][0x0][0x0][0x0][0x0][0x0][0x0][0xffffffd8][2025-07-26 18:55:54,601] INFO [MetadataCache brokerId=1] Updated cache from existing None to latest Features(version=3.6-IV2, finalizedFeatures={}, finalizedFeaturesEpoch=0). (kafka.server.metadata.ZkMetadataCache)[\n]"
14:55:54.602 [docker-java-stream-39689327] DEBUG com.github.dockerjava.zerodep.shaded.org.apache.hc.client5.http.wire -- http-outgoing-2 << "[0x1][0x0][0x0][0x0][0x0][0x0][0x0]i[2025-07-26 18:55:54,601] INFO [Controller id=1] Registering handlers (kafka.controller.KafkaController)[\n]"
14:55:54.602 [docker-java-stream-39689327] DEBUG com.github.dockerjava.zerodep.shaded.org.apache.hc.client5.http.wire -- http-outgoing-2 << "[\r][\n]"
14:55:54.603 [docker-java-stream-39689327] DEBUG com.github.dockerjava.zerodep.shaded.org.apache.hc.client5.http.wire -- http-outgoing-2 << "8b[\r][\n]"
14:55:54.603 [docker-java-stream-39689327] DEBUG com.github.dockerjava.zerodep.shaded.org.apache.hc.client5.http.wire -- http-outgoing-2 << "[0x1][0x0][0x0][0x0][0x0][0x0][0x0][0xffffff83][2025-07-26 18:55:54,602] INFO [TxnMarkerSenderThread-1]: Starting (kafka.coordinator.transaction.TransactionMarkerChannelManager)[\n]"
14:55:54.603 [docker-java-stream-39689327] DEBUG com.github.dockerjava.zerodep.shaded.org.apache.hc.client5.http.wire -- http-outgoing-2 << "[\r][\n]"
14:55:54.603 [docker-java-stream-39689327] DEBUG com.github.dockerjava.zerodep.shaded.org.apache.hc.client5.http.wire -- http-outgoing-2 << "8e[\r][\n]"
14:55:54.603 [docker-java-stream-39689327] DEBUG com.github.dockerjava.zerodep.shaded.org.apache.hc.client5.http.wire -- http-outgoing-2 << "[0x1][0x0][0x0][0x0][0x0][0x0][0x0][0xffffff86][2025-07-26 18:55:54,602] INFO [TransactionCoordinator id=1] Startup complete. (kafka.coordinator.transaction.TransactionCoordinator)[\n]"
14:55:54.603 [docker-java-stream-39689327] DEBUG com.github.dockerjava.zerodep.shaded.org.apache.hc.client5.http.wire -- http-outgoing-2 << "[\r][\n]"
14:55:54.604 [docker-java-stream-39689327] DEBUG com.github.dockerjava.zerodep.shaded.org.apache.hc.client5.http.wire -- http-outgoing-2 << "81[\r][\n]"
14:55:54.604 [docker-java-stream-39689327] DEBUG com.github.dockerjava.zerodep.shaded.org.apache.hc.client5.http.wire -- http-outgoing-2 << "[0x1][0x0][0x0][0x0][0x0][0x0][0x0]y[2025-07-26 18:55:54,603] INFO [Controller id=1] Deleting log dir event notifications (kafka.controller.KafkaController)[\n]"
14:55:54.604 [docker-java-stream-39689327] DEBUG com.github.dockerjava.zerodep.shaded.org.apache.hc.client5.http.wire -- http-outgoing-2 << "[\r][\n]"
14:55:54.605 [docker-java-stream-39689327] DEBUG com.github.dockerjava.zerodep.shaded.org.apache.hc.client5.http.wire -- http-outgoing-2 << "7e[\r][\n]"
14:55:54.605 [docker-java-stream-39689327] DEBUG com.github.dockerjava.zerodep.shaded.org.apache.hc.client5.http.wire -- http-outgoing-2 << "[0x1][0x0][0x0][0x0][0x0][0x0][0x0]v[2025-07-26 18:55:54,604] INFO [Controller id=1] Deleting isr change notifications (kafka.controller.KafkaController)[\n]"
14:55:54.605 [docker-java-stream-39689327] DEBUG com.github.dockerjava.zerodep.shaded.org.apache.hc.client5.http.wire -- http-outgoing-2 << "[\r][\n]"
14:55:54.606 [docker-java-stream-39689327] DEBUG com.github.dockerjava.zerodep.shaded.org.apache.hc.client5.http.wire -- http-outgoing-2 << "7c[\r][\n]"
14:55:54.606 [docker-java-stream-39689327] DEBUG com.github.dockerjava.zerodep.shaded.org.apache.hc.client5.http.wire -- http-outgoing-2 << "[0x1][0x0][0x0][0x0][0x0][0x0][0x0]t[2025-07-26 18:55:54,606] INFO [Controller id=1] Initializing controller context (kafka.controller.KafkaController)[\n]"
14:55:54.606 [docker-java-stream-39689327] DEBUG com.github.dockerjava.zerodep.shaded.org.apache.hc.client5.http.wire -- http-outgoing-2 << "[\r][\n]"
14:55:54.612 [main] DEBUG org.testcontainers.containers.output.WaitingConsumer -- STDOUT: [2025-07-26 18:55:54,606] INFO [Controller id=1] Initializing controller context (kafka.controller.KafkaController)
14:55:54.612 [main] DEBUG org.testcontainers.containers.output.WaitingConsumer -- STDOUT: [2025-07-26 18:55:54,604] INFO [Controller id=1] Deleting isr change notifications (kafka.controller.KafkaController)
14:55:54.612 [main] DEBUG org.testcontainers.containers.output.WaitingConsumer -- STDOUT: [2025-07-26 18:55:54,603] INFO [Controller id=1] Deleting log dir event notifications (kafka.controller.KafkaController)
14:55:54.612 [main] DEBUG org.testcontainers.containers.output.WaitingConsumer -- STDOUT: [2025-07-26 18:55:54,602] INFO [TransactionCoordinator id=1] Startup complete. (kafka.coordinator.transaction.TransactionCoordinator)
14:55:54.612 [main] DEBUG org.testcontainers.containers.output.WaitingConsumer -- STDOUT: [2025-07-26 18:55:54,602] INFO [TxnMarkerSenderThread-1]: Starting (kafka.coordinator.transaction.TransactionMarkerChannelManager)
14:55:54.612 [main] DEBUG org.testcontainers.containers.output.WaitingConsumer -- STDOUT: [2025-07-26 18:55:54,601] INFO [Controller id=1] Registering handlers (kafka.controller.KafkaController)
14:55:54.612 [main] DEBUG org.testcontainers.containers.output.WaitingConsumer -- STDOUT: [2025-07-26 18:55:54,601] INFO [MetadataCache brokerId=1] Updated cache from existing None to latest Features(version=3.6-IV2, finalizedFeatures={}, finalizedFeaturesEpoch=0). (kafka.server.metadata.ZkMetadataCache)
14:55:54.612 [main] DEBUG org.testcontainers.containers.output.WaitingConsumer -- STDOUT: [2025-07-26 18:55:54,600] INFO [TransactionCoordinator id=1] Starting up. (kafka.coordinator.transaction.TransactionCoordinator)
14:55:54.614 [docker-java-stream-39689327] DEBUG com.github.dockerjava.zerodep.shaded.org.apache.hc.client5.http.wire -- http-outgoing-2 << "8e[\r][\n]"
14:55:54.614 [docker-java-stream-39689327] DEBUG com.github.dockerjava.zerodep.shaded.org.apache.hc.client5.http.wire -- http-outgoing-2 << "[0x1][0x0][0x0][0x0][0x0][0x0][0x0][0xffffff86][2025-07-26 18:55:54,612] INFO [Controller id=1] Initialized broker epochs cache: HashMap(1 -> 25) (kafka.controller.KafkaController)[\n]"
14:55:54.614 [docker-java-stream-39689327] DEBUG com.github.dockerjava.zerodep.shaded.org.apache.hc.client5.http.wire -- http-outgoing-2 << "[\r][\n]"
14:55:54.616 [docker-java-stream-39689327] DEBUG com.github.dockerjava.zerodep.shaded.org.apache.hc.client5.http.wire -- http-outgoing-2 << "8d[\r][\n]"
14:55:54.616 [docker-java-stream-39689327] DEBUG com.github.dockerjava.zerodep.shaded.org.apache.hc.client5.http.wire -- http-outgoing-2 << "[0x1][0x0][0x0][0x0][0x0][0x0][0x0][0xffffff85][2025-07-26 18:55:54,615] DEBUG [Controller id=1] Register BrokerModifications handler for Set(1) (kafka.controller.KafkaController)[\n]"
14:55:54.616 [docker-java-stream-39689327] DEBUG com.github.dockerjava.zerodep.shaded.org.apache.hc.client5.http.wire -- http-outgoing-2 << "[\r][\n]"
14:55:54.618 [docker-java-stream-39689327] DEBUG com.github.dockerjava.zerodep.shaded.org.apache.hc.client5.http.wire -- http-outgoing-2 << "a2[\r][\n]"
14:55:54.618 [docker-java-stream-39689327] DEBUG com.github.dockerjava.zerodep.shaded.org.apache.hc.client5.http.wire -- http-outgoing-2 << "[0x1][0x0][0x0][0x0][0x0][0x0][0x0][0xffffff9a][2025-07-26 18:55:54,617] DEBUG [Channel manager on controller 1]: Controller 1 trying to connect to broker 1 (kafka.controller.ControllerChannelManager)[\n]"
14:55:54.618 [docker-java-stream-39689327] DEBUG com.github.dockerjava.zerodep.shaded.org.apache.hc.client5.http.wire -- http-outgoing-2 << "[\r][\n]"
14:55:54.621 [docker-java-stream-39689327] DEBUG com.github.dockerjava.zerodep.shaded.org.apache.hc.client5.http.wire -- http-outgoing-2 << "90[\r][\n]"
14:55:54.621 [docker-java-stream-39689327] DEBUG com.github.dockerjava.zerodep.shaded.org.apache.hc.client5.http.wire -- http-outgoing-2 << "[0x1][0x0][0x0][0x0][0x0][0x0][0x0][0xffffff88][2025-07-26 18:55:54,620] INFO [ExpirationReaper-1-AlterAcls]: Starting (kafka.server.DelayedOperationPurgatory$ExpiredOperationReaper)[\n]"
14:55:54.621 [docker-java-stream-39689327] DEBUG com.github.dockerjava.zerodep.shaded.org.apache.hc.client5.http.wire -- http-outgoing-2 << "[\r][\n]"
14:55:54.622 [docker-java-stream-39689327] DEBUG com.github.dockerjava.zerodep.shaded.org.apache.hc.client5.http.wire -- http-outgoing-2 << "78[\r][\n]"
14:55:54.622 [docker-java-stream-39689327] DEBUG com.github.dockerjava.zerodep.shaded.org.apache.hc.client5.http.wire -- http-outgoing-2 << "[0x1][0x0][0x0][0x0][0x0][0x0][0x0]p[2025-07-26 18:55:54,621] INFO [RequestSendThread controllerId=1] Starting (kafka.controller.RequestSendThread)[\n]"
14:55:54.622 [docker-java-stream-39689327] DEBUG com.github.dockerjava.zerodep.shaded.org.apache.hc.client5.http.wire -- http-outgoing-2 << "[\r][\n]"
14:55:54.623 [docker-java-stream-39689327] DEBUG com.github.dockerjava.zerodep.shaded.org.apache.hc.client5.http.wire -- http-outgoing-2 << "11d[\r][\n]"
14:55:54.623 [docker-java-stream-39689327] DEBUG com.github.dockerjava.zerodep.shaded.org.apache.hc.client5.http.wire -- http-outgoing-2 << "[0x1][0x0][0x0][0x0][0x0][0x0][0x0][0xffffff84][2025-07-26 18:55:54,621] INFO [Controller id=1] Currently active brokers in the cluster: Set(1) (kafka.controller.KafkaController)[\n]"
14:55:54.623 [docker-java-stream-39689327] DEBUG com.github.dockerjava.zerodep.shaded.org.apache.hc.client5.http.wire -- http-outgoing-2 << "[0x1][0x0][0x0][0x0][0x0][0x0][0x0][0xffffff89][2025-07-26 18:55:54,622] INFO [Controller id=1] Currently shutting brokers in the cluster: HashSet() (kafka.controller.KafkaController)[\n]"
14:55:54.623 [docker-java-stream-39689327] DEBUG com.github.dockerjava.zerodep.shaded.org.apache.hc.client5.http.wire -- http-outgoing-2 << "[\r][\n]"
14:55:54.623 [docker-java-stream-39689327] DEBUG com.github.dockerjava.zerodep.shaded.org.apache.hc.client5.http.wire -- http-outgoing-2 << "10e[\r][\n]"
14:55:54.623 [docker-java-stream-39689327] DEBUG com.github.dockerjava.zerodep.shaded.org.apache.hc.client5.http.wire -- http-outgoing-2 << "[0x1][0x0][0x0][0x0][0x0][0x0][0x0][0xffffff85][2025-07-26 18:55:54,622] INFO [Controller id=1] Current list of topics in the cluster: HashSet() (kafka.controller.KafkaController)[\n]"
14:55:54.623 [docker-java-stream-39689327] DEBUG com.github.dockerjava.zerodep.shaded.org.apache.hc.client5.http.wire -- http-outgoing-2 << "[0x1][0x0][0x0][0x0][0x0][0x0][0x0]y[2025-07-26 18:55:54,622] INFO [Controller id=1] Fetching topic deletions in progress (kafka.controller.KafkaController)[\n]"
14:55:54.623 [docker-java-stream-39689327] DEBUG com.github.dockerjava.zerodep.shaded.org.apache.hc.client5.http.wire -- http-outgoing-2 << "[\r][\n]"
14:55:54.624 [main] DEBUG org.testcontainers.containers.output.WaitingConsumer -- STDOUT: [2025-07-26 18:55:54,622] INFO [Controller id=1] Fetching topic deletions in progress (kafka.controller.KafkaController)
14:55:54.624 [main] DEBUG org.testcontainers.containers.output.WaitingConsumer -- STDOUT: [2025-07-26 18:55:54,622] INFO [Controller id=1] Current list of topics in the cluster: HashSet() (kafka.controller.KafkaController)
14:55:54.624 [main] DEBUG org.testcontainers.containers.output.WaitingConsumer -- STDOUT: [2025-07-26 18:55:54,622] INFO [Controller id=1] Currently shutting brokers in the cluster: HashSet() (kafka.controller.KafkaController)
14:55:54.624 [main] DEBUG org.testcontainers.containers.output.WaitingConsumer -- STDOUT: [2025-07-26 18:55:54,621] INFO [Controller id=1] Currently active brokers in the cluster: Set(1) (kafka.controller.KafkaController)
14:55:54.624 [main] DEBUG org.testcontainers.containers.output.WaitingConsumer -- STDOUT: [2025-07-26 18:55:54,621] INFO [RequestSendThread controllerId=1] Starting (kafka.controller.RequestSendThread)
14:55:54.624 [main] DEBUG org.testcontainers.containers.output.WaitingConsumer -- STDOUT: [2025-07-26 18:55:54,620] INFO [ExpirationReaper-1-AlterAcls]: Starting (kafka.server.DelayedOperationPurgatory$ExpiredOperationReaper)
14:55:54.624 [main] DEBUG org.testcontainers.containers.output.WaitingConsumer -- STDOUT: [2025-07-26 18:55:54,617] DEBUG [Channel manager on controller 1]: Controller 1 trying to connect to broker 1 (kafka.controller.ControllerChannelManager)
14:55:54.624 [main] DEBUG org.testcontainers.containers.output.WaitingConsumer -- STDOUT: [2025-07-26 18:55:54,615] DEBUG [Controller id=1] Register BrokerModifications handler for Set(1) (kafka.controller.KafkaController)
14:55:54.624 [main] DEBUG org.testcontainers.containers.output.WaitingConsumer -- STDOUT: [2025-07-26 18:55:54,612] INFO [Controller id=1] Initialized broker epochs cache: HashMap(1 -> 25) (kafka.controller.KafkaController)
14:55:54.624 [docker-java-stream-39689327] DEBUG com.github.dockerjava.zerodep.shaded.org.apache.hc.client5.http.wire -- http-outgoing-2 << "7b[\r][\n]"
14:55:54.624 [docker-java-stream-39689327] DEBUG com.github.dockerjava.zerodep.shaded.org.apache.hc.client5.http.wire -- http-outgoing-2 << "[0x1][0x0][0x0][0x0][0x0][0x0][0x0]s[2025-07-26 18:55:54,623] INFO [Controller id=1] List of topics to be deleted:  (kafka.controller.KafkaController)[\n]"
14:55:54.624 [docker-java-stream-39689327] DEBUG com.github.dockerjava.zerodep.shaded.org.apache.hc.client5.http.wire -- http-outgoing-2 << "[\r][\n]"
14:55:54.624 [docker-java-stream-39689327] DEBUG com.github.dockerjava.zerodep.shaded.org.apache.hc.client5.http.wire -- http-outgoing-2 << "85[\r][\n]"
14:55:54.624 [docker-java-stream-39689327] DEBUG com.github.dockerjava.zerodep.shaded.org.apache.hc.client5.http.wire -- http-outgoing-2 << "[0x1][0x0][0x0][0x0][0x0][0x0][0x0]}[2025-07-26 18:55:54,623] INFO [Controller id=1] List of topics ineligible for deletion:  (kafka.controller.KafkaController)[\n]"
14:55:54.624 [docker-java-stream-39689327] DEBUG com.github.dockerjava.zerodep.shaded.org.apache.hc.client5.http.wire -- http-outgoing-2 << "[\r][\n]"
14:55:54.624 [docker-java-stream-39689327] DEBUG com.github.dockerjava.zerodep.shaded.org.apache.hc.client5.http.wire -- http-outgoing-2 << "80[\r][\n]"
14:55:54.624 [docker-java-stream-39689327] DEBUG com.github.dockerjava.zerodep.shaded.org.apache.hc.client5.http.wire -- http-outgoing-2 << "[0x1][0x0][0x0][0x0][0x0][0x0][0x0]x[2025-07-26 18:55:54,623] INFO [Controller id=1] Initializing topic deletion manager (kafka.controller.KafkaController)[\n]"
14:55:54.624 [docker-java-stream-39689327] DEBUG com.github.dockerjava.zerodep.shaded.org.apache.hc.client5.http.wire -- http-outgoing-2 << "[\r][\n]"
14:55:54.624 [docker-java-stream-39689327] DEBUG com.github.dockerjava.zerodep.shaded.org.apache.hc.client5.http.wire -- http-outgoing-2 << "c6[\r][\n]"
14:55:54.624 [docker-java-stream-39689327] DEBUG com.github.dockerjava.zerodep.shaded.org.apache.hc.client5.http.wire -- http-outgoing-2 << "[0x1][0x0][0x0][0x0][0x0][0x0][0x0][0xffffffbe][2025-07-26 18:55:54,623] INFO [Topic Deletion Manager 1] Initializing manager with initial deletions: Set(), initial ineligible deletions: HashSet() (kafka.controller.TopicDeletionManager)[\n]"
14:55:54.624 [docker-java-stream-39689327] DEBUG com.github.dockerjava.zerodep.shaded.org.apache.hc.client5.http.wire -- http-outgoing-2 << "[\r][\n]"
14:55:54.625 [docker-java-stream-39689327] DEBUG com.github.dockerjava.zerodep.shaded.org.apache.hc.client5.http.wire -- http-outgoing-2 << "7c[\r][\n]"
14:55:54.625 [docker-java-stream-39689327] DEBUG com.github.dockerjava.zerodep.shaded.org.apache.hc.client5.http.wire -- http-outgoing-2 << "[0x1][0x0][0x0][0x0][0x0][0x0][0x0]t[2025-07-26 18:55:54,624] INFO [Controller id=1] Sending update metadata request (kafka.controller.KafkaController)[\n]"
14:55:54.625 [docker-java-stream-39689327] DEBUG com.github.dockerjava.zerodep.shaded.org.apache.hc.client5.http.wire -- http-outgoing-2 << "[\r][\n]"
14:55:54.626 [docker-java-stream-39689327] DEBUG com.github.dockerjava.zerodep.shaded.org.apache.hc.client5.http.wire -- http-outgoing-2 << "9d[\r][\n]"
14:55:54.626 [docker-java-stream-39689327] DEBUG com.github.dockerjava.zerodep.shaded.org.apache.hc.client5.http.wire -- http-outgoing-2 << "[0x1][0x0][0x0][0x0][0x0][0x0][0x0][0xffffff95][2025-07-26 18:55:54,625] INFO [Controller id=1 epoch=1] Sending UpdateMetadata request to brokers HashSet(1) for 0 partitions (state.change.logger)[\n]"
14:55:54.626 [docker-java-stream-39689327] DEBUG com.github.dockerjava.zerodep.shaded.org.apache.hc.client5.http.wire -- http-outgoing-2 << "[\r][\n]"
14:55:54.629 [docker-java-stream-39689327] DEBUG com.github.dockerjava.zerodep.shaded.org.apache.hc.client5.http.wire -- http-outgoing-2 << "90[\r][\n]"
14:55:54.629 [docker-java-stream-39689327] DEBUG com.github.dockerjava.zerodep.shaded.org.apache.hc.client5.http.wire -- http-outgoing-2 << "[0x1][0x0][0x0][0x0][0x0][0x0][0x0][0xffffff88][2025-07-26 18:55:54,628] INFO [ReplicaStateMachine controllerId=1] Initializing replica state (kafka.controller.ZkReplicaStateMachine)[\n]"
14:55:54.629 [docker-java-stream-39689327] DEBUG com.github.dockerjava.zerodep.shaded.org.apache.hc.client5.http.wire -- http-outgoing-2 << "[\r][\n]"
14:55:54.629 [docker-java-stream-39689327] DEBUG com.github.dockerjava.zerodep.shaded.org.apache.hc.client5.http.wire -- http-outgoing-2 << "9d[\r][\n]"
14:55:54.629 [docker-java-stream-39689327] DEBUG com.github.dockerjava.zerodep.shaded.org.apache.hc.client5.http.wire -- http-outgoing-2 << "[0x1][0x0][0x0][0x0][0x0][0x0][0x0][0xffffff95][2025-07-26 18:55:54,628] INFO [ReplicaStateMachine controllerId=1] Triggering online replica state changes (kafka.controller.ZkReplicaStateMachine)[\n]"
14:55:54.629 [docker-java-stream-39689327] DEBUG com.github.dockerjava.zerodep.shaded.org.apache.hc.client5.http.wire -- http-outgoing-2 << "[\r][\n]"
14:55:54.631 [docker-java-stream-39689327] DEBUG com.github.dockerjava.zerodep.shaded.org.apache.hc.client5.http.wire -- http-outgoing-2 << "9e[\r][\n]"
14:55:54.631 [docker-java-stream-39689327] DEBUG com.github.dockerjava.zerodep.shaded.org.apache.hc.client5.http.wire -- http-outgoing-2 << "[0x1][0x0][0x0][0x0][0x0][0x0][0x0][0xffffff96][2025-07-26 18:55:54,630] INFO [ReplicaStateMachine controllerId=1] Triggering offline replica state changes (kafka.controller.ZkReplicaStateMachine)[\n]"
14:55:54.631 [docker-java-stream-39689327] DEBUG com.github.dockerjava.zerodep.shaded.org.apache.hc.client5.http.wire -- http-outgoing-2 << "[\r][\n]"
14:55:54.631 [docker-java-stream-39689327] DEBUG com.github.dockerjava.zerodep.shaded.org.apache.hc.client5.http.wire -- http-outgoing-2 << "b4[\r][\n]"
14:55:54.631 [docker-java-stream-39689327] DEBUG com.github.dockerjava.zerodep.shaded.org.apache.hc.client5.http.wire -- http-outgoing-2 << "[0x1][0x0][0x0][0x0][0x0][0x0][0x0][0xffffffac][2025-07-26 18:55:54,630] DEBUG [ReplicaStateMachine controllerId=1] Started replica state machine with initial state -> HashMap() (kafka.controller.ZkReplicaStateMachine)[\n]"
14:55:54.631 [docker-java-stream-39689327] DEBUG com.github.dockerjava.zerodep.shaded.org.apache.hc.client5.http.wire -- http-outgoing-2 << "[\r][\n]"
14:55:54.631 [docker-java-stream-39689327] DEBUG com.github.dockerjava.zerodep.shaded.org.apache.hc.client5.http.wire -- http-outgoing-2 << "96[\r][\n]"
14:55:54.631 [docker-java-stream-39689327] DEBUG com.github.dockerjava.zerodep.shaded.org.apache.hc.client5.http.wire -- http-outgoing-2 << "[0x1][0x0][0x0][0x0][0x0][0x0][0x0][0xffffff8e][2025-07-26 18:55:54,630] INFO [PartitionStateMachine controllerId=1] Initializing partition state (kafka.controller.ZkPartitionStateMachine)[\n]"
14:55:54.631 [docker-java-stream-39689327] DEBUG com.github.dockerjava.zerodep.shaded.org.apache.hc.client5.http.wire -- http-outgoing-2 << "[\r][\n]"
14:55:54.631 [docker-java-stream-39689327] DEBUG com.github.dockerjava.zerodep.shaded.org.apache.hc.client5.http.wire -- http-outgoing-2 << "a3[\r][\n]"
14:55:54.631 [docker-java-stream-39689327] DEBUG com.github.dockerjava.zerodep.shaded.org.apache.hc.client5.http.wire -- http-outgoing-2 << "[0x1][0x0][0x0][0x0][0x0][0x0][0x0][0xffffff9b][2025-07-26 18:55:54,631] INFO [PartitionStateMachine controllerId=1] Triggering online partition state changes (kafka.controller.ZkPartitionStateMachine)[\n]"
14:55:54.631 [docker-java-stream-39689327] DEBUG com.github.dockerjava.zerodep.shaded.org.apache.hc.client5.http.wire -- http-outgoing-2 << "[\r][\n]"
14:55:54.633 [docker-java-stream-39689327] DEBUG com.github.dockerjava.zerodep.shaded.org.apache.hc.client5.http.wire -- http-outgoing-2 << "148[\r][\n]"
14:55:54.633 [docker-java-stream-39689327] DEBUG com.github.dockerjava.zerodep.shaded.org.apache.hc.client5.http.wire -- http-outgoing-2 << "[0x1][0x0][0x0][0x0][0x0][0x0][0x0][0xffffffb2][2025-07-26 18:55:54,632] DEBUG [PartitionStateMachine controllerId=1] Started partition state machine with initial state -> HashMap() (kafka.controller.ZkPartitionStateMachine)[\n]"
14:55:54.633 [docker-java-stream-39689327] DEBUG com.github.dockerjava.zerodep.shaded.org.apache.hc.client5.http.wire -- http-outgoing-2 << "[0x1][0x0][0x0][0x0][0x0][0x0][0x0][0xffffff86][2025-07-26 18:55:54,632] INFO [Controller id=1] Ready to serve as the new controller with epoch 1 (kafka.controller.KafkaController)[\n]"
14:55:54.633 [docker-java-stream-39689327] DEBUG com.github.dockerjava.zerodep.shaded.org.apache.hc.client5.http.wire -- http-outgoing-2 << "[\r][\n]"
14:55:54.633 [docker-java-stream-39689327] DEBUG com.github.dockerjava.zerodep.shaded.org.apache.hc.client5.http.wire -- http-outgoing-2 << "89[\r][\n]"
14:55:54.633 [docker-java-stream-39689327] DEBUG com.github.dockerjava.zerodep.shaded.org.apache.hc.client5.http.wire -- http-outgoing-2 << "[0x1][0x0][0x0][0x0][0x0][0x0][0x0][0xffffff81][2025-07-26 18:55:54,632] INFO [Controller id=1, targetBrokerId=1] Node 1 disconnected. (org.apache.kafka.clients.NetworkClient)[\n]"
14:55:54.634 [docker-java-stream-39689327] DEBUG com.github.dockerjava.zerodep.shaded.org.apache.hc.client5.http.wire -- http-outgoing-2 << "[\r][\n]"
14:55:54.634 [docker-java-stream-39689327] DEBUG com.github.dockerjava.zerodep.shaded.org.apache.hc.client5.http.wire -- http-outgoing-2 << "180[\r][\n]"
14:55:54.634 [docker-java-stream-39689327] DEBUG com.github.dockerjava.zerodep.shaded.org.apache.hc.client5.http.wire -- http-outgoing-2 << "[0x1][0x0][0x0][0x0][0x0][0x0][0x0][0xffffff99][2025-07-26 18:55:54,633] INFO [/config/changes-event-process-thread]: Starting (kafka.common.ZkNodeChangeNotificationListener$ChangeEventProcessThread)[\n]"
14:55:54.634 [docker-java-stream-39689327] DEBUG com.github.dockerjava.zerodep.shaded.org.apache.hc.client5.http.wire -- http-outgoing-2 << "[0x1][0x0][0x0][0x0][0x0][0x0][0x0][0xffffffd7][2025-07-26 18:55:54,633] WARN [Controller id=1, targetBrokerId=1] Connection to node 1 (0965ee6b2695/172.19.0.2:9092) could not be established. Broker may not be available. (org.apache.kafka.clients.NetworkClient)[\n]"
14:55:54.634 [docker-java-stream-39689327] DEBUG com.github.dockerjava.zerodep.shaded.org.apache.hc.client5.http.wire -- http-outgoing-2 << "[\r][\n]"
14:55:54.635 [main] DEBUG org.testcontainers.containers.output.WaitingConsumer -- STDOUT: [2025-07-26 18:55:54,633] WARN [Controller id=1, targetBrokerId=1] Connection to node 1 (0965ee6b2695/172.19.0.2:9092) could not be established. Broker may not be available. (org.apache.kafka.clients.NetworkClient)
14:55:54.635 [main] DEBUG org.testcontainers.containers.output.WaitingConsumer -- STDOUT: [2025-07-26 18:55:54,633] INFO [/config/changes-event-process-thread]: Starting (kafka.common.ZkNodeChangeNotificationListener$ChangeEventProcessThread)
14:55:54.635 [main] DEBUG org.testcontainers.containers.output.WaitingConsumer -- STDOUT: [2025-07-26 18:55:54,632] INFO [Controller id=1, targetBrokerId=1] Node 1 disconnected. (org.apache.kafka.clients.NetworkClient)
14:55:54.635 [main] DEBUG org.testcontainers.containers.output.WaitingConsumer -- STDOUT: [2025-07-26 18:55:54,632] INFO [Controller id=1] Ready to serve as the new controller with epoch 1 (kafka.controller.KafkaController)
14:55:54.635 [main] DEBUG org.testcontainers.containers.output.WaitingConsumer -- STDOUT: [2025-07-26 18:55:54,632] DEBUG [PartitionStateMachine controllerId=1] Started partition state machine with initial state -> HashMap() (kafka.controller.ZkPartitionStateMachine)
14:55:54.635 [main] DEBUG org.testcontainers.containers.output.WaitingConsumer -- STDOUT: [2025-07-26 18:55:54,631] INFO [PartitionStateMachine controllerId=1] Triggering online partition state changes (kafka.controller.ZkPartitionStateMachine)
14:55:54.635 [main] DEBUG org.testcontainers.containers.output.WaitingConsumer -- STDOUT: [2025-07-26 18:55:54,630] INFO [PartitionStateMachine controllerId=1] Initializing partition state (kafka.controller.ZkPartitionStateMachine)
14:55:54.635 [main] DEBUG org.testcontainers.containers.output.WaitingConsumer -- STDOUT: [2025-07-26 18:55:54,630] DEBUG [ReplicaStateMachine controllerId=1] Started replica state machine with initial state -> HashMap() (kafka.controller.ZkReplicaStateMachine)
14:55:54.635 [main] DEBUG org.testcontainers.containers.output.WaitingConsumer -- STDOUT: [2025-07-26 18:55:54,630] INFO [ReplicaStateMachine controllerId=1] Triggering offline replica state changes (kafka.controller.ZkReplicaStateMachine)
14:55:54.635 [main] DEBUG org.testcontainers.containers.output.WaitingConsumer -- STDOUT: [2025-07-26 18:55:54,628] INFO [ReplicaStateMachine controllerId=1] Triggering online replica state changes (kafka.controller.ZkReplicaStateMachine)
14:55:54.635 [main] DEBUG org.testcontainers.containers.output.WaitingConsumer -- STDOUT: [2025-07-26 18:55:54,628] INFO [ReplicaStateMachine controllerId=1] Initializing replica state (kafka.controller.ZkReplicaStateMachine)
14:55:54.635 [main] DEBUG org.testcontainers.containers.output.WaitingConsumer -- STDOUT: [2025-07-26 18:55:54,625] INFO [Controller id=1 epoch=1] Sending UpdateMetadata request to brokers HashSet(1) for 0 partitions (state.change.logger)
14:55:54.635 [main] DEBUG org.testcontainers.containers.output.WaitingConsumer -- STDOUT: [2025-07-26 18:55:54,624] INFO [Controller id=1] Sending update metadata request (kafka.controller.KafkaController)
14:55:54.635 [main] DEBUG org.testcontainers.containers.output.WaitingConsumer -- STDOUT: [2025-07-26 18:55:54,623] INFO [Topic Deletion Manager 1] Initializing manager with initial deletions: Set(), initial ineligible deletions: HashSet() (kafka.controller.TopicDeletionManager)
14:55:54.635 [main] DEBUG org.testcontainers.containers.output.WaitingConsumer -- STDOUT: [2025-07-26 18:55:54,623] INFO [Controller id=1] Initializing topic deletion manager (kafka.controller.KafkaController)
14:55:54.635 [main] DEBUG org.testcontainers.containers.output.WaitingConsumer -- STDOUT: [2025-07-26 18:55:54,623] INFO [Controller id=1] List of topics ineligible for deletion:  (kafka.controller.KafkaController)
14:55:54.635 [main] DEBUG org.testcontainers.containers.output.WaitingConsumer -- STDOUT: [2025-07-26 18:55:54,623] INFO [Controller id=1] List of topics to be deleted:  (kafka.controller.KafkaController)
14:55:54.637 [docker-java-stream-39689327] DEBUG com.github.dockerjava.zerodep.shaded.org.apache.hc.client5.http.wire -- http-outgoing-2 << "338[\r][\n]"
14:55:54.637 [docker-java-stream-39689327] DEBUG com.github.dockerjava.zerodep.shaded.org.apache.hc.client5.http.wire -- http-outgoing-2 << "[0x1][0x0][0x0][0x0][0x0][0x0][0x0][0xffffffc1][2025-07-26 18:55:54,634] WARN [RequestSendThread controllerId=1] Controller 1's connection to broker 0965ee6b2695:9092 (id: 1 rack: null) was unsuccessful (kafka.controller.RequestSendThread)[\n]"
14:55:54.637 [docker-java-stream-39689327] DEBUG com.github.dockerjava.zerodep.shaded.org.apache.hc.client5.http.wire -- http-outgoing-2 << "[0x1][0x0][0x0][0x0][0x0][0x0][0x0]Pjava.io.IOException: Connection to 0965ee6b2695:9092 (id: 1 rack: null) failed.[\n]"
14:55:54.637 [docker-java-stream-39689327] DEBUG com.github.dockerjava.zerodep.shaded.org.apache.hc.client5.http.wire -- http-outgoing-2 << "[0x1][0x0][0x0][0x0][0x0][0x0][0x0]W[0x9]at org.apache.kafka.clients.NetworkClientUtils.awaitReady(NetworkClientUtils.java:70)[\n]"
14:55:54.637 [docker-java-stream-39689327] DEBUG com.github.dockerjava.zerodep.shaded.org.apache.hc.client5.http.wire -- http-outgoing-2 << "[0x1][0x0][0x0][0x0][0x0][0x0][0x0]W[0x9]at kafka.controller.RequestSendThread.brokerReady(ControllerChannelManager.scala:298)[\n]"
14:55:54.637 [docker-java-stream-39689327] DEBUG com.github.dockerjava.zerodep.shaded.org.apache.hc.client5.http.wire -- http-outgoing-2 << "[0x1][0x0][0x0][0x0][0x0][0x0][0x0]R[0x9]at kafka.controller.RequestSendThread.doWork(ControllerChannelManager.scala:251)[\n]"
14:55:54.637 [docker-java-stream-39689327] DEBUG com.github.dockerjava.zerodep.shaded.org.apache.hc.client5.http.wire -- http-outgoing-2 << "[0x1][0x0][0x0][0x0][0x0][0x0][0x0]U[0x9]at org.apache.kafka.server.util.ShutdownableThread.run(ShutdownableThread.java:130)[\n]"
14:55:54.637 [docker-java-stream-39689327] DEBUG com.github.dockerjava.zerodep.shaded.org.apache.hc.client5.http.wire -- http-outgoing-2 << "[0x1][0x0][0x0][0x0][0x0][0x0][0x0][0xffffff9a][2025-07-26 18:55:54,636] INFO [Controller id=1, targetBrokerId=1] Client requested connection close from node 1 (org.apache.kafka.clients.NetworkClient)[\n]"
14:55:54.637 [docker-java-stream-39689327] DEBUG com.github.dockerjava.zerodep.shaded.org.apache.hc.client5.http.wire -- http-outgoing-2 << "[\r][\n]"
14:55:54.637 [docker-java-stream-39689327] DEBUG com.github.dockerjava.zerodep.shaded.org.apache.hc.client5.http.wire -- http-outgoing-2 << "8f[\r][\n]"
14:55:54.637 [docker-java-stream-39689327] DEBUG com.github.dockerjava.zerodep.shaded.org.apache.hc.client5.http.wire -- http-outgoing-2 << "[0x1][0x0][0x0][0x0][0x0][0x0][0x0][0xffffff87][2025-07-26 18:55:54,636] INFO [Controller id=1] Partitions undergoing preferred replica election:  (kafka.controller.KafkaController)[\n]"
14:55:54.637 [docker-java-stream-39689327] DEBUG com.github.dockerjava.zerodep.shaded.org.apache.hc.client5.http.wire -- http-outgoing-2 << "[\r][\n]"
14:55:54.637 [docker-java-stream-39689327] DEBUG com.github.dockerjava.zerodep.shaded.org.apache.hc.client5.http.wire -- http-outgoing-2 << "93[\r][\n]"
14:55:54.637 [docker-java-stream-39689327] DEBUG com.github.dockerjava.zerodep.shaded.org.apache.hc.client5.http.wire -- http-outgoing-2 << "[0x1][0x0][0x0][0x0][0x0][0x0][0x0][0xffffff8b][2025-07-26 18:55:54,636] INFO [Controller id=1] Partitions that completed preferred replica election:  (kafka.controller.KafkaController)[\n]"
14:55:54.637 [docker-java-stream-39689327] DEBUG com.github.dockerjava.zerodep.shaded.org.apache.hc.client5.http.wire -- http-outgoing-2 << "[\r][\n]"
14:55:54.637 [docker-java-stream-39689327] DEBUG com.github.dockerjava.zerodep.shaded.org.apache.hc.client5.http.wire -- http-outgoing-2 << "138[\r][\n]"
14:55:54.637 [docker-java-stream-39689327] DEBUG com.github.dockerjava.zerodep.shaded.org.apache.hc.client5.http.wire -- http-outgoing-2 << "[0x1][0x0][0x0][0x0][0x0][0x0][0x0][0xffffff9f][2025-07-26 18:55:54,636] INFO [Controller id=1] Skipping preferred replica election for partitions due to topic deletion:  (kafka.controller.KafkaController)[\n]"
14:55:54.637 [docker-java-stream-39689327] DEBUG com.github.dockerjava.zerodep.shaded.org.apache.hc.client5.http.wire -- http-outgoing-2 << "[0x1][0x0][0x0][0x0][0x0][0x0][0x0][0xffffff89][2025-07-26 18:55:54,636] INFO [Controller id=1] Resuming preferred replica election for partitions:  (kafka.controller.KafkaController)[\n]"
14:55:54.637 [docker-java-stream-39689327] DEBUG com.github.dockerjava.zerodep.shaded.org.apache.hc.client5.http.wire -- http-outgoing-2 << "[\r][\n]"
14:55:54.638 [docker-java-stream-39689327] DEBUG com.github.dockerjava.zerodep.shaded.org.apache.hc.client5.http.wire -- http-outgoing-2 << "b2[\r][\n]"
14:55:54.638 [docker-java-stream-39689327] DEBUG com.github.dockerjava.zerodep.shaded.org.apache.hc.client5.http.wire -- http-outgoing-2 << "[0x1][0x0][0x0][0x0][0x0][0x0][0x0][0xffffffaa][2025-07-26 18:55:54,637] INFO [Controller id=1] Starting replica leader election (PREFERRED) for partitions  triggered by ZkTriggered (kafka.controller.KafkaController)[\n]"
14:55:54.638 [docker-java-stream-39689327] DEBUG com.github.dockerjava.zerodep.shaded.org.apache.hc.client5.http.wire -- http-outgoing-2 << "[\r][\n]"
14:55:54.642 [docker-java-stream-39689327] DEBUG com.github.dockerjava.zerodep.shaded.org.apache.hc.client5.http.wire -- http-outgoing-2 << "91[\r][\n]"
14:55:54.642 [docker-java-stream-39689327] DEBUG com.github.dockerjava.zerodep.shaded.org.apache.hc.client5.http.wire -- http-outgoing-2 << "[0x1][0x0][0x0][0x0][0x0][0x0][0x0][0xffffff89][2025-07-26 18:55:54,641] INFO [SocketServer listenerType=ZK_BROKER, nodeId=1] Enabling request processing. (kafka.network.SocketServer)[\n]"
14:55:54.642 [docker-java-stream-39689327] DEBUG com.github.dockerjava.zerodep.shaded.org.apache.hc.client5.http.wire -- http-outgoing-2 << "[\r][\n]"
14:55:54.642 [docker-java-stream-39689327] DEBUG com.github.dockerjava.zerodep.shaded.org.apache.hc.client5.http.wire -- http-outgoing-2 << "7e[\r][\n]"
14:55:54.642 [docker-java-stream-39689327] DEBUG com.github.dockerjava.zerodep.shaded.org.apache.hc.client5.http.wire -- http-outgoing-2 << "[0x1][0x0][0x0][0x0][0x0][0x0][0x0]v[2025-07-26 18:55:54,641] INFO [Controller id=1] Starting the controller scheduler (kafka.controller.KafkaController)[\n]"
14:55:54.642 [docker-java-stream-39689327] DEBUG com.github.dockerjava.zerodep.shaded.org.apache.hc.client5.http.wire -- http-outgoing-2 << "[\r][\n]"
14:55:54.644 [docker-java-stream-39689327] DEBUG com.github.dockerjava.zerodep.shaded.org.apache.hc.client5.http.wire -- http-outgoing-2 << "76[\r][\n]"
14:55:54.644 [docker-java-stream-39689327] DEBUG com.github.dockerjava.zerodep.shaded.org.apache.hc.client5.http.wire -- http-outgoing-2 << "[0x1][0x0][0x0][0x0][0x0][0x0][0x0]n[2025-07-26 18:55:54,643] INFO Awaiting socket connections on 0.0.0.0:9093. (kafka.network.DataPlaneAcceptor)[\n]"
14:55:54.644 [docker-java-stream-39689327] DEBUG com.github.dockerjava.zerodep.shaded.org.apache.hc.client5.http.wire -- http-outgoing-2 << "[\r][\n]"
14:55:54.645 [docker-java-stream-39689327] DEBUG com.github.dockerjava.zerodep.shaded.org.apache.hc.client5.http.wire -- http-outgoing-2 << "76[\r][\n]"
14:55:54.645 [docker-java-stream-39689327] DEBUG com.github.dockerjava.zerodep.shaded.org.apache.hc.client5.http.wire -- http-outgoing-2 << "[0x1][0x0][0x0][0x0][0x0][0x0][0x0]n[2025-07-26 18:55:54,644] INFO Awaiting socket connections on 0.0.0.0:9092. (kafka.network.DataPlaneAcceptor)[\n]"
14:55:54.645 [docker-java-stream-39689327] DEBUG com.github.dockerjava.zerodep.shaded.org.apache.hc.client5.http.wire -- http-outgoing-2 << "[\r][\n]"
14:55:54.648 [main] DEBUG org.testcontainers.containers.output.WaitingConsumer -- STDOUT: [2025-07-26 18:55:54,644] INFO Awaiting socket connections on 0.0.0.0:9092. (kafka.network.DataPlaneAcceptor)
14:55:54.648 [main] DEBUG org.testcontainers.containers.output.WaitingConsumer -- STDOUT: [2025-07-26 18:55:54,643] INFO Awaiting socket connections on 0.0.0.0:9093. (kafka.network.DataPlaneAcceptor)
14:55:54.648 [main] DEBUG org.testcontainers.containers.output.WaitingConsumer -- STDOUT: [2025-07-26 18:55:54,641] INFO [Controller id=1] Starting the controller scheduler (kafka.controller.KafkaController)
14:55:54.648 [main] DEBUG org.testcontainers.containers.output.WaitingConsumer -- STDOUT: [2025-07-26 18:55:54,641] INFO [SocketServer listenerType=ZK_BROKER, nodeId=1] Enabling request processing. (kafka.network.SocketServer)
14:55:54.648 [main] DEBUG org.testcontainers.containers.output.WaitingConsumer -- STDOUT: [2025-07-26 18:55:54,637] INFO [Controller id=1] Starting replica leader election (PREFERRED) for partitions  triggered by ZkTriggered (kafka.controller.KafkaController)
14:55:54.648 [main] DEBUG org.testcontainers.containers.output.WaitingConsumer -- STDOUT: [2025-07-26 18:55:54,636] INFO [Controller id=1] Resuming preferred replica election for partitions:  (kafka.controller.KafkaController)
14:55:54.648 [main] DEBUG org.testcontainers.containers.output.WaitingConsumer -- STDOUT: [2025-07-26 18:55:54,636] INFO [Controller id=1] Skipping preferred replica election for partitions due to topic deletion:  (kafka.controller.KafkaController)
14:55:54.648 [main] DEBUG org.testcontainers.containers.output.WaitingConsumer -- STDOUT: [2025-07-26 18:55:54,636] INFO [Controller id=1] Partitions that completed preferred replica election:  (kafka.controller.KafkaController)
14:55:54.648 [main] DEBUG org.testcontainers.containers.output.WaitingConsumer -- STDOUT: [2025-07-26 18:55:54,636] INFO [Controller id=1] Partitions undergoing preferred replica election:  (kafka.controller.KafkaController)
14:55:54.648 [main] DEBUG org.testcontainers.containers.output.WaitingConsumer -- STDOUT: [2025-07-26 18:55:54,636] INFO [Controller id=1, targetBrokerId=1] Client requested connection close from node 1 (org.apache.kafka.clients.NetworkClient)
14:55:54.648 [main] DEBUG org.testcontainers.containers.output.WaitingConsumer -- STDOUT: 	at org.apache.kafka.server.util.ShutdownableThread.run(ShutdownableThread.java:130)
14:55:54.648 [main] DEBUG org.testcontainers.containers.output.WaitingConsumer -- STDOUT: 	at kafka.controller.RequestSendThread.doWork(ControllerChannelManager.scala:251)
14:55:54.648 [main] DEBUG org.testcontainers.containers.output.WaitingConsumer -- STDOUT: 	at kafka.controller.RequestSendThread.brokerReady(ControllerChannelManager.scala:298)
14:55:54.648 [main] DEBUG org.testcontainers.containers.output.WaitingConsumer -- STDOUT: 	at org.apache.kafka.clients.NetworkClientUtils.awaitReady(NetworkClientUtils.java:70)
14:55:54.648 [main] DEBUG org.testcontainers.containers.output.WaitingConsumer -- STDOUT: java.io.IOException: Connection to 0965ee6b2695:9092 (id: 1 rack: null) failed.
14:55:54.648 [main] DEBUG org.testcontainers.containers.output.WaitingConsumer -- STDOUT: [2025-07-26 18:55:54,634] WARN [RequestSendThread controllerId=1] Controller 1's connection to broker 0965ee6b2695:9092 (id: 1 rack: null) was unsuccessful (kafka.controller.RequestSendThread)
14:55:54.649 [docker-java-stream-39689327] DEBUG com.github.dockerjava.zerodep.shaded.org.apache.hc.client5.http.wire -- http-outgoing-2 << "172[\r][\n]"
14:55:54.649 [docker-java-stream-39689327] DEBUG com.github.dockerjava.zerodep.shaded.org.apache.hc.client5.http.wire -- http-outgoing-2 << "[0x1][0x0][0x0][0x0][0x0][0x0][0x0]f[2025-07-26 18:55:54,647] INFO Kafka version: 7.6.0-ccs (org.apache.kafka.common.utils.AppInfoParser)[\n]"
14:55:54.649 [docker-java-stream-39689327] DEBUG com.github.dockerjava.zerodep.shaded.org.apache.hc.client5.http.wire -- http-outgoing-2 << "[0x1][0x0][0x0][0x0][0x0][0x0][0x0][0xffffff86][2025-07-26 18:55:54,647] INFO Kafka commitId: 1991cb733c81d6791626f88253a042b2ec835ab8 (org.apache.kafka.common.utils.AppInfoParser)[\n]"
14:55:54.649 [docker-java-stream-39689327] DEBUG com.github.dockerjava.zerodep.shaded.org.apache.hc.client5.http.wire -- http-outgoing-2 << "[0x1][0x0][0x0][0x0][0x0][0x0][0x0]n[2025-07-26 18:55:54,647] INFO Kafka startTimeMs: 1753556154645 (org.apache.kafka.common.utils.AppInfoParser)[\n]"
14:55:54.649 [docker-java-stream-39689327] DEBUG com.github.dockerjava.zerodep.shaded.org.apache.hc.client5.http.wire -- http-outgoing-2 << "[\r][\n]"
14:55:54.649 [docker-java-stream-39689327] DEBUG com.github.dockerjava.zerodep.shaded.org.apache.hc.client5.http.wire -- http-outgoing-2 << "5d[\r][\n]"
14:55:54.649 [docker-java-stream-39689327] DEBUG com.github.dockerjava.zerodep.shaded.org.apache.hc.client5.http.wire -- http-outgoing-2 << "[0x1][0x0][0x0][0x0][0x0][0x0][0x0]U[2025-07-26 18:55:54,648] INFO [KafkaServer id=1] started (kafka.server.KafkaServer)[\n]"
14:55:54.649 [docker-java-stream-39689327] DEBUG com.github.dockerjava.zerodep.shaded.org.apache.hc.client5.http.wire -- http-outgoing-2 << "[\r][\n]"
14:55:54.660 [main] DEBUG org.testcontainers.containers.output.WaitingConsumer -- STDOUT: [2025-07-26 18:55:54,648] INFO [KafkaServer id=1] started (kafka.server.KafkaServer)
14:55:54.661 [main] DEBUG com.github.dockerjava.zerodep.shaded.org.apache.hc.client5.http.impl.classic.InternalHttpClient -- ep-00000011: cancel
14:55:54.661 [main] DEBUG com.github.dockerjava.zerodep.shaded.org.apache.hc.client5.http.impl.io.DefaultManagedHttpClientConnection -- http-outgoing-2: close connection IMMEDIATE
14:55:54.661 [docker-java-stream-39689327] DEBUG com.github.dockerjava.zerodep.shaded.org.apache.hc.client5.http.wire -- http-outgoing-2 << "[read] I/O error: null"
14:55:54.661 [main] DEBUG com.github.dockerjava.zerodep.shaded.org.apache.hc.client5.http.impl.classic.InternalHttpClient -- ep-00000011: endpoint closed
14:55:54.661 [main] DEBUG com.github.dockerjava.zerodep.shaded.org.apache.hc.client5.http.impl.classic.InternalHttpClient -- ep-00000011: discarding endpoint
14:55:54.661 [docker-java-stream-39689327] DEBUG com.github.dockerjava.zerodep.shaded.org.apache.hc.client5.http.wire -- http-outgoing-2 << "[read] I/O error: null"
14:55:54.661 [main] DEBUG com.github.dockerjava.zerodep.shaded.org.apache.hc.client5.http.impl.io.PoolingHttpClientConnectionManager -- ep-00000011: releasing endpoint
14:55:54.661 [main] DEBUG com.github.dockerjava.zerodep.shaded.org.apache.hc.client5.http.impl.io.PoolingHttpClientConnectionManager -- ep-00000011: connection is not kept alive
14:55:54.661 [main] DEBUG com.github.dockerjava.zerodep.shaded.org.apache.hc.client5.http.impl.io.PoolingHttpClientConnectionManager -- ep-00000011: connection released [route: {}->unix://localhost:2375][total available: 0; route allocated: 0 of 2147483647; total allocated: 0 of 2147483647]
14:55:54.661 [main] INFO tc.confluentinc/cp-kafka:7.6.0 -- Container confluentinc/cp-kafka:7.6.0 started in PT2.30739S
14:55:54.661 [docker-java-stream-39689327] DEBUG com.github.dockerjava.zerodep.ApacheDockerHttpClientImpl$ApacheResponse -- Failed to close the response
java.nio.channels.ClosedChannelException: null
	at java.base/sun.nio.ch.SocketChannelImpl.ensureOpenAndConnected(SocketChannelImpl.java:224)
	at java.base/sun.nio.ch.SocketChannelImpl.blockingRead(SocketChannelImpl.java:1384)
	at java.base/sun.nio.ch.SocketInputStream.implRead(SocketInputStream.java:70)
	at java.base/sun.nio.ch.SocketInputStream.read(SocketInputStream.java:78)
	at com.github.dockerjava.zerodep.shaded.org.apache.hc.client5.http.impl.io.LoggingInputStream.read(LoggingInputStream.java:81)
	at com.github.dockerjava.zerodep.shaded.org.apache.hc.core5.http.impl.io.SessionInputBufferImpl.fillBuffer(SessionInputBufferImpl.java:149)
	at com.github.dockerjava.zerodep.shaded.org.apache.hc.core5.http.impl.io.SessionInputBufferImpl.readLine(SessionInputBufferImpl.java:280)
	at com.github.dockerjava.zerodep.shaded.org.apache.hc.core5.http.impl.io.ChunkedInputStream.getChunkSize(ChunkedInputStream.java:261)
	at com.github.dockerjava.zerodep.shaded.org.apache.hc.core5.http.impl.io.ChunkedInputStream.nextChunk(ChunkedInputStream.java:222)
	at com.github.dockerjava.zerodep.shaded.org.apache.hc.core5.http.impl.io.ChunkedInputStream.read(ChunkedInputStream.java:147)
	at com.github.dockerjava.zerodep.shaded.org.apache.hc.core5.http.impl.io.ChunkedInputStream.close(ChunkedInputStream.java:314)
	at com.github.dockerjava.zerodep.shaded.org.apache.hc.core5.io.Closer.close(Closer.java:48)
	at com.github.dockerjava.zerodep.shaded.org.apache.hc.core5.http.impl.io.IncomingHttpEntity.close(IncomingHttpEntity.java:111)
	at com.github.dockerjava.zerodep.shaded.org.apache.hc.core5.http.io.entity.HttpEntityWrapper.close(HttpEntityWrapper.java:120)
	at com.github.dockerjava.zerodep.shaded.org.apache.hc.core5.io.Closer.close(Closer.java:48)
	at com.github.dockerjava.zerodep.shaded.org.apache.hc.core5.http.message.BasicClassicHttpResponse.close(BasicClassicHttpResponse.java:93)
	at com.github.dockerjava.zerodep.shaded.org.apache.hc.client5.http.impl.classic.CloseableHttpResponse.close(CloseableHttpResponse.java:200)
	at com.github.dockerjava.zerodep.ApacheDockerHttpClientImpl$ApacheResponse.close(ApacheDockerHttpClientImpl.java:256)
	at org.testcontainers.shaded.com.github.dockerjava.core.DefaultInvocationBuilder.lambda$executeAndStream$1(DefaultInvocationBuilder.java:277)
	at java.base/java.lang.Thread.run(Thread.java:1447)
14:55:54.697 [main] INFO io.confluent.connect.http.HttpSourceConnector -- Starting HttpSourceConnector with 13 properties
14:55:54.697 [main] INFO io.confluent.connect.http.config.HttpSourceConnectorConfig -- HttpSourceConnectorConfig values: 
	adaptive.polling.enabled = true
	api.chaining.parent.child.relationship = 
	api.key.location = HEADER
	api.key.name = X-API-KEY
	api.key.value = null
	apis.num = 1
	auth.type = NONE
	bearer.token = null
	behavior.on.error = IGNORE
	circuit.breaker.failure.threshold = 5
	circuit.breaker.recovery.time.ms = 30000
	circuit.breaker.timeout.ms = 60000
	connection.password = null
	connection.user = null
	field.encryption.enabled = false
	field.encryption.key = null
	field.encryption.rules = 
	http.api.base.url = http://localhost:62521/api
	http.proxy.host = null
	http.proxy.password = null
	http.proxy.port = null
	http.proxy.user = null
	https.ssl.enabled = false
	https.ssl.protocol = TLSv1.3
	max.cache.size = 1000
	oauth2.client.auth.mode = HEADER
	oauth2.client.id = null
	oauth2.client.scope = any
	oauth2.client.secret = null
	oauth2.token.property = access_token
	oauth2.token.refresh.interval.minutes = 30
	oauth2.token.url = null
	output.data.format = JSON_SR
	report.errors.as = Error string
	reporter.error.topic.name = error-${connector}
	response.cache.ttl.ms = 300000
	response.caching.enabled = true
	schema.context.name = default
	tasks.max = 1
	value.subject.name.strategy = TopicNameStrategy

14:55:54.697 [main] DEBUG io.confluent.connect.http.config.HttpSourceConnectorConfig -- Validating HttpSourceConnectorConfig
14:55:54.697 [main] DEBUG io.confluent.connect.http.config.HttpSourceConnectorConfig -- HttpSourceConnectorConfig validation completed
14:55:54.697 [main] DEBUG io.confluent.connect.http.HttpSourceConnector -- Validating connector configuration
14:55:54.697 [main] DEBUG io.confluent.connect.http.HttpSourceConnector -- Configuration validation completed successfully
14:55:54.697 [main] INFO io.confluent.connect.http.HttpSourceConnector -- HttpSourceConnector started successfully
14:55:54.697 [main] INFO io.confluent.connect.http.HttpSourceConnector -- Base URL: http://localhost:62521/api
14:55:54.697 [main] INFO io.confluent.connect.http.HttpSourceConnector -- Authentication Type: NONE
14:55:54.697 [main] INFO io.confluent.connect.http.HttpSourceConnector -- Number of APIs configured: 1
14:55:54.697 [main] INFO io.confluent.connect.http.HttpSourceConnector -- Creating task configurations for 1 max tasks
14:55:54.697 [main] INFO io.confluent.connect.http.HttpSourceConnector -- Task 0 will handle APIs: [1]
14:55:54.697 [main] INFO io.confluent.connect.http.HttpSourceConnector -- Created 1 task configurations
14:55:54.697 [main] INFO io.confluent.connect.http.HttpSourceTask -- Starting HttpSourceTask
14:55:54.697 [main] INFO io.confluent.connect.http.config.HttpSourceConnectorConfig -- HttpSourceConnectorConfig values: 
	adaptive.polling.enabled = true
	api.chaining.parent.child.relationship = 
	api.key.location = HEADER
	api.key.name = X-API-KEY
	api.key.value = null
	apis.num = 1
	auth.type = NONE
	bearer.token = null
	behavior.on.error = IGNORE
	circuit.breaker.failure.threshold = 5
	circuit.breaker.recovery.time.ms = 30000
	circuit.breaker.timeout.ms = 60000
	connection.password = null
	connection.user = null
	field.encryption.enabled = false
	field.encryption.key = null
	field.encryption.rules = 
	http.api.base.url = http://localhost:62521/api
	http.proxy.host = null
	http.proxy.password = null
	http.proxy.port = null
	http.proxy.user = null
	https.ssl.enabled = false
	https.ssl.protocol = TLSv1.3
	max.cache.size = 1000
	oauth2.client.auth.mode = HEADER
	oauth2.client.id = null
	oauth2.client.scope = any
	oauth2.client.secret = null
	oauth2.token.property = access_token
	oauth2.token.refresh.interval.minutes = 30
	oauth2.token.url = null
	output.data.format = JSON_SR
	report.errors.as = Error string
	reporter.error.topic.name = error-${connector}
	response.cache.ttl.ms = 300000
	response.caching.enabled = true
	schema.context.name = default
	tasks.max = 1
	value.subject.name.strategy = TopicNameStrategy

14:55:54.697 [main] DEBUG io.confluent.connect.http.config.HttpSourceConnectorConfig -- Validating HttpSourceConnectorConfig
14:55:54.697 [main] DEBUG io.confluent.connect.http.config.HttpSourceConnectorConfig -- HttpSourceConnectorConfig validation completed
14:55:54.698 [main] INFO io.confluent.connect.http.auth.HttpAuthenticatorFactory -- Creating authenticator for auth type: NONE
14:55:54.698 [main] DEBUG io.confluent.connect.http.auth.NoAuthenticator -- Initialized NoAuthenticator
14:55:54.699 [main] INFO io.confluent.connect.http.chaining.ApiChainingManager -- Initialized API chaining with 0 parent-child relationships
14:55:54.699 [main] INFO io.confluent.connect.http.encryption.FieldEncryptionManager -- Field-level encryption disabled
14:55:54.699 [main] DEBUG io.confluent.connect.http.error.ErrorHandler -- Initialized ErrorHandler with behavior: IGNORE
14:55:54.699 [main] DEBUG io.confluent.connect.http.config.ApiConfig -- Validating configuration for API: api1
14:55:54.699 [main] DEBUG io.confluent.connect.http.config.ApiConfig -- Configuration validation completed for API: api1
14:55:54.699 [main] INFO io.confluent.connect.http.HttpSourceTask -- Task will handle 1 API configurations
14:55:54.754 [main] DEBUG io.confluent.connect.http.client.RetryHandler -- Initialized RetryHandler for API: api1 with max retries: 5 and backoff policy: EXPONENTIAL_WITH_JITTER
14:55:54.754 [main] DEBUG io.confluent.connect.http.client.HttpApiClient -- Initialized HttpApiClient for API: api1
14:55:54.754 [main] INFO io.confluent.connect.http.offset.OffsetManagerFactory -- Creating offset manager for API api1 with mode: SIMPLE_INCREMENTING
14:55:54.755 [main] DEBUG io.confluent.connect.http.offset.SimpleIncrementingOffsetManager -- Using initial offset for API api1: 0
14:55:54.755 [main] DEBUG io.confluent.connect.http.offset.SimpleIncrementingOffsetManager -- Initialized SimpleIncrementingOffsetManager for API: api1 with initial offset: 0 and current offset: 0
14:55:54.755 [main] DEBUG io.confluent.connect.http.converter.JsonRecordConverter -- Initialized JsonRecordConverter with output format: JSON_SR
14:55:54.755 [main] DEBUG io.confluent.connect.http.HttpSourceTask -- Initialized components for API: api1
14:55:54.755 [main] INFO io.confluent.connect.http.chaining.ApiChainingManager -- API chaining configuration validation completed successfully
14:55:54.755 [main] INFO io.confluent.connect.http.HttpSourceTask -- HttpSourceTask started successfully with 1 APIs
14:55:54.755 [main] DEBUG io.confluent.connect.http.HttpSourceTask -- Polling API: api1
14:55:54.755 [main] DEBUG io.confluent.connect.http.client.HttpApiClient -- Making request to API: api1 with offset: 0
14:55:54.772 [main] DEBUG io.confluent.connect.http.client.HttpApiClient -- HTTP request completed in 12ms: GET http://localhost:62521/api/users -> 200
14:55:54.828 [main] DEBUG io.confluent.connect.http.HttpSourceTask -- Converted 2 records from API: api1
14:55:54.828 [main] DEBUG io.confluent.connect.http.HttpSourceTask -- Returning 2 records from 1 APIs
14:55:54.832 [main] INFO io.confluent.connect.http.HttpSourceTask -- Stopping HttpSourceTask
14:55:54.832 [main] DEBUG io.confluent.connect.http.client.HttpApiClient -- Closing HttpApiClient for API: api1
14:55:54.832 [main] DEBUG io.confluent.connect.http.client.HttpApiClient -- HttpApiClient closed for API: api1
14:55:54.832 [main] DEBUG io.confluent.connect.http.auth.NoAuthenticator -- NoAuthenticator closed
14:55:54.832 [main] INFO io.confluent.connect.http.HttpSourceTask -- HttpSourceTask stopped successfully
]]></system-out>
  </testcase>
  <testcase name="testFieldLevelEncryption" classname="io.confluent.connect.http.integration.HttpSourceConnectorSimpleIntegrationTest" time="0.005">
    <system-out><![CDATA[14:55:54.834 [main] INFO io.confluent.connect.http.HttpSourceConnector -- Starting HttpSourceConnector with 16 properties
14:55:54.835 [main] INFO io.confluent.connect.http.config.HttpSourceConnectorConfig -- HttpSourceConnectorConfig values: 
	adaptive.polling.enabled = true
	api.chaining.parent.child.relationship = 
	api.key.location = HEADER
	api.key.name = X-API-KEY
	api.key.value = null
	apis.num = 1
	auth.type = NONE
	bearer.token = null
	behavior.on.error = IGNORE
	circuit.breaker.failure.threshold = 5
	circuit.breaker.recovery.time.ms = 30000
	circuit.breaker.timeout.ms = 60000
	connection.password = null
	connection.user = null
	field.encryption.enabled = true
	field.encryption.key = [hidden]
	field.encryption.rules = ssn:AES_GCM,salary:DETERMINISTIC
	http.api.base.url = http://localhost:62523/api
	http.proxy.host = null
	http.proxy.password = null
	http.proxy.port = null
	http.proxy.user = null
	https.ssl.enabled = false
	https.ssl.protocol = TLSv1.3
	max.cache.size = 1000
	oauth2.client.auth.mode = HEADER
	oauth2.client.id = null
	oauth2.client.scope = any
	oauth2.client.secret = null
	oauth2.token.property = access_token
	oauth2.token.refresh.interval.minutes = 30
	oauth2.token.url = null
	output.data.format = JSON_SR
	report.errors.as = Error string
	reporter.error.topic.name = error-${connector}
	response.cache.ttl.ms = 300000
	response.caching.enabled = true
	schema.context.name = default
	tasks.max = 1
	value.subject.name.strategy = TopicNameStrategy

14:55:54.835 [main] DEBUG io.confluent.connect.http.config.HttpSourceConnectorConfig -- Validating HttpSourceConnectorConfig
14:55:54.835 [main] DEBUG io.confluent.connect.http.config.HttpSourceConnectorConfig -- HttpSourceConnectorConfig validation completed
14:55:54.835 [main] DEBUG io.confluent.connect.http.HttpSourceConnector -- Validating connector configuration
14:55:54.835 [main] DEBUG io.confluent.connect.http.HttpSourceConnector -- Configuration validation completed successfully
14:55:54.835 [main] INFO io.confluent.connect.http.HttpSourceConnector -- HttpSourceConnector started successfully
14:55:54.835 [main] INFO io.confluent.connect.http.HttpSourceConnector -- Base URL: http://localhost:62523/api
14:55:54.835 [main] INFO io.confluent.connect.http.HttpSourceConnector -- Authentication Type: NONE
14:55:54.835 [main] INFO io.confluent.connect.http.HttpSourceConnector -- Number of APIs configured: 1
14:55:54.835 [main] INFO io.confluent.connect.http.HttpSourceConnector -- Creating task configurations for 1 max tasks
14:55:54.835 [main] INFO io.confluent.connect.http.HttpSourceConnector -- Task 0 will handle APIs: [1]
14:55:54.835 [main] INFO io.confluent.connect.http.HttpSourceConnector -- Created 1 task configurations
14:55:54.835 [main] INFO io.confluent.connect.http.HttpSourceTask -- Starting HttpSourceTask
14:55:54.835 [main] INFO io.confluent.connect.http.config.HttpSourceConnectorConfig -- HttpSourceConnectorConfig values: 
	adaptive.polling.enabled = true
	api.chaining.parent.child.relationship = 
	api.key.location = HEADER
	api.key.name = X-API-KEY
	api.key.value = null
	apis.num = 1
	auth.type = NONE
	bearer.token = null
	behavior.on.error = IGNORE
	circuit.breaker.failure.threshold = 5
	circuit.breaker.recovery.time.ms = 30000
	circuit.breaker.timeout.ms = 60000
	connection.password = null
	connection.user = null
	field.encryption.enabled = true
	field.encryption.key = [hidden]
	field.encryption.rules = ssn:AES_GCM,salary:DETERMINISTIC
	http.api.base.url = http://localhost:62523/api
	http.proxy.host = null
	http.proxy.password = null
	http.proxy.port = null
	http.proxy.user = null
	https.ssl.enabled = false
	https.ssl.protocol = TLSv1.3
	max.cache.size = 1000
	oauth2.client.auth.mode = HEADER
	oauth2.client.id = null
	oauth2.client.scope = any
	oauth2.client.secret = null
	oauth2.token.property = access_token
	oauth2.token.refresh.interval.minutes = 30
	oauth2.token.url = null
	output.data.format = JSON_SR
	report.errors.as = Error string
	reporter.error.topic.name = error-${connector}
	response.cache.ttl.ms = 300000
	response.caching.enabled = true
	schema.context.name = default
	tasks.max = 1
	value.subject.name.strategy = TopicNameStrategy

14:55:54.835 [main] DEBUG io.confluent.connect.http.config.HttpSourceConnectorConfig -- Validating HttpSourceConnectorConfig
14:55:54.835 [main] DEBUG io.confluent.connect.http.config.HttpSourceConnectorConfig -- HttpSourceConnectorConfig validation completed
14:55:54.835 [main] INFO io.confluent.connect.http.auth.HttpAuthenticatorFactory -- Creating authenticator for auth type: NONE
14:55:54.835 [main] DEBUG io.confluent.connect.http.auth.NoAuthenticator -- Initialized NoAuthenticator
14:55:54.835 [main] INFO io.confluent.connect.http.chaining.ApiChainingManager -- Initialized API chaining with 0 parent-child relationships
14:55:54.835 [main] DEBUG io.confluent.connect.http.encryption.FieldEncryptionManager -- Configured field encryption: ssn -> AES_GCM
14:55:54.835 [main] DEBUG io.confluent.connect.http.encryption.FieldEncryptionManager -- Configured field encryption: salary -> DETERMINISTIC
14:55:54.835 [main] INFO io.confluent.connect.http.encryption.FieldEncryptionManager -- Field-level encryption enabled with 2 encryption rules
14:55:54.835 [main] DEBUG io.confluent.connect.http.error.ErrorHandler -- Initialized ErrorHandler with behavior: IGNORE
14:55:54.835 [main] DEBUG io.confluent.connect.http.config.ApiConfig -- Validating configuration for API: api1
14:55:54.835 [main] DEBUG io.confluent.connect.http.config.ApiConfig -- Configuration validation completed for API: api1
14:55:54.835 [main] INFO io.confluent.connect.http.HttpSourceTask -- Task will handle 1 API configurations
14:55:54.835 [main] DEBUG io.confluent.connect.http.client.RetryHandler -- Initialized RetryHandler for API: api1 with max retries: 5 and backoff policy: EXPONENTIAL_WITH_JITTER
14:55:54.835 [main] DEBUG io.confluent.connect.http.client.HttpApiClient -- Initialized HttpApiClient for API: api1
14:55:54.835 [main] INFO io.confluent.connect.http.offset.OffsetManagerFactory -- Creating offset manager for API api1 with mode: SIMPLE_INCREMENTING
14:55:54.835 [main] DEBUG io.confluent.connect.http.offset.SimpleIncrementingOffsetManager -- Using initial offset for API api1: 0
14:55:54.835 [main] DEBUG io.confluent.connect.http.offset.SimpleIncrementingOffsetManager -- Initialized SimpleIncrementingOffsetManager for API: api1 with initial offset: 0 and current offset: 0
14:55:54.835 [main] DEBUG io.confluent.connect.http.converter.JsonRecordConverter -- Initialized JsonRecordConverter with output format: JSON_SR
14:55:54.835 [main] DEBUG io.confluent.connect.http.HttpSourceTask -- Initialized components for API: api1
14:55:54.835 [main] INFO io.confluent.connect.http.chaining.ApiChainingManager -- API chaining configuration validation completed successfully
14:55:54.835 [main] INFO io.confluent.connect.http.HttpSourceTask -- HttpSourceTask started successfully with 1 APIs
14:55:54.835 [main] DEBUG io.confluent.connect.http.HttpSourceTask -- Polling API: api1
14:55:54.835 [main] DEBUG io.confluent.connect.http.client.HttpApiClient -- Making request to API: api1 with offset: 0
14:55:54.838 [main] DEBUG io.confluent.connect.http.client.HttpApiClient -- HTTP request completed in 2ms: GET http://localhost:62523/api/users -> 200
14:55:54.838 [main] DEBUG io.confluent.connect.http.encryption.FieldEncryptionManager -- Attempting to encrypt fields for API: api1 with 2 rules
14:55:54.838 [main] DEBUG io.confluent.connect.http.HttpSourceTask -- Converted 1 records from API: api1
14:55:54.838 [main] DEBUG io.confluent.connect.http.HttpSourceTask -- Returning 1 records from 1 APIs
14:55:54.839 [main] INFO io.confluent.connect.http.HttpSourceTask -- Stopping HttpSourceTask
14:55:54.839 [main] DEBUG io.confluent.connect.http.client.HttpApiClient -- Closing HttpApiClient for API: api1
14:55:54.839 [main] DEBUG io.confluent.connect.http.client.HttpApiClient -- HttpApiClient closed for API: api1
14:55:54.839 [main] DEBUG io.confluent.connect.http.auth.NoAuthenticator -- NoAuthenticator closed
14:55:54.839 [main] INFO io.confluent.connect.http.HttpSourceTask -- HttpSourceTask stopped successfully
]]></system-out>
  </testcase>
  <testcase name="testErrorHandling" classname="io.confluent.connect.http.integration.HttpSourceConnectorSimpleIntegrationTest" time="3.393">
    <system-out><![CDATA[14:55:54.840 [main] INFO io.confluent.connect.http.HttpSourceConnector -- Starting HttpSourceConnector with 14 properties
14:55:54.841 [main] INFO io.confluent.connect.http.config.HttpSourceConnectorConfig -- HttpSourceConnectorConfig values: 
	adaptive.polling.enabled = true
	api.chaining.parent.child.relationship = 
	api.key.location = HEADER
	api.key.name = X-API-KEY
	api.key.value = null
	apis.num = 1
	auth.type = NONE
	bearer.token = null
	behavior.on.error = IGNORE
	circuit.breaker.failure.threshold = 5
	circuit.breaker.recovery.time.ms = 30000
	circuit.breaker.timeout.ms = 60000
	connection.password = null
	connection.user = null
	field.encryption.enabled = false
	field.encryption.key = null
	field.encryption.rules = 
	http.api.base.url = http://localhost:62525/api
	http.proxy.host = null
	http.proxy.password = null
	http.proxy.port = null
	http.proxy.user = null
	https.ssl.enabled = false
	https.ssl.protocol = TLSv1.3
	max.cache.size = 1000
	oauth2.client.auth.mode = HEADER
	oauth2.client.id = null
	oauth2.client.scope = any
	oauth2.client.secret = null
	oauth2.token.property = access_token
	oauth2.token.refresh.interval.minutes = 30
	oauth2.token.url = null
	output.data.format = JSON_SR
	report.errors.as = Error string
	reporter.error.topic.name = error-${connector}
	response.cache.ttl.ms = 300000
	response.caching.enabled = true
	schema.context.name = default
	tasks.max = 1
	value.subject.name.strategy = TopicNameStrategy

14:55:54.841 [main] DEBUG io.confluent.connect.http.config.HttpSourceConnectorConfig -- Validating HttpSourceConnectorConfig
14:55:54.841 [main] DEBUG io.confluent.connect.http.config.HttpSourceConnectorConfig -- HttpSourceConnectorConfig validation completed
14:55:54.841 [main] DEBUG io.confluent.connect.http.HttpSourceConnector -- Validating connector configuration
14:55:54.841 [main] DEBUG io.confluent.connect.http.HttpSourceConnector -- Configuration validation completed successfully
14:55:54.841 [main] INFO io.confluent.connect.http.HttpSourceConnector -- HttpSourceConnector started successfully
14:55:54.841 [main] INFO io.confluent.connect.http.HttpSourceConnector -- Base URL: http://localhost:62525/api
14:55:54.841 [main] INFO io.confluent.connect.http.HttpSourceConnector -- Authentication Type: NONE
14:55:54.841 [main] INFO io.confluent.connect.http.HttpSourceConnector -- Number of APIs configured: 1
14:55:54.841 [main] INFO io.confluent.connect.http.HttpSourceConnector -- Creating task configurations for 1 max tasks
14:55:54.841 [main] INFO io.confluent.connect.http.HttpSourceConnector -- Task 0 will handle APIs: [1]
14:55:54.841 [main] INFO io.confluent.connect.http.HttpSourceConnector -- Created 1 task configurations
14:55:54.841 [main] INFO io.confluent.connect.http.HttpSourceTask -- Starting HttpSourceTask
14:55:54.841 [main] INFO io.confluent.connect.http.config.HttpSourceConnectorConfig -- HttpSourceConnectorConfig values: 
	adaptive.polling.enabled = true
	api.chaining.parent.child.relationship = 
	api.key.location = HEADER
	api.key.name = X-API-KEY
	api.key.value = null
	apis.num = 1
	auth.type = NONE
	bearer.token = null
	behavior.on.error = IGNORE
	circuit.breaker.failure.threshold = 5
	circuit.breaker.recovery.time.ms = 30000
	circuit.breaker.timeout.ms = 60000
	connection.password = null
	connection.user = null
	field.encryption.enabled = false
	field.encryption.key = null
	field.encryption.rules = 
	http.api.base.url = http://localhost:62525/api
	http.proxy.host = null
	http.proxy.password = null
	http.proxy.port = null
	http.proxy.user = null
	https.ssl.enabled = false
	https.ssl.protocol = TLSv1.3
	max.cache.size = 1000
	oauth2.client.auth.mode = HEADER
	oauth2.client.id = null
	oauth2.client.scope = any
	oauth2.client.secret = null
	oauth2.token.property = access_token
	oauth2.token.refresh.interval.minutes = 30
	oauth2.token.url = null
	output.data.format = JSON_SR
	report.errors.as = Error string
	reporter.error.topic.name = error-${connector}
	response.cache.ttl.ms = 300000
	response.caching.enabled = true
	schema.context.name = default
	tasks.max = 1
	value.subject.name.strategy = TopicNameStrategy

14:55:54.841 [main] DEBUG io.confluent.connect.http.config.HttpSourceConnectorConfig -- Validating HttpSourceConnectorConfig
14:55:54.841 [main] DEBUG io.confluent.connect.http.config.HttpSourceConnectorConfig -- HttpSourceConnectorConfig validation completed
14:55:54.841 [main] INFO io.confluent.connect.http.auth.HttpAuthenticatorFactory -- Creating authenticator for auth type: NONE
14:55:54.841 [main] DEBUG io.confluent.connect.http.auth.NoAuthenticator -- Initialized NoAuthenticator
14:55:54.841 [main] INFO io.confluent.connect.http.chaining.ApiChainingManager -- Initialized API chaining with 0 parent-child relationships
14:55:54.841 [main] INFO io.confluent.connect.http.encryption.FieldEncryptionManager -- Field-level encryption disabled
14:55:54.841 [main] DEBUG io.confluent.connect.http.error.ErrorHandler -- Initialized ErrorHandler with behavior: IGNORE
14:55:54.841 [main] DEBUG io.confluent.connect.http.config.ApiConfig -- Validating configuration for API: api1
14:55:54.841 [main] DEBUG io.confluent.connect.http.config.ApiConfig -- Configuration validation completed for API: api1
14:55:54.841 [main] INFO io.confluent.connect.http.HttpSourceTask -- Task will handle 1 API configurations
14:55:54.841 [main] DEBUG io.confluent.connect.http.client.RetryHandler -- Initialized RetryHandler for API: api1 with max retries: 5 and backoff policy: EXPONENTIAL_WITH_JITTER
14:55:54.841 [main] DEBUG io.confluent.connect.http.client.HttpApiClient -- Initialized HttpApiClient for API: api1
14:55:54.841 [main] INFO io.confluent.connect.http.offset.OffsetManagerFactory -- Creating offset manager for API api1 with mode: SIMPLE_INCREMENTING
14:55:54.841 [main] DEBUG io.confluent.connect.http.offset.SimpleIncrementingOffsetManager -- Using initial offset for API api1: 0
14:55:54.841 [main] DEBUG io.confluent.connect.http.offset.SimpleIncrementingOffsetManager -- Initialized SimpleIncrementingOffsetManager for API: api1 with initial offset: 0 and current offset: 0
14:55:54.841 [main] DEBUG io.confluent.connect.http.converter.JsonRecordConverter -- Initialized JsonRecordConverter with output format: JSON_SR
14:55:54.841 [main] DEBUG io.confluent.connect.http.HttpSourceTask -- Initialized components for API: api1
14:55:54.841 [main] INFO io.confluent.connect.http.chaining.ApiChainingManager -- API chaining configuration validation completed successfully
14:55:54.841 [main] INFO io.confluent.connect.http.HttpSourceTask -- HttpSourceTask started successfully with 1 APIs
14:55:54.841 [main] DEBUG io.confluent.connect.http.HttpSourceTask -- Polling API: api1
14:55:54.841 [main] DEBUG io.confluent.connect.http.client.HttpApiClient -- Making request to API: api1 with offset: 0
14:55:54.843 [main] DEBUG io.confluent.connect.http.client.HttpApiClient -- HTTP request completed in 1ms: GET http://localhost:62525/api/users -> 500
14:55:54.844 [main] ERROR io.confluent.connect.http.client.HttpApiClient -- HTTP request failed after 2ms: GET http://localhost:62525/api/users - HTTP request failed with status 500: Server Error
14:55:54.844 [main] WARN io.confluent.connect.http.client.RetryHandler -- Request attempt 1 failed, will retry: HTTP request failed with status 500: Server Error
14:55:54.844 [main] DEBUG io.confluent.connect.http.client.RetryHandler -- Retrying request in 121ms (attempt 1 of 5)
14:55:54.969 [main] DEBUG io.confluent.connect.http.client.HttpApiClient -- HTTP request completed in 1ms: GET http://localhost:62525/api/users -> 500
14:55:54.969 [main] ERROR io.confluent.connect.http.client.HttpApiClient -- HTTP request failed after 1ms: GET http://localhost:62525/api/users - HTTP request failed with status 500: Server Error
14:55:54.969 [main] WARN io.confluent.connect.http.client.RetryHandler -- Request attempt 2 failed, will retry: HTTP request failed with status 500: Server Error
14:55:54.969 [main] DEBUG io.confluent.connect.http.client.RetryHandler -- Retrying request in 231ms (attempt 2 of 5)
14:55:55.203 [main] DEBUG io.confluent.connect.http.client.HttpApiClient -- HTTP request completed in 2ms: GET http://localhost:62525/api/users -> 500
14:55:55.203 [main] ERROR io.confluent.connect.http.client.HttpApiClient -- HTTP request failed after 3ms: GET http://localhost:62525/api/users - HTTP request failed with status 500: Server Error
14:55:55.204 [main] WARN io.confluent.connect.http.client.RetryHandler -- Request attempt 3 failed, will retry: HTTP request failed with status 500: Server Error
14:55:55.204 [main] DEBUG io.confluent.connect.http.client.RetryHandler -- Retrying request in 319ms (attempt 3 of 5)
14:55:55.528 [main] DEBUG io.confluent.connect.http.client.HttpApiClient -- HTTP request completed in 5ms: GET http://localhost:62525/api/users -> 500
14:55:55.529 [main] ERROR io.confluent.connect.http.client.HttpApiClient -- HTTP request failed after 5ms: GET http://localhost:62525/api/users - HTTP request failed with status 500: Server Error
14:55:55.529 [main] WARN io.confluent.connect.http.client.RetryHandler -- Request attempt 4 failed, will retry: HTTP request failed with status 500: Server Error
14:55:55.529 [main] DEBUG io.confluent.connect.http.client.RetryHandler -- Retrying request in 532ms (attempt 4 of 5)
14:55:56.065 [main] DEBUG io.confluent.connect.http.client.HttpApiClient -- HTTP request completed in 3ms: GET http://localhost:62525/api/users -> 500
14:55:56.065 [main] ERROR io.confluent.connect.http.client.HttpApiClient -- HTTP request failed after 3ms: GET http://localhost:62525/api/users - HTTP request failed with status 500: Server Error
14:55:56.065 [main] WARN io.confluent.connect.http.client.RetryHandler -- Request attempt 5 failed, will retry: HTTP request failed with status 500: Server Error
14:55:56.065 [main] DEBUG io.confluent.connect.http.client.RetryHandler -- Retrying request in 2156ms (attempt 5 of 5)
14:55:58.228 [main] DEBUG io.confluent.connect.http.client.HttpApiClient -- HTTP request completed in 5ms: GET http://localhost:62525/api/users -> 500
14:55:58.228 [main] ERROR io.confluent.connect.http.client.HttpApiClient -- HTTP request failed after 5ms: GET http://localhost:62525/api/users - HTTP request failed with status 500: Server Error
14:55:58.228 [main] ERROR io.confluent.connect.http.client.RetryHandler -- Request failed after 6 attempts
io.confluent.connect.http.client.HttpApiClient$HttpRequestException: HTTP request failed with status 500: Server Error
	at io.confluent.connect.http.client.HttpApiClient.executeRequest(HttpApiClient.java:234)
	at io.confluent.connect.http.client.HttpApiClient.lambda$makeRequest$0(HttpApiClient.java:98)
	at io.confluent.connect.http.client.RetryHandler.executeWithRetry(RetryHandler.java:59)
	at io.confluent.connect.http.client.HttpApiClient.makeRequest(HttpApiClient.java:98)
	at io.confluent.connect.http.HttpSourceTask.pollApi(HttpSourceTask.java:287)
	at io.confluent.connect.http.HttpSourceTask.poll(HttpSourceTask.java:112)
	at io.confluent.connect.http.integration.HttpSourceConnectorSimpleIntegrationTest.testErrorHandling(HttpSourceConnectorSimpleIntegrationTest.java:203)
	at java.base/jdk.internal.reflect.DirectMethodHandleAccessor.invoke(DirectMethodHandleAccessor.java:104)
	at java.base/java.lang.reflect.Method.invoke(Method.java:565)
	at org.junit.platform.commons.util.ReflectionUtils.invokeMethod(ReflectionUtils.java:728)
	at org.junit.jupiter.engine.execution.MethodInvocation.proceed(MethodInvocation.java:60)
	at org.junit.jupiter.engine.execution.InvocationInterceptorChain$ValidatingInvocation.proceed(InvocationInterceptorChain.java:131)
	at org.junit.jupiter.engine.extension.TimeoutExtension.intercept(TimeoutExtension.java:156)
	at org.junit.jupiter.engine.extension.TimeoutExtension.interceptTestableMethod(TimeoutExtension.java:147)
	at org.junit.jupiter.engine.extension.TimeoutExtension.interceptTestMethod(TimeoutExtension.java:86)
	at org.junit.jupiter.engine.execution.InterceptingExecutableInvoker$ReflectiveInterceptorCall.lambda$ofVoidMethod$0(InterceptingExecutableInvoker.java:103)
	at org.junit.jupiter.engine.execution.InterceptingExecutableInvoker.lambda$invoke$0(InterceptingExecutableInvoker.java:93)
	at org.junit.jupiter.engine.execution.InvocationInterceptorChain$InterceptedInvocation.proceed(InvocationInterceptorChain.java:106)
	at org.junit.jupiter.engine.execution.InvocationInterceptorChain.proceed(InvocationInterceptorChain.java:64)
	at org.junit.jupiter.engine.execution.InvocationInterceptorChain.chainAndInvoke(InvocationInterceptorChain.java:45)
	at org.junit.jupiter.engine.execution.InvocationInterceptorChain.invoke(InvocationInterceptorChain.java:37)
	at org.junit.jupiter.engine.execution.InterceptingExecutableInvoker.invoke(InterceptingExecutableInvoker.java:92)
	at org.junit.jupiter.engine.execution.InterceptingExecutableInvoker.invoke(InterceptingExecutableInvoker.java:86)
	at org.junit.jupiter.engine.descriptor.TestMethodTestDescriptor.lambda$invokeTestMethod$7(TestMethodTestDescriptor.java:218)
	at org.junit.platform.engine.support.hierarchical.ThrowableCollector.execute(ThrowableCollector.java:73)
	at org.junit.jupiter.engine.descriptor.TestMethodTestDescriptor.invokeTestMethod(TestMethodTestDescriptor.java:214)
	at org.junit.jupiter.engine.descriptor.TestMethodTestDescriptor.execute(TestMethodTestDescriptor.java:139)
	at org.junit.jupiter.engine.descriptor.TestMethodTestDescriptor.execute(TestMethodTestDescriptor.java:69)
	at org.junit.platform.engine.support.hierarchical.NodeTestTask.lambda$executeRecursively$6(NodeTestTask.java:151)
	at org.junit.platform.engine.support.hierarchical.ThrowableCollector.execute(ThrowableCollector.java:73)
	at org.junit.platform.engine.support.hierarchical.NodeTestTask.lambda$executeRecursively$8(NodeTestTask.java:141)
	at org.junit.platform.engine.support.hierarchical.Node.around(Node.java:137)
	at org.junit.platform.engine.support.hierarchical.NodeTestTask.lambda$executeRecursively$9(NodeTestTask.java:139)
	at org.junit.platform.engine.support.hierarchical.ThrowableCollector.execute(ThrowableCollector.java:73)
	at org.junit.platform.engine.support.hierarchical.NodeTestTask.executeRecursively(NodeTestTask.java:138)
	at org.junit.platform.engine.support.hierarchical.NodeTestTask.execute(NodeTestTask.java:95)
	at java.base/java.util.ArrayList.forEach(ArrayList.java:1604)
	at org.junit.platform.engine.support.hierarchical.SameThreadHierarchicalTestExecutorService.invokeAll(SameThreadHierarchicalTestExecutorService.java:41)
	at org.junit.platform.engine.support.hierarchical.NodeTestTask.lambda$executeRecursively$6(NodeTestTask.java:155)
	at org.junit.platform.engine.support.hierarchical.ThrowableCollector.execute(ThrowableCollector.java:73)
	at org.junit.platform.engine.support.hierarchical.NodeTestTask.lambda$executeRecursively$8(NodeTestTask.java:141)
	at org.junit.platform.engine.support.hierarchical.Node.around(Node.java:137)
	at org.junit.platform.engine.support.hierarchical.NodeTestTask.lambda$executeRecursively$9(NodeTestTask.java:139)
	at org.junit.platform.engine.support.hierarchical.ThrowableCollector.execute(ThrowableCollector.java:73)
	at org.junit.platform.engine.support.hierarchical.NodeTestTask.executeRecursively(NodeTestTask.java:138)
	at org.junit.platform.engine.support.hierarchical.NodeTestTask.execute(NodeTestTask.java:95)
	at java.base/java.util.ArrayList.forEach(ArrayList.java:1604)
	at org.junit.platform.engine.support.hierarchical.SameThreadHierarchicalTestExecutorService.invokeAll(SameThreadHierarchicalTestExecutorService.java:41)
	at org.junit.platform.engine.support.hierarchical.NodeTestTask.lambda$executeRecursively$6(NodeTestTask.java:155)
	at org.junit.platform.engine.support.hierarchical.ThrowableCollector.execute(ThrowableCollector.java:73)
	at org.junit.platform.engine.support.hierarchical.NodeTestTask.lambda$executeRecursively$8(NodeTestTask.java:141)
	at org.junit.platform.engine.support.hierarchical.Node.around(Node.java:137)
	at org.junit.platform.engine.support.hierarchical.NodeTestTask.lambda$executeRecursively$9(NodeTestTask.java:139)
	at org.junit.platform.engine.support.hierarchical.ThrowableCollector.execute(ThrowableCollector.java:73)
	at org.junit.platform.engine.support.hierarchical.NodeTestTask.executeRecursively(NodeTestTask.java:138)
	at org.junit.platform.engine.support.hierarchical.NodeTestTask.execute(NodeTestTask.java:95)
	at org.junit.platform.engine.support.hierarchical.SameThreadHierarchicalTestExecutorService.submit(SameThreadHierarchicalTestExecutorService.java:35)
	at org.junit.platform.engine.support.hierarchical.HierarchicalTestExecutor.execute(HierarchicalTestExecutor.java:57)
	at org.junit.platform.engine.support.hierarchical.HierarchicalTestEngine.execute(HierarchicalTestEngine.java:54)
	at org.junit.platform.launcher.core.EngineExecutionOrchestrator.execute(EngineExecutionOrchestrator.java:198)
	at org.junit.platform.launcher.core.EngineExecutionOrchestrator.execute(EngineExecutionOrchestrator.java:169)
	at org.junit.platform.launcher.core.EngineExecutionOrchestrator.execute(EngineExecutionOrchestrator.java:93)
	at org.junit.platform.launcher.core.EngineExecutionOrchestrator.lambda$execute$0(EngineExecutionOrchestrator.java:58)
	at org.junit.platform.launcher.core.EngineExecutionOrchestrator.withInterceptedStreams(EngineExecutionOrchestrator.java:141)
	at org.junit.platform.launcher.core.EngineExecutionOrchestrator.execute(EngineExecutionOrchestrator.java:57)
	at org.junit.platform.launcher.core.DefaultLauncher.execute(DefaultLauncher.java:103)
	at org.junit.platform.launcher.core.DefaultLauncher.execute(DefaultLauncher.java:85)
	at org.junit.platform.launcher.core.DelegatingLauncher.execute(DelegatingLauncher.java:47)
	at org.apache.maven.surefire.junitplatform.LazyLauncher.execute(LazyLauncher.java:56)
	at org.apache.maven.surefire.junitplatform.JUnitPlatformProvider.execute(JUnitPlatformProvider.java:184)
	at org.apache.maven.surefire.junitplatform.JUnitPlatformProvider.invokeAllTests(JUnitPlatformProvider.java:148)
	at org.apache.maven.surefire.junitplatform.JUnitPlatformProvider.invoke(JUnitPlatformProvider.java:122)
	at org.apache.maven.surefire.booter.ForkedBooter.runSuitesInProcess(ForkedBooter.java:385)
	at org.apache.maven.surefire.booter.ForkedBooter.execute(ForkedBooter.java:162)
	at org.apache.maven.surefire.booter.ForkedBooter.run(ForkedBooter.java:507)
	at org.apache.maven.surefire.booter.ForkedBooter.main(ForkedBooter.java:495)
14:55:58.229 [main] ERROR io.confluent.connect.http.HttpSourceTask -- Error polling API api1: HTTP request failed with status 500: Server Error
io.confluent.connect.http.client.HttpApiClient$HttpRequestException: HTTP request failed with status 500: Server Error
	at io.confluent.connect.http.client.HttpApiClient.executeRequest(HttpApiClient.java:234)
	at io.confluent.connect.http.client.HttpApiClient.lambda$makeRequest$0(HttpApiClient.java:98)
	at io.confluent.connect.http.client.RetryHandler.executeWithRetry(RetryHandler.java:59)
	at io.confluent.connect.http.client.HttpApiClient.makeRequest(HttpApiClient.java:98)
	at io.confluent.connect.http.HttpSourceTask.pollApi(HttpSourceTask.java:287)
	at io.confluent.connect.http.HttpSourceTask.poll(HttpSourceTask.java:112)
	at io.confluent.connect.http.integration.HttpSourceConnectorSimpleIntegrationTest.testErrorHandling(HttpSourceConnectorSimpleIntegrationTest.java:203)
	at java.base/jdk.internal.reflect.DirectMethodHandleAccessor.invoke(DirectMethodHandleAccessor.java:104)
	at java.base/java.lang.reflect.Method.invoke(Method.java:565)
	at org.junit.platform.commons.util.ReflectionUtils.invokeMethod(ReflectionUtils.java:728)
	at org.junit.jupiter.engine.execution.MethodInvocation.proceed(MethodInvocation.java:60)
	at org.junit.jupiter.engine.execution.InvocationInterceptorChain$ValidatingInvocation.proceed(InvocationInterceptorChain.java:131)
	at org.junit.jupiter.engine.extension.TimeoutExtension.intercept(TimeoutExtension.java:156)
	at org.junit.jupiter.engine.extension.TimeoutExtension.interceptTestableMethod(TimeoutExtension.java:147)
	at org.junit.jupiter.engine.extension.TimeoutExtension.interceptTestMethod(TimeoutExtension.java:86)
	at org.junit.jupiter.engine.execution.InterceptingExecutableInvoker$ReflectiveInterceptorCall.lambda$ofVoidMethod$0(InterceptingExecutableInvoker.java:103)
	at org.junit.jupiter.engine.execution.InterceptingExecutableInvoker.lambda$invoke$0(InterceptingExecutableInvoker.java:93)
	at org.junit.jupiter.engine.execution.InvocationInterceptorChain$InterceptedInvocation.proceed(InvocationInterceptorChain.java:106)
	at org.junit.jupiter.engine.execution.InvocationInterceptorChain.proceed(InvocationInterceptorChain.java:64)
	at org.junit.jupiter.engine.execution.InvocationInterceptorChain.chainAndInvoke(InvocationInterceptorChain.java:45)
	at org.junit.jupiter.engine.execution.InvocationInterceptorChain.invoke(InvocationInterceptorChain.java:37)
	at org.junit.jupiter.engine.execution.InterceptingExecutableInvoker.invoke(InterceptingExecutableInvoker.java:92)
	at org.junit.jupiter.engine.execution.InterceptingExecutableInvoker.invoke(InterceptingExecutableInvoker.java:86)
	at org.junit.jupiter.engine.descriptor.TestMethodTestDescriptor.lambda$invokeTestMethod$7(TestMethodTestDescriptor.java:218)
	at org.junit.platform.engine.support.hierarchical.ThrowableCollector.execute(ThrowableCollector.java:73)
	at org.junit.jupiter.engine.descriptor.TestMethodTestDescriptor.invokeTestMethod(TestMethodTestDescriptor.java:214)
	at org.junit.jupiter.engine.descriptor.TestMethodTestDescriptor.execute(TestMethodTestDescriptor.java:139)
	at org.junit.jupiter.engine.descriptor.TestMethodTestDescriptor.execute(TestMethodTestDescriptor.java:69)
	at org.junit.platform.engine.support.hierarchical.NodeTestTask.lambda$executeRecursively$6(NodeTestTask.java:151)
	at org.junit.platform.engine.support.hierarchical.ThrowableCollector.execute(ThrowableCollector.java:73)
	at org.junit.platform.engine.support.hierarchical.NodeTestTask.lambda$executeRecursively$8(NodeTestTask.java:141)
	at org.junit.platform.engine.support.hierarchical.Node.around(Node.java:137)
	at org.junit.platform.engine.support.hierarchical.NodeTestTask.lambda$executeRecursively$9(NodeTestTask.java:139)
	at org.junit.platform.engine.support.hierarchical.ThrowableCollector.execute(ThrowableCollector.java:73)
	at org.junit.platform.engine.support.hierarchical.NodeTestTask.executeRecursively(NodeTestTask.java:138)
	at org.junit.platform.engine.support.hierarchical.NodeTestTask.execute(NodeTestTask.java:95)
	at java.base/java.util.ArrayList.forEach(ArrayList.java:1604)
	at org.junit.platform.engine.support.hierarchical.SameThreadHierarchicalTestExecutorService.invokeAll(SameThreadHierarchicalTestExecutorService.java:41)
	at org.junit.platform.engine.support.hierarchical.NodeTestTask.lambda$executeRecursively$6(NodeTestTask.java:155)
	at org.junit.platform.engine.support.hierarchical.ThrowableCollector.execute(ThrowableCollector.java:73)
	at org.junit.platform.engine.support.hierarchical.NodeTestTask.lambda$executeRecursively$8(NodeTestTask.java:141)
	at org.junit.platform.engine.support.hierarchical.Node.around(Node.java:137)
	at org.junit.platform.engine.support.hierarchical.NodeTestTask.lambda$executeRecursively$9(NodeTestTask.java:139)
	at org.junit.platform.engine.support.hierarchical.ThrowableCollector.execute(ThrowableCollector.java:73)
	at org.junit.platform.engine.support.hierarchical.NodeTestTask.executeRecursively(NodeTestTask.java:138)
	at org.junit.platform.engine.support.hierarchical.NodeTestTask.execute(NodeTestTask.java:95)
	at java.base/java.util.ArrayList.forEach(ArrayList.java:1604)
	at org.junit.platform.engine.support.hierarchical.SameThreadHierarchicalTestExecutorService.invokeAll(SameThreadHierarchicalTestExecutorService.java:41)
	at org.junit.platform.engine.support.hierarchical.NodeTestTask.lambda$executeRecursively$6(NodeTestTask.java:155)
	at org.junit.platform.engine.support.hierarchical.ThrowableCollector.execute(ThrowableCollector.java:73)
	at org.junit.platform.engine.support.hierarchical.NodeTestTask.lambda$executeRecursively$8(NodeTestTask.java:141)
	at org.junit.platform.engine.support.hierarchical.Node.around(Node.java:137)
	at org.junit.platform.engine.support.hierarchical.NodeTestTask.lambda$executeRecursively$9(NodeTestTask.java:139)
	at org.junit.platform.engine.support.hierarchical.ThrowableCollector.execute(ThrowableCollector.java:73)
	at org.junit.platform.engine.support.hierarchical.NodeTestTask.executeRecursively(NodeTestTask.java:138)
	at org.junit.platform.engine.support.hierarchical.NodeTestTask.execute(NodeTestTask.java:95)
	at org.junit.platform.engine.support.hierarchical.SameThreadHierarchicalTestExecutorService.submit(SameThreadHierarchicalTestExecutorService.java:35)
	at org.junit.platform.engine.support.hierarchical.HierarchicalTestExecutor.execute(HierarchicalTestExecutor.java:57)
	at org.junit.platform.engine.support.hierarchical.HierarchicalTestEngine.execute(HierarchicalTestEngine.java:54)
	at org.junit.platform.launcher.core.EngineExecutionOrchestrator.execute(EngineExecutionOrchestrator.java:198)
	at org.junit.platform.launcher.core.EngineExecutionOrchestrator.execute(EngineExecutionOrchestrator.java:169)
	at org.junit.platform.launcher.core.EngineExecutionOrchestrator.execute(EngineExecutionOrchestrator.java:93)
	at org.junit.platform.launcher.core.EngineExecutionOrchestrator.lambda$execute$0(EngineExecutionOrchestrator.java:58)
	at org.junit.platform.launcher.core.EngineExecutionOrchestrator.withInterceptedStreams(EngineExecutionOrchestrator.java:141)
	at org.junit.platform.launcher.core.EngineExecutionOrchestrator.execute(EngineExecutionOrchestrator.java:57)
	at org.junit.platform.launcher.core.DefaultLauncher.execute(DefaultLauncher.java:103)
	at org.junit.platform.launcher.core.DefaultLauncher.execute(DefaultLauncher.java:85)
	at org.junit.platform.launcher.core.DelegatingLauncher.execute(DelegatingLauncher.java:47)
	at org.apache.maven.surefire.junitplatform.LazyLauncher.execute(LazyLauncher.java:56)
	at org.apache.maven.surefire.junitplatform.JUnitPlatformProvider.execute(JUnitPlatformProvider.java:184)
	at org.apache.maven.surefire.junitplatform.JUnitPlatformProvider.invokeAllTests(JUnitPlatformProvider.java:148)
	at org.apache.maven.surefire.junitplatform.JUnitPlatformProvider.invoke(JUnitPlatformProvider.java:122)
	at org.apache.maven.surefire.booter.ForkedBooter.runSuitesInProcess(ForkedBooter.java:385)
	at org.apache.maven.surefire.booter.ForkedBooter.execute(ForkedBooter.java:162)
	at org.apache.maven.surefire.booter.ForkedBooter.run(ForkedBooter.java:507)
	at org.apache.maven.surefire.booter.ForkedBooter.main(ForkedBooter.java:495)
14:55:58.229 [main] ERROR io.confluent.connect.http.error.ErrorHandler -- Error processing API api1: HTTP request failed with status 500: Server Error
io.confluent.connect.http.client.HttpApiClient$HttpRequestException: HTTP request failed with status 500: Server Error
	at io.confluent.connect.http.client.HttpApiClient.executeRequest(HttpApiClient.java:234)
	at io.confluent.connect.http.client.HttpApiClient.lambda$makeRequest$0(HttpApiClient.java:98)
	at io.confluent.connect.http.client.RetryHandler.executeWithRetry(RetryHandler.java:59)
	at io.confluent.connect.http.client.HttpApiClient.makeRequest(HttpApiClient.java:98)
	at io.confluent.connect.http.HttpSourceTask.pollApi(HttpSourceTask.java:287)
	at io.confluent.connect.http.HttpSourceTask.poll(HttpSourceTask.java:112)
	at io.confluent.connect.http.integration.HttpSourceConnectorSimpleIntegrationTest.testErrorHandling(HttpSourceConnectorSimpleIntegrationTest.java:203)
	at java.base/jdk.internal.reflect.DirectMethodHandleAccessor.invoke(DirectMethodHandleAccessor.java:104)
	at java.base/java.lang.reflect.Method.invoke(Method.java:565)
	at org.junit.platform.commons.util.ReflectionUtils.invokeMethod(ReflectionUtils.java:728)
	at org.junit.jupiter.engine.execution.MethodInvocation.proceed(MethodInvocation.java:60)
	at org.junit.jupiter.engine.execution.InvocationInterceptorChain$ValidatingInvocation.proceed(InvocationInterceptorChain.java:131)
	at org.junit.jupiter.engine.extension.TimeoutExtension.intercept(TimeoutExtension.java:156)
	at org.junit.jupiter.engine.extension.TimeoutExtension.interceptTestableMethod(TimeoutExtension.java:147)
	at org.junit.jupiter.engine.extension.TimeoutExtension.interceptTestMethod(TimeoutExtension.java:86)
	at org.junit.jupiter.engine.execution.InterceptingExecutableInvoker$ReflectiveInterceptorCall.lambda$ofVoidMethod$0(InterceptingExecutableInvoker.java:103)
	at org.junit.jupiter.engine.execution.InterceptingExecutableInvoker.lambda$invoke$0(InterceptingExecutableInvoker.java:93)
	at org.junit.jupiter.engine.execution.InvocationInterceptorChain$InterceptedInvocation.proceed(InvocationInterceptorChain.java:106)
	at org.junit.jupiter.engine.execution.InvocationInterceptorChain.proceed(InvocationInterceptorChain.java:64)
	at org.junit.jupiter.engine.execution.InvocationInterceptorChain.chainAndInvoke(InvocationInterceptorChain.java:45)
	at org.junit.jupiter.engine.execution.InvocationInterceptorChain.invoke(InvocationInterceptorChain.java:37)
	at org.junit.jupiter.engine.execution.InterceptingExecutableInvoker.invoke(InterceptingExecutableInvoker.java:92)
	at org.junit.jupiter.engine.execution.InterceptingExecutableInvoker.invoke(InterceptingExecutableInvoker.java:86)
	at org.junit.jupiter.engine.descriptor.TestMethodTestDescriptor.lambda$invokeTestMethod$7(TestMethodTestDescriptor.java:218)
	at org.junit.platform.engine.support.hierarchical.ThrowableCollector.execute(ThrowableCollector.java:73)
	at org.junit.jupiter.engine.descriptor.TestMethodTestDescriptor.invokeTestMethod(TestMethodTestDescriptor.java:214)
	at org.junit.jupiter.engine.descriptor.TestMethodTestDescriptor.execute(TestMethodTestDescriptor.java:139)
	at org.junit.jupiter.engine.descriptor.TestMethodTestDescriptor.execute(TestMethodTestDescriptor.java:69)
	at org.junit.platform.engine.support.hierarchical.NodeTestTask.lambda$executeRecursively$6(NodeTestTask.java:151)
	at org.junit.platform.engine.support.hierarchical.ThrowableCollector.execute(ThrowableCollector.java:73)
	at org.junit.platform.engine.support.hierarchical.NodeTestTask.lambda$executeRecursively$8(NodeTestTask.java:141)
	at org.junit.platform.engine.support.hierarchical.Node.around(Node.java:137)
	at org.junit.platform.engine.support.hierarchical.NodeTestTask.lambda$executeRecursively$9(NodeTestTask.java:139)
	at org.junit.platform.engine.support.hierarchical.ThrowableCollector.execute(ThrowableCollector.java:73)
	at org.junit.platform.engine.support.hierarchical.NodeTestTask.executeRecursively(NodeTestTask.java:138)
	at org.junit.platform.engine.support.hierarchical.NodeTestTask.execute(NodeTestTask.java:95)
	at java.base/java.util.ArrayList.forEach(ArrayList.java:1604)
	at org.junit.platform.engine.support.hierarchical.SameThreadHierarchicalTestExecutorService.invokeAll(SameThreadHierarchicalTestExecutorService.java:41)
	at org.junit.platform.engine.support.hierarchical.NodeTestTask.lambda$executeRecursively$6(NodeTestTask.java:155)
	at org.junit.platform.engine.support.hierarchical.ThrowableCollector.execute(ThrowableCollector.java:73)
	at org.junit.platform.engine.support.hierarchical.NodeTestTask.lambda$executeRecursively$8(NodeTestTask.java:141)
	at org.junit.platform.engine.support.hierarchical.Node.around(Node.java:137)
	at org.junit.platform.engine.support.hierarchical.NodeTestTask.lambda$executeRecursively$9(NodeTestTask.java:139)
	at org.junit.platform.engine.support.hierarchical.ThrowableCollector.execute(ThrowableCollector.java:73)
	at org.junit.platform.engine.support.hierarchical.NodeTestTask.executeRecursively(NodeTestTask.java:138)
	at org.junit.platform.engine.support.hierarchical.NodeTestTask.execute(NodeTestTask.java:95)
	at java.base/java.util.ArrayList.forEach(ArrayList.java:1604)
	at org.junit.platform.engine.support.hierarchical.SameThreadHierarchicalTestExecutorService.invokeAll(SameThreadHierarchicalTestExecutorService.java:41)
	at org.junit.platform.engine.support.hierarchical.NodeTestTask.lambda$executeRecursively$6(NodeTestTask.java:155)
	at org.junit.platform.engine.support.hierarchical.ThrowableCollector.execute(ThrowableCollector.java:73)
	at org.junit.platform.engine.support.hierarchical.NodeTestTask.lambda$executeRecursively$8(NodeTestTask.java:141)
	at org.junit.platform.engine.support.hierarchical.Node.around(Node.java:137)
	at org.junit.platform.engine.support.hierarchical.NodeTestTask.lambda$executeRecursively$9(NodeTestTask.java:139)
	at org.junit.platform.engine.support.hierarchical.ThrowableCollector.execute(ThrowableCollector.java:73)
	at org.junit.platform.engine.support.hierarchical.NodeTestTask.executeRecursively(NodeTestTask.java:138)
	at org.junit.platform.engine.support.hierarchical.NodeTestTask.execute(NodeTestTask.java:95)
	at org.junit.platform.engine.support.hierarchical.SameThreadHierarchicalTestExecutorService.submit(SameThreadHierarchicalTestExecutorService.java:35)
	at org.junit.platform.engine.support.hierarchical.HierarchicalTestExecutor.execute(HierarchicalTestExecutor.java:57)
	at org.junit.platform.engine.support.hierarchical.HierarchicalTestEngine.execute(HierarchicalTestEngine.java:54)
	at org.junit.platform.launcher.core.EngineExecutionOrchestrator.execute(EngineExecutionOrchestrator.java:198)
	at org.junit.platform.launcher.core.EngineExecutionOrchestrator.execute(EngineExecutionOrchestrator.java:169)
	at org.junit.platform.launcher.core.EngineExecutionOrchestrator.execute(EngineExecutionOrchestrator.java:93)
	at org.junit.platform.launcher.core.EngineExecutionOrchestrator.lambda$execute$0(EngineExecutionOrchestrator.java:58)
	at org.junit.platform.launcher.core.EngineExecutionOrchestrator.withInterceptedStreams(EngineExecutionOrchestrator.java:141)
	at org.junit.platform.launcher.core.EngineExecutionOrchestrator.execute(EngineExecutionOrchestrator.java:57)
	at org.junit.platform.launcher.core.DefaultLauncher.execute(DefaultLauncher.java:103)
	at org.junit.platform.launcher.core.DefaultLauncher.execute(DefaultLauncher.java:85)
	at org.junit.platform.launcher.core.DelegatingLauncher.execute(DelegatingLauncher.java:47)
	at org.apache.maven.surefire.junitplatform.LazyLauncher.execute(LazyLauncher.java:56)
	at org.apache.maven.surefire.junitplatform.JUnitPlatformProvider.execute(JUnitPlatformProvider.java:184)
	at org.apache.maven.surefire.junitplatform.JUnitPlatformProvider.invokeAllTests(JUnitPlatformProvider.java:148)
	at org.apache.maven.surefire.junitplatform.JUnitPlatformProvider.invoke(JUnitPlatformProvider.java:122)
	at org.apache.maven.surefire.booter.ForkedBooter.runSuitesInProcess(ForkedBooter.java:385)
	at org.apache.maven.surefire.booter.ForkedBooter.execute(ForkedBooter.java:162)
	at org.apache.maven.surefire.booter.ForkedBooter.run(ForkedBooter.java:507)
	at org.apache.maven.surefire.booter.ForkedBooter.main(ForkedBooter.java:495)
14:55:58.231 [main] WARN io.confluent.connect.http.error.ErrorHandler -- Ignoring error in API api1 and continuing: HTTP request failed with status 500: Server Error
14:55:58.232 [main] DEBUG io.confluent.connect.http.error.ErrorHandler -- Would send to DLQ - API: api1, Error: HTTP request failed with status 500: Server Error, Data: null
14:55:58.232 [main] INFO io.confluent.connect.http.HttpSourceTask -- Stopping HttpSourceTask
14:55:58.232 [main] DEBUG io.confluent.connect.http.client.HttpApiClient -- Closing HttpApiClient for API: api1
14:55:58.232 [main] DEBUG io.confluent.connect.http.client.HttpApiClient -- HttpApiClient closed for API: api1
14:55:58.232 [main] DEBUG io.confluent.connect.http.auth.NoAuthenticator -- NoAuthenticator closed
14:55:58.232 [main] INFO io.confluent.connect.http.HttpSourceTask -- HttpSourceTask stopped successfully
]]></system-out>
  </testcase>
  <testcase name="testPerformanceOptimization" classname="io.confluent.connect.http.integration.HttpSourceConnectorSimpleIntegrationTest" time="0.009">
    <system-out><![CDATA[14:55:58.236 [main] INFO io.confluent.connect.http.HttpSourceConnector -- Starting HttpSourceConnector with 17 properties
14:55:58.236 [main] INFO io.confluent.connect.http.config.HttpSourceConnectorConfig -- HttpSourceConnectorConfig values: 
	adaptive.polling.enabled = true
	api.chaining.parent.child.relationship = 
	api.key.location = HEADER
	api.key.name = X-API-KEY
	api.key.value = null
	apis.num = 1
	auth.type = NONE
	bearer.token = null
	behavior.on.error = IGNORE
	circuit.breaker.failure.threshold = 5
	circuit.breaker.recovery.time.ms = 30000
	circuit.breaker.timeout.ms = 60000
	connection.password = null
	connection.user = null
	field.encryption.enabled = false
	field.encryption.key = null
	field.encryption.rules = 
	http.api.base.url = http://localhost:62527/api
	http.proxy.host = null
	http.proxy.password = null
	http.proxy.port = null
	http.proxy.user = null
	https.ssl.enabled = false
	https.ssl.protocol = TLSv1.3
	max.cache.size = 100
	oauth2.client.auth.mode = HEADER
	oauth2.client.id = null
	oauth2.client.scope = any
	oauth2.client.secret = null
	oauth2.token.property = access_token
	oauth2.token.refresh.interval.minutes = 30
	oauth2.token.url = null
	output.data.format = JSON_SR
	report.errors.as = Error string
	reporter.error.topic.name = error-${connector}
	response.cache.ttl.ms = 10000
	response.caching.enabled = true
	schema.context.name = default
	tasks.max = 1
	value.subject.name.strategy = TopicNameStrategy

14:55:58.237 [main] DEBUG io.confluent.connect.http.config.HttpSourceConnectorConfig -- Validating HttpSourceConnectorConfig
14:55:58.237 [main] DEBUG io.confluent.connect.http.config.HttpSourceConnectorConfig -- HttpSourceConnectorConfig validation completed
14:55:58.237 [main] DEBUG io.confluent.connect.http.HttpSourceConnector -- Validating connector configuration
14:55:58.237 [main] DEBUG io.confluent.connect.http.HttpSourceConnector -- Configuration validation completed successfully
14:55:58.237 [main] INFO io.confluent.connect.http.HttpSourceConnector -- HttpSourceConnector started successfully
14:55:58.237 [main] INFO io.confluent.connect.http.HttpSourceConnector -- Base URL: http://localhost:62527/api
14:55:58.237 [main] INFO io.confluent.connect.http.HttpSourceConnector -- Authentication Type: NONE
14:55:58.237 [main] INFO io.confluent.connect.http.HttpSourceConnector -- Number of APIs configured: 1
14:55:58.237 [main] INFO io.confluent.connect.http.HttpSourceConnector -- Creating task configurations for 1 max tasks
14:55:58.237 [main] INFO io.confluent.connect.http.HttpSourceConnector -- Task 0 will handle APIs: [1]
14:55:58.237 [main] INFO io.confluent.connect.http.HttpSourceConnector -- Created 1 task configurations
14:55:58.237 [main] INFO io.confluent.connect.http.HttpSourceTask -- Starting HttpSourceTask
14:55:58.237 [main] INFO io.confluent.connect.http.config.HttpSourceConnectorConfig -- HttpSourceConnectorConfig values: 
	adaptive.polling.enabled = true
	api.chaining.parent.child.relationship = 
	api.key.location = HEADER
	api.key.name = X-API-KEY
	api.key.value = null
	apis.num = 1
	auth.type = NONE
	bearer.token = null
	behavior.on.error = IGNORE
	circuit.breaker.failure.threshold = 5
	circuit.breaker.recovery.time.ms = 30000
	circuit.breaker.timeout.ms = 60000
	connection.password = null
	connection.user = null
	field.encryption.enabled = false
	field.encryption.key = null
	field.encryption.rules = 
	http.api.base.url = http://localhost:62527/api
	http.proxy.host = null
	http.proxy.password = null
	http.proxy.port = null
	http.proxy.user = null
	https.ssl.enabled = false
	https.ssl.protocol = TLSv1.3
	max.cache.size = 100
	oauth2.client.auth.mode = HEADER
	oauth2.client.id = null
	oauth2.client.scope = any
	oauth2.client.secret = null
	oauth2.token.property = access_token
	oauth2.token.refresh.interval.minutes = 30
	oauth2.token.url = null
	output.data.format = JSON_SR
	report.errors.as = Error string
	reporter.error.topic.name = error-${connector}
	response.cache.ttl.ms = 10000
	response.caching.enabled = true
	schema.context.name = default
	tasks.max = 1
	value.subject.name.strategy = TopicNameStrategy

14:55:58.237 [main] DEBUG io.confluent.connect.http.config.HttpSourceConnectorConfig -- Validating HttpSourceConnectorConfig
14:55:58.237 [main] DEBUG io.confluent.connect.http.config.HttpSourceConnectorConfig -- HttpSourceConnectorConfig validation completed
14:55:58.237 [main] INFO io.confluent.connect.http.auth.HttpAuthenticatorFactory -- Creating authenticator for auth type: NONE
14:55:58.237 [main] DEBUG io.confluent.connect.http.auth.NoAuthenticator -- Initialized NoAuthenticator
14:55:58.237 [main] INFO io.confluent.connect.http.chaining.ApiChainingManager -- Initialized API chaining with 0 parent-child relationships
14:55:58.237 [main] INFO io.confluent.connect.http.encryption.FieldEncryptionManager -- Field-level encryption disabled
14:55:58.237 [main] DEBUG io.confluent.connect.http.error.ErrorHandler -- Initialized ErrorHandler with behavior: IGNORE
14:55:58.237 [main] DEBUG io.confluent.connect.http.config.ApiConfig -- Validating configuration for API: api1
14:55:58.237 [main] DEBUG io.confluent.connect.http.config.ApiConfig -- Configuration validation completed for API: api1
14:55:58.237 [main] INFO io.confluent.connect.http.HttpSourceTask -- Task will handle 1 API configurations
14:55:58.238 [main] DEBUG io.confluent.connect.http.client.RetryHandler -- Initialized RetryHandler for API: api1 with max retries: 5 and backoff policy: EXPONENTIAL_WITH_JITTER
14:55:58.238 [main] DEBUG io.confluent.connect.http.client.HttpApiClient -- Initialized HttpApiClient for API: api1
14:55:58.238 [main] INFO io.confluent.connect.http.offset.OffsetManagerFactory -- Creating offset manager for API api1 with mode: SIMPLE_INCREMENTING
14:55:58.238 [main] DEBUG io.confluent.connect.http.offset.SimpleIncrementingOffsetManager -- Using initial offset for API api1: 0
14:55:58.238 [main] DEBUG io.confluent.connect.http.offset.SimpleIncrementingOffsetManager -- Initialized SimpleIncrementingOffsetManager for API: api1 with initial offset: 0 and current offset: 0
14:55:58.238 [main] DEBUG io.confluent.connect.http.converter.JsonRecordConverter -- Initialized JsonRecordConverter with output format: JSON_SR
14:55:58.238 [main] DEBUG io.confluent.connect.http.HttpSourceTask -- Initialized components for API: api1
14:55:58.238 [main] INFO io.confluent.connect.http.chaining.ApiChainingManager -- API chaining configuration validation completed successfully
14:55:58.238 [main] INFO io.confluent.connect.http.HttpSourceTask -- HttpSourceTask started successfully with 1 APIs
14:55:58.238 [main] DEBUG io.confluent.connect.http.HttpSourceTask -- Polling API: api1
14:55:58.238 [main] DEBUG io.confluent.connect.http.client.HttpApiClient -- Making request to API: api1 with offset: 0
14:55:58.242 [main] DEBUG io.confluent.connect.http.client.HttpApiClient -- HTTP request completed in 4ms: GET http://localhost:62527/api/users -> 200
14:55:58.243 [main] DEBUG io.confluent.connect.http.HttpSourceTask -- Converted 1 records from API: api1
14:55:58.243 [main] DEBUG io.confluent.connect.http.HttpSourceTask -- Returning 1 records from 1 APIs
14:55:58.243 [main] INFO io.confluent.connect.http.HttpSourceTask -- Stopping HttpSourceTask
14:55:58.243 [main] DEBUG io.confluent.connect.http.client.HttpApiClient -- Closing HttpApiClient for API: api1
14:55:58.243 [main] DEBUG io.confluent.connect.http.client.HttpApiClient -- HttpApiClient closed for API: api1
14:55:58.243 [main] DEBUG io.confluent.connect.http.auth.NoAuthenticator -- NoAuthenticator closed
14:55:58.243 [main] INFO io.confluent.connect.http.HttpSourceTask -- HttpSourceTask stopped successfully
]]></system-out>
  </testcase>
  <testcase name="testConfigurationValidation" classname="io.confluent.connect.http.integration.HttpSourceConnectorSimpleIntegrationTest" time="0.009">
    <system-out><![CDATA[14:55:58.246 [main] INFO io.confluent.connect.http.HttpSourceConnector -- Starting HttpSourceConnector with 15 properties
14:55:58.246 [main] INFO io.confluent.connect.http.config.HttpSourceConnectorConfig -- HttpSourceConnectorConfig values: 
	adaptive.polling.enabled = true
	api.chaining.parent.child.relationship = 
	api.key.location = HEADER
	api.key.name = X-API-KEY
	api.key.value = null
	apis.num = 1
	auth.type = NONE
	bearer.token = null
	behavior.on.error = IGNORE
	circuit.breaker.failure.threshold = 3
	circuit.breaker.recovery.time.ms = 30000
	circuit.breaker.timeout.ms = 60000
	connection.password = null
	connection.user = null
	field.encryption.enabled = false
	field.encryption.key = null
	field.encryption.rules = 
	http.api.base.url = http://localhost:62529/api
	http.proxy.host = null
	http.proxy.password = null
	http.proxy.port = null
	http.proxy.user = null
	https.ssl.enabled = false
	https.ssl.protocol = TLSv1.3
	max.cache.size = 1000
	oauth2.client.auth.mode = HEADER
	oauth2.client.id = null
	oauth2.client.scope = any
	oauth2.client.secret = null
	oauth2.token.property = access_token
	oauth2.token.refresh.interval.minutes = 30
	oauth2.token.url = null
	output.data.format = JSON_SR
	report.errors.as = Error string
	reporter.error.topic.name = error-${connector}
	response.cache.ttl.ms = 300000
	response.caching.enabled = true
	schema.context.name = default
	tasks.max = 1
	value.subject.name.strategy = TopicNameStrategy

14:55:58.246 [main] DEBUG io.confluent.connect.http.config.HttpSourceConnectorConfig -- Validating HttpSourceConnectorConfig
14:55:58.246 [main] DEBUG io.confluent.connect.http.config.HttpSourceConnectorConfig -- HttpSourceConnectorConfig validation completed
14:55:58.246 [main] DEBUG io.confluent.connect.http.HttpSourceConnector -- Validating connector configuration
14:55:58.246 [main] DEBUG io.confluent.connect.http.HttpSourceConnector -- Configuration validation completed successfully
14:55:58.246 [main] INFO io.confluent.connect.http.HttpSourceConnector -- HttpSourceConnector started successfully
14:55:58.246 [main] INFO io.confluent.connect.http.HttpSourceConnector -- Base URL: http://localhost:62529/api
14:55:58.246 [main] INFO io.confluent.connect.http.HttpSourceConnector -- Authentication Type: NONE
14:55:58.246 [main] INFO io.confluent.connect.http.HttpSourceConnector -- Number of APIs configured: 1
14:55:58.246 [main] INFO io.confluent.connect.http.HttpSourceConnector -- Creating task configurations for 1 max tasks
14:55:58.246 [main] INFO io.confluent.connect.http.HttpSourceConnector -- Task 0 will handle APIs: [1]
14:55:58.246 [main] INFO io.confluent.connect.http.HttpSourceConnector -- Created 1 task configurations
14:55:58.246 [main] INFO io.confluent.connect.http.HttpSourceTask -- Stopping HttpSourceTask
14:55:58.246 [main] ERROR io.confluent.connect.http.HttpSourceTask -- Error stopping HttpSourceTask
java.lang.NullPointerException: Cannot invoke "java.util.Map.values()" because "this.apiClients" is null
	at io.confluent.connect.http.HttpSourceTask.stop(HttpSourceTask.java:152)
	at io.confluent.connect.http.integration.HttpSourceConnectorSimpleIntegrationTest.tearDown(HttpSourceConnectorSimpleIntegrationTest.java:93)
	at java.base/jdk.internal.reflect.DirectMethodHandleAccessor.invoke(DirectMethodHandleAccessor.java:104)
	at java.base/java.lang.reflect.Method.invoke(Method.java:565)
	at org.junit.platform.commons.util.ReflectionUtils.invokeMethod(ReflectionUtils.java:728)
	at org.junit.jupiter.engine.execution.MethodInvocation.proceed(MethodInvocation.java:60)
	at org.junit.jupiter.engine.execution.InvocationInterceptorChain$ValidatingInvocation.proceed(InvocationInterceptorChain.java:131)
	at org.junit.jupiter.engine.extension.TimeoutExtension.intercept(TimeoutExtension.java:156)
	at org.junit.jupiter.engine.extension.TimeoutExtension.interceptLifecycleMethod(TimeoutExtension.java:128)
	at org.junit.jupiter.engine.extension.TimeoutExtension.interceptAfterEachMethod(TimeoutExtension.java:110)
	at org.junit.jupiter.engine.execution.InterceptingExecutableInvoker$ReflectiveInterceptorCall.lambda$ofVoidMethod$0(InterceptingExecutableInvoker.java:103)
	at org.junit.jupiter.engine.execution.InterceptingExecutableInvoker.lambda$invoke$0(InterceptingExecutableInvoker.java:93)
	at org.junit.jupiter.engine.execution.InvocationInterceptorChain$InterceptedInvocation.proceed(InvocationInterceptorChain.java:106)
	at org.junit.jupiter.engine.execution.InvocationInterceptorChain.proceed(InvocationInterceptorChain.java:64)
	at org.junit.jupiter.engine.execution.InvocationInterceptorChain.chainAndInvoke(InvocationInterceptorChain.java:45)
	at org.junit.jupiter.engine.execution.InvocationInterceptorChain.invoke(InvocationInterceptorChain.java:37)
	at org.junit.jupiter.engine.execution.InterceptingExecutableInvoker.invoke(InterceptingExecutableInvoker.java:92)
	at org.junit.jupiter.engine.execution.InterceptingExecutableInvoker.invoke(InterceptingExecutableInvoker.java:86)
	at org.junit.jupiter.engine.descriptor.ClassBasedTestDescriptor.invokeMethodInExtensionContext(ClassBasedTestDescriptor.java:521)
	at org.junit.jupiter.engine.descriptor.ClassBasedTestDescriptor.lambda$synthesizeAfterEachMethodAdapter$24(ClassBasedTestDescriptor.java:511)
	at org.junit.jupiter.engine.descriptor.TestMethodTestDescriptor.lambda$invokeAfterEachMethods$10(TestMethodTestDescriptor.java:244)
	at org.junit.jupiter.engine.descriptor.TestMethodTestDescriptor.lambda$invokeAllAfterMethodsOrCallbacks$13(TestMethodTestDescriptor.java:277)
	at org.junit.platform.engine.support.hierarchical.ThrowableCollector.execute(ThrowableCollector.java:73)
	at org.junit.jupiter.engine.descriptor.TestMethodTestDescriptor.lambda$invokeAllAfterMethodsOrCallbacks$14(TestMethodTestDescriptor.java:277)
	at org.junit.platform.commons.util.CollectionUtils.forEachInReverseOrder(CollectionUtils.java:217)
	at org.junit.jupiter.engine.descriptor.TestMethodTestDescriptor.invokeAllAfterMethodsOrCallbacks(TestMethodTestDescriptor.java:276)
	at org.junit.jupiter.engine.descriptor.TestMethodTestDescriptor.invokeAfterEachMethods(TestMethodTestDescriptor.java:242)
	at org.junit.jupiter.engine.descriptor.TestMethodTestDescriptor.execute(TestMethodTestDescriptor.java:143)
	at org.junit.jupiter.engine.descriptor.TestMethodTestDescriptor.execute(TestMethodTestDescriptor.java:69)
	at org.junit.platform.engine.support.hierarchical.NodeTestTask.lambda$executeRecursively$6(NodeTestTask.java:151)
	at org.junit.platform.engine.support.hierarchical.ThrowableCollector.execute(ThrowableCollector.java:73)
	at org.junit.platform.engine.support.hierarchical.NodeTestTask.lambda$executeRecursively$8(NodeTestTask.java:141)
	at org.junit.platform.engine.support.hierarchical.Node.around(Node.java:137)
	at org.junit.platform.engine.support.hierarchical.NodeTestTask.lambda$executeRecursively$9(NodeTestTask.java:139)
	at org.junit.platform.engine.support.hierarchical.ThrowableCollector.execute(ThrowableCollector.java:73)
	at org.junit.platform.engine.support.hierarchical.NodeTestTask.executeRecursively(NodeTestTask.java:138)
	at org.junit.platform.engine.support.hierarchical.NodeTestTask.execute(NodeTestTask.java:95)
	at java.base/java.util.ArrayList.forEach(ArrayList.java:1604)
	at org.junit.platform.engine.support.hierarchical.SameThreadHierarchicalTestExecutorService.invokeAll(SameThreadHierarchicalTestExecutorService.java:41)
	at org.junit.platform.engine.support.hierarchical.NodeTestTask.lambda$executeRecursively$6(NodeTestTask.java:155)
	at org.junit.platform.engine.support.hierarchical.ThrowableCollector.execute(ThrowableCollector.java:73)
	at org.junit.platform.engine.support.hierarchical.NodeTestTask.lambda$executeRecursively$8(NodeTestTask.java:141)
	at org.junit.platform.engine.support.hierarchical.Node.around(Node.java:137)
	at org.junit.platform.engine.support.hierarchical.NodeTestTask.lambda$executeRecursively$9(NodeTestTask.java:139)
	at org.junit.platform.engine.support.hierarchical.ThrowableCollector.execute(ThrowableCollector.java:73)
	at org.junit.platform.engine.support.hierarchical.NodeTestTask.executeRecursively(NodeTestTask.java:138)
	at org.junit.platform.engine.support.hierarchical.NodeTestTask.execute(NodeTestTask.java:95)
	at java.base/java.util.ArrayList.forEach(ArrayList.java:1604)
	at org.junit.platform.engine.support.hierarchical.SameThreadHierarchicalTestExecutorService.invokeAll(SameThreadHierarchicalTestExecutorService.java:41)
	at org.junit.platform.engine.support.hierarchical.NodeTestTask.lambda$executeRecursively$6(NodeTestTask.java:155)
	at org.junit.platform.engine.support.hierarchical.ThrowableCollector.execute(ThrowableCollector.java:73)
	at org.junit.platform.engine.support.hierarchical.NodeTestTask.lambda$executeRecursively$8(NodeTestTask.java:141)
	at org.junit.platform.engine.support.hierarchical.Node.around(Node.java:137)
	at org.junit.platform.engine.support.hierarchical.NodeTestTask.lambda$executeRecursively$9(NodeTestTask.java:139)
	at org.junit.platform.engine.support.hierarchical.ThrowableCollector.execute(ThrowableCollector.java:73)
	at org.junit.platform.engine.support.hierarchical.NodeTestTask.executeRecursively(NodeTestTask.java:138)
	at org.junit.platform.engine.support.hierarchical.NodeTestTask.execute(NodeTestTask.java:95)
	at org.junit.platform.engine.support.hierarchical.SameThreadHierarchicalTestExecutorService.submit(SameThreadHierarchicalTestExecutorService.java:35)
	at org.junit.platform.engine.support.hierarchical.HierarchicalTestExecutor.execute(HierarchicalTestExecutor.java:57)
	at org.junit.platform.engine.support.hierarchical.HierarchicalTestEngine.execute(HierarchicalTestEngine.java:54)
	at org.junit.platform.launcher.core.EngineExecutionOrchestrator.execute(EngineExecutionOrchestrator.java:198)
	at org.junit.platform.launcher.core.EngineExecutionOrchestrator.execute(EngineExecutionOrchestrator.java:169)
	at org.junit.platform.launcher.core.EngineExecutionOrchestrator.execute(EngineExecutionOrchestrator.java:93)
	at org.junit.platform.launcher.core.EngineExecutionOrchestrator.lambda$execute$0(EngineExecutionOrchestrator.java:58)
	at org.junit.platform.launcher.core.EngineExecutionOrchestrator.withInterceptedStreams(EngineExecutionOrchestrator.java:141)
	at org.junit.platform.launcher.core.EngineExecutionOrchestrator.execute(EngineExecutionOrchestrator.java:57)
	at org.junit.platform.launcher.core.DefaultLauncher.execute(DefaultLauncher.java:103)
	at org.junit.platform.launcher.core.DefaultLauncher.execute(DefaultLauncher.java:85)
	at org.junit.platform.launcher.core.DelegatingLauncher.execute(DelegatingLauncher.java:47)
	at org.apache.maven.surefire.junitplatform.LazyLauncher.execute(LazyLauncher.java:56)
	at org.apache.maven.surefire.junitplatform.JUnitPlatformProvider.execute(JUnitPlatformProvider.java:184)
	at org.apache.maven.surefire.junitplatform.JUnitPlatformProvider.invokeAllTests(JUnitPlatformProvider.java:148)
	at org.apache.maven.surefire.junitplatform.JUnitPlatformProvider.invoke(JUnitPlatformProvider.java:122)
	at org.apache.maven.surefire.booter.ForkedBooter.runSuitesInProcess(ForkedBooter.java:385)
	at org.apache.maven.surefire.booter.ForkedBooter.execute(ForkedBooter.java:162)
	at org.apache.maven.surefire.booter.ForkedBooter.run(ForkedBooter.java:507)
	at org.apache.maven.surefire.booter.ForkedBooter.main(ForkedBooter.java:495)
]]></system-out>
  </testcase>
</testsuite>