<?xml version="1.0" encoding="UTF-8"?>
<testsuite xmlns:xsi="http://www.w3.org/2001/XMLSchema-instance" xsi:noNamespaceSchemaLocation="https://maven.apache.org/surefire/maven-surefire-plugin/xsd/surefire-test-report-3.0.xsd" version="3.0" name="io.confluent.connect.http.unit.FieldEncryptionManagerTest" time="0.657" tests="8" errors="0" skipped="0" failures="0">
  <properties>
    <property name="java.specification.version" value="17"/>
    <property name="sun.jnu.encoding" value="UTF-8"/>
    <property name="java.class.path" value="/Users/Git/kafka-http-source-connector/target/test-classes:/Users/Git/kafka-http-source-connector/target/classes:/Users/leonardosantana/.m2/repository/org/apache/kafka/connect-api/3.7.0/connect-api-3.7.0.jar:/Users/leonardosantana/.m2/repository/javax/ws/rs/javax.ws.rs-api/2.1.1/javax.ws.rs-api-2.1.1.jar:/Users/leonardosantana/.m2/repository/org/apache/kafka/connect-runtime/3.7.0/connect-runtime-3.7.0.jar:/Users/leonardosantana/.m2/repository/org/apache/kafka/connect-json/3.7.0/connect-json-3.7.0.jar:/Users/leonardosantana/.m2/repository/com/fasterxml/jackson/datatype/jackson-datatype-jdk8/2.16.0/jackson-datatype-jdk8-2.16.0.jar:/Users/leonardosantana/.m2/repository/org/apache/kafka/connect-transforms/3.7.0/connect-transforms-3.7.0.jar:/Users/leonardosantana/.m2/repository/ch/qos/reload4j/reload4j/1.2.25/reload4j-1.2.25.jar:/Users/leonardosantana/.m2/repository/org/bitbucket/b_c/jose4j/0.9.4/jose4j-0.9.4.jar:/Users/leonardosantana/.m2/repository/com/fasterxml/jackson/jaxrs/jackson-jaxrs-json-provider/2.16.0/jackson-jaxrs-json-provider-2.16.0.jar:/Users/leonardosantana/.m2/repository/com/fasterxml/jackson/jaxrs/jackson-jaxrs-base/2.16.0/jackson-jaxrs-base-2.16.0.jar:/Users/leonardosantana/.m2/repository/com/fasterxml/jackson/module/jackson-module-jaxb-annotations/2.16.0/jackson-module-jaxb-annotations-2.16.0.jar:/Users/leonardosantana/.m2/repository/jakarta/xml/bind/jakarta.xml.bind-api/2.3.3/jakarta.xml.bind-api-2.3.3.jar:/Users/leonardosantana/.m2/repository/jakarta/activation/jakarta.activation-api/1.2.2/jakarta.activation-api-1.2.2.jar:/Users/leonardosantana/.m2/repository/org/glassfish/jersey/containers/jersey-container-servlet/2.39.1/jersey-container-servlet-2.39.1.jar:/Users/leonardosantana/.m2/repository/org/glassfish/jersey/containers/jersey-container-servlet-core/2.39.1/jersey-container-servlet-core-2.39.1.jar:/Users/leonardosantana/.m2/repository/org/glassfish/hk2/external/jakarta.inject/2.6.1/jakarta.inject-2.6.1.jar:/Users/leonardosantana/.m2/repository/org/glassfish/jersey/core/jersey-common/2.39.1/jersey-common-2.39.1.jar:/Users/leonardosantana/.m2/repository/jakarta/annotation/jakarta.annotation-api/1.3.5/jakarta.annotation-api-1.3.5.jar:/Users/leonardosantana/.m2/repository/org/glassfish/hk2/osgi-resource-locator/1.0.3/osgi-resource-locator-1.0.3.jar:/Users/leonardosantana/.m2/repository/org/glassfish/jersey/core/jersey-server/2.39.1/jersey-server-2.39.1.jar:/Users/leonardosantana/.m2/repository/org/glassfish/jersey/core/jersey-client/2.39.1/jersey-client-2.39.1.jar:/Users/leonardosantana/.m2/repository/jakarta/validation/jakarta.validation-api/2.0.2/jakarta.validation-api-2.0.2.jar:/Users/leonardosantana/.m2/repository/jakarta/ws/rs/jakarta.ws.rs-api/2.1.6/jakarta.ws.rs-api-2.1.6.jar:/Users/leonardosantana/.m2/repository/org/glassfish/jersey/inject/jersey-hk2/2.39.1/jersey-hk2-2.39.1.jar:/Users/leonardosantana/.m2/repository/org/glassfish/hk2/hk2-locator/2.6.1/hk2-locator-2.6.1.jar:/Users/leonardosantana/.m2/repository/org/glassfish/hk2/external/aopalliance-repackaged/2.6.1/aopalliance-repackaged-2.6.1.jar:/Users/leonardosantana/.m2/repository/org/glassfish/hk2/hk2-api/2.6.1/hk2-api-2.6.1.jar:/Users/leonardosantana/.m2/repository/org/glassfish/hk2/hk2-utils/2.6.1/hk2-utils-2.6.1.jar:/Users/leonardosantana/.m2/repository/org/javassist/javassist/3.29.0-GA/javassist-3.29.0-GA.jar:/Users/leonardosantana/.m2/repository/javax/xml/bind/jaxb-api/2.3.1/jaxb-api-2.3.1.jar:/Users/leonardosantana/.m2/repository/javax/activation/javax.activation-api/1.2.0/javax.activation-api-1.2.0.jar:/Users/leonardosantana/.m2/repository/javax/activation/activation/1.1.1/activation-1.1.1.jar:/Users/leonardosantana/.m2/repository/org/eclipse/jetty/jetty-server/9.4.53.v20231009/jetty-server-9.4.53.v20231009.jar:/Users/leonardosantana/.m2/repository/javax/servlet/javax.servlet-api/3.1.0/javax.servlet-api-3.1.0.jar:/Users/leonardosantana/.m2/repository/org/eclipse/jetty/jetty-http/9.4.53.v20231009/jetty-http-9.4.53.v20231009.jar:/Users/leonardosantana/.m2/repository/org/eclipse/jetty/jetty-io/9.4.53.v20231009/jetty-io-9.4.53.v20231009.jar:/Users/leonardosantana/.m2/repository/org/eclipse/jetty/jetty-servlet/9.4.53.v20231009/jetty-servlet-9.4.53.v20231009.jar:/Users/leonardosantana/.m2/repository/org/eclipse/jetty/jetty-security/9.4.53.v20231009/jetty-security-9.4.53.v20231009.jar:/Users/leonardosantana/.m2/repository/org/eclipse/jetty/jetty-util-ajax/9.4.53.v20231009/jetty-util-ajax-9.4.53.v20231009.jar:/Users/leonardosantana/.m2/repository/org/eclipse/jetty/jetty-servlets/9.4.53.v20231009/jetty-servlets-9.4.53.v20231009.jar:/Users/leonardosantana/.m2/repository/org/eclipse/jetty/jetty-continuation/9.4.53.v20231009/jetty-continuation-9.4.53.v20231009.jar:/Users/leonardosantana/.m2/repository/org/eclipse/jetty/jetty-util/9.4.53.v20231009/jetty-util-9.4.53.v20231009.jar:/Users/leonardosantana/.m2/repository/org/eclipse/jetty/jetty-client/9.4.53.v20231009/jetty-client-9.4.53.v20231009.jar:/Users/leonardosantana/.m2/repository/org/reflections/reflections/0.10.2/reflections-0.10.2.jar:/Users/leonardosantana/.m2/repository/com/google/code/findbugs/jsr305/3.0.2/jsr305-3.0.2.jar:/Users/leonardosantana/.m2/repository/org/apache/maven/maven-artifact/3.8.8/maven-artifact-3.8.8.jar:/Users/leonardosantana/.m2/repository/org/codehaus/plexus/plexus-utils/3.3.1/plexus-utils-3.3.1.jar:/Users/leonardosantana/.m2/repository/org/apache/commons/commons-lang3/3.8.1/commons-lang3-3.8.1.jar:/Users/leonardosantana/.m2/repository/io/swagger/core/v3/swagger-annotations/2.2.8/swagger-annotations-2.2.8.jar:/Users/leonardosantana/.m2/repository/org/apache/kafka/kafka-clients/3.7.0/kafka-clients-3.7.0.jar:/Users/leonardosantana/.m2/repository/com/github/luben/zstd-jni/1.5.5-6/zstd-jni-1.5.5-6.jar:/Users/leonardosantana/.m2/repository/org/lz4/lz4-java/1.8.0/lz4-java-1.8.0.jar:/Users/leonardosantana/.m2/repository/org/xerial/snappy/snappy-java/1.1.10.5/snappy-java-1.1.10.5.jar:/Users/leonardosantana/.m2/repository/io/confluent/kafka-schema-registry-client/7.6.0/kafka-schema-registry-client-7.6.0.jar:/Users/leonardosantana/.m2/repository/org/yaml/snakeyaml/2.0/snakeyaml-2.0.jar:/Users/leonardosantana/.m2/repository/org/apache/avro/avro/1.11.3/avro-1.11.3.jar:/Users/leonardosantana/.m2/repository/org/apache/commons/commons-compress/1.21/commons-compress-1.21.jar:/Users/leonardosantana/.m2/repository/com/google/guava/guava/32.0.1-jre/guava-32.0.1-jre.jar:/Users/leonardosantana/.m2/repository/com/google/guava/failureaccess/1.0.1/failureaccess-1.0.1.jar:/Users/leonardosantana/.m2/repository/com/google/guava/listenablefuture/9999.0-empty-to-avoid-conflict-with-guava/listenablefuture-9999.0-empty-to-avoid-conflict-with-guava.jar:/Users/leonardosantana/.m2/repository/org/checkerframework/checker-qual/3.33.0/checker-qual-3.33.0.jar:/Users/leonardosantana/.m2/repository/com/google/errorprone/error_prone_annotations/2.18.0/error_prone_annotations-2.18.0.jar:/Users/leonardosantana/.m2/repository/com/google/j2objc/j2objc-annotations/2.8/j2objc-annotations-2.8.jar:/Users/leonardosantana/.m2/repository/io/confluent/common-utils/7.6.0/common-utils-7.6.0.jar:/Users/leonardosantana/.m2/repository/io/confluent/kafka-connect-avro-converter/7.6.0/kafka-connect-avro-converter-7.6.0.jar:/Users/leonardosantana/.m2/repository/io/confluent/kafka-avro-serializer/7.6.0/kafka-avro-serializer-7.6.0.jar:/Users/leonardosantana/.m2/repository/io/confluent/logredactor/1.0.12/logredactor-1.0.12.jar:/Users/leonardosantana/.m2/repository/io/confluent/logredactor-metrics/1.0.12/logredactor-metrics-1.0.12.jar:/Users/leonardosantana/.m2/repository/com/eclipsesource/minimal-json/minimal-json/0.9.5/minimal-json-0.9.5.jar:/Users/leonardosantana/.m2/repository/io/confluent/kafka-connect-avro-data/7.6.0/kafka-connect-avro-data-7.6.0.jar:/Users/leonardosantana/.m2/repository/io/confluent/kafka-connect-json-schema-converter/7.6.0/kafka-connect-json-schema-converter-7.6.0.jar:/Users/leonardosantana/.m2/repository/io/confluent/kafka-json-schema-provider/7.6.0/kafka-json-schema-provider-7.6.0.jar:/Users/leonardosantana/.m2/repository/com/github/erosb/json-sKema/0.10.0/json-sKema-0.10.0.jar:/Users/leonardosantana/.m2/repository/com/fasterxml/jackson/datatype/jackson-datatype-guava/2.14.2/jackson-datatype-guava-2.14.2.jar:/Users/leonardosantana/.m2/repository/com/fasterxml/jackson/datatype/jackson-datatype-joda/2.14.2/jackson-datatype-joda-2.14.2.jar:/Users/leonardosantana/.m2/repository/joda-time/joda-time/2.10.8/joda-time-2.10.8.jar:/Users/leonardosantana/.m2/repository/com/fasterxml/jackson/module/jackson-module-parameter-names/2.14.2/jackson-module-parameter-names-2.14.2.jar:/Users/leonardosantana/.m2/repository/com/kjetland/mbknor-jackson-jsonschema_2.13/1.0.39/mbknor-jackson-jsonschema_2.13-1.0.39.jar:/Users/leonardosantana/.m2/repository/org/scala-lang/scala-library/2.13.1/scala-library-2.13.1.jar:/Users/leonardosantana/.m2/repository/javax/validation/validation-api/2.0.1.Final/validation-api-2.0.1.Final.jar:/Users/leonardosantana/.m2/repository/io/github/classgraph/classgraph/4.8.21/classgraph-4.8.21.jar:/Users/leonardosantana/.m2/repository/org/jetbrains/kotlin/kotlin-scripting-jvm/1.9.10/kotlin-scripting-jvm-1.9.10.jar:/Users/leonardosantana/.m2/repository/org/jetbrains/kotlin/kotlin-script-runtime/1.9.10/kotlin-script-runtime-1.9.10.jar:/Users/leonardosantana/.m2/repository/org/jetbrains/kotlin/kotlin-scripting-common/1.9.10/kotlin-scripting-common-1.9.10.jar:/Users/leonardosantana/.m2/repository/org/jetbrains/kotlin/kotlin-scripting-compiler-embeddable/1.9.10/kotlin-scripting-compiler-embeddable-1.9.10.jar:/Users/leonardosantana/.m2/repository/org/jetbrains/kotlin/kotlin-scripting-compiler-impl-embeddable/1.9.10/kotlin-scripting-compiler-impl-embeddable-1.9.10.jar:/Users/leonardosantana/.m2/repository/io/confluent/kafka-json-schema-serializer/7.6.0/kafka-json-schema-serializer-7.6.0.jar:/Users/leonardosantana/.m2/repository/io/confluent/kafka-json-serializer/7.6.0/kafka-json-serializer-7.6.0.jar:/Users/leonardosantana/.m2/repository/io/confluent/common-config/7.6.0/common-config-7.6.0.jar:/Users/leonardosantana/.m2/repository/io/confluent/kafka-schema-converter/7.6.0/kafka-schema-converter-7.6.0.jar:/Users/leonardosantana/.m2/repository/io/confluent/kafka-schema-serializer/7.6.0/kafka-schema-serializer-7.6.0.jar:/Users/leonardosantana/.m2/repository/com/fasterxml/jackson/dataformat/jackson-dataformat-csv/2.14.2/jackson-dataformat-csv-2.14.2.jar:/Users/leonardosantana/.m2/repository/com/github/erosb/everit-json-schema/1.14.3/everit-json-schema-1.14.3.jar:/Users/leonardosantana/.m2/repository/org/json/json/20231013/json-20231013.jar:/Users/leonardosantana/.m2/repository/commons-validator/commons-validator/1.7/commons-validator-1.7.jar:/Users/leonardosantana/.m2/repository/commons-digester/commons-digester/2.1/commons-digester-2.1.jar:/Users/leonardosantana/.m2/repository/commons-logging/commons-logging/1.2/commons-logging-1.2.jar:/Users/leonardosantana/.m2/repository/commons-collections/commons-collections/3.2.2/commons-collections-3.2.2.jar:/Users/leonardosantana/.m2/repository/com/damnhandy/handy-uri-templates/2.1.8/handy-uri-templates-2.1.8.jar:/Users/leonardosantana/.m2/repository/com/google/re2j/re2j/1.6/re2j-1.6.jar:/Users/leonardosantana/.m2/repository/io/confluent/kafka-connect-protobuf-converter/7.6.0/kafka-connect-protobuf-converter-7.6.0.jar:/Users/leonardosantana/.m2/repository/io/confluent/kafka-protobuf-provider/7.6.0/kafka-protobuf-provider-7.6.0.jar:/Users/leonardosantana/.m2/repository/com/squareup/wire/wire-runtime-jvm/4.9.0/wire-runtime-jvm-4.9.0.jar:/Users/leonardosantana/.m2/repository/com/google/api/grpc/proto-google-common-protos/2.22.1/proto-google-common-protos-2.22.1.jar:/Users/leonardosantana/.m2/repository/io/confluent/kafka-protobuf-serializer/7.6.0/kafka-protobuf-serializer-7.6.0.jar:/Users/leonardosantana/.m2/repository/io/confluent/kafka-protobuf-types/7.6.0/kafka-protobuf-types-7.6.0.jar:/Users/leonardosantana/.m2/repository/com/squareup/wire/wire-schema-jvm/4.9.0/wire-schema-jvm-4.9.0.jar:/Users/leonardosantana/.m2/repository/com/squareup/javapoet/1.13.0/javapoet-1.13.0.jar:/Users/leonardosantana/.m2/repository/com/squareup/kotlinpoet/1.14.2/kotlinpoet-1.14.2.jar:/Users/leonardosantana/.m2/repository/org/jetbrains/kotlin/kotlin-reflect/1.8.21/kotlin-reflect-1.8.21.jar:/Users/leonardosantana/.m2/repository/org/jetbrains/kotlin/kotlin-stdlib-common/1.9.10/kotlin-stdlib-common-1.9.10.jar:/Users/leonardosantana/.m2/repository/com/squareup/okio/okio-jvm/3.4.0/okio-jvm-3.4.0.jar:/Users/leonardosantana/.m2/repository/org/jetbrains/kotlin/kotlin-stdlib/1.9.10/kotlin-stdlib-1.9.10.jar:/Users/leonardosantana/.m2/repository/org/jetbrains/annotations/13.0/annotations-13.0.jar:/Users/leonardosantana/.m2/repository/com/google/protobuf/protobuf-java/3.19.6/protobuf-java-3.19.6.jar:/Users/leonardosantana/.m2/repository/com/google/protobuf/protobuf-java-util/3.19.6/protobuf-java-util-3.19.6.jar:/Users/leonardosantana/.m2/repository/com/google/code/gson/gson/2.8.6/gson-2.8.6.jar:/Users/leonardosantana/.m2/repository/com/squareup/okhttp3/okhttp/4.12.0/okhttp-4.12.0.jar:/Users/leonardosantana/.m2/repository/com/squareup/okio/okio/3.6.0/okio-3.6.0.jar:/Users/leonardosantana/.m2/repository/org/jetbrains/kotlin/kotlin-stdlib-jdk8/1.8.21/kotlin-stdlib-jdk8-1.8.21.jar:/Users/leonardosantana/.m2/repository/org/jetbrains/kotlin/kotlin-stdlib-jdk7/1.8.21/kotlin-stdlib-jdk7-1.8.21.jar:/Users/leonardosantana/.m2/repository/com/fasterxml/jackson/core/jackson-core/2.16.1/jackson-core-2.16.1.jar:/Users/leonardosantana/.m2/repository/com/fasterxml/jackson/core/jackson-databind/2.16.1/jackson-databind-2.16.1.jar:/Users/leonardosantana/.m2/repository/com/fasterxml/jackson/core/jackson-annotations/2.16.1/jackson-annotations-2.16.1.jar:/Users/leonardosantana/.m2/repository/com/fasterxml/jackson/datatype/jackson-datatype-jsr310/2.16.1/jackson-datatype-jsr310-2.16.1.jar:/Users/leonardosantana/.m2/repository/com/squareup/okhttp3/okhttp-urlconnection/4.12.0/okhttp-urlconnection-4.12.0.jar:/Users/leonardosantana/.m2/repository/org/slf4j/slf4j-api/2.0.12/slf4j-api-2.0.12.jar:/Users/leonardosantana/.m2/repository/ch/qos/logback/logback-classic/1.4.14/logback-classic-1.4.14.jar:/Users/leonardosantana/.m2/repository/ch/qos/logback/logback-core/1.4.14/logback-core-1.4.14.jar:/Users/leonardosantana/.m2/repository/io/swagger/parser/v3/swagger-parser/2.1.16/swagger-parser-2.1.16.jar:/Users/leonardosantana/.m2/repository/io/swagger/parser/v3/swagger-parser-v2-converter/2.1.16/swagger-parser-v2-converter-2.1.16.jar:/Users/leonardosantana/.m2/repository/io/swagger/swagger-core/1.6.11/swagger-core-1.6.11.jar:/Users/leonardosantana/.m2/repository/io/swagger/swagger-models/1.6.11/swagger-models-1.6.11.jar:/Users/leonardosantana/.m2/repository/io/swagger/swagger-annotations/1.6.11/swagger-annotations-1.6.11.jar:/Users/leonardosantana/.m2/repository/io/swagger/swagger-parser/1.0.67/swagger-parser-1.0.67.jar:/Users/leonardosantana/.m2/repository/io/swagger/swagger-compat-spec-parser/1.0.67/swagger-compat-spec-parser-1.0.67.jar:/Users/leonardosantana/.m2/repository/com/github/java-json-tools/json-schema-validator/2.2.14/json-schema-validator-2.2.14.jar:/Users/leonardosantana/.m2/repository/com/github/java-json-tools/jackson-coreutils-equivalence/1.0/jackson-coreutils-equivalence-1.0.jar:/Users/leonardosantana/.m2/repository/com/github/java-json-tools/json-schema-core/1.2.14/json-schema-core-1.2.14.jar:/Users/leonardosantana/.m2/repository/com/github/java-json-tools/uri-template/0.10/uri-template-0.10.jar:/Users/leonardosantana/.m2/repository/org/mozilla/rhino/1.7.7.2/rhino-1.7.7.2.jar:/Users/leonardosantana/.m2/repository/com/googlecode/libphonenumber/libphonenumber/8.11.1/libphonenumber-8.11.1.jar:/Users/leonardosantana/.m2/repository/net/sf/jopt-simple/jopt-simple/5.0.4/jopt-simple-5.0.4.jar:/Users/leonardosantana/.m2/repository/com/github/java-json-tools/json-patch/1.13/json-patch-1.13.jar:/Users/leonardosantana/.m2/repository/com/github/java-json-tools/msg-simple/1.2/msg-simple-1.2.jar:/Users/leonardosantana/.m2/repository/com/github/java-json-tools/btf/1.3/btf-1.3.jar:/Users/leonardosantana/.m2/repository/com/github/java-json-tools/jackson-coreutils/2.0/jackson-coreutils-2.0.jar:/Users/leonardosantana/.m2/repository/org/apache/httpcomponents/httpclient/4.5.14/httpclient-4.5.14.jar:/Users/leonardosantana/.m2/repository/org/apache/httpcomponents/httpcore/4.4.16/httpcore-4.4.16.jar:/Users/leonardosantana/.m2/repository/commons-codec/commons-codec/1.11/commons-codec-1.11.jar:/Users/leonardosantana/.m2/repository/io/swagger/core/v3/swagger-models/2.2.14/swagger-models-2.2.14.jar:/Users/leonardosantana/.m2/repository/io/swagger/parser/v3/swagger-parser-core/2.1.16/swagger-parser-core-2.1.16.jar:/Users/leonardosantana/.m2/repository/io/swagger/parser/v3/swagger-parser-v3/2.1.16/swagger-parser-v3-2.1.16.jar:/Users/leonardosantana/.m2/repository/io/swagger/core/v3/swagger-core/2.2.14/swagger-core-2.2.14.jar:/Users/leonardosantana/.m2/repository/io/swagger/parser/v3/swagger-parser-safe-url-resolver/2.1.16/swagger-parser-safe-url-resolver-2.1.16.jar:/Users/leonardosantana/.m2/repository/com/fasterxml/jackson/dataformat/jackson-dataformat-yaml/2.15.1/jackson-dataformat-yaml-2.15.1.jar:/Users/leonardosantana/.m2/repository/commons-io/commons-io/2.11.0/commons-io-2.11.0.jar:/Users/leonardosantana/.m2/repository/io/micrometer/micrometer-core/1.11.5/micrometer-core-1.11.5.jar:/Users/leonardosantana/.m2/repository/io/micrometer/micrometer-commons/1.11.5/micrometer-commons-1.11.5.jar:/Users/leonardosantana/.m2/repository/io/micrometer/micrometer-observation/1.11.5/micrometer-observation-1.11.5.jar:/Users/leonardosantana/.m2/repository/org/hdrhistogram/HdrHistogram/2.1.12/HdrHistogram-2.1.12.jar:/Users/leonardosantana/.m2/repository/org/latencyutils/LatencyUtils/2.0.3/LatencyUtils-2.0.3.jar:/Users/leonardosantana/.m2/repository/org/junit/jupiter/junit-jupiter/5.10.1/junit-jupiter-5.10.1.jar:/Users/leonardosantana/.m2/repository/org/junit/jupiter/junit-jupiter-api/5.10.1/junit-jupiter-api-5.10.1.jar:/Users/leonardosantana/.m2/repository/org/opentest4j/opentest4j/1.3.0/opentest4j-1.3.0.jar:/Users/leonardosantana/.m2/repository/org/junit/platform/junit-platform-commons/1.10.1/junit-platform-commons-1.10.1.jar:/Users/leonardosantana/.m2/repository/org/apiguardian/apiguardian-api/1.1.2/apiguardian-api-1.1.2.jar:/Users/leonardosantana/.m2/repository/org/junit/jupiter/junit-jupiter-params/5.10.1/junit-jupiter-params-5.10.1.jar:/Users/leonardosantana/.m2/repository/org/junit/jupiter/junit-jupiter-engine/5.10.1/junit-jupiter-engine-5.10.1.jar:/Users/leonardosantana/.m2/repository/org/junit/platform/junit-platform-engine/1.10.1/junit-platform-engine-1.10.1.jar:/Users/leonardosantana/.m2/repository/org/mockito/mockito-core/5.8.0/mockito-core-5.8.0.jar:/Users/leonardosantana/.m2/repository/net/bytebuddy/byte-buddy/1.14.10/byte-buddy-1.14.10.jar:/Users/leonardosantana/.m2/repository/net/bytebuddy/byte-buddy-agent/1.14.10/byte-buddy-agent-1.14.10.jar:/Users/leonardosantana/.m2/repository/org/objenesis/objenesis/3.3/objenesis-3.3.jar:/Users/leonardosantana/.m2/repository/org/mockito/mockito-junit-jupiter/5.8.0/mockito-junit-jupiter-5.8.0.jar:/Users/leonardosantana/.m2/repository/com/squareup/okhttp3/mockwebserver/4.12.0/mockwebserver-4.12.0.jar:/Users/leonardosantana/.m2/repository/junit/junit/4.13.2/junit-4.13.2.jar:/Users/leonardosantana/.m2/repository/org/hamcrest/hamcrest-core/1.3/hamcrest-core-1.3.jar:/Users/leonardosantana/.m2/repository/org/testcontainers/junit-jupiter/1.19.3/junit-jupiter-1.19.3.jar:/Users/leonardosantana/.m2/repository/org/testcontainers/testcontainers/1.19.3/testcontainers-1.19.3.jar:/Users/leonardosantana/.m2/repository/org/rnorth/duct-tape/duct-tape/1.0.8/duct-tape-1.0.8.jar:/Users/leonardosantana/.m2/repository/com/github/docker-java/docker-java-api/3.3.4/docker-java-api-3.3.4.jar:/Users/leonardosantana/.m2/repository/com/github/docker-java/docker-java-transport-zerodep/3.3.4/docker-java-transport-zerodep-3.3.4.jar:/Users/leonardosantana/.m2/repository/com/github/docker-java/docker-java-transport/3.3.4/docker-java-transport-3.3.4.jar:/Users/leonardosantana/.m2/repository/net/java/dev/jna/jna/5.13.0/jna-5.13.0.jar:/Users/leonardosantana/.m2/repository/org/testcontainers/kafka/1.19.3/kafka-1.19.3.jar:/Users/leonardosantana/.m2/repository/org/testcontainers/nginx/1.19.3/nginx-1.19.3.jar:/Users/leonardosantana/.m2/repository/org/testcontainers/postgresql/1.19.3/postgresql-1.19.3.jar:/Users/leonardosantana/.m2/repository/org/testcontainers/jdbc/1.19.3/jdbc-1.19.3.jar:/Users/leonardosantana/.m2/repository/org/testcontainers/database-commons/1.19.3/database-commons-1.19.3.jar:/Users/leonardosantana/.m2/repository/org/assertj/assertj-core/3.24.2/assertj-core-3.24.2.jar:/Users/leonardosantana/.m2/repository/org/awaitility/awaitility/4.2.0/awaitility-4.2.0.jar:/Users/leonardosantana/.m2/repository/org/hamcrest/hamcrest/2.1/hamcrest-2.1.jar:"/>
    <property name="java.vm.vendor" value="Homebrew"/>
    <property name="sun.arch.data.model" value="64"/>
    <property name="java.vendor.url" value="https://github.com/Homebrew/homebrew-core/issues"/>
    <property name="user.timezone" value="America/Toronto"/>
    <property name="os.name" value="Mac OS X"/>
    <property name="java.vm.specification.version" value="17"/>
    <property name="sun.java.launcher" value="SUN_STANDARD"/>
    <property name="user.country" value="CA"/>
    <property name="sun.boot.library.path" value="/opt/homebrew/Cellar/openjdk@17/17.0.15/libexec/openjdk.jdk/Contents/Home/lib"/>
    <property name="sun.java.command" value="/Users/Git/kafka-http-source-connector/target/surefire/surefirebooter-20250726094348716_3.jar /Users/Git/kafka-http-source-connector/target/surefire 2025-07-26T09-43-48_682-jvmRun1 surefire-20250726094348716_1tmp surefire_0-20250726094348716_2tmp"/>
    <property name="http.nonProxyHosts" value="local|*.local|169.254/16|*.169.254/16"/>
    <property name="jdk.debug" value="release"/>
    <property name="surefire.test.class.path" value="/Users/Git/kafka-http-source-connector/target/test-classes:/Users/Git/kafka-http-source-connector/target/classes:/Users/leonardosantana/.m2/repository/org/apache/kafka/connect-api/3.7.0/connect-api-3.7.0.jar:/Users/leonardosantana/.m2/repository/javax/ws/rs/javax.ws.rs-api/2.1.1/javax.ws.rs-api-2.1.1.jar:/Users/leonardosantana/.m2/repository/org/apache/kafka/connect-runtime/3.7.0/connect-runtime-3.7.0.jar:/Users/leonardosantana/.m2/repository/org/apache/kafka/connect-json/3.7.0/connect-json-3.7.0.jar:/Users/leonardosantana/.m2/repository/com/fasterxml/jackson/datatype/jackson-datatype-jdk8/2.16.0/jackson-datatype-jdk8-2.16.0.jar:/Users/leonardosantana/.m2/repository/org/apache/kafka/connect-transforms/3.7.0/connect-transforms-3.7.0.jar:/Users/leonardosantana/.m2/repository/ch/qos/reload4j/reload4j/1.2.25/reload4j-1.2.25.jar:/Users/leonardosantana/.m2/repository/org/bitbucket/b_c/jose4j/0.9.4/jose4j-0.9.4.jar:/Users/leonardosantana/.m2/repository/com/fasterxml/jackson/jaxrs/jackson-jaxrs-json-provider/2.16.0/jackson-jaxrs-json-provider-2.16.0.jar:/Users/leonardosantana/.m2/repository/com/fasterxml/jackson/jaxrs/jackson-jaxrs-base/2.16.0/jackson-jaxrs-base-2.16.0.jar:/Users/leonardosantana/.m2/repository/com/fasterxml/jackson/module/jackson-module-jaxb-annotations/2.16.0/jackson-module-jaxb-annotations-2.16.0.jar:/Users/leonardosantana/.m2/repository/jakarta/xml/bind/jakarta.xml.bind-api/2.3.3/jakarta.xml.bind-api-2.3.3.jar:/Users/leonardosantana/.m2/repository/jakarta/activation/jakarta.activation-api/1.2.2/jakarta.activation-api-1.2.2.jar:/Users/leonardosantana/.m2/repository/org/glassfish/jersey/containers/jersey-container-servlet/2.39.1/jersey-container-servlet-2.39.1.jar:/Users/leonardosantana/.m2/repository/org/glassfish/jersey/containers/jersey-container-servlet-core/2.39.1/jersey-container-servlet-core-2.39.1.jar:/Users/leonardosantana/.m2/repository/org/glassfish/hk2/external/jakarta.inject/2.6.1/jakarta.inject-2.6.1.jar:/Users/leonardosantana/.m2/repository/org/glassfish/jersey/core/jersey-common/2.39.1/jersey-common-2.39.1.jar:/Users/leonardosantana/.m2/repository/jakarta/annotation/jakarta.annotation-api/1.3.5/jakarta.annotation-api-1.3.5.jar:/Users/leonardosantana/.m2/repository/org/glassfish/hk2/osgi-resource-locator/1.0.3/osgi-resource-locator-1.0.3.jar:/Users/leonardosantana/.m2/repository/org/glassfish/jersey/core/jersey-server/2.39.1/jersey-server-2.39.1.jar:/Users/leonardosantana/.m2/repository/org/glassfish/jersey/core/jersey-client/2.39.1/jersey-client-2.39.1.jar:/Users/leonardosantana/.m2/repository/jakarta/validation/jakarta.validation-api/2.0.2/jakarta.validation-api-2.0.2.jar:/Users/leonardosantana/.m2/repository/jakarta/ws/rs/jakarta.ws.rs-api/2.1.6/jakarta.ws.rs-api-2.1.6.jar:/Users/leonardosantana/.m2/repository/org/glassfish/jersey/inject/jersey-hk2/2.39.1/jersey-hk2-2.39.1.jar:/Users/leonardosantana/.m2/repository/org/glassfish/hk2/hk2-locator/2.6.1/hk2-locator-2.6.1.jar:/Users/leonardosantana/.m2/repository/org/glassfish/hk2/external/aopalliance-repackaged/2.6.1/aopalliance-repackaged-2.6.1.jar:/Users/leonardosantana/.m2/repository/org/glassfish/hk2/hk2-api/2.6.1/hk2-api-2.6.1.jar:/Users/leonardosantana/.m2/repository/org/glassfish/hk2/hk2-utils/2.6.1/hk2-utils-2.6.1.jar:/Users/leonardosantana/.m2/repository/org/javassist/javassist/3.29.0-GA/javassist-3.29.0-GA.jar:/Users/leonardosantana/.m2/repository/javax/xml/bind/jaxb-api/2.3.1/jaxb-api-2.3.1.jar:/Users/leonardosantana/.m2/repository/javax/activation/javax.activation-api/1.2.0/javax.activation-api-1.2.0.jar:/Users/leonardosantana/.m2/repository/javax/activation/activation/1.1.1/activation-1.1.1.jar:/Users/leonardosantana/.m2/repository/org/eclipse/jetty/jetty-server/9.4.53.v20231009/jetty-server-9.4.53.v20231009.jar:/Users/leonardosantana/.m2/repository/javax/servlet/javax.servlet-api/3.1.0/javax.servlet-api-3.1.0.jar:/Users/leonardosantana/.m2/repository/org/eclipse/jetty/jetty-http/9.4.53.v20231009/jetty-http-9.4.53.v20231009.jar:/Users/leonardosantana/.m2/repository/org/eclipse/jetty/jetty-io/9.4.53.v20231009/jetty-io-9.4.53.v20231009.jar:/Users/leonardosantana/.m2/repository/org/eclipse/jetty/jetty-servlet/9.4.53.v20231009/jetty-servlet-9.4.53.v20231009.jar:/Users/leonardosantana/.m2/repository/org/eclipse/jetty/jetty-security/9.4.53.v20231009/jetty-security-9.4.53.v20231009.jar:/Users/leonardosantana/.m2/repository/org/eclipse/jetty/jetty-util-ajax/9.4.53.v20231009/jetty-util-ajax-9.4.53.v20231009.jar:/Users/leonardosantana/.m2/repository/org/eclipse/jetty/jetty-servlets/9.4.53.v20231009/jetty-servlets-9.4.53.v20231009.jar:/Users/leonardosantana/.m2/repository/org/eclipse/jetty/jetty-continuation/9.4.53.v20231009/jetty-continuation-9.4.53.v20231009.jar:/Users/leonardosantana/.m2/repository/org/eclipse/jetty/jetty-util/9.4.53.v20231009/jetty-util-9.4.53.v20231009.jar:/Users/leonardosantana/.m2/repository/org/eclipse/jetty/jetty-client/9.4.53.v20231009/jetty-client-9.4.53.v20231009.jar:/Users/leonardosantana/.m2/repository/org/reflections/reflections/0.10.2/reflections-0.10.2.jar:/Users/leonardosantana/.m2/repository/com/google/code/findbugs/jsr305/3.0.2/jsr305-3.0.2.jar:/Users/leonardosantana/.m2/repository/org/apache/maven/maven-artifact/3.8.8/maven-artifact-3.8.8.jar:/Users/leonardosantana/.m2/repository/org/codehaus/plexus/plexus-utils/3.3.1/plexus-utils-3.3.1.jar:/Users/leonardosantana/.m2/repository/org/apache/commons/commons-lang3/3.8.1/commons-lang3-3.8.1.jar:/Users/leonardosantana/.m2/repository/io/swagger/core/v3/swagger-annotations/2.2.8/swagger-annotations-2.2.8.jar:/Users/leonardosantana/.m2/repository/org/apache/kafka/kafka-clients/3.7.0/kafka-clients-3.7.0.jar:/Users/leonardosantana/.m2/repository/com/github/luben/zstd-jni/1.5.5-6/zstd-jni-1.5.5-6.jar:/Users/leonardosantana/.m2/repository/org/lz4/lz4-java/1.8.0/lz4-java-1.8.0.jar:/Users/leonardosantana/.m2/repository/org/xerial/snappy/snappy-java/1.1.10.5/snappy-java-1.1.10.5.jar:/Users/leonardosantana/.m2/repository/io/confluent/kafka-schema-registry-client/7.6.0/kafka-schema-registry-client-7.6.0.jar:/Users/leonardosantana/.m2/repository/org/yaml/snakeyaml/2.0/snakeyaml-2.0.jar:/Users/leonardosantana/.m2/repository/org/apache/avro/avro/1.11.3/avro-1.11.3.jar:/Users/leonardosantana/.m2/repository/org/apache/commons/commons-compress/1.21/commons-compress-1.21.jar:/Users/leonardosantana/.m2/repository/com/google/guava/guava/32.0.1-jre/guava-32.0.1-jre.jar:/Users/leonardosantana/.m2/repository/com/google/guava/failureaccess/1.0.1/failureaccess-1.0.1.jar:/Users/leonardosantana/.m2/repository/com/google/guava/listenablefuture/9999.0-empty-to-avoid-conflict-with-guava/listenablefuture-9999.0-empty-to-avoid-conflict-with-guava.jar:/Users/leonardosantana/.m2/repository/org/checkerframework/checker-qual/3.33.0/checker-qual-3.33.0.jar:/Users/leonardosantana/.m2/repository/com/google/errorprone/error_prone_annotations/2.18.0/error_prone_annotations-2.18.0.jar:/Users/leonardosantana/.m2/repository/com/google/j2objc/j2objc-annotations/2.8/j2objc-annotations-2.8.jar:/Users/leonardosantana/.m2/repository/io/confluent/common-utils/7.6.0/common-utils-7.6.0.jar:/Users/leonardosantana/.m2/repository/io/confluent/kafka-connect-avro-converter/7.6.0/kafka-connect-avro-converter-7.6.0.jar:/Users/leonardosantana/.m2/repository/io/confluent/kafka-avro-serializer/7.6.0/kafka-avro-serializer-7.6.0.jar:/Users/leonardosantana/.m2/repository/io/confluent/logredactor/1.0.12/logredactor-1.0.12.jar:/Users/leonardosantana/.m2/repository/io/confluent/logredactor-metrics/1.0.12/logredactor-metrics-1.0.12.jar:/Users/leonardosantana/.m2/repository/com/eclipsesource/minimal-json/minimal-json/0.9.5/minimal-json-0.9.5.jar:/Users/leonardosantana/.m2/repository/io/confluent/kafka-connect-avro-data/7.6.0/kafka-connect-avro-data-7.6.0.jar:/Users/leonardosantana/.m2/repository/io/confluent/kafka-connect-json-schema-converter/7.6.0/kafka-connect-json-schema-converter-7.6.0.jar:/Users/leonardosantana/.m2/repository/io/confluent/kafka-json-schema-provider/7.6.0/kafka-json-schema-provider-7.6.0.jar:/Users/leonardosantana/.m2/repository/com/github/erosb/json-sKema/0.10.0/json-sKema-0.10.0.jar:/Users/leonardosantana/.m2/repository/com/fasterxml/jackson/datatype/jackson-datatype-guava/2.14.2/jackson-datatype-guava-2.14.2.jar:/Users/leonardosantana/.m2/repository/com/fasterxml/jackson/datatype/jackson-datatype-joda/2.14.2/jackson-datatype-joda-2.14.2.jar:/Users/leonardosantana/.m2/repository/joda-time/joda-time/2.10.8/joda-time-2.10.8.jar:/Users/leonardosantana/.m2/repository/com/fasterxml/jackson/module/jackson-module-parameter-names/2.14.2/jackson-module-parameter-names-2.14.2.jar:/Users/leonardosantana/.m2/repository/com/kjetland/mbknor-jackson-jsonschema_2.13/1.0.39/mbknor-jackson-jsonschema_2.13-1.0.39.jar:/Users/leonardosantana/.m2/repository/org/scala-lang/scala-library/2.13.1/scala-library-2.13.1.jar:/Users/leonardosantana/.m2/repository/javax/validation/validation-api/2.0.1.Final/validation-api-2.0.1.Final.jar:/Users/leonardosantana/.m2/repository/io/github/classgraph/classgraph/4.8.21/classgraph-4.8.21.jar:/Users/leonardosantana/.m2/repository/org/jetbrains/kotlin/kotlin-scripting-jvm/1.9.10/kotlin-scripting-jvm-1.9.10.jar:/Users/leonardosantana/.m2/repository/org/jetbrains/kotlin/kotlin-script-runtime/1.9.10/kotlin-script-runtime-1.9.10.jar:/Users/leonardosantana/.m2/repository/org/jetbrains/kotlin/kotlin-scripting-common/1.9.10/kotlin-scripting-common-1.9.10.jar:/Users/leonardosantana/.m2/repository/org/jetbrains/kotlin/kotlin-scripting-compiler-embeddable/1.9.10/kotlin-scripting-compiler-embeddable-1.9.10.jar:/Users/leonardosantana/.m2/repository/org/jetbrains/kotlin/kotlin-scripting-compiler-impl-embeddable/1.9.10/kotlin-scripting-compiler-impl-embeddable-1.9.10.jar:/Users/leonardosantana/.m2/repository/io/confluent/kafka-json-schema-serializer/7.6.0/kafka-json-schema-serializer-7.6.0.jar:/Users/leonardosantana/.m2/repository/io/confluent/kafka-json-serializer/7.6.0/kafka-json-serializer-7.6.0.jar:/Users/leonardosantana/.m2/repository/io/confluent/common-config/7.6.0/common-config-7.6.0.jar:/Users/leonardosantana/.m2/repository/io/confluent/kafka-schema-converter/7.6.0/kafka-schema-converter-7.6.0.jar:/Users/leonardosantana/.m2/repository/io/confluent/kafka-schema-serializer/7.6.0/kafka-schema-serializer-7.6.0.jar:/Users/leonardosantana/.m2/repository/com/fasterxml/jackson/dataformat/jackson-dataformat-csv/2.14.2/jackson-dataformat-csv-2.14.2.jar:/Users/leonardosantana/.m2/repository/com/github/erosb/everit-json-schema/1.14.3/everit-json-schema-1.14.3.jar:/Users/leonardosantana/.m2/repository/org/json/json/20231013/json-20231013.jar:/Users/leonardosantana/.m2/repository/commons-validator/commons-validator/1.7/commons-validator-1.7.jar:/Users/leonardosantana/.m2/repository/commons-digester/commons-digester/2.1/commons-digester-2.1.jar:/Users/leonardosantana/.m2/repository/commons-logging/commons-logging/1.2/commons-logging-1.2.jar:/Users/leonardosantana/.m2/repository/commons-collections/commons-collections/3.2.2/commons-collections-3.2.2.jar:/Users/leonardosantana/.m2/repository/com/damnhandy/handy-uri-templates/2.1.8/handy-uri-templates-2.1.8.jar:/Users/leonardosantana/.m2/repository/com/google/re2j/re2j/1.6/re2j-1.6.jar:/Users/leonardosantana/.m2/repository/io/confluent/kafka-connect-protobuf-converter/7.6.0/kafka-connect-protobuf-converter-7.6.0.jar:/Users/leonardosantana/.m2/repository/io/confluent/kafka-protobuf-provider/7.6.0/kafka-protobuf-provider-7.6.0.jar:/Users/leonardosantana/.m2/repository/com/squareup/wire/wire-runtime-jvm/4.9.0/wire-runtime-jvm-4.9.0.jar:/Users/leonardosantana/.m2/repository/com/google/api/grpc/proto-google-common-protos/2.22.1/proto-google-common-protos-2.22.1.jar:/Users/leonardosantana/.m2/repository/io/confluent/kafka-protobuf-serializer/7.6.0/kafka-protobuf-serializer-7.6.0.jar:/Users/leonardosantana/.m2/repository/io/confluent/kafka-protobuf-types/7.6.0/kafka-protobuf-types-7.6.0.jar:/Users/leonardosantana/.m2/repository/com/squareup/wire/wire-schema-jvm/4.9.0/wire-schema-jvm-4.9.0.jar:/Users/leonardosantana/.m2/repository/com/squareup/javapoet/1.13.0/javapoet-1.13.0.jar:/Users/leonardosantana/.m2/repository/com/squareup/kotlinpoet/1.14.2/kotlinpoet-1.14.2.jar:/Users/leonardosantana/.m2/repository/org/jetbrains/kotlin/kotlin-reflect/1.8.21/kotlin-reflect-1.8.21.jar:/Users/leonardosantana/.m2/repository/org/jetbrains/kotlin/kotlin-stdlib-common/1.9.10/kotlin-stdlib-common-1.9.10.jar:/Users/leonardosantana/.m2/repository/com/squareup/okio/okio-jvm/3.4.0/okio-jvm-3.4.0.jar:/Users/leonardosantana/.m2/repository/org/jetbrains/kotlin/kotlin-stdlib/1.9.10/kotlin-stdlib-1.9.10.jar:/Users/leonardosantana/.m2/repository/org/jetbrains/annotations/13.0/annotations-13.0.jar:/Users/leonardosantana/.m2/repository/com/google/protobuf/protobuf-java/3.19.6/protobuf-java-3.19.6.jar:/Users/leonardosantana/.m2/repository/com/google/protobuf/protobuf-java-util/3.19.6/protobuf-java-util-3.19.6.jar:/Users/leonardosantana/.m2/repository/com/google/code/gson/gson/2.8.6/gson-2.8.6.jar:/Users/leonardosantana/.m2/repository/com/squareup/okhttp3/okhttp/4.12.0/okhttp-4.12.0.jar:/Users/leonardosantana/.m2/repository/com/squareup/okio/okio/3.6.0/okio-3.6.0.jar:/Users/leonardosantana/.m2/repository/org/jetbrains/kotlin/kotlin-stdlib-jdk8/1.8.21/kotlin-stdlib-jdk8-1.8.21.jar:/Users/leonardosantana/.m2/repository/org/jetbrains/kotlin/kotlin-stdlib-jdk7/1.8.21/kotlin-stdlib-jdk7-1.8.21.jar:/Users/leonardosantana/.m2/repository/com/fasterxml/jackson/core/jackson-core/2.16.1/jackson-core-2.16.1.jar:/Users/leonardosantana/.m2/repository/com/fasterxml/jackson/core/jackson-databind/2.16.1/jackson-databind-2.16.1.jar:/Users/leonardosantana/.m2/repository/com/fasterxml/jackson/core/jackson-annotations/2.16.1/jackson-annotations-2.16.1.jar:/Users/leonardosantana/.m2/repository/com/fasterxml/jackson/datatype/jackson-datatype-jsr310/2.16.1/jackson-datatype-jsr310-2.16.1.jar:/Users/leonardosantana/.m2/repository/com/squareup/okhttp3/okhttp-urlconnection/4.12.0/okhttp-urlconnection-4.12.0.jar:/Users/leonardosantana/.m2/repository/org/slf4j/slf4j-api/2.0.12/slf4j-api-2.0.12.jar:/Users/leonardosantana/.m2/repository/ch/qos/logback/logback-classic/1.4.14/logback-classic-1.4.14.jar:/Users/leonardosantana/.m2/repository/ch/qos/logback/logback-core/1.4.14/logback-core-1.4.14.jar:/Users/leonardosantana/.m2/repository/io/swagger/parser/v3/swagger-parser/2.1.16/swagger-parser-2.1.16.jar:/Users/leonardosantana/.m2/repository/io/swagger/parser/v3/swagger-parser-v2-converter/2.1.16/swagger-parser-v2-converter-2.1.16.jar:/Users/leonardosantana/.m2/repository/io/swagger/swagger-core/1.6.11/swagger-core-1.6.11.jar:/Users/leonardosantana/.m2/repository/io/swagger/swagger-models/1.6.11/swagger-models-1.6.11.jar:/Users/leonardosantana/.m2/repository/io/swagger/swagger-annotations/1.6.11/swagger-annotations-1.6.11.jar:/Users/leonardosantana/.m2/repository/io/swagger/swagger-parser/1.0.67/swagger-parser-1.0.67.jar:/Users/leonardosantana/.m2/repository/io/swagger/swagger-compat-spec-parser/1.0.67/swagger-compat-spec-parser-1.0.67.jar:/Users/leonardosantana/.m2/repository/com/github/java-json-tools/json-schema-validator/2.2.14/json-schema-validator-2.2.14.jar:/Users/leonardosantana/.m2/repository/com/github/java-json-tools/jackson-coreutils-equivalence/1.0/jackson-coreutils-equivalence-1.0.jar:/Users/leonardosantana/.m2/repository/com/github/java-json-tools/json-schema-core/1.2.14/json-schema-core-1.2.14.jar:/Users/leonardosantana/.m2/repository/com/github/java-json-tools/uri-template/0.10/uri-template-0.10.jar:/Users/leonardosantana/.m2/repository/org/mozilla/rhino/1.7.7.2/rhino-1.7.7.2.jar:/Users/leonardosantana/.m2/repository/com/googlecode/libphonenumber/libphonenumber/8.11.1/libphonenumber-8.11.1.jar:/Users/leonardosantana/.m2/repository/net/sf/jopt-simple/jopt-simple/5.0.4/jopt-simple-5.0.4.jar:/Users/leonardosantana/.m2/repository/com/github/java-json-tools/json-patch/1.13/json-patch-1.13.jar:/Users/leonardosantana/.m2/repository/com/github/java-json-tools/msg-simple/1.2/msg-simple-1.2.jar:/Users/leonardosantana/.m2/repository/com/github/java-json-tools/btf/1.3/btf-1.3.jar:/Users/leonardosantana/.m2/repository/com/github/java-json-tools/jackson-coreutils/2.0/jackson-coreutils-2.0.jar:/Users/leonardosantana/.m2/repository/org/apache/httpcomponents/httpclient/4.5.14/httpclient-4.5.14.jar:/Users/leonardosantana/.m2/repository/org/apache/httpcomponents/httpcore/4.4.16/httpcore-4.4.16.jar:/Users/leonardosantana/.m2/repository/commons-codec/commons-codec/1.11/commons-codec-1.11.jar:/Users/leonardosantana/.m2/repository/io/swagger/core/v3/swagger-models/2.2.14/swagger-models-2.2.14.jar:/Users/leonardosantana/.m2/repository/io/swagger/parser/v3/swagger-parser-core/2.1.16/swagger-parser-core-2.1.16.jar:/Users/leonardosantana/.m2/repository/io/swagger/parser/v3/swagger-parser-v3/2.1.16/swagger-parser-v3-2.1.16.jar:/Users/leonardosantana/.m2/repository/io/swagger/core/v3/swagger-core/2.2.14/swagger-core-2.2.14.jar:/Users/leonardosantana/.m2/repository/io/swagger/parser/v3/swagger-parser-safe-url-resolver/2.1.16/swagger-parser-safe-url-resolver-2.1.16.jar:/Users/leonardosantana/.m2/repository/com/fasterxml/jackson/dataformat/jackson-dataformat-yaml/2.15.1/jackson-dataformat-yaml-2.15.1.jar:/Users/leonardosantana/.m2/repository/commons-io/commons-io/2.11.0/commons-io-2.11.0.jar:/Users/leonardosantana/.m2/repository/io/micrometer/micrometer-core/1.11.5/micrometer-core-1.11.5.jar:/Users/leonardosantana/.m2/repository/io/micrometer/micrometer-commons/1.11.5/micrometer-commons-1.11.5.jar:/Users/leonardosantana/.m2/repository/io/micrometer/micrometer-observation/1.11.5/micrometer-observation-1.11.5.jar:/Users/leonardosantana/.m2/repository/org/hdrhistogram/HdrHistogram/2.1.12/HdrHistogram-2.1.12.jar:/Users/leonardosantana/.m2/repository/org/latencyutils/LatencyUtils/2.0.3/LatencyUtils-2.0.3.jar:/Users/leonardosantana/.m2/repository/org/junit/jupiter/junit-jupiter/5.10.1/junit-jupiter-5.10.1.jar:/Users/leonardosantana/.m2/repository/org/junit/jupiter/junit-jupiter-api/5.10.1/junit-jupiter-api-5.10.1.jar:/Users/leonardosantana/.m2/repository/org/opentest4j/opentest4j/1.3.0/opentest4j-1.3.0.jar:/Users/leonardosantana/.m2/repository/org/junit/platform/junit-platform-commons/1.10.1/junit-platform-commons-1.10.1.jar:/Users/leonardosantana/.m2/repository/org/apiguardian/apiguardian-api/1.1.2/apiguardian-api-1.1.2.jar:/Users/leonardosantana/.m2/repository/org/junit/jupiter/junit-jupiter-params/5.10.1/junit-jupiter-params-5.10.1.jar:/Users/leonardosantana/.m2/repository/org/junit/jupiter/junit-jupiter-engine/5.10.1/junit-jupiter-engine-5.10.1.jar:/Users/leonardosantana/.m2/repository/org/junit/platform/junit-platform-engine/1.10.1/junit-platform-engine-1.10.1.jar:/Users/leonardosantana/.m2/repository/org/mockito/mockito-core/5.8.0/mockito-core-5.8.0.jar:/Users/leonardosantana/.m2/repository/net/bytebuddy/byte-buddy/1.14.10/byte-buddy-1.14.10.jar:/Users/leonardosantana/.m2/repository/net/bytebuddy/byte-buddy-agent/1.14.10/byte-buddy-agent-1.14.10.jar:/Users/leonardosantana/.m2/repository/org/objenesis/objenesis/3.3/objenesis-3.3.jar:/Users/leonardosantana/.m2/repository/org/mockito/mockito-junit-jupiter/5.8.0/mockito-junit-jupiter-5.8.0.jar:/Users/leonardosantana/.m2/repository/com/squareup/okhttp3/mockwebserver/4.12.0/mockwebserver-4.12.0.jar:/Users/leonardosantana/.m2/repository/junit/junit/4.13.2/junit-4.13.2.jar:/Users/leonardosantana/.m2/repository/org/hamcrest/hamcrest-core/1.3/hamcrest-core-1.3.jar:/Users/leonardosantana/.m2/repository/org/testcontainers/junit-jupiter/1.19.3/junit-jupiter-1.19.3.jar:/Users/leonardosantana/.m2/repository/org/testcontainers/testcontainers/1.19.3/testcontainers-1.19.3.jar:/Users/leonardosantana/.m2/repository/org/rnorth/duct-tape/duct-tape/1.0.8/duct-tape-1.0.8.jar:/Users/leonardosantana/.m2/repository/com/github/docker-java/docker-java-api/3.3.4/docker-java-api-3.3.4.jar:/Users/leonardosantana/.m2/repository/com/github/docker-java/docker-java-transport-zerodep/3.3.4/docker-java-transport-zerodep-3.3.4.jar:/Users/leonardosantana/.m2/repository/com/github/docker-java/docker-java-transport/3.3.4/docker-java-transport-3.3.4.jar:/Users/leonardosantana/.m2/repository/net/java/dev/jna/jna/5.13.0/jna-5.13.0.jar:/Users/leonardosantana/.m2/repository/org/testcontainers/kafka/1.19.3/kafka-1.19.3.jar:/Users/leonardosantana/.m2/repository/org/testcontainers/nginx/1.19.3/nginx-1.19.3.jar:/Users/leonardosantana/.m2/repository/org/testcontainers/postgresql/1.19.3/postgresql-1.19.3.jar:/Users/leonardosantana/.m2/repository/org/testcontainers/jdbc/1.19.3/jdbc-1.19.3.jar:/Users/leonardosantana/.m2/repository/org/testcontainers/database-commons/1.19.3/database-commons-1.19.3.jar:/Users/leonardosantana/.m2/repository/org/assertj/assertj-core/3.24.2/assertj-core-3.24.2.jar:/Users/leonardosantana/.m2/repository/org/awaitility/awaitility/4.2.0/awaitility-4.2.0.jar:/Users/leonardosantana/.m2/repository/org/hamcrest/hamcrest/2.1/hamcrest-2.1.jar:"/>
    <property name="sun.cpu.endian" value="little"/>
    <property name="user.home" value="/Users/leonardosantana"/>
    <property name="user.language" value="en"/>
    <property name="java.specification.vendor" value="Oracle Corporation"/>
    <property name="java.version.date" value="2025-04-15"/>
    <property name="java.home" value="/opt/homebrew/Cellar/openjdk@17/17.0.15/libexec/openjdk.jdk/Contents/Home"/>
    <property name="file.separator" value="/"/>
    <property name="basedir" value="/Users/Git/kafka-http-source-connector"/>
    <property name="java.vm.compressedOopsMode" value="Zero based"/>
    <property name="line.separator" value="&#10;"/>
    <property name="java.vm.specification.vendor" value="Oracle Corporation"/>
    <property name="java.specification.name" value="Java Platform API Specification"/>
    <property name="surefire.real.class.path" value="/Users/Git/kafka-http-source-connector/target/surefire/surefirebooter-20250726094348716_3.jar"/>
    <property name="sun.management.compiler" value="HotSpot 64-Bit Tiered Compilers"/>
    <property name="ftp.nonProxyHosts" value="local|*.local|169.254/16|*.169.254/16"/>
    <property name="java.runtime.version" value="17.0.15+0"/>
    <property name="user.name" value="leonardosantana"/>
    <property name="path.separator" value=":"/>
    <property name="os.version" value="15.5"/>
    <property name="java.runtime.name" value="OpenJDK Runtime Environment"/>
    <property name="file.encoding" value="UTF-8"/>
    <property name="java.vm.name" value="OpenJDK 64-Bit Server VM"/>
    <property name="java.vendor.version" value="Homebrew"/>
    <property name="localRepository" value="/Users/leonardosantana/.m2/repository"/>
    <property name="java.vendor.url.bug" value="https://github.com/Homebrew/homebrew-core/issues"/>
    <property name="java.io.tmpdir" value="/var/folders/p0/3cwbfkyn6kx2wr20cb1lkhh00000gn/T/"/>
    <property name="java.version" value="17.0.15"/>
    <property name="user.dir" value="/Users/Git/kafka-http-source-connector"/>
    <property name="os.arch" value="aarch64"/>
    <property name="java.vm.specification.name" value="Java Virtual Machine Specification"/>
    <property name="native.encoding" value="UTF-8"/>
    <property name="java.library.path" value="/Users/leonardosantana/Library/Java/Extensions:/Library/Java/Extensions:/Network/Library/Java/Extensions:/System/Library/Java/Extensions:/usr/lib/java:."/>
    <property name="java.vm.info" value="mixed mode, sharing"/>
    <property name="java.vendor" value="Homebrew"/>
    <property name="java.vm.version" value="17.0.15+0"/>
    <property name="java.specification.maintenance.version" value="1"/>
    <property name="sun.io.unicode.encoding" value="UnicodeBig"/>
    <property name="socksNonProxyHosts" value="local|*.local|169.254/16|*.169.254/16"/>
    <property name="java.class.version" value="61.0"/>
  </properties>
  <testcase name="shouldHandleNestedFieldEncryption" classname="io.confluent.connect.http.unit.FieldEncryptionManagerTest" time="0.622">
    <system-out><![CDATA[09:43:49.570 [main] DEBUG io.confluent.connect.http.encryption.FieldEncryptionManager -- Configured field encryption: ssn -> AES_GCM
09:43:49.573 [main] DEBUG io.confluent.connect.http.encryption.FieldEncryptionManager -- Configured field encryption: salary -> DETERMINISTIC
09:43:49.573 [main] DEBUG io.confluent.connect.http.encryption.FieldEncryptionManager -- Configured field encryption: notes -> RANDOM
09:43:49.573 [main] INFO io.confluent.connect.http.encryption.FieldEncryptionManager -- Field-level encryption enabled with 3 encryption rules
09:43:49.575 [main] DEBUG io.confluent.connect.http.encryption.FieldEncryptionManager -- Configured field encryption: user.ssn -> AES_GCM
09:43:49.575 [main] DEBUG io.confluent.connect.http.encryption.FieldEncryptionManager -- Configured field encryption: user.address.street -> DETERMINISTIC
09:43:49.575 [main] INFO io.confluent.connect.http.encryption.FieldEncryptionManager -- Field-level encryption enabled with 2 encryption rules
]]></system-out>
  </testcase>
  <testcase name="shouldHandleDisabledEncryption" classname="io.confluent.connect.http.unit.FieldEncryptionManagerTest" time="0.004">
    <system-out><![CDATA[09:43:49.640 [main] DEBUG io.confluent.connect.http.encryption.FieldEncryptionManager -- Configured field encryption: ssn -> AES_GCM
09:43:49.640 [main] DEBUG io.confluent.connect.http.encryption.FieldEncryptionManager -- Configured field encryption: salary -> DETERMINISTIC
09:43:49.640 [main] DEBUG io.confluent.connect.http.encryption.FieldEncryptionManager -- Configured field encryption: notes -> RANDOM
09:43:49.640 [main] INFO io.confluent.connect.http.encryption.FieldEncryptionManager -- Field-level encryption enabled with 3 encryption rules
09:43:49.640 [main] INFO io.confluent.connect.http.encryption.FieldEncryptionManager -- Field-level encryption disabled
]]></system-out>
  </testcase>
  <testcase name="shouldHandleInvalidEncryptionRulesGracefully" classname="io.confluent.connect.http.unit.FieldEncryptionManagerTest" time="0.003">
    <system-out><![CDATA[09:43:49.642 [main] DEBUG io.confluent.connect.http.encryption.FieldEncryptionManager -- Configured field encryption: ssn -> AES_GCM
09:43:49.643 [main] DEBUG io.confluent.connect.http.encryption.FieldEncryptionManager -- Configured field encryption: salary -> DETERMINISTIC
09:43:49.643 [main] DEBUG io.confluent.connect.http.encryption.FieldEncryptionManager -- Configured field encryption: notes -> RANDOM
09:43:49.643 [main] INFO io.confluent.connect.http.encryption.FieldEncryptionManager -- Field-level encryption enabled with 3 encryption rules
09:43:49.643 [main] DEBUG io.confluent.connect.http.encryption.FieldEncryptionManager -- Configured field encryption: field1 -> INVALID_TYPE
09:43:49.643 [main] DEBUG io.confluent.connect.http.encryption.FieldEncryptionManager -- Configured field encryption: field2 -> AES_GCM
09:43:49.643 [main] INFO io.confluent.connect.http.encryption.FieldEncryptionManager -- Field-level encryption enabled with 2 encryption rules
09:43:49.643 [main] WARN io.confluent.connect.http.encryption.FieldEncryptionManager -- Failed to encrypt field field1: Unsupported encryption type: INVALID_TYPE
]]></system-out>
  </testcase>
  <testcase name="shouldHandleDeterministicEncryptionConsistency" classname="io.confluent.connect.http.unit.FieldEncryptionManagerTest" time="0.003">
    <system-out><![CDATA[09:43:49.646 [main] DEBUG io.confluent.connect.http.encryption.FieldEncryptionManager -- Configured field encryption: ssn -> AES_GCM
09:43:49.646 [main] DEBUG io.confluent.connect.http.encryption.FieldEncryptionManager -- Configured field encryption: salary -> DETERMINISTIC
09:43:49.646 [main] DEBUG io.confluent.connect.http.encryption.FieldEncryptionManager -- Configured field encryption: notes -> RANDOM
09:43:49.646 [main] INFO io.confluent.connect.http.encryption.FieldEncryptionManager -- Field-level encryption enabled with 3 encryption rules
09:43:49.647 [main] DEBUG io.confluent.connect.http.encryption.FieldEncryptionManager -- Configured field encryption: customer_id -> DETERMINISTIC
09:43:49.647 [main] INFO io.confluent.connect.http.encryption.FieldEncryptionManager -- Field-level encryption enabled with 1 encryption rules
]]></system-out>
  </testcase>
  <testcase name="shouldHandleApiSpecificFieldRules" classname="io.confluent.connect.http.unit.FieldEncryptionManagerTest" time="0.003">
    <system-out><![CDATA[09:43:49.650 [main] DEBUG io.confluent.connect.http.encryption.FieldEncryptionManager -- Configured field encryption: ssn -> AES_GCM
09:43:49.650 [main] DEBUG io.confluent.connect.http.encryption.FieldEncryptionManager -- Configured field encryption: salary -> DETERMINISTIC
09:43:49.650 [main] DEBUG io.confluent.connect.http.encryption.FieldEncryptionManager -- Configured field encryption: notes -> RANDOM
09:43:49.650 [main] INFO io.confluent.connect.http.encryption.FieldEncryptionManager -- Field-level encryption enabled with 3 encryption rules
09:43:49.651 [main] DEBUG io.confluent.connect.http.encryption.FieldEncryptionManager -- Configured field encryption: salary -> AES_GCM
09:43:49.651 [main] DEBUG io.confluent.connect.http.encryption.FieldEncryptionManager -- Configured field encryption: api2.employee_id -> DETERMINISTIC
09:43:49.651 [main] INFO io.confluent.connect.http.encryption.FieldEncryptionManager -- Field-level encryption enabled with 2 encryption rules
]]></system-out>
  </testcase>
  <testcase name="shouldEncryptSensitiveFields" classname="io.confluent.connect.http.unit.FieldEncryptionManagerTest" time="0.003">
    <system-out><![CDATA[09:43:49.654 [main] DEBUG io.confluent.connect.http.encryption.FieldEncryptionManager -- Configured field encryption: ssn -> AES_GCM
09:43:49.654 [main] DEBUG io.confluent.connect.http.encryption.FieldEncryptionManager -- Configured field encryption: salary -> DETERMINISTIC
09:43:49.654 [main] DEBUG io.confluent.connect.http.encryption.FieldEncryptionManager -- Configured field encryption: notes -> RANDOM
09:43:49.654 [main] INFO io.confluent.connect.http.encryption.FieldEncryptionManager -- Field-level encryption enabled with 3 encryption rules
]]></system-out>
  </testcase>
  <testcase name="shouldGenerateEncryptionKeyWhenNotProvided" classname="io.confluent.connect.http.unit.FieldEncryptionManagerTest" time="0.003">
    <system-out><![CDATA[09:43:49.657 [main] DEBUG io.confluent.connect.http.encryption.FieldEncryptionManager -- Configured field encryption: ssn -> AES_GCM
09:43:49.657 [main] DEBUG io.confluent.connect.http.encryption.FieldEncryptionManager -- Configured field encryption: salary -> DETERMINISTIC
09:43:49.657 [main] DEBUG io.confluent.connect.http.encryption.FieldEncryptionManager -- Configured field encryption: notes -> RANDOM
09:43:49.657 [main] INFO io.confluent.connect.http.encryption.FieldEncryptionManager -- Field-level encryption enabled with 3 encryption rules
09:43:49.658 [main] WARN io.confluent.connect.http.encryption.FieldEncryptionManager -- Generated new encryption key. Save this key securely: gubGTKPFTvtbe20dCd98qMOKwAsrxHlZ4/6kFLGY2ls=
09:43:49.658 [main] DEBUG io.confluent.connect.http.encryption.FieldEncryptionManager -- Configured field encryption: ssn -> AES_GCM
09:43:49.658 [main] DEBUG io.confluent.connect.http.encryption.FieldEncryptionManager -- Configured field encryption: salary -> DETERMINISTIC
09:43:49.658 [main] DEBUG io.confluent.connect.http.encryption.FieldEncryptionManager -- Configured field encryption: notes -> RANDOM
09:43:49.658 [main] INFO io.confluent.connect.http.encryption.FieldEncryptionManager -- Field-level encryption enabled with 3 encryption rules
09:43:49.658 [main] DEBUG io.confluent.connect.http.encryption.FieldEncryptionManager -- Field notes not found in record, skipping encryption
09:43:49.658 [main] DEBUG io.confluent.connect.http.encryption.FieldEncryptionManager -- Field salary not found in record, skipping encryption
]]></system-out>
  </testcase>
  <testcase name="shouldHandleNullAndEmptyRecords" classname="io.confluent.connect.http.unit.FieldEncryptionManagerTest" time="0.001">
    <system-out><![CDATA[09:43:49.660 [main] DEBUG io.confluent.connect.http.encryption.FieldEncryptionManager -- Configured field encryption: ssn -> AES_GCM
09:43:49.660 [main] DEBUG io.confluent.connect.http.encryption.FieldEncryptionManager -- Configured field encryption: salary -> DETERMINISTIC
09:43:49.660 [main] DEBUG io.confluent.connect.http.encryption.FieldEncryptionManager -- Configured field encryption: notes -> RANDOM
09:43:49.660 [main] INFO io.confluent.connect.http.encryption.FieldEncryptionManager -- Field-level encryption enabled with 3 encryption rules
09:43:49.660 [main] DEBUG io.confluent.connect.http.encryption.FieldEncryptionManager -- Field notes not found in record, skipping encryption
09:43:49.660 [main] DEBUG io.confluent.connect.http.encryption.FieldEncryptionManager -- Field salary not found in record, skipping encryption
09:43:49.660 [main] DEBUG io.confluent.connect.http.encryption.FieldEncryptionManager -- Field ssn not found in record, skipping encryption
]]></system-out>
  </testcase>
</testsuite>